[0.019s] Invoking command in '/home/raaf/tiago_public_ws/build/pmb2_robot': AMENT_PREFIX_PATH=/home/raaf/tiago_public_ws/install/pmb2_bringup:/home/raaf/tiago_public_ws/install/pmb2_description:/home/raaf/tiago_public_ws/install/pmb2_controller_configuration:/home/raaf/tiago_public_ws/install/urdf_test:/home/raaf/tiago_public_ws/install/pal_urdf_utils:/home/raaf/tiago_public_ws/install/launch_pal:${AMENT_PREFIX_PATH} CMAKE_PREFIX_PATH=/home/raaf/tiago_public_ws/install/pmb2_bringup:/home/raaf/tiago_public_ws/install/pmb2_description:/home/raaf/tiago_public_ws/install/pmb2_controller_configuration:/home/raaf/tiago_public_ws/install/urdf_test:/home/raaf/tiago_public_ws/install/pal_urdf_utils:/opt/ros/humble PYTHONPATH=/home/raaf/tiago_public_ws/install/pmb2_description/local/lib/python3.10/dist-packages:/home/raaf/tiago_public_ws/install/urdf_test/local/lib/python3.10/dist-packages:/home/raaf/tiago_public_ws/build/launch_pal:/home/raaf/tiago_public_ws/install/launch_pal/lib/python3.10/site-packages:${PYTHONPATH} /usr/bin/cmake /home/raaf/tiago_public_ws/src/pmb2_robot/pmb2_robot -DAMENT_CMAKE_SYMLINK_INSTALL=1 -DCMAKE_INSTALL_PREFIX=/home/raaf/tiago_public_ws/install/pmb2_robot
[0.148s] -- The C compiler identification is GNU 11.4.0
[0.311s] -- The CXX compiler identification is GNU 11.4.0
[0.334s] -- Detecting C compiler ABI info
[0.573s] -- Detecting C compiler ABI info - done
[0.606s] -- Check for working C compiler: /usr/bin/cc - skipped
[0.608s] -- Detecting C compile features
[0.608s] -- Detecting C compile features - done
[0.620s] -- Detecting CXX compiler ABI info
[0.868s] -- Detecting CXX compiler ABI info - done
[0.905s] -- Check for working CXX compiler: /usr/bin/c++ - skipped
[0.906s] -- Detecting CXX compile features
[0.906s] -- Detecting CXX compile features - done
[0.915s] -- Found ament_cmake: 1.3.12 (/opt/ros/humble/share/ament_cmake/cmake)
[1.387s] -- Found Python3: /usr/bin/python3 (found version "3.10.12") found components: Interpreter 
[1.510s] -- Override CMake install command with custom implementation using symlinks instead of copying resources
[1.751s] -- Configuring done
[1.765s] -- Generating done
[1.768s] -- Build files have been written to: /home/raaf/tiago_public_ws/build/pmb2_robot
[1.774s] Invoked command in '/home/raaf/tiago_public_ws/build/pmb2_robot' returned '0': AMENT_PREFIX_PATH=/home/raaf/tiago_public_ws/install/pmb2_bringup:/home/raaf/tiago_public_ws/install/pmb2_description:/home/raaf/tiago_public_ws/install/pmb2_controller_configuration:/home/raaf/tiago_public_ws/install/urdf_test:/home/raaf/tiago_public_ws/install/pal_urdf_utils:/home/raaf/tiago_public_ws/install/launch_pal:${AMENT_PREFIX_PATH} CMAKE_PREFIX_PATH=/home/raaf/tiago_public_ws/install/pmb2_bringup:/home/raaf/tiago_public_ws/install/pmb2_description:/home/raaf/tiago_public_ws/install/pmb2_controller_configuration:/home/raaf/tiago_public_ws/install/urdf_test:/home/raaf/tiago_public_ws/install/pal_urdf_utils:/opt/ros/humble PYTHONPATH=/home/raaf/tiago_public_ws/install/pmb2_description/local/lib/python3.10/dist-packages:/home/raaf/tiago_public_ws/install/urdf_test/local/lib/python3.10/dist-packages:/home/raaf/tiago_public_ws/build/launch_pal:/home/raaf/tiago_public_ws/install/launch_pal/lib/python3.10/site-packages:${PYTHONPATH} /usr/bin/cmake /home/raaf/tiago_public_ws/src/pmb2_robot/pmb2_robot -DAMENT_CMAKE_SYMLINK_INSTALL=1 -DCMAKE_INSTALL_PREFIX=/home/raaf/tiago_public_ws/install/pmb2_robot
[1.784s] Invoking command in '/home/raaf/tiago_public_ws/build/pmb2_robot': AMENT_PREFIX_PATH=/home/raaf/tiago_public_ws/install/pmb2_bringup:/home/raaf/tiago_public_ws/install/pmb2_description:/home/raaf/tiago_public_ws/install/pmb2_controller_configuration:/home/raaf/tiago_public_ws/install/urdf_test:/home/raaf/tiago_public_ws/install/pal_urdf_utils:/home/raaf/tiago_public_ws/install/launch_pal:${AMENT_PREFIX_PATH} CMAKE_PREFIX_PATH=/home/raaf/tiago_public_ws/install/pmb2_bringup:/home/raaf/tiago_public_ws/install/pmb2_description:/home/raaf/tiago_public_ws/install/pmb2_controller_configuration:/home/raaf/tiago_public_ws/install/urdf_test:/home/raaf/tiago_public_ws/install/pal_urdf_utils:/opt/ros/humble PYTHONPATH=/home/raaf/tiago_public_ws/install/pmb2_description/local/lib/python3.10/dist-packages:/home/raaf/tiago_public_ws/install/urdf_test/local/lib/python3.10/dist-packages:/home/raaf/tiago_public_ws/build/launch_pal:/home/raaf/tiago_public_ws/install/launch_pal/lib/python3.10/site-packages:${PYTHONPATH} /usr/bin/cmake --build /home/raaf/tiago_public_ws/build/pmb2_robot -- -j12 -l12
[1.903s] Invoked command in '/home/raaf/tiago_public_ws/build/pmb2_robot' returned '0': AMENT_PREFIX_PATH=/home/raaf/tiago_public_ws/install/pmb2_bringup:/home/raaf/tiago_public_ws/install/pmb2_description:/home/raaf/tiago_public_ws/install/pmb2_controller_configuration:/home/raaf/tiago_public_ws/install/urdf_test:/home/raaf/tiago_public_ws/install/pal_urdf_utils:/home/raaf/tiago_public_ws/install/launch_pal:${AMENT_PREFIX_PATH} CMAKE_PREFIX_PATH=/home/raaf/tiago_public_ws/install/pmb2_bringup:/home/raaf/tiago_public_ws/install/pmb2_description:/home/raaf/tiago_public_ws/install/pmb2_controller_configuration:/home/raaf/tiago_public_ws/install/urdf_test:/home/raaf/tiago_public_ws/install/pal_urdf_utils:/opt/ros/humble PYTHONPATH=/home/raaf/tiago_public_ws/install/pmb2_description/local/lib/python3.10/dist-packages:/home/raaf/tiago_public_ws/install/urdf_test/local/lib/python3.10/dist-packages:/home/raaf/tiago_public_ws/build/launch_pal:/home/raaf/tiago_public_ws/install/launch_pal/lib/python3.10/site-packages:${PYTHONPATH} /usr/bin/cmake --build /home/raaf/tiago_public_ws/build/pmb2_robot -- -j12 -l12
[1.905s] Invoking command in '/home/raaf/tiago_public_ws/build/pmb2_robot': AMENT_PREFIX_PATH=/home/raaf/tiago_public_ws/install/pmb2_bringup:/home/raaf/tiago_public_ws/install/pmb2_description:/home/raaf/tiago_public_ws/install/pmb2_controller_configuration:/home/raaf/tiago_public_ws/install/urdf_test:/home/raaf/tiago_public_ws/install/pal_urdf_utils:/home/raaf/tiago_public_ws/install/launch_pal:${AMENT_PREFIX_PATH} CMAKE_PREFIX_PATH=/home/raaf/tiago_public_ws/install/pmb2_bringup:/home/raaf/tiago_public_ws/install/pmb2_description:/home/raaf/tiago_public_ws/install/pmb2_controller_configuration:/home/raaf/tiago_public_ws/install/urdf_test:/home/raaf/tiago_public_ws/install/pal_urdf_utils:/opt/ros/humble PYTHONPATH=/home/raaf/tiago_public_ws/install/pmb2_description/local/lib/python3.10/dist-packages:/home/raaf/tiago_public_ws/install/urdf_test/local/lib/python3.10/dist-packages:/home/raaf/tiago_public_ws/build/launch_pal:/home/raaf/tiago_public_ws/install/launch_pal/lib/python3.10/site-packages:${PYTHONPATH} /usr/bin/cmake --install /home/raaf/tiago_public_ws/build/pmb2_robot
[1.914s] -- Install configuration: ""
[1.914s] -- Execute custom install script
[1.915s] -- Symlinking: /home/raaf/tiago_public_ws/install/pmb2_robot/share/ament_index/resource_index/package_run_dependencies/pmb2_robot
[1.956s] -- Symlinking: /home/raaf/tiago_public_ws/install/pmb2_robot/share/ament_index/resource_index/parent_prefix_path/pmb2_robot
[1.994s] -- Symlinking: /home/raaf/tiago_public_ws/install/pmb2_robot/share/pmb2_robot/environment/ament_prefix_path.sh
[2.021s] -- Symlinking: /home/raaf/tiago_public_ws/install/pmb2_robot/share/pmb2_robot/environment/ament_prefix_path.dsv
[2.049s] -- Symlinking: /home/raaf/tiago_public_ws/install/pmb2_robot/share/pmb2_robot/environment/path.sh
[2.075s] -- Symlinking: /home/raaf/tiago_public_ws/install/pmb2_robot/share/pmb2_robot/environment/path.dsv
[2.110s] -- Symlinking: /home/raaf/tiago_public_ws/install/pmb2_robot/share/pmb2_robot/local_setup.bash
[2.128s] -- Symlinking: /home/raaf/tiago_public_ws/install/pmb2_robot/share/pmb2_robot/local_setup.sh
[2.146s] -- Symlinking: /home/raaf/tiago_public_ws/install/pmb2_robot/share/pmb2_robot/local_setup.zsh
[2.174s] -- Symlinking: /home/raaf/tiago_public_ws/install/pmb2_robot/share/pmb2_robot/local_setup.dsv
[2.197s] -- Symlinking: /home/raaf/tiago_public_ws/install/pmb2_robot/share/pmb2_robot/package.dsv
[2.218s] -- Symlinking: /home/raaf/tiago_public_ws/install/pmb2_robot/share/ament_index/resource_index/packages/pmb2_robot
[2.246s] -- Symlinking: /home/raaf/tiago_public_ws/install/pmb2_robot/share/pmb2_robot/cmake/pmb2_robotConfig.cmake
[2.269s] -- Symlinking: /home/raaf/tiago_public_ws/install/pmb2_robot/share/pmb2_robot/cmake/pmb2_robotConfig-version.cmake
[2.298s] -- Symlinking: /home/raaf/tiago_public_ws/install/pmb2_robot/share/pmb2_robot/package.xml
[2.327s] Invoked command in '/home/raaf/tiago_public_ws/build/pmb2_robot' returned '0': AMENT_PREFIX_PATH=/home/raaf/tiago_public_ws/install/pmb2_bringup:/home/raaf/tiago_public_ws/install/pmb2_description:/home/raaf/tiago_public_ws/install/pmb2_controller_configuration:/home/raaf/tiago_public_ws/install/urdf_test:/home/raaf/tiago_public_ws/install/pal_urdf_utils:/home/raaf/tiago_public_ws/install/launch_pal:${AMENT_PREFIX_PATH} CMAKE_PREFIX_PATH=/home/raaf/tiago_public_ws/install/pmb2_bringup:/home/raaf/tiago_public_ws/install/pmb2_description:/home/raaf/tiago_public_ws/install/pmb2_controller_configuration:/home/raaf/tiago_public_ws/install/urdf_test:/home/raaf/tiago_public_ws/install/pal_urdf_utils:/opt/ros/humble PYTHONPATH=/home/raaf/tiago_public_ws/install/pmb2_description/local/lib/python3.10/dist-packages:/home/raaf/tiago_public_ws/install/urdf_test/local/lib/python3.10/dist-packages:/home/raaf/tiago_public_ws/build/launch_pal:/home/raaf/tiago_public_ws/install/launch_pal/lib/python3.10/site-packages:${PYTHONPATH} /usr/bin/cmake --install /home/raaf/tiago_public_ws/build/pmb2_robot
