[0.017s] Invoking command in '/home/raaf/tiago_public_ws/build/tiago_navigation': AMENT_PREFIX_PATH=/home/raaf/tiago_public_ws/install/tiago_2dnav:/home/raaf/tiago_public_ws/install/tiago_laser_sensors:/home/raaf/tiago_public_ws/install/pmb2_2dnav:/home/raaf/tiago_public_ws/install/tiago_rgbd_sensors:/home/raaf/tiago_public_ws/install/pmb2_laser_sensors:/home/raaf/tiago_public_ws/install/launch_pal:${AMENT_PREFIX_PATH} CMAKE_PREFIX_PATH=/home/raaf/tiago_public_ws/install/tiago_2dnav:/home/raaf/tiago_public_ws/install/tiago_laser_sensors:/home/raaf/tiago_public_ws/install/pmb2_2dnav:/home/raaf/tiago_public_ws/install/tiago_rgbd_sensors:/home/raaf/tiago_public_ws/install/pmb2_laser_sensors:/opt/ros/humble PYTHONPATH=/home/raaf/tiago_public_ws/build/launch_pal:/home/raaf/tiago_public_ws/install/launch_pal/lib/python3.10/site-packages:${PYTHONPATH} /usr/bin/cmake /home/raaf/tiago_public_ws/src/tiago_navigation/tiago_navigation -DAMENT_CMAKE_SYMLINK_INSTALL=1 -DCMAKE_INSTALL_PREFIX=/home/raaf/tiago_public_ws/install/tiago_navigation
[0.077s] -- The C compiler identification is GNU 11.4.0
[0.133s] -- The CXX compiler identification is GNU 11.4.0
[0.139s] -- Detecting C compiler ABI info
[0.203s] -- Detecting C compiler ABI info - done
[0.211s] -- Check for working C compiler: /usr/bin/cc - skipped
[0.211s] -- Detecting C compile features
[0.212s] -- Detecting C compile features - done
[0.215s] -- Detecting CXX compiler ABI info
[0.290s] -- Detecting CXX compiler ABI info - done
[0.306s] -- Check for working CXX compiler: /usr/bin/c++ - skipped
[0.306s] -- Detecting CXX compile features
[0.307s] -- Detecting CXX compile features - done
[0.311s] -- Found ament_cmake_auto: 1.3.12 (/opt/ros/humble/share/ament_cmake_auto/cmake)
[0.483s] -- Found Python3: /usr/bin/python3 (found version "3.10.12") found components: Interpreter 
[0.559s] -- Override CMake install command with custom implementation using symlinks instead of copying resources
[0.670s] -- Configuring done
[0.674s] -- Generating done
[0.676s] -- Build files have been written to: /home/raaf/tiago_public_ws/build/tiago_navigation
[0.681s] Invoked command in '/home/raaf/tiago_public_ws/build/tiago_navigation' returned '0': AMENT_PREFIX_PATH=/home/raaf/tiago_public_ws/install/tiago_2dnav:/home/raaf/tiago_public_ws/install/tiago_laser_sensors:/home/raaf/tiago_public_ws/install/pmb2_2dnav:/home/raaf/tiago_public_ws/install/tiago_rgbd_sensors:/home/raaf/tiago_public_ws/install/pmb2_laser_sensors:/home/raaf/tiago_public_ws/install/launch_pal:${AMENT_PREFIX_PATH} CMAKE_PREFIX_PATH=/home/raaf/tiago_public_ws/install/tiago_2dnav:/home/raaf/tiago_public_ws/install/tiago_laser_sensors:/home/raaf/tiago_public_ws/install/pmb2_2dnav:/home/raaf/tiago_public_ws/install/tiago_rgbd_sensors:/home/raaf/tiago_public_ws/install/pmb2_laser_sensors:/opt/ros/humble PYTHONPATH=/home/raaf/tiago_public_ws/build/launch_pal:/home/raaf/tiago_public_ws/install/launch_pal/lib/python3.10/site-packages:${PYTHONPATH} /usr/bin/cmake /home/raaf/tiago_public_ws/src/tiago_navigation/tiago_navigation -DAMENT_CMAKE_SYMLINK_INSTALL=1 -DCMAKE_INSTALL_PREFIX=/home/raaf/tiago_public_ws/install/tiago_navigation
[0.683s] Invoking command in '/home/raaf/tiago_public_ws/build/tiago_navigation': AMENT_PREFIX_PATH=/home/raaf/tiago_public_ws/install/tiago_2dnav:/home/raaf/tiago_public_ws/install/tiago_laser_sensors:/home/raaf/tiago_public_ws/install/pmb2_2dnav:/home/raaf/tiago_public_ws/install/tiago_rgbd_sensors:/home/raaf/tiago_public_ws/install/pmb2_laser_sensors:/home/raaf/tiago_public_ws/install/launch_pal:${AMENT_PREFIX_PATH} CMAKE_PREFIX_PATH=/home/raaf/tiago_public_ws/install/tiago_2dnav:/home/raaf/tiago_public_ws/install/tiago_laser_sensors:/home/raaf/tiago_public_ws/install/pmb2_2dnav:/home/raaf/tiago_public_ws/install/tiago_rgbd_sensors:/home/raaf/tiago_public_ws/install/pmb2_laser_sensors:/opt/ros/humble PYTHONPATH=/home/raaf/tiago_public_ws/build/launch_pal:/home/raaf/tiago_public_ws/install/launch_pal/lib/python3.10/site-packages:${PYTHONPATH} /usr/bin/cmake --build /home/raaf/tiago_public_ws/build/tiago_navigation -- -j12 -l12
[0.718s] Invoked command in '/home/raaf/tiago_public_ws/build/tiago_navigation' returned '0': AMENT_PREFIX_PATH=/home/raaf/tiago_public_ws/install/tiago_2dnav:/home/raaf/tiago_public_ws/install/tiago_laser_sensors:/home/raaf/tiago_public_ws/install/pmb2_2dnav:/home/raaf/tiago_public_ws/install/tiago_rgbd_sensors:/home/raaf/tiago_public_ws/install/pmb2_laser_sensors:/home/raaf/tiago_public_ws/install/launch_pal:${AMENT_PREFIX_PATH} CMAKE_PREFIX_PATH=/home/raaf/tiago_public_ws/install/tiago_2dnav:/home/raaf/tiago_public_ws/install/tiago_laser_sensors:/home/raaf/tiago_public_ws/install/pmb2_2dnav:/home/raaf/tiago_public_ws/install/tiago_rgbd_sensors:/home/raaf/tiago_public_ws/install/pmb2_laser_sensors:/opt/ros/humble PYTHONPATH=/home/raaf/tiago_public_ws/build/launch_pal:/home/raaf/tiago_public_ws/install/launch_pal/lib/python3.10/site-packages:${PYTHONPATH} /usr/bin/cmake --build /home/raaf/tiago_public_ws/build/tiago_navigation -- -j12 -l12
[0.721s] Invoking command in '/home/raaf/tiago_public_ws/build/tiago_navigation': AMENT_PREFIX_PATH=/home/raaf/tiago_public_ws/install/tiago_2dnav:/home/raaf/tiago_public_ws/install/tiago_laser_sensors:/home/raaf/tiago_public_ws/install/pmb2_2dnav:/home/raaf/tiago_public_ws/install/tiago_rgbd_sensors:/home/raaf/tiago_public_ws/install/pmb2_laser_sensors:/home/raaf/tiago_public_ws/install/launch_pal:${AMENT_PREFIX_PATH} CMAKE_PREFIX_PATH=/home/raaf/tiago_public_ws/install/tiago_2dnav:/home/raaf/tiago_public_ws/install/tiago_laser_sensors:/home/raaf/tiago_public_ws/install/pmb2_2dnav:/home/raaf/tiago_public_ws/install/tiago_rgbd_sensors:/home/raaf/tiago_public_ws/install/pmb2_laser_sensors:/opt/ros/humble PYTHONPATH=/home/raaf/tiago_public_ws/build/launch_pal:/home/raaf/tiago_public_ws/install/launch_pal/lib/python3.10/site-packages:${PYTHONPATH} /usr/bin/cmake --install /home/raaf/tiago_public_ws/build/tiago_navigation
[0.726s] -- Install configuration: ""
[0.727s] -- Execute custom install script
[0.727s] -- Symlinking: /home/raaf/tiago_public_ws/install/tiago_navigation/share/ament_index/resource_index/package_run_dependencies/tiago_navigation
[0.734s] -- Symlinking: /home/raaf/tiago_public_ws/install/tiago_navigation/share/ament_index/resource_index/parent_prefix_path/tiago_navigation
[0.742s] -- Symlinking: /home/raaf/tiago_public_ws/install/tiago_navigation/share/tiago_navigation/environment/ament_prefix_path.sh
[0.750s] -- Symlinking: /home/raaf/tiago_public_ws/install/tiago_navigation/share/tiago_navigation/environment/ament_prefix_path.dsv
[0.759s] -- Symlinking: /home/raaf/tiago_public_ws/install/tiago_navigation/share/tiago_navigation/environment/path.sh
[0.767s] -- Symlinking: /home/raaf/tiago_public_ws/install/tiago_navigation/share/tiago_navigation/environment/path.dsv
[0.775s] -- Symlinking: /home/raaf/tiago_public_ws/install/tiago_navigation/share/tiago_navigation/local_setup.bash
[0.783s] -- Symlinking: /home/raaf/tiago_public_ws/install/tiago_navigation/share/tiago_navigation/local_setup.sh
[0.791s] -- Symlinking: /home/raaf/tiago_public_ws/install/tiago_navigation/share/tiago_navigation/local_setup.zsh
[0.798s] -- Symlinking: /home/raaf/tiago_public_ws/install/tiago_navigation/share/tiago_navigation/local_setup.dsv
[0.806s] -- Symlinking: /home/raaf/tiago_public_ws/install/tiago_navigation/share/tiago_navigation/package.dsv
[0.816s] -- Symlinking: /home/raaf/tiago_public_ws/install/tiago_navigation/share/ament_index/resource_index/packages/tiago_navigation
[0.827s] -- Symlinking: /home/raaf/tiago_public_ws/install/tiago_navigation/share/tiago_navigation/cmake/tiago_navigationConfig.cmake
[0.836s] -- Symlinking: /home/raaf/tiago_public_ws/install/tiago_navigation/share/tiago_navigation/cmake/tiago_navigationConfig-version.cmake
[0.842s] -- Symlinking: /home/raaf/tiago_public_ws/install/tiago_navigation/share/tiago_navigation/package.xml
[0.851s] Invoked command in '/home/raaf/tiago_public_ws/build/tiago_navigation' returned '0': AMENT_PREFIX_PATH=/home/raaf/tiago_public_ws/install/tiago_2dnav:/home/raaf/tiago_public_ws/install/tiago_laser_sensors:/home/raaf/tiago_public_ws/install/pmb2_2dnav:/home/raaf/tiago_public_ws/install/tiago_rgbd_sensors:/home/raaf/tiago_public_ws/install/pmb2_laser_sensors:/home/raaf/tiago_public_ws/install/launch_pal:${AMENT_PREFIX_PATH} CMAKE_PREFIX_PATH=/home/raaf/tiago_public_ws/install/tiago_2dnav:/home/raaf/tiago_public_ws/install/tiago_laser_sensors:/home/raaf/tiago_public_ws/install/pmb2_2dnav:/home/raaf/tiago_public_ws/install/tiago_rgbd_sensors:/home/raaf/tiago_public_ws/install/pmb2_laser_sensors:/opt/ros/humble PYTHONPATH=/home/raaf/tiago_public_ws/build/launch_pal:/home/raaf/tiago_public_ws/install/launch_pal/lib/python3.10/site-packages:${PYTHONPATH} /usr/bin/cmake --install /home/raaf/tiago_public_ws/build/tiago_navigation
