-- The C compiler identification is GNU 11.4.0
-- The CXX compiler identification is GNU 11.4.0
-- Detecting C compiler ABI info
-- Detecting C compiler ABI info - done
-- Check for working C compiler: /usr/bin/cc - skipped
-- Detecting C compile features
-- Detecting C compile features - done
-- Detecting CXX compiler ABI info
-- Detecting CXX compiler ABI info - done
-- Check for working CXX compiler: /usr/bin/c++ - skipped
-- Detecting CXX compile features
-- Detecting CXX compile features - done
-- Found ament_cmake_auto: 1.3.12 (/opt/ros/humble/share/ament_cmake_auto/cmake)
-- Found Python3: /usr/bin/python3 (found version "3.10.12") found components: Interpreter 
-- Override CMake install command with custom implementation using symlinks instead of copying resources
-- Found ament_lint_auto: 0.12.14 (/opt/ros/humble/share/ament_lint_auto/cmake)
-- Found python_cmake_module: 0.10.0 (/opt/ros/humble/share/python_cmake_module/cmake)
-- Found PythonInterp: /usr/bin/python3 (found suitable version "3.10.12", minimum required is "3.6") 
-- Found PythonLibs: /usr/lib/x86_64-linux-gnu/libpython3.10.so (found suitable version "3.10.12", minimum required is "3.5") 
-- Using PYTHON_EXECUTABLE: /usr/bin/python3
-- Using PYTHON_INCLUDE_DIRS: /usr/include/python3.10
-- Using PYTHON_LIBRARIES: /usr/lib/x86_64-linux-gnu/libpython3.10.so
-- Found PythonExtra: .so  
-- Added test 'copyright' to check source files copyright and LICENSE
-- Added test 'flake8' to check Python code syntax and style conventions
-- Added test 'lint_cmake' to check CMake code style
-- Added test 'pep257' to check Python code against some of the docstring style conventions in PEP 257
-- Added test 'xmllint' to check XML markup files
-- Configuring done
-- Generating done
-- Build files have been written to: /home/raaf/tiago_public_ws/build/pmb2_description
Built target ament_cmake_python_symlink_pmb2_description
running egg_info
creating pmb2_description.egg-info
writing pmb2_description.egg-info/PKG-INFO
writing dependency_links to pmb2_description.egg-info/dependency_links.txt
writing top-level names to pmb2_description.egg-info/top_level.txt
writing manifest file 'pmb2_description.egg-info/SOURCES.txt'
reading manifest file 'pmb2_description.egg-info/SOURCES.txt'
writing manifest file 'pmb2_description.egg-info/SOURCES.txt'
Built target ament_cmake_python_build_pmb2_description_egg
-- Install configuration: ""
-- Execute custom install script
-- Symlinking: /home/raaf/tiago_public_ws/install/pmb2_description/share/pmb2_description/environment/pythonpath.sh
-- Symlinking: /home/raaf/tiago_public_ws/install/pmb2_description/share/pmb2_description/environment/pythonpath.dsv
-- Symlinking: /home/raaf/tiago_public_ws/install/pmb2_description/local/lib/python3.10/dist-packages/pmb2_description-5.10.3-py3.10.egg-info/PKG-INFO
-- Symlinking: /home/raaf/tiago_public_ws/install/pmb2_description/local/lib/python3.10/dist-packages/pmb2_description-5.10.3-py3.10.egg-info/SOURCES.txt
-- Symlinking: /home/raaf/tiago_public_ws/install/pmb2_description/local/lib/python3.10/dist-packages/pmb2_description-5.10.3-py3.10.egg-info/dependency_links.txt
-- Symlinking: /home/raaf/tiago_public_ws/install/pmb2_description/local/lib/python3.10/dist-packages/pmb2_description-5.10.3-py3.10.egg-info/top_level.txt
-- Symlinking: /home/raaf/tiago_public_ws/install/pmb2_description/local/lib/python3.10/dist-packages/pmb2_description/__init__.py
-- Symlinking: /home/raaf/tiago_public_ws/install/pmb2_description/local/lib/python3.10/dist-packages/pmb2_description/launch_arguments.py
-- Symlinking: /home/raaf/tiago_public_ws/install/pmb2_description/share/pmb2_description/rviz/pmb2.rviz
-- Symlinking: /home/raaf/tiago_public_ws/install/pmb2_description/share/pmb2_description/launch/robot_state_publisher.launch.py
-- Symlinking: /home/raaf/tiago_public_ws/install/pmb2_description/share/pmb2_description/launch/show.launch.py
-- Symlinking: /home/raaf/tiago_public_ws/install/pmb2_description/share/pmb2_description/meshes/base/base.stl
-- Symlinking: /home/raaf/tiago_public_ws/install/pmb2_description/share/pmb2_description/meshes/base/base_collision.dae
-- Symlinking: /home/raaf/tiago_public_ws/install/pmb2_description/share/pmb2_description/meshes/base/base_dock_link.stl
-- Symlinking: /home/raaf/tiago_public_ws/install/pmb2_description/share/pmb2_description/meshes/base/base_ring.stl
-- Symlinking: /home/raaf/tiago_public_ws/install/pmb2_description/share/pmb2_description/meshes/base/high_resolution/base.stl
-- Symlinking: /home/raaf/tiago_public_ws/install/pmb2_description/share/pmb2_description/meshes/base/high_resolution/base_collision.stl
-- Symlinking: /home/raaf/tiago_public_ws/install/pmb2_description/share/pmb2_description/meshes/cameras_add_on/cameras_add_on.stl
-- Symlinking: /home/raaf/tiago_public_ws/install/pmb2_description/share/pmb2_description/meshes/cameras_add_on/cameras_add_on_collision.stl
-- Symlinking: /home/raaf/tiago_public_ws/install/pmb2_description/share/pmb2_description/meshes/dock/dock.stl
-- Symlinking: /home/raaf/tiago_public_ws/install/pmb2_description/share/pmb2_description/meshes/dock/dock_collision.stl
-- Symlinking: /home/raaf/tiago_public_ws/install/pmb2_description/share/pmb2_description/meshes/objects/antenna.stl
-- Symlinking: /home/raaf/tiago_public_ws/install/pmb2_description/share/pmb2_description/meshes/objects/cover.stl
-- Symlinking: /home/raaf/tiago_public_ws/install/pmb2_description/share/pmb2_description/meshes/objects/high_resolution/cover.stl
-- Symlinking: /home/raaf/tiago_public_ws/install/pmb2_description/share/pmb2_description/meshes/wheels/caster_1.stl
-- Symlinking: /home/raaf/tiago_public_ws/install/pmb2_description/share/pmb2_description/meshes/wheels/caster_2.stl
-- Symlinking: /home/raaf/tiago_public_ws/install/pmb2_description/share/pmb2_description/meshes/wheels/high_resolution/caster_1.stl
-- Symlinking: /home/raaf/tiago_public_ws/install/pmb2_description/share/pmb2_description/meshes/wheels/high_resolution/caster_2.stl
-- Symlinking: /home/raaf/tiago_public_ws/install/pmb2_description/share/pmb2_description/meshes/wheels/high_resolution/wheel.stl
-- Symlinking: /home/raaf/tiago_public_ws/install/pmb2_description/share/pmb2_description/meshes/wheels/wheel.stl
-- Symlinking: /home/raaf/tiago_public_ws/install/pmb2_description/share/pmb2_description/config/pmb2_configuration.yaml
-- Symlinking: /home/raaf/tiago_public_ws/install/pmb2_description/share/pmb2_description/robots/pmb2.urdf.xacro
-- Symlinking: /home/raaf/tiago_public_ws/install/pmb2_description/share/pmb2_description/ros2_control/gazebo_controller_manager_cfg.yaml
-- Symlinking: /home/raaf/tiago_public_ws/install/pmb2_description/share/pmb2_description/ros2_control/ros2_control.urdf.xacro
-- Symlinking: /home/raaf/tiago_public_ws/install/pmb2_description/share/pmb2_description/urdf/base/base.gazebo.xacro
-- Symlinking: /home/raaf/tiago_public_ws/install/pmb2_description/share/pmb2_description/urdf/base/base.urdf.xacro
-- Symlinking: /home/raaf/tiago_public_ws/install/pmb2_description/share/pmb2_description/urdf/base/base_sensors.urdf.xacro
-- Symlinking: /home/raaf/tiago_public_ws/install/pmb2_description/share/pmb2_description/urdf/cameras_add_on/cameras_add_on.urdf.xacro
-- Symlinking: /home/raaf/tiago_public_ws/install/pmb2_description/share/pmb2_description/urdf/dock/dock.urdf.xacro
-- Symlinking: /home/raaf/tiago_public_ws/install/pmb2_description/share/pmb2_description/urdf/objects/antenna.urdf.xacro
-- Symlinking: /home/raaf/tiago_public_ws/install/pmb2_description/share/pmb2_description/urdf/objects/cover.urdf.xacro
-- Symlinking: /home/raaf/tiago_public_ws/install/pmb2_description/share/pmb2_description/urdf/wheels/caster.gazebo.xacro
-- Symlinking: /home/raaf/tiago_public_ws/install/pmb2_description/share/pmb2_description/urdf/wheels/caster.urdf.xacro
-- Symlinking: /home/raaf/tiago_public_ws/install/pmb2_description/share/pmb2_description/urdf/wheels/wheel.gazebo.xacro
-- Symlinking: /home/raaf/tiago_public_ws/install/pmb2_description/share/pmb2_description/urdf/wheels/wheel.ros2_control.xacro
-- Symlinking: /home/raaf/tiago_public_ws/install/pmb2_description/share/pmb2_description/urdf/wheels/wheel.urdf.xacro
-- Symlinking: /home/raaf/tiago_public_ws/install/pmb2_description/share/ament_index/resource_index/package_run_dependencies/pmb2_description
-- Symlinking: /home/raaf/tiago_public_ws/install/pmb2_description/share/ament_index/resource_index/parent_prefix_path/pmb2_description
-- Symlinking: /home/raaf/tiago_public_ws/install/pmb2_description/share/pmb2_description/environment/ament_prefix_path.sh
-- Symlinking: /home/raaf/tiago_public_ws/install/pmb2_description/share/pmb2_description/environment/ament_prefix_path.dsv
-- Symlinking: /home/raaf/tiago_public_ws/install/pmb2_description/share/pmb2_description/environment/path.sh
-- Symlinking: /home/raaf/tiago_public_ws/install/pmb2_description/share/pmb2_description/environment/path.dsv
-- Symlinking: /home/raaf/tiago_public_ws/install/pmb2_description/share/pmb2_description/local_setup.bash
-- Symlinking: /home/raaf/tiago_public_ws/install/pmb2_description/share/pmb2_description/local_setup.sh
-- Symlinking: /home/raaf/tiago_public_ws/install/pmb2_description/share/pmb2_description/local_setup.zsh
-- Symlinking: /home/raaf/tiago_public_ws/install/pmb2_description/share/pmb2_description/local_setup.dsv
-- Symlinking: /home/raaf/tiago_public_ws/install/pmb2_description/share/pmb2_description/package.dsv
-- Symlinking: /home/raaf/tiago_public_ws/install/pmb2_description/share/ament_index/resource_index/packages/pmb2_description
-- Symlinking: /home/raaf/tiago_public_ws/install/pmb2_description/share/pmb2_description/cmake/pmb2_descriptionConfig.cmake
-- Symlinking: /home/raaf/tiago_public_ws/install/pmb2_description/share/pmb2_description/cmake/pmb2_descriptionConfig-version.cmake
-- Symlinking: /home/raaf/tiago_public_ws/install/pmb2_description/share/pmb2_description/package.xml
Listing '/home/raaf/tiago_public_ws/install/pmb2_description/local/lib/python3.10/dist-packages/pmb2_description'...
Compiling '/home/raaf/tiago_public_ws/install/pmb2_description/local/lib/python3.10/dist-packages/pmb2_description/__init__.py'...
Compiling '/home/raaf/tiago_public_ws/install/pmb2_description/local/lib/python3.10/dist-packages/pmb2_description/launch_arguments.py'...
