[0.013s] Invoking command in '/home/raaf/tiago_public_ws/build/pmb2_description': AMENT_PREFIX_PATH=/home/raaf/tiago_public_ws/install/urdf_test:/home/raaf/tiago_public_ws/install/pal_urdf_utils:/home/raaf/tiago_public_ws/install/launch_pal:${AMENT_PREFIX_PATH} CMAKE_PREFIX_PATH=/home/raaf/tiago_public_ws/install/urdf_test:/home/raaf/tiago_public_ws/install/pal_urdf_utils:/opt/ros/humble PYTHONPATH=/home/raaf/tiago_public_ws/install/urdf_test/local/lib/python3.10/dist-packages:/home/raaf/tiago_public_ws/build/launch_pal:/home/raaf/tiago_public_ws/install/launch_pal/lib/python3.10/site-packages:${PYTHONPATH} /usr/bin/cmake /home/raaf/tiago_public_ws/src/pmb2_robot/pmb2_description -DAMENT_CMAKE_SYMLINK_INSTALL=1 -DCMAKE_INSTALL_PREFIX=/home/raaf/tiago_public_ws/install/pmb2_description
[0.086s] -- The C compiler identification is GNU 11.4.0
[0.181s] -- The CXX compiler identification is GNU 11.4.0
[0.196s] -- Detecting C compiler ABI info
[0.293s] -- Detecting C compiler ABI info - done
[0.315s] -- Check for working C compiler: /usr/bin/cc - skipped
[0.315s] -- Detecting C compile features
[0.316s] -- Detecting C compile features - done
[0.320s] -- Detecting CXX compiler ABI info
[0.439s] -- Detecting CXX compiler ABI info - done
[0.455s] -- Check for working CXX compiler: /usr/bin/c++ - skipped
[0.456s] -- Detecting CXX compile features
[0.457s] -- Detecting CXX compile features - done
[0.460s] -- Found ament_cmake_auto: 1.3.12 (/opt/ros/humble/share/ament_cmake_auto/cmake)
[0.707s] -- Found Python3: /usr/bin/python3 (found version "3.10.12") found components: Interpreter 
[0.810s] -- Override CMake install command with custom implementation using symlinks instead of copying resources
[0.951s] -- Found ament_lint_auto: 0.12.14 (/opt/ros/humble/share/ament_lint_auto/cmake)
[0.993s] -- Found python_cmake_module: 0.10.0 (/opt/ros/humble/share/python_cmake_module/cmake)
[1.023s] -- Found PythonInterp: /usr/bin/python3 (found suitable version "3.10.12", minimum required is "3.6") 
[1.044s] -- Found PythonLibs: /usr/lib/x86_64-linux-gnu/libpython3.10.so (found suitable version "3.10.12", minimum required is "3.5") 
[1.044s] -- Using PYTHON_EXECUTABLE: /usr/bin/python3
[1.044s] -- Using PYTHON_INCLUDE_DIRS: /usr/include/python3.10
[1.044s] -- Using PYTHON_LIBRARIES: /usr/lib/x86_64-linux-gnu/libpython3.10.so
[1.078s] -- Found PythonExtra: .so  
[1.594s] -- Added test 'copyright' to check source files copyright and LICENSE
[1.601s] -- Added test 'flake8' to check Python code syntax and style conventions
[1.601s] -- Added test 'lint_cmake' to check CMake code style
[1.602s] -- Added test 'pep257' to check Python code against some of the docstring style conventions in PEP 257
[1.606s] -- Added test 'xmllint' to check XML markup files
[1.608s] -- Configuring done
[1.612s] -- Generating done
[1.614s] -- Build files have been written to: /home/raaf/tiago_public_ws/build/pmb2_description
[1.619s] Invoked command in '/home/raaf/tiago_public_ws/build/pmb2_description' returned '0': AMENT_PREFIX_PATH=/home/raaf/tiago_public_ws/install/urdf_test:/home/raaf/tiago_public_ws/install/pal_urdf_utils:/home/raaf/tiago_public_ws/install/launch_pal:${AMENT_PREFIX_PATH} CMAKE_PREFIX_PATH=/home/raaf/tiago_public_ws/install/urdf_test:/home/raaf/tiago_public_ws/install/pal_urdf_utils:/opt/ros/humble PYTHONPATH=/home/raaf/tiago_public_ws/install/urdf_test/local/lib/python3.10/dist-packages:/home/raaf/tiago_public_ws/build/launch_pal:/home/raaf/tiago_public_ws/install/launch_pal/lib/python3.10/site-packages:${PYTHONPATH} /usr/bin/cmake /home/raaf/tiago_public_ws/src/pmb2_robot/pmb2_description -DAMENT_CMAKE_SYMLINK_INSTALL=1 -DCMAKE_INSTALL_PREFIX=/home/raaf/tiago_public_ws/install/pmb2_description
[1.621s] Invoking command in '/home/raaf/tiago_public_ws/build/pmb2_description': AMENT_PREFIX_PATH=/home/raaf/tiago_public_ws/install/urdf_test:/home/raaf/tiago_public_ws/install/pal_urdf_utils:/home/raaf/tiago_public_ws/install/launch_pal:${AMENT_PREFIX_PATH} CMAKE_PREFIX_PATH=/home/raaf/tiago_public_ws/install/urdf_test:/home/raaf/tiago_public_ws/install/pal_urdf_utils:/opt/ros/humble PYTHONPATH=/home/raaf/tiago_public_ws/install/urdf_test/local/lib/python3.10/dist-packages:/home/raaf/tiago_public_ws/build/launch_pal:/home/raaf/tiago_public_ws/install/launch_pal/lib/python3.10/site-packages:${PYTHONPATH} /usr/bin/cmake --build /home/raaf/tiago_public_ws/build/pmb2_description -- -j12 -l12
[1.673s] Built target ament_cmake_python_symlink_pmb2_description
[1.971s] running egg_info
[1.972s] creating pmb2_description.egg-info
[1.972s] writing pmb2_description.egg-info/PKG-INFO
[1.973s] writing dependency_links to pmb2_description.egg-info/dependency_links.txt
[1.973s] writing top-level names to pmb2_description.egg-info/top_level.txt
[1.973s] writing manifest file 'pmb2_description.egg-info/SOURCES.txt'
[1.976s] reading manifest file 'pmb2_description.egg-info/SOURCES.txt'
[1.977s] writing manifest file 'pmb2_description.egg-info/SOURCES.txt'
[2.008s] Built target ament_cmake_python_build_pmb2_description_egg
[2.018s] Invoked command in '/home/raaf/tiago_public_ws/build/pmb2_description' returned '0': AMENT_PREFIX_PATH=/home/raaf/tiago_public_ws/install/urdf_test:/home/raaf/tiago_public_ws/install/pal_urdf_utils:/home/raaf/tiago_public_ws/install/launch_pal:${AMENT_PREFIX_PATH} CMAKE_PREFIX_PATH=/home/raaf/tiago_public_ws/install/urdf_test:/home/raaf/tiago_public_ws/install/pal_urdf_utils:/opt/ros/humble PYTHONPATH=/home/raaf/tiago_public_ws/install/urdf_test/local/lib/python3.10/dist-packages:/home/raaf/tiago_public_ws/build/launch_pal:/home/raaf/tiago_public_ws/install/launch_pal/lib/python3.10/site-packages:${PYTHONPATH} /usr/bin/cmake --build /home/raaf/tiago_public_ws/build/pmb2_description -- -j12 -l12
[2.019s] Invoking command in '/home/raaf/tiago_public_ws/build/pmb2_description': AMENT_PREFIX_PATH=/home/raaf/tiago_public_ws/install/urdf_test:/home/raaf/tiago_public_ws/install/pal_urdf_utils:/home/raaf/tiago_public_ws/install/launch_pal:${AMENT_PREFIX_PATH} CMAKE_PREFIX_PATH=/home/raaf/tiago_public_ws/install/urdf_test:/home/raaf/tiago_public_ws/install/pal_urdf_utils:/opt/ros/humble PYTHONPATH=/home/raaf/tiago_public_ws/install/urdf_test/local/lib/python3.10/dist-packages:/home/raaf/tiago_public_ws/build/launch_pal:/home/raaf/tiago_public_ws/install/launch_pal/lib/python3.10/site-packages:${PYTHONPATH} /usr/bin/cmake --install /home/raaf/tiago_public_ws/build/pmb2_description
[2.027s] -- Install configuration: ""
[2.028s] -- Execute custom install script
[2.028s] -- Symlinking: /home/raaf/tiago_public_ws/install/pmb2_description/share/pmb2_description/environment/pythonpath.sh
[2.037s] -- Symlinking: /home/raaf/tiago_public_ws/install/pmb2_description/share/pmb2_description/environment/pythonpath.dsv
[2.047s] -- Symlinking: /home/raaf/tiago_public_ws/install/pmb2_description/local/lib/python3.10/dist-packages/pmb2_description-5.10.3-py3.10.egg-info/PKG-INFO
[2.054s] -- Symlinking: /home/raaf/tiago_public_ws/install/pmb2_description/local/lib/python3.10/dist-packages/pmb2_description-5.10.3-py3.10.egg-info/SOURCES.txt
[2.062s] -- Symlinking: /home/raaf/tiago_public_ws/install/pmb2_description/local/lib/python3.10/dist-packages/pmb2_description-5.10.3-py3.10.egg-info/dependency_links.txt
[2.071s] -- Symlinking: /home/raaf/tiago_public_ws/install/pmb2_description/local/lib/python3.10/dist-packages/pmb2_description-5.10.3-py3.10.egg-info/top_level.txt
[2.080s] -- Symlinking: /home/raaf/tiago_public_ws/install/pmb2_description/local/lib/python3.10/dist-packages/pmb2_description/__init__.py
[2.090s] -- Symlinking: /home/raaf/tiago_public_ws/install/pmb2_description/local/lib/python3.10/dist-packages/pmb2_description/launch_arguments.py
[2.101s] -- Symlinking: /home/raaf/tiago_public_ws/install/pmb2_description/share/pmb2_description/rviz/pmb2.rviz
[2.110s] -- Symlinking: /home/raaf/tiago_public_ws/install/pmb2_description/share/pmb2_description/launch/robot_state_publisher.launch.py
[2.119s] -- Symlinking: /home/raaf/tiago_public_ws/install/pmb2_description/share/pmb2_description/launch/show.launch.py
[2.126s] -- Symlinking: /home/raaf/tiago_public_ws/install/pmb2_description/share/pmb2_description/meshes/base/base.stl
[2.134s] -- Symlinking: /home/raaf/tiago_public_ws/install/pmb2_description/share/pmb2_description/meshes/base/base_collision.dae
[2.146s] -- Symlinking: /home/raaf/tiago_public_ws/install/pmb2_description/share/pmb2_description/meshes/base/base_dock_link.stl
[2.152s] -- Symlinking: /home/raaf/tiago_public_ws/install/pmb2_description/share/pmb2_description/meshes/base/base_ring.stl
[2.160s] -- Symlinking: /home/raaf/tiago_public_ws/install/pmb2_description/share/pmb2_description/meshes/base/high_resolution/base.stl
[2.168s] -- Symlinking: /home/raaf/tiago_public_ws/install/pmb2_description/share/pmb2_description/meshes/base/high_resolution/base_collision.stl
[2.176s] -- Symlinking: /home/raaf/tiago_public_ws/install/pmb2_description/share/pmb2_description/meshes/cameras_add_on/cameras_add_on.stl
[2.184s] -- Symlinking: /home/raaf/tiago_public_ws/install/pmb2_description/share/pmb2_description/meshes/cameras_add_on/cameras_add_on_collision.stl
[2.192s] -- Symlinking: /home/raaf/tiago_public_ws/install/pmb2_description/share/pmb2_description/meshes/dock/dock.stl
[2.199s] -- Symlinking: /home/raaf/tiago_public_ws/install/pmb2_description/share/pmb2_description/meshes/dock/dock_collision.stl
[2.208s] -- Symlinking: /home/raaf/tiago_public_ws/install/pmb2_description/share/pmb2_description/meshes/objects/antenna.stl
[2.217s] -- Symlinking: /home/raaf/tiago_public_ws/install/pmb2_description/share/pmb2_description/meshes/objects/cover.stl
[2.225s] -- Symlinking: /home/raaf/tiago_public_ws/install/pmb2_description/share/pmb2_description/meshes/objects/high_resolution/cover.stl
[2.234s] -- Symlinking: /home/raaf/tiago_public_ws/install/pmb2_description/share/pmb2_description/meshes/wheels/caster_1.stl
[2.242s] -- Symlinking: /home/raaf/tiago_public_ws/install/pmb2_description/share/pmb2_description/meshes/wheels/caster_2.stl
[2.250s] -- Symlinking: /home/raaf/tiago_public_ws/install/pmb2_description/share/pmb2_description/meshes/wheels/high_resolution/caster_1.stl
[2.258s] -- Symlinking: /home/raaf/tiago_public_ws/install/pmb2_description/share/pmb2_description/meshes/wheels/high_resolution/caster_2.stl
[2.266s] -- Symlinking: /home/raaf/tiago_public_ws/install/pmb2_description/share/pmb2_description/meshes/wheels/high_resolution/wheel.stl
[2.277s] -- Symlinking: /home/raaf/tiago_public_ws/install/pmb2_description/share/pmb2_description/meshes/wheels/wheel.stl
[2.287s] -- Symlinking: /home/raaf/tiago_public_ws/install/pmb2_description/share/pmb2_description/config/pmb2_configuration.yaml
[2.295s] -- Symlinking: /home/raaf/tiago_public_ws/install/pmb2_description/share/pmb2_description/robots/pmb2.urdf.xacro
[2.302s] -- Symlinking: /home/raaf/tiago_public_ws/install/pmb2_description/share/pmb2_description/ros2_control/gazebo_controller_manager_cfg.yaml
[2.310s] -- Symlinking: /home/raaf/tiago_public_ws/install/pmb2_description/share/pmb2_description/ros2_control/ros2_control.urdf.xacro
[2.317s] -- Symlinking: /home/raaf/tiago_public_ws/install/pmb2_description/share/pmb2_description/urdf/base/base.gazebo.xacro
[2.324s] -- Symlinking: /home/raaf/tiago_public_ws/install/pmb2_description/share/pmb2_description/urdf/base/base.urdf.xacro
[2.331s] -- Symlinking: /home/raaf/tiago_public_ws/install/pmb2_description/share/pmb2_description/urdf/base/base_sensors.urdf.xacro
[2.337s] -- Symlinking: /home/raaf/tiago_public_ws/install/pmb2_description/share/pmb2_description/urdf/cameras_add_on/cameras_add_on.urdf.xacro
[2.344s] -- Symlinking: /home/raaf/tiago_public_ws/install/pmb2_description/share/pmb2_description/urdf/dock/dock.urdf.xacro
[2.351s] -- Symlinking: /home/raaf/tiago_public_ws/install/pmb2_description/share/pmb2_description/urdf/objects/antenna.urdf.xacro
[2.358s] -- Symlinking: /home/raaf/tiago_public_ws/install/pmb2_description/share/pmb2_description/urdf/objects/cover.urdf.xacro
[2.364s] -- Symlinking: /home/raaf/tiago_public_ws/install/pmb2_description/share/pmb2_description/urdf/wheels/caster.gazebo.xacro
[2.371s] -- Symlinking: /home/raaf/tiago_public_ws/install/pmb2_description/share/pmb2_description/urdf/wheels/caster.urdf.xacro
[2.378s] -- Symlinking: /home/raaf/tiago_public_ws/install/pmb2_description/share/pmb2_description/urdf/wheels/wheel.gazebo.xacro
[2.385s] -- Symlinking: /home/raaf/tiago_public_ws/install/pmb2_description/share/pmb2_description/urdf/wheels/wheel.ros2_control.xacro
[2.392s] -- Symlinking: /home/raaf/tiago_public_ws/install/pmb2_description/share/pmb2_description/urdf/wheels/wheel.urdf.xacro
[2.399s] -- Symlinking: /home/raaf/tiago_public_ws/install/pmb2_description/share/ament_index/resource_index/package_run_dependencies/pmb2_description
[2.405s] -- Symlinking: /home/raaf/tiago_public_ws/install/pmb2_description/share/ament_index/resource_index/parent_prefix_path/pmb2_description
[2.412s] -- Symlinking: /home/raaf/tiago_public_ws/install/pmb2_description/share/pmb2_description/environment/ament_prefix_path.sh
[2.419s] -- Symlinking: /home/raaf/tiago_public_ws/install/pmb2_description/share/pmb2_description/environment/ament_prefix_path.dsv
[2.427s] -- Symlinking: /home/raaf/tiago_public_ws/install/pmb2_description/share/pmb2_description/environment/path.sh
[2.435s] -- Symlinking: /home/raaf/tiago_public_ws/install/pmb2_description/share/pmb2_description/environment/path.dsv
[2.442s] -- Symlinking: /home/raaf/tiago_public_ws/install/pmb2_description/share/pmb2_description/local_setup.bash
[2.448s] -- Symlinking: /home/raaf/tiago_public_ws/install/pmb2_description/share/pmb2_description/local_setup.sh
[2.455s] -- Symlinking: /home/raaf/tiago_public_ws/install/pmb2_description/share/pmb2_description/local_setup.zsh
[2.462s] -- Symlinking: /home/raaf/tiago_public_ws/install/pmb2_description/share/pmb2_description/local_setup.dsv
[2.470s] -- Symlinking: /home/raaf/tiago_public_ws/install/pmb2_description/share/pmb2_description/package.dsv
[2.476s] -- Symlinking: /home/raaf/tiago_public_ws/install/pmb2_description/share/ament_index/resource_index/packages/pmb2_description
[2.484s] -- Symlinking: /home/raaf/tiago_public_ws/install/pmb2_description/share/pmb2_description/cmake/pmb2_descriptionConfig.cmake
[2.490s] -- Symlinking: /home/raaf/tiago_public_ws/install/pmb2_description/share/pmb2_description/cmake/pmb2_descriptionConfig-version.cmake
[2.497s] -- Symlinking: /home/raaf/tiago_public_ws/install/pmb2_description/share/pmb2_description/package.xml
[2.534s] Listing '/home/raaf/tiago_public_ws/install/pmb2_description/local/lib/python3.10/dist-packages/pmb2_description'...
[2.535s] Compiling '/home/raaf/tiago_public_ws/install/pmb2_description/local/lib/python3.10/dist-packages/pmb2_description/__init__.py'...
[2.535s] Compiling '/home/raaf/tiago_public_ws/install/pmb2_description/local/lib/python3.10/dist-packages/pmb2_description/launch_arguments.py'...
[2.540s] Invoked command in '/home/raaf/tiago_public_ws/build/pmb2_description' returned '0': AMENT_PREFIX_PATH=/home/raaf/tiago_public_ws/install/urdf_test:/home/raaf/tiago_public_ws/install/pal_urdf_utils:/home/raaf/tiago_public_ws/install/launch_pal:${AMENT_PREFIX_PATH} CMAKE_PREFIX_PATH=/home/raaf/tiago_public_ws/install/urdf_test:/home/raaf/tiago_public_ws/install/pal_urdf_utils:/opt/ros/humble PYTHONPATH=/home/raaf/tiago_public_ws/install/urdf_test/local/lib/python3.10/dist-packages:/home/raaf/tiago_public_ws/build/launch_pal:/home/raaf/tiago_public_ws/install/launch_pal/lib/python3.10/site-packages:${PYTHONPATH} /usr/bin/cmake --install /home/raaf/tiago_public_ws/build/pmb2_description
