[0.020s] Invoking command in '/home/raaf/tiago_public_ws/build/pal_gripper_description': AMENT_PREFIX_PATH=/home/raaf/tiago_public_ws/install/urdf_test:/home/raaf/tiago_public_ws/install/pal_urdf_utils:${AMENT_PREFIX_PATH} CMAKE_PREFIX_PATH=/home/raaf/tiago_public_ws/install/urdf_test:/home/raaf/tiago_public_ws/install/pal_urdf_utils:/opt/ros/humble PYTHONPATH=/home/raaf/tiago_public_ws/install/urdf_test/local/lib/python3.10/dist-packages:${PYTHONPATH} /usr/bin/cmake /home/raaf/tiago_public_ws/src/pal_gripper/pal_gripper_description -DAMENT_CMAKE_SYMLINK_INSTALL=1 -DCMAKE_INSTALL_PREFIX=/home/raaf/tiago_public_ws/install/pal_gripper_description
[0.089s] -- The C compiler identification is GNU 11.4.0
[0.176s] -- The CXX compiler identification is GNU 11.4.0
[0.189s] -- Detecting C compiler ABI info
[0.297s] -- Detecting C compiler ABI info - done
[0.309s] -- Check for working C compiler: /usr/bin/cc - skipped
[0.309s] -- Detecting C compile features
[0.311s] -- Detecting C compile features - done
[0.318s] -- Detecting CXX compiler ABI info
[0.436s] -- Detecting CXX compiler ABI info - done
[0.451s] -- Check for working CXX compiler: /usr/bin/c++ - skipped
[0.452s] -- Detecting CXX compile features
[0.458s] -- Detecting CXX compile features - done
[0.458s] -- Found ament_cmake_auto: 1.3.12 (/opt/ros/humble/share/ament_cmake_auto/cmake)
[0.701s] -- Found Python3: /usr/bin/python3 (found version "3.10.12") found components: Interpreter 
[0.817s] -- Override CMake install command with custom implementation using symlinks instead of copying resources
[0.864s] -- Found xacro: 2.1.1 (/opt/ros/humble/share/xacro/cmake)
[0.953s] -- Found ament_lint_auto: 0.12.14 (/opt/ros/humble/share/ament_lint_auto/cmake)
[0.990s] -- Added test 'copyright' to check source files copyright and LICENSE
[0.994s] -- Added test 'lint_cmake' to check CMake code style
[0.997s] -- Added test 'xmllint' to check XML markup files
[1.001s] -- Configuring done
[1.005s] -- Generating done
[1.007s] -- Build files have been written to: /home/raaf/tiago_public_ws/build/pal_gripper_description
[1.015s] Invoked command in '/home/raaf/tiago_public_ws/build/pal_gripper_description' returned '0': AMENT_PREFIX_PATH=/home/raaf/tiago_public_ws/install/urdf_test:/home/raaf/tiago_public_ws/install/pal_urdf_utils:${AMENT_PREFIX_PATH} CMAKE_PREFIX_PATH=/home/raaf/tiago_public_ws/install/urdf_test:/home/raaf/tiago_public_ws/install/pal_urdf_utils:/opt/ros/humble PYTHONPATH=/home/raaf/tiago_public_ws/install/urdf_test/local/lib/python3.10/dist-packages:${PYTHONPATH} /usr/bin/cmake /home/raaf/tiago_public_ws/src/pal_gripper/pal_gripper_description -DAMENT_CMAKE_SYMLINK_INSTALL=1 -DCMAKE_INSTALL_PREFIX=/home/raaf/tiago_public_ws/install/pal_gripper_description
[1.019s] Invoking command in '/home/raaf/tiago_public_ws/build/pal_gripper_description': AMENT_PREFIX_PATH=/home/raaf/tiago_public_ws/install/urdf_test:/home/raaf/tiago_public_ws/install/pal_urdf_utils:${AMENT_PREFIX_PATH} CMAKE_PREFIX_PATH=/home/raaf/tiago_public_ws/install/urdf_test:/home/raaf/tiago_public_ws/install/pal_urdf_utils:/opt/ros/humble PYTHONPATH=/home/raaf/tiago_public_ws/install/urdf_test/local/lib/python3.10/dist-packages:${PYTHONPATH} /usr/bin/cmake --build /home/raaf/tiago_public_ws/build/pal_gripper_description -- -j12 -l12
[1.067s] Invoked command in '/home/raaf/tiago_public_ws/build/pal_gripper_description' returned '0': AMENT_PREFIX_PATH=/home/raaf/tiago_public_ws/install/urdf_test:/home/raaf/tiago_public_ws/install/pal_urdf_utils:${AMENT_PREFIX_PATH} CMAKE_PREFIX_PATH=/home/raaf/tiago_public_ws/install/urdf_test:/home/raaf/tiago_public_ws/install/pal_urdf_utils:/opt/ros/humble PYTHONPATH=/home/raaf/tiago_public_ws/install/urdf_test/local/lib/python3.10/dist-packages:${PYTHONPATH} /usr/bin/cmake --build /home/raaf/tiago_public_ws/build/pal_gripper_description -- -j12 -l12
[1.070s] Invoking command in '/home/raaf/tiago_public_ws/build/pal_gripper_description': AMENT_PREFIX_PATH=/home/raaf/tiago_public_ws/install/urdf_test:/home/raaf/tiago_public_ws/install/pal_urdf_utils:${AMENT_PREFIX_PATH} CMAKE_PREFIX_PATH=/home/raaf/tiago_public_ws/install/urdf_test:/home/raaf/tiago_public_ws/install/pal_urdf_utils:/opt/ros/humble PYTHONPATH=/home/raaf/tiago_public_ws/install/urdf_test/local/lib/python3.10/dist-packages:${PYTHONPATH} /usr/bin/cmake --install /home/raaf/tiago_public_ws/build/pal_gripper_description
[1.144s] -- Install configuration: ""
[1.145s] -- Execute custom install script
[1.145s] -- Symlinking: /home/raaf/tiago_public_ws/install/pal_gripper_description/share/pal_gripper_description/gazebo/gazebo.urdf.xacro
[1.145s] -- Symlinking: /home/raaf/tiago_public_ws/install/pal_gripper_description/share/pal_gripper_description/meshes/gripper_finger_link.stl
[1.145s] -- Symlinking: /home/raaf/tiago_public_ws/install/pal_gripper_description/share/pal_gripper_description/meshes/gripper_finger_link_collision.stl
[1.145s] -- Symlinking: /home/raaf/tiago_public_ws/install/pal_gripper_description/share/pal_gripper_description/meshes/gripper_link.stl
[1.145s] -- Symlinking: /home/raaf/tiago_public_ws/install/pal_gripper_description/share/pal_gripper_description/meshes/gripper_link_collision.stl
[1.152s] -- Symlinking: /home/raaf/tiago_public_ws/install/pal_gripper_description/share/pal_gripper_description/robots/gripper_test.urdf.xacro
[1.163s] -- Symlinking: /home/raaf/tiago_public_ws/install/pal_gripper_description/share/pal_gripper_description/robots/upload.launch
[1.176s] -- Symlinking: /home/raaf/tiago_public_ws/install/pal_gripper_description/share/pal_gripper_description/robots/upload_gripper.launch
[1.189s] -- Symlinking: /home/raaf/tiago_public_ws/install/pal_gripper_description/share/pal_gripper_description/urdf/gripper.gazebo.xacro
[1.199s] -- Symlinking: /home/raaf/tiago_public_ws/install/pal_gripper_description/share/pal_gripper_description/urdf/gripper.ros2_control.xacro
[1.209s] -- Symlinking: /home/raaf/tiago_public_ws/install/pal_gripper_description/share/pal_gripper_description/urdf/gripper.transmission.xacro
[1.219s] -- Symlinking: /home/raaf/tiago_public_ws/install/pal_gripper_description/share/pal_gripper_description/urdf/gripper.urdf.xacro
[1.231s] -- Symlinking: /home/raaf/tiago_public_ws/install/pal_gripper_description/share/pal_gripper_description/ros2_control/ros2_control.urdf.xacro
[1.244s] -- Symlinking: /home/raaf/tiago_public_ws/install/pal_gripper_description/share/ament_index/resource_index/package_run_dependencies/pal_gripper_description
[1.252s] -- Symlinking: /home/raaf/tiago_public_ws/install/pal_gripper_description/share/ament_index/resource_index/parent_prefix_path/pal_gripper_description
[1.262s] -- Symlinking: /home/raaf/tiago_public_ws/install/pal_gripper_description/share/pal_gripper_description/environment/ament_prefix_path.sh
[1.271s] -- Symlinking: /home/raaf/tiago_public_ws/install/pal_gripper_description/share/pal_gripper_description/environment/ament_prefix_path.dsv
[1.283s] -- Symlinking: /home/raaf/tiago_public_ws/install/pal_gripper_description/share/pal_gripper_description/environment/path.sh
[1.296s] -- Symlinking: /home/raaf/tiago_public_ws/install/pal_gripper_description/share/pal_gripper_description/environment/path.dsv
[1.309s] -- Symlinking: /home/raaf/tiago_public_ws/install/pal_gripper_description/share/pal_gripper_description/local_setup.bash
[1.320s] -- Symlinking: /home/raaf/tiago_public_ws/install/pal_gripper_description/share/pal_gripper_description/local_setup.sh
[1.328s] -- Symlinking: /home/raaf/tiago_public_ws/install/pal_gripper_description/share/pal_gripper_description/local_setup.zsh
[1.340s] -- Symlinking: /home/raaf/tiago_public_ws/install/pal_gripper_description/share/pal_gripper_description/local_setup.dsv
[1.349s] -- Symlinking: /home/raaf/tiago_public_ws/install/pal_gripper_description/share/pal_gripper_description/package.dsv
[1.359s] -- Symlinking: /home/raaf/tiago_public_ws/install/pal_gripper_description/share/ament_index/resource_index/packages/pal_gripper_description
[1.371s] -- Symlinking: /home/raaf/tiago_public_ws/install/pal_gripper_description/share/pal_gripper_description/cmake/ament_cmake_export_dependencies-extras.cmake
[1.381s] -- Symlinking: /home/raaf/tiago_public_ws/install/pal_gripper_description/share/pal_gripper_description/cmake/pal_gripper_descriptionConfig.cmake
[1.391s] -- Symlinking: /home/raaf/tiago_public_ws/install/pal_gripper_description/share/pal_gripper_description/cmake/pal_gripper_descriptionConfig-version.cmake
[1.401s] -- Symlinking: /home/raaf/tiago_public_ws/install/pal_gripper_description/share/pal_gripper_description/package.xml
[1.442s] Invoked command in '/home/raaf/tiago_public_ws/build/pal_gripper_description' returned '0': AMENT_PREFIX_PATH=/home/raaf/tiago_public_ws/install/urdf_test:/home/raaf/tiago_public_ws/install/pal_urdf_utils:${AMENT_PREFIX_PATH} CMAKE_PREFIX_PATH=/home/raaf/tiago_public_ws/install/urdf_test:/home/raaf/tiago_public_ws/install/pal_urdf_utils:/opt/ros/humble PYTHONPATH=/home/raaf/tiago_public_ws/install/urdf_test/local/lib/python3.10/dist-packages:${PYTHONPATH} /usr/bin/cmake --install /home/raaf/tiago_public_ws/build/pal_gripper_description
