-- Install configuration: ""
-- Execute custom install script
-- Up-to-date symlink: /home/raaf/tiago_public_ws/install/tiago_bringup/lib/tiago_bringup/regen_em_file.py
-- Up-to-date symlink: /home/raaf/tiago_public_ws/install/tiago_bringup/share/tiago_bringup/config/joy_teleop/joy_config.yaml
-- Up-to-date symlink: /home/raaf/tiago_public_ws/install/tiago_bringup/share/tiago_bringup/config/joy_teleop/joy_teleop_omni_base.yaml
-- Up-to-date symlink: /home/raaf/tiago_public_ws/install/tiago_bringup/share/tiago_bringup/config/joy_teleop/joy_teleop_pmb2.yaml
-- Up-to-date symlink: /home/raaf/tiago_public_ws/install/tiago_bringup/share/tiago_bringup/config/joy_teleop/joystick_analyzers.yaml
-- Up-to-date symlink: /home/raaf/tiago_public_ws/install/tiago_bringup/share/tiago_bringup/config/motion_planner/motion_planner.yaml.em
-- Up-to-date symlink: /home/raaf/tiago_public_ws/install/tiago_bringup/share/tiago_bringup/config/motion_planner/motion_planner_custom.yaml
-- Up-to-date symlink: /home/raaf/tiago_public_ws/install/tiago_bringup/share/tiago_bringup/config/motion_planner/motion_planner_no-arm.yaml
-- Up-to-date symlink: /home/raaf/tiago_public_ws/install/tiago_bringup/share/tiago_bringup/config/motion_planner/motion_planner_no-ee.yaml
-- Up-to-date symlink: /home/raaf/tiago_public_ws/install/tiago_bringup/share/tiago_bringup/config/motion_planner/motion_planner_pal-gripper.yaml
-- Up-to-date symlink: /home/raaf/tiago_public_ws/install/tiago_bringup/share/tiago_bringup/config/motion_planner/motion_planner_pal-hey5.yaml
-- Up-to-date symlink: /home/raaf/tiago_public_ws/install/tiago_bringup/share/tiago_bringup/config/motion_planner/motion_planner_robotiq-2f-140.yaml
-- Up-to-date symlink: /home/raaf/tiago_public_ws/install/tiago_bringup/share/tiago_bringup/config/motion_planner/motion_planner_robotiq-2f-85.yaml
-- Up-to-date symlink: /home/raaf/tiago_public_ws/install/tiago_bringup/share/tiago_bringup/config/motion_planner/motion_planner_robotiq-epick.yaml
-- Up-to-date symlink: /home/raaf/tiago_public_ws/install/tiago_bringup/share/tiago_bringup/config/motions/tiago_motions.yaml.em
-- Up-to-date symlink: /home/raaf/tiago_public_ws/install/tiago_bringup/share/tiago_bringup/config/motions/tiago_motions_custom.yaml
-- Up-to-date symlink: /home/raaf/tiago_public_ws/install/tiago_bringup/share/tiago_bringup/config/motions/tiago_motions_general.yaml
-- Up-to-date symlink: /home/raaf/tiago_public_ws/install/tiago_bringup/share/tiago_bringup/config/motions/tiago_motions_head.yaml
-- Up-to-date symlink: /home/raaf/tiago_public_ws/install/tiago_bringup/share/tiago_bringup/config/motions/tiago_motions_no-arm.yaml
-- Up-to-date symlink: /home/raaf/tiago_public_ws/install/tiago_bringup/share/tiago_bringup/config/motions/tiago_motions_pal-gripper.yaml
-- Up-to-date symlink: /home/raaf/tiago_public_ws/install/tiago_bringup/share/tiago_bringup/config/motions/tiago_motions_pal-hey5.yaml
-- Up-to-date symlink: /home/raaf/tiago_public_ws/install/tiago_bringup/share/tiago_bringup/config/motions/tiago_motions_robotiq-2f-140.yaml
-- Up-to-date symlink: /home/raaf/tiago_public_ws/install/tiago_bringup/share/tiago_bringup/config/motions/tiago_motions_robotiq-2f-85.yaml
-- Up-to-date symlink: /home/raaf/tiago_public_ws/install/tiago_bringup/share/tiago_bringup/config/motions/tiago_motions_robotiq-epick.yaml
-- Up-to-date symlink: /home/raaf/tiago_public_ws/install/tiago_bringup/share/tiago_bringup/config/twist_mux/joystick_omni_base.yaml
-- Up-to-date symlink: /home/raaf/tiago_public_ws/install/tiago_bringup/share/tiago_bringup/config/twist_mux/joystick_pmb2.yaml
-- Up-to-date symlink: /home/raaf/tiago_public_ws/install/tiago_bringup/share/tiago_bringup/config/twist_mux/twist_mux_analyzers.yaml
-- Up-to-date symlink: /home/raaf/tiago_public_ws/install/tiago_bringup/share/tiago_bringup/config/twist_mux/twist_mux_locks.yaml
-- Up-to-date symlink: /home/raaf/tiago_public_ws/install/tiago_bringup/share/tiago_bringup/config/twist_mux/twist_mux_topics.yaml
-- Up-to-date symlink: /home/raaf/tiago_public_ws/install/tiago_bringup/share/tiago_bringup/launch/joystick_teleop.launch.py
-- Up-to-date symlink: /home/raaf/tiago_public_ws/install/tiago_bringup/share/tiago_bringup/launch/tiago_bringup.launch.py
-- Up-to-date symlink: /home/raaf/tiago_public_ws/install/tiago_bringup/share/tiago_bringup/launch/tiago_play_motion2.launch.py
-- Up-to-date symlink: /home/raaf/tiago_public_ws/install/tiago_bringup/share/tiago_bringup/launch/twist_mux.launch.py
-- Up-to-date symlink: /home/raaf/tiago_public_ws/install/tiago_bringup/share/ament_index/resource_index/package_run_dependencies/tiago_bringup
-- Up-to-date symlink: /home/raaf/tiago_public_ws/install/tiago_bringup/share/ament_index/resource_index/parent_prefix_path/tiago_bringup
-- Up-to-date symlink: /home/raaf/tiago_public_ws/install/tiago_bringup/share/tiago_bringup/environment/ament_prefix_path.sh
-- Up-to-date symlink: /home/raaf/tiago_public_ws/install/tiago_bringup/share/tiago_bringup/environment/ament_prefix_path.dsv
-- Up-to-date symlink: /home/raaf/tiago_public_ws/install/tiago_bringup/share/tiago_bringup/environment/path.sh
-- Up-to-date symlink: /home/raaf/tiago_public_ws/install/tiago_bringup/share/tiago_bringup/environment/path.dsv
-- Up-to-date symlink: /home/raaf/tiago_public_ws/install/tiago_bringup/share/tiago_bringup/local_setup.bash
-- Up-to-date symlink: /home/raaf/tiago_public_ws/install/tiago_bringup/share/tiago_bringup/local_setup.sh
-- Up-to-date symlink: /home/raaf/tiago_public_ws/install/tiago_bringup/share/tiago_bringup/local_setup.zsh
-- Up-to-date symlink: /home/raaf/tiago_public_ws/install/tiago_bringup/share/tiago_bringup/local_setup.dsv
-- Symlinking: /home/raaf/tiago_public_ws/install/tiago_bringup/share/tiago_bringup/package.dsv
-- Up-to-date symlink: /home/raaf/tiago_public_ws/install/tiago_bringup/share/ament_index/resource_index/packages/tiago_bringup
-- Up-to-date symlink: /home/raaf/tiago_public_ws/install/tiago_bringup/share/tiago_bringup/cmake/tiago_bringupConfig.cmake
-- Up-to-date symlink: /home/raaf/tiago_public_ws/install/tiago_bringup/share/tiago_bringup/cmake/tiago_bringupConfig-version.cmake
-- Up-to-date symlink: /home/raaf/tiago_public_ws/install/tiago_bringup/share/tiago_bringup/package.xml
