[0.029s] Invoking command in '/home/raaf/tiago_public_ws/build/tiago_laser_sensors': AMENT_PREFIX_PATH=/home/raaf/tiago_public_ws/install/pmb2_laser_sensors:${AMENT_PREFIX_PATH} CMAKE_PREFIX_PATH=/home/raaf/tiago_public_ws/install/pmb2_laser_sensors:/opt/ros/humble /usr/bin/cmake /home/raaf/tiago_public_ws/src/tiago_navigation/tiago_laser_sensors -DAMENT_CMAKE_SYMLINK_INSTALL=1 -DCMAKE_INSTALL_PREFIX=/home/raaf/tiago_public_ws/install/tiago_laser_sensors
[0.090s] -- The C compiler identification is GNU 11.4.0
[0.169s] -- The CXX compiler identification is GNU 11.4.0
[0.176s] -- Detecting C compiler ABI info
[0.282s] -- Detecting C compiler ABI info - done
[0.296s] -- Check for working C compiler: /usr/bin/cc - skipped
[0.297s] -- Detecting C compile features
[0.298s] -- Detecting C compile features - done
[0.301s] -- Detecting CXX compiler ABI info
[0.410s] -- Detecting CXX compiler ABI info - done
[0.421s] -- Check for working CXX compiler: /usr/bin/c++ - skipped
[0.422s] -- Detecting CXX compile features
[0.422s] -- Detecting CXX compile features - done
[0.427s] -- Found ament_cmake_auto: 1.3.12 (/opt/ros/humble/share/ament_cmake_auto/cmake)
[0.664s] -- Found Python3: /usr/bin/python3 (found version "3.10.12") found components: Interpreter 
[0.760s] -- Override CMake install command with custom implementation using symlinks instead of copying resources
[0.942s] -- Added test 'copyright' to check source files copyright and LICENSE
[0.945s] -- Added test 'lint_cmake' to check CMake code style
[0.947s] -- Added test 'xmllint' to check XML markup files
[0.949s] -- Configuring done
[0.954s] -- Generating done
[0.956s] -- Build files have been written to: /home/raaf/tiago_public_ws/build/tiago_laser_sensors
[0.965s] Invoked command in '/home/raaf/tiago_public_ws/build/tiago_laser_sensors' returned '0': AMENT_PREFIX_PATH=/home/raaf/tiago_public_ws/install/pmb2_laser_sensors:${AMENT_PREFIX_PATH} CMAKE_PREFIX_PATH=/home/raaf/tiago_public_ws/install/pmb2_laser_sensors:/opt/ros/humble /usr/bin/cmake /home/raaf/tiago_public_ws/src/tiago_navigation/tiago_laser_sensors -DAMENT_CMAKE_SYMLINK_INSTALL=1 -DCMAKE_INSTALL_PREFIX=/home/raaf/tiago_public_ws/install/tiago_laser_sensors
[0.966s] Invoking command in '/home/raaf/tiago_public_ws/build/tiago_laser_sensors': AMENT_PREFIX_PATH=/home/raaf/tiago_public_ws/install/pmb2_laser_sensors:${AMENT_PREFIX_PATH} CMAKE_PREFIX_PATH=/home/raaf/tiago_public_ws/install/pmb2_laser_sensors:/opt/ros/humble /usr/bin/cmake --build /home/raaf/tiago_public_ws/build/tiago_laser_sensors -- -j12 -l12
[1.061s] Invoked command in '/home/raaf/tiago_public_ws/build/tiago_laser_sensors' returned '0': AMENT_PREFIX_PATH=/home/raaf/tiago_public_ws/install/pmb2_laser_sensors:${AMENT_PREFIX_PATH} CMAKE_PREFIX_PATH=/home/raaf/tiago_public_ws/install/pmb2_laser_sensors:/opt/ros/humble /usr/bin/cmake --build /home/raaf/tiago_public_ws/build/tiago_laser_sensors -- -j12 -l12
[1.064s] Invoking command in '/home/raaf/tiago_public_ws/build/tiago_laser_sensors': AMENT_PREFIX_PATH=/home/raaf/tiago_public_ws/install/pmb2_laser_sensors:${AMENT_PREFIX_PATH} CMAKE_PREFIX_PATH=/home/raaf/tiago_public_ws/install/pmb2_laser_sensors:/opt/ros/humble /usr/bin/cmake --install /home/raaf/tiago_public_ws/build/tiago_laser_sensors
[1.093s] -- Install configuration: ""
[1.093s] -- Execute custom install script
[1.093s] -- Symlinking: /home/raaf/tiago_public_ws/install/tiago_laser_sensors/share/ament_index/resource_index/package_run_dependencies/tiago_laser_sensors
[1.093s] -- Symlinking: /home/raaf/tiago_public_ws/install/tiago_laser_sensors/share/ament_index/resource_index/parent_prefix_path/tiago_laser_sensors
[1.100s] -- Symlinking: /home/raaf/tiago_public_ws/install/tiago_laser_sensors/share/tiago_laser_sensors/environment/ament_prefix_path.sh
[1.117s] -- Symlinking: /home/raaf/tiago_public_ws/install/tiago_laser_sensors/share/tiago_laser_sensors/environment/ament_prefix_path.dsv
[1.128s] -- Symlinking: /home/raaf/tiago_public_ws/install/tiago_laser_sensors/share/tiago_laser_sensors/environment/path.sh
[1.138s] -- Symlinking: /home/raaf/tiago_public_ws/install/tiago_laser_sensors/share/tiago_laser_sensors/environment/path.dsv
[1.150s] -- Symlinking: /home/raaf/tiago_public_ws/install/tiago_laser_sensors/share/tiago_laser_sensors/local_setup.bash
[1.161s] -- Symlinking: /home/raaf/tiago_public_ws/install/tiago_laser_sensors/share/tiago_laser_sensors/local_setup.sh
[1.172s] -- Symlinking: /home/raaf/tiago_public_ws/install/tiago_laser_sensors/share/tiago_laser_sensors/local_setup.zsh
[1.181s] -- Symlinking: /home/raaf/tiago_public_ws/install/tiago_laser_sensors/share/tiago_laser_sensors/local_setup.dsv
[1.193s] -- Symlinking: /home/raaf/tiago_public_ws/install/tiago_laser_sensors/share/tiago_laser_sensors/package.dsv
[1.204s] -- Symlinking: /home/raaf/tiago_public_ws/install/tiago_laser_sensors/share/ament_index/resource_index/packages/tiago_laser_sensors
[1.216s] -- Symlinking: /home/raaf/tiago_public_ws/install/tiago_laser_sensors/share/tiago_laser_sensors/cmake/tiago_laser_sensorsConfig.cmake
[1.228s] -- Symlinking: /home/raaf/tiago_public_ws/install/tiago_laser_sensors/share/tiago_laser_sensors/cmake/tiago_laser_sensorsConfig-version.cmake
[1.236s] -- Symlinking: /home/raaf/tiago_public_ws/install/tiago_laser_sensors/share/tiago_laser_sensors/package.xml
[1.253s] Invoked command in '/home/raaf/tiago_public_ws/build/tiago_laser_sensors' returned '0': AMENT_PREFIX_PATH=/home/raaf/tiago_public_ws/install/pmb2_laser_sensors:${AMENT_PREFIX_PATH} CMAKE_PREFIX_PATH=/home/raaf/tiago_public_ws/install/pmb2_laser_sensors:/opt/ros/humble /usr/bin/cmake --install /home/raaf/tiago_public_ws/build/tiago_laser_sensors
