[0.045s] Invoking command in '/home/raaf/tiago_public_ws/build/tiago_controller_configuration': AMENT_PREFIX_PATH=/home/raaf/tiago_public_ws/install/pmb2_controller_configuration:/home/raaf/tiago_public_ws/install/pal_robotiq_controller_configuration:/home/raaf/tiago_public_ws/install/pal_hey5_controller_configuration:/home/raaf/tiago_public_ws/install/pal_gripper_controller_configuration:/home/raaf/tiago_public_ws/install/launch_pal:${AMENT_PREFIX_PATH} CMAKE_PREFIX_PATH=/home/raaf/tiago_public_ws/install/pmb2_controller_configuration:/home/raaf/tiago_public_ws/install/pal_robotiq_controller_configuration:/home/raaf/tiago_public_ws/install/pal_hey5_controller_configuration:/home/raaf/tiago_public_ws/install/pal_gripper_controller_configuration:/opt/ros/humble PYTHONPATH=/home/raaf/tiago_public_ws/build/launch_pal:/home/raaf/tiago_public_ws/install/launch_pal/lib/python3.10/site-packages:${PYTHONPATH} /usr/bin/cmake /home/raaf/tiago_public_ws/src/tiago_robot/tiago_controller_configuration -DAMENT_CMAKE_SYMLINK_INSTALL=1 -DCMAKE_INSTALL_PREFIX=/home/raaf/tiago_public_ws/install/tiago_controller_configuration
[0.130s] -- The C compiler identification is GNU 11.4.0
[0.226s] -- The CXX compiler identification is GNU 11.4.0
[0.241s] -- Detecting C compiler ABI info
[0.351s] -- Detecting C compiler ABI info - done
[0.361s] -- Check for working C compiler: /usr/bin/cc - skipped
[0.361s] -- Detecting C compile features
[0.362s] -- Detecting C compile features - done
[0.370s] -- Detecting CXX compiler ABI info
[0.476s] -- Detecting CXX compiler ABI info - done
[0.493s] -- Check for working CXX compiler: /usr/bin/c++ - skipped
[0.494s] -- Detecting CXX compile features
[0.495s] -- Detecting CXX compile features - done
[0.498s] -- Found ament_cmake_auto: 1.3.12 (/opt/ros/humble/share/ament_cmake_auto/cmake)
[0.739s] -- Found Python3: /usr/bin/python3 (found version "3.10.12") found components: Interpreter 
[0.828s] -- Override CMake install command with custom implementation using symlinks instead of copying resources
[0.999s] -- Found ament_lint_auto: 0.12.14 (/opt/ros/humble/share/ament_lint_auto/cmake)
[1.035s] -- Added test 'copyright' to check source files copyright and LICENSE
[1.035s] -- Added test 'flake8' to check Python code syntax and style conventions
[1.036s] -- Added test 'lint_cmake' to check CMake code style
[1.036s] -- Added test 'pep257' to check Python code against some of the docstring style conventions in PEP 257
[1.038s] -- Added test 'xmllint' to check XML markup files
[1.042s] -- Configuring done
[1.044s] -- Generating done
[1.048s] -- Build files have been written to: /home/raaf/tiago_public_ws/build/tiago_controller_configuration
[1.059s] Invoked command in '/home/raaf/tiago_public_ws/build/tiago_controller_configuration' returned '0': AMENT_PREFIX_PATH=/home/raaf/tiago_public_ws/install/pmb2_controller_configuration:/home/raaf/tiago_public_ws/install/pal_robotiq_controller_configuration:/home/raaf/tiago_public_ws/install/pal_hey5_controller_configuration:/home/raaf/tiago_public_ws/install/pal_gripper_controller_configuration:/home/raaf/tiago_public_ws/install/launch_pal:${AMENT_PREFIX_PATH} CMAKE_PREFIX_PATH=/home/raaf/tiago_public_ws/install/pmb2_controller_configuration:/home/raaf/tiago_public_ws/install/pal_robotiq_controller_configuration:/home/raaf/tiago_public_ws/install/pal_hey5_controller_configuration:/home/raaf/tiago_public_ws/install/pal_gripper_controller_configuration:/opt/ros/humble PYTHONPATH=/home/raaf/tiago_public_ws/build/launch_pal:/home/raaf/tiago_public_ws/install/launch_pal/lib/python3.10/site-packages:${PYTHONPATH} /usr/bin/cmake /home/raaf/tiago_public_ws/src/tiago_robot/tiago_controller_configuration -DAMENT_CMAKE_SYMLINK_INSTALL=1 -DCMAKE_INSTALL_PREFIX=/home/raaf/tiago_public_ws/install/tiago_controller_configuration
[1.059s] Invoking command in '/home/raaf/tiago_public_ws/build/tiago_controller_configuration': AMENT_PREFIX_PATH=/home/raaf/tiago_public_ws/install/pmb2_controller_configuration:/home/raaf/tiago_public_ws/install/pal_robotiq_controller_configuration:/home/raaf/tiago_public_ws/install/pal_hey5_controller_configuration:/home/raaf/tiago_public_ws/install/pal_gripper_controller_configuration:/home/raaf/tiago_public_ws/install/launch_pal:${AMENT_PREFIX_PATH} CMAKE_PREFIX_PATH=/home/raaf/tiago_public_ws/install/pmb2_controller_configuration:/home/raaf/tiago_public_ws/install/pal_robotiq_controller_configuration:/home/raaf/tiago_public_ws/install/pal_hey5_controller_configuration:/home/raaf/tiago_public_ws/install/pal_gripper_controller_configuration:/opt/ros/humble PYTHONPATH=/home/raaf/tiago_public_ws/build/launch_pal:/home/raaf/tiago_public_ws/install/launch_pal/lib/python3.10/site-packages:${PYTHONPATH} /usr/bin/cmake --build /home/raaf/tiago_public_ws/build/tiago_controller_configuration -- -j12 -l12
[1.104s] Invoked command in '/home/raaf/tiago_public_ws/build/tiago_controller_configuration' returned '0': AMENT_PREFIX_PATH=/home/raaf/tiago_public_ws/install/pmb2_controller_configuration:/home/raaf/tiago_public_ws/install/pal_robotiq_controller_configuration:/home/raaf/tiago_public_ws/install/pal_hey5_controller_configuration:/home/raaf/tiago_public_ws/install/pal_gripper_controller_configuration:/home/raaf/tiago_public_ws/install/launch_pal:${AMENT_PREFIX_PATH} CMAKE_PREFIX_PATH=/home/raaf/tiago_public_ws/install/pmb2_controller_configuration:/home/raaf/tiago_public_ws/install/pal_robotiq_controller_configuration:/home/raaf/tiago_public_ws/install/pal_hey5_controller_configuration:/home/raaf/tiago_public_ws/install/pal_gripper_controller_configuration:/opt/ros/humble PYTHONPATH=/home/raaf/tiago_public_ws/build/launch_pal:/home/raaf/tiago_public_ws/install/launch_pal/lib/python3.10/site-packages:${PYTHONPATH} /usr/bin/cmake --build /home/raaf/tiago_public_ws/build/tiago_controller_configuration -- -j12 -l12
[1.107s] Invoking command in '/home/raaf/tiago_public_ws/build/tiago_controller_configuration': AMENT_PREFIX_PATH=/home/raaf/tiago_public_ws/install/pmb2_controller_configuration:/home/raaf/tiago_public_ws/install/pal_robotiq_controller_configuration:/home/raaf/tiago_public_ws/install/pal_hey5_controller_configuration:/home/raaf/tiago_public_ws/install/pal_gripper_controller_configuration:/home/raaf/tiago_public_ws/install/launch_pal:${AMENT_PREFIX_PATH} CMAKE_PREFIX_PATH=/home/raaf/tiago_public_ws/install/pmb2_controller_configuration:/home/raaf/tiago_public_ws/install/pal_robotiq_controller_configuration:/home/raaf/tiago_public_ws/install/pal_hey5_controller_configuration:/home/raaf/tiago_public_ws/install/pal_gripper_controller_configuration:/opt/ros/humble PYTHONPATH=/home/raaf/tiago_public_ws/build/launch_pal:/home/raaf/tiago_public_ws/install/launch_pal/lib/python3.10/site-packages:${PYTHONPATH} /usr/bin/cmake --install /home/raaf/tiago_public_ws/build/tiago_controller_configuration
[1.195s] -- Install configuration: ""
[1.195s] -- Execute custom install script
[1.195s] -- Symlinking: /home/raaf/tiago_public_ws/install/tiago_controller_configuration/share/tiago_controller_configuration/config/arm_controller.yaml
[1.195s] -- Symlinking: /home/raaf/tiago_public_ws/install/tiago_controller_configuration/share/tiago_controller_configuration/config/ft_sensor_controller.yaml
[1.196s] -- Symlinking: /home/raaf/tiago_public_ws/install/tiago_controller_configuration/share/tiago_controller_configuration/config/gravity_compensation_controller_ilm.yaml
[1.196s] -- Symlinking: /home/raaf/tiago_public_ws/install/tiago_controller_configuration/share/tiago_controller_configuration/config/gravity_compensation_controller_parker.yaml
[1.196s] -- Symlinking: /home/raaf/tiago_public_ws/install/tiago_controller_configuration/share/tiago_controller_configuration/config/head_controller.yaml
[1.196s] -- Symlinking: /home/raaf/tiago_public_ws/install/tiago_controller_configuration/share/tiago_controller_configuration/config/joint_state_broadcaster.yaml
[1.196s] -- Symlinking: /home/raaf/tiago_public_ws/install/tiago_controller_configuration/share/tiago_controller_configuration/config/torso_controller.yaml
[1.196s] -- Symlinking: /home/raaf/tiago_public_ws/install/tiago_controller_configuration/share/tiago_controller_configuration/launch/default_controllers.launch.py
[1.200s] -- Symlinking: /home/raaf/tiago_public_ws/install/tiago_controller_configuration/share/tiago_controller_configuration/launch/gravity_compensation_controller.launch.py
[1.210s] -- Symlinking: /home/raaf/tiago_public_ws/install/tiago_controller_configuration/share/ament_index/resource_index/package_run_dependencies/tiago_controller_configuration
[1.219s] -- Symlinking: /home/raaf/tiago_public_ws/install/tiago_controller_configuration/share/ament_index/resource_index/parent_prefix_path/tiago_controller_configuration
[1.227s] -- Symlinking: /home/raaf/tiago_public_ws/install/tiago_controller_configuration/share/tiago_controller_configuration/environment/ament_prefix_path.sh
[1.235s] -- Symlinking: /home/raaf/tiago_public_ws/install/tiago_controller_configuration/share/tiago_controller_configuration/environment/ament_prefix_path.dsv
[1.244s] -- Symlinking: /home/raaf/tiago_public_ws/install/tiago_controller_configuration/share/tiago_controller_configuration/environment/path.sh
[1.251s] -- Symlinking: /home/raaf/tiago_public_ws/install/tiago_controller_configuration/share/tiago_controller_configuration/environment/path.dsv
[1.259s] -- Symlinking: /home/raaf/tiago_public_ws/install/tiago_controller_configuration/share/tiago_controller_configuration/local_setup.bash
[1.267s] -- Symlinking: /home/raaf/tiago_public_ws/install/tiago_controller_configuration/share/tiago_controller_configuration/local_setup.sh
[1.274s] -- Symlinking: /home/raaf/tiago_public_ws/install/tiago_controller_configuration/share/tiago_controller_configuration/local_setup.zsh
[1.282s] -- Symlinking: /home/raaf/tiago_public_ws/install/tiago_controller_configuration/share/tiago_controller_configuration/local_setup.dsv
[1.292s] -- Symlinking: /home/raaf/tiago_public_ws/install/tiago_controller_configuration/share/tiago_controller_configuration/package.dsv
[1.302s] -- Symlinking: /home/raaf/tiago_public_ws/install/tiago_controller_configuration/share/ament_index/resource_index/packages/tiago_controller_configuration
[1.313s] -- Symlinking: /home/raaf/tiago_public_ws/install/tiago_controller_configuration/share/tiago_controller_configuration/cmake/tiago_controller_configurationConfig.cmake
[1.321s] -- Symlinking: /home/raaf/tiago_public_ws/install/tiago_controller_configuration/share/tiago_controller_configuration/cmake/tiago_controller_configurationConfig-version.cmake
[1.330s] -- Symlinking: /home/raaf/tiago_public_ws/install/tiago_controller_configuration/share/tiago_controller_configuration/package.xml
[1.346s] Invoked command in '/home/raaf/tiago_public_ws/build/tiago_controller_configuration' returned '0': AMENT_PREFIX_PATH=/home/raaf/tiago_public_ws/install/pmb2_controller_configuration:/home/raaf/tiago_public_ws/install/pal_robotiq_controller_configuration:/home/raaf/tiago_public_ws/install/pal_hey5_controller_configuration:/home/raaf/tiago_public_ws/install/pal_gripper_controller_configuration:/home/raaf/tiago_public_ws/install/launch_pal:${AMENT_PREFIX_PATH} CMAKE_PREFIX_PATH=/home/raaf/tiago_public_ws/install/pmb2_controller_configuration:/home/raaf/tiago_public_ws/install/pal_robotiq_controller_configuration:/home/raaf/tiago_public_ws/install/pal_hey5_controller_configuration:/home/raaf/tiago_public_ws/install/pal_gripper_controller_configuration:/opt/ros/humble PYTHONPATH=/home/raaf/tiago_public_ws/build/launch_pal:/home/raaf/tiago_public_ws/install/launch_pal/lib/python3.10/site-packages:${PYTHONPATH} /usr/bin/cmake --install /home/raaf/tiago_public_ws/build/tiago_controller_configuration
