[0.212s] Invoking command in '/home/raaf/tiago_public_ws/build/pal_robotiq_description': CMAKE_PREFIX_PATH=/opt/ros/humble /usr/bin/cmake /home/raaf/tiago_public_ws/src/pal_robotiq_gripper/pal_robotiq_description -DAMENT_CMAKE_SYMLINK_INSTALL=1 -DCMAKE_INSTALL_PREFIX=/home/raaf/tiago_public_ws/install/pal_robotiq_description
[0.306s] -- The C compiler identification is GNU 11.4.0
[0.393s] -- The CXX compiler identification is GNU 11.4.0
[0.405s] -- Detecting C compiler ABI info
[0.504s] -- Detecting C compiler ABI info - done
[0.515s] -- Check for working C compiler: /usr/bin/cc - skipped
[0.515s] -- Detecting C compile features
[0.517s] -- Detecting C compile features - done
[0.522s] -- Detecting CXX compiler ABI info
[0.642s] -- Detecting CXX compiler ABI info - done
[0.658s] -- Check for working CXX compiler: /usr/bin/c++ - skipped
[0.658s] -- Detecting CXX compile features
[0.659s] -- Detecting CXX compile features - done
[0.661s] -- Found ament_cmake_auto: 1.3.12 (/opt/ros/humble/share/ament_cmake_auto/cmake)
[0.909s] -- Found Python3: /usr/bin/python3 (found version "3.10.12") found components: Interpreter 
[1.023s] -- Override CMake install command with custom implementation using symlinks instead of copying resources
[1.164s] -- Found ament_lint_auto: 0.12.14 (/opt/ros/humble/share/ament_lint_auto/cmake)
[1.201s] -- Added test 'copyright' to check source files copyright and LICENSE
[1.207s] -- Added test 'flake8' to check Python code syntax and style conventions
[1.210s] -- Added test 'lint_cmake' to check CMake code style
[1.211s] -- Added test 'pep257' to check Python code against some of the docstring style conventions in PEP 257
[1.214s] -- Added test 'xmllint' to check XML markup files
[1.216s] -- Configuring done
[1.223s] -- Generating done
[1.224s] -- Build files have been written to: /home/raaf/tiago_public_ws/build/pal_robotiq_description
[1.233s] Invoked command in '/home/raaf/tiago_public_ws/build/pal_robotiq_description' returned '0': CMAKE_PREFIX_PATH=/opt/ros/humble /usr/bin/cmake /home/raaf/tiago_public_ws/src/pal_robotiq_gripper/pal_robotiq_description -DAMENT_CMAKE_SYMLINK_INSTALL=1 -DCMAKE_INSTALL_PREFIX=/home/raaf/tiago_public_ws/install/pal_robotiq_description
[1.234s] Invoking command in '/home/raaf/tiago_public_ws/build/pal_robotiq_description': CMAKE_PREFIX_PATH=/opt/ros/humble /usr/bin/cmake --build /home/raaf/tiago_public_ws/build/pal_robotiq_description -- -j12 -l12
[1.296s] Invoked command in '/home/raaf/tiago_public_ws/build/pal_robotiq_description' returned '0': CMAKE_PREFIX_PATH=/opt/ros/humble /usr/bin/cmake --build /home/raaf/tiago_public_ws/build/pal_robotiq_description -- -j12 -l12
[1.297s] Invoking command in '/home/raaf/tiago_public_ws/build/pal_robotiq_description': CMAKE_PREFIX_PATH=/opt/ros/humble /usr/bin/cmake --install /home/raaf/tiago_public_ws/build/pal_robotiq_description
[1.311s] -- Install configuration: ""
[1.311s] -- Execute custom install script
[1.311s] -- Symlinking: /home/raaf/tiago_public_ws/install/pal_robotiq_description/share/pal_robotiq_description/meshes/collision/robotiq_140_inner_finger.stl
[1.324s] -- Symlinking: /home/raaf/tiago_public_ws/install/pal_robotiq_description/share/pal_robotiq_description/meshes/collision/robotiq_140_inner_knuckle.stl
[1.334s] -- Symlinking: /home/raaf/tiago_public_ws/install/pal_robotiq_description/share/pal_robotiq_description/meshes/collision/robotiq_140_outer_finger.stl
[1.348s] -- Symlinking: /home/raaf/tiago_public_ws/install/pal_robotiq_description/share/pal_robotiq_description/meshes/collision/robotiq_140_outer_knuckle.stl
[1.357s] -- Symlinking: /home/raaf/tiago_public_ws/install/pal_robotiq_description/share/pal_robotiq_description/meshes/collision/robotiq_85_base_link.stl
[1.369s] -- Symlinking: /home/raaf/tiago_public_ws/install/pal_robotiq_description/share/pal_robotiq_description/meshes/collision/robotiq_85_inner_finger.dae
[1.379s] -- Symlinking: /home/raaf/tiago_public_ws/install/pal_robotiq_description/share/pal_robotiq_description/meshes/collision/robotiq_85_inner_knuckle.dae
[1.391s] -- Symlinking: /home/raaf/tiago_public_ws/install/pal_robotiq_description/share/pal_robotiq_description/meshes/collision/robotiq_85_outer_finger.dae
[1.399s] -- Symlinking: /home/raaf/tiago_public_ws/install/pal_robotiq_description/share/pal_robotiq_description/meshes/collision/robotiq_85_outer_knuckle.dae
[1.413s] -- Symlinking: /home/raaf/tiago_public_ws/install/pal_robotiq_description/share/pal_robotiq_description/meshes/collision/robotiq_base_link.stl
[1.425s] -- Symlinking: /home/raaf/tiago_public_ws/install/pal_robotiq_description/share/pal_robotiq_description/meshes/collision/robotiq_coupling.stl
[1.434s] -- Symlinking: /home/raaf/tiago_public_ws/install/pal_robotiq_description/share/pal_robotiq_description/meshes/visual/pal_robotiq_coupling.stl
[1.446s] -- Symlinking: /home/raaf/tiago_public_ws/install/pal_robotiq_description/share/pal_robotiq_description/meshes/visual/robotiq_140_inner_finger.stl
[1.458s] -- Symlinking: /home/raaf/tiago_public_ws/install/pal_robotiq_description/share/pal_robotiq_description/meshes/visual/robotiq_140_inner_knuckle.stl
[1.469s] -- Symlinking: /home/raaf/tiago_public_ws/install/pal_robotiq_description/share/pal_robotiq_description/meshes/visual/robotiq_140_outer_finger.stl
[1.480s] -- Symlinking: /home/raaf/tiago_public_ws/install/pal_robotiq_description/share/pal_robotiq_description/meshes/visual/robotiq_140_outer_knuckle.stl
[1.492s] -- Symlinking: /home/raaf/tiago_public_ws/install/pal_robotiq_description/share/pal_robotiq_description/meshes/visual/robotiq_85_inner_finger.dae
[1.507s] -- Symlinking: /home/raaf/tiago_public_ws/install/pal_robotiq_description/share/pal_robotiq_description/meshes/visual/robotiq_85_inner_knuckle.dae
[1.520s] -- Symlinking: /home/raaf/tiago_public_ws/install/pal_robotiq_description/share/pal_robotiq_description/meshes/visual/robotiq_85_outer_finger.dae
[1.531s] -- Symlinking: /home/raaf/tiago_public_ws/install/pal_robotiq_description/share/pal_robotiq_description/meshes/visual/robotiq_85_outer_knuckle.dae
[1.544s] -- Symlinking: /home/raaf/tiago_public_ws/install/pal_robotiq_description/share/pal_robotiq_description/meshes/visual/robotiq_85_pad.dae
[1.553s] -- Symlinking: /home/raaf/tiago_public_ws/install/pal_robotiq_description/share/pal_robotiq_description/meshes/visual/robotiq_base_link.stl
[1.563s] -- Symlinking: /home/raaf/tiago_public_ws/install/pal_robotiq_description/share/pal_robotiq_description/meshes/visual/robotiq_coupling.stl
[1.569s] -- Symlinking: /home/raaf/tiago_public_ws/install/pal_robotiq_description/share/pal_robotiq_description/robots/pal_robotiq_2f_140_gripper.urdf.xacro
[1.579s] -- Symlinking: /home/raaf/tiago_public_ws/install/pal_robotiq_description/share/pal_robotiq_description/robots/pal_robotiq_2f_85_gripper.urdf.xacro
[1.588s] -- Symlinking: /home/raaf/tiago_public_ws/install/pal_robotiq_description/share/pal_robotiq_description/robots/pal_robotiq_epick_gripper.urdf.xacro
[1.598s] -- Symlinking: /home/raaf/tiago_public_ws/install/pal_robotiq_description/share/pal_robotiq_description/urdf/grasping_frames.xacro
[1.606s] -- Symlinking: /home/raaf/tiago_public_ws/install/pal_robotiq_description/share/pal_robotiq_description/urdf/robotiq.ros2_control.xacro
[1.613s] -- Symlinking: /home/raaf/tiago_public_ws/install/pal_robotiq_description/share/pal_robotiq_description/urdf/robotiq.transmission.xacro
[1.623s] -- Symlinking: /home/raaf/tiago_public_ws/install/pal_robotiq_description/share/pal_robotiq_description/urdf/robotiq_140_gripper.urdf.xacro
[1.634s] -- Symlinking: /home/raaf/tiago_public_ws/install/pal_robotiq_description/share/pal_robotiq_description/urdf/robotiq_85_gripper.urdf.xacro
[1.640s] -- Symlinking: /home/raaf/tiago_public_ws/install/pal_robotiq_description/share/pal_robotiq_description/launch/robot_state_publisher.launch.py
[1.649s] -- Symlinking: /home/raaf/tiago_public_ws/install/pal_robotiq_description/share/pal_robotiq_description/launch/show.launch.py
[1.657s] -- Symlinking: /home/raaf/tiago_public_ws/install/pal_robotiq_description/share/pal_robotiq_description/config/pal_robotiq_urdf.rviz
[1.666s] -- Symlinking: /home/raaf/tiago_public_ws/install/pal_robotiq_description/share/ament_index/resource_index/package_run_dependencies/pal_robotiq_description
[1.673s] -- Symlinking: /home/raaf/tiago_public_ws/install/pal_robotiq_description/share/ament_index/resource_index/parent_prefix_path/pal_robotiq_description
[1.681s] -- Symlinking: /home/raaf/tiago_public_ws/install/pal_robotiq_description/share/pal_robotiq_description/environment/ament_prefix_path.sh
[1.689s] -- Symlinking: /home/raaf/tiago_public_ws/install/pal_robotiq_description/share/pal_robotiq_description/environment/ament_prefix_path.dsv
[1.700s] -- Symlinking: /home/raaf/tiago_public_ws/install/pal_robotiq_description/share/pal_robotiq_description/environment/path.sh
[1.711s] -- Symlinking: /home/raaf/tiago_public_ws/install/pal_robotiq_description/share/pal_robotiq_description/environment/path.dsv
[1.723s] -- Symlinking: /home/raaf/tiago_public_ws/install/pal_robotiq_description/share/pal_robotiq_description/local_setup.bash
[1.731s] -- Symlinking: /home/raaf/tiago_public_ws/install/pal_robotiq_description/share/pal_robotiq_description/local_setup.sh
[1.743s] -- Symlinking: /home/raaf/tiago_public_ws/install/pal_robotiq_description/share/pal_robotiq_description/local_setup.zsh
[1.756s] -- Symlinking: /home/raaf/tiago_public_ws/install/pal_robotiq_description/share/pal_robotiq_description/local_setup.dsv
[1.770s] -- Symlinking: /home/raaf/tiago_public_ws/install/pal_robotiq_description/share/pal_robotiq_description/package.dsv
[1.783s] -- Symlinking: /home/raaf/tiago_public_ws/install/pal_robotiq_description/share/ament_index/resource_index/packages/pal_robotiq_description
[1.793s] -- Symlinking: /home/raaf/tiago_public_ws/install/pal_robotiq_description/share/pal_robotiq_description/cmake/pal_robotiq_descriptionConfig.cmake
[1.806s] -- Symlinking: /home/raaf/tiago_public_ws/install/pal_robotiq_description/share/pal_robotiq_description/cmake/pal_robotiq_descriptionConfig-version.cmake
[1.822s] -- Symlinking: /home/raaf/tiago_public_ws/install/pal_robotiq_description/share/pal_robotiq_description/package.xml
[1.838s] Invoked command in '/home/raaf/tiago_public_ws/build/pal_robotiq_description' returned '0': CMAKE_PREFIX_PATH=/opt/ros/humble /usr/bin/cmake --install /home/raaf/tiago_public_ws/build/pal_robotiq_description
