[  8%] Built target passthrough_controller_parameters
[ 16%] Built target gtest
[ 24%] Built target gtest_main
[ 24%] Built target ament_cmake_python_symlink_play_motion2
[ 32%] Built target client
[ 56%] Built target play_motion2_node
[ 64%] Built target passthrough_controller
[ 72%] Built target rrbot_system
[ 80%] Built target play_motion2_node_test
[ 88%] Built target run_motion
[100%] Built target motion_loader_test
running egg_info
writing play_motion2.egg-info/PKG-INFO
writing dependency_links to play_motion2.egg-info/dependency_links.txt
writing top-level names to play_motion2.egg-info/top_level.txt
reading manifest file 'play_motion2.egg-info/SOURCES.txt'
writing manifest file 'play_motion2.egg-info/SOURCES.txt'
[100%] Built target ament_cmake_python_build_play_motion2_egg
-- Install configuration: ""
-- Execute custom install script
-- Up-to-date symlink: /home/raaf/tiago_public_ws/install/play_motion2/share/play_motion2/environment/pythonpath.sh
-- Up-to-date symlink: /home/raaf/tiago_public_ws/install/play_motion2/share/play_motion2/environment/pythonpath.dsv
-- Up-to-date symlink: /home/raaf/tiago_public_ws/install/play_motion2/local/lib/python3.10/dist-packages/play_motion2-1.8.2-py3.10.egg-info/PKG-INFO
-- Up-to-date symlink: /home/raaf/tiago_public_ws/install/play_motion2/local/lib/python3.10/dist-packages/play_motion2-1.8.2-py3.10.egg-info/SOURCES.txt
-- Up-to-date symlink: /home/raaf/tiago_public_ws/install/play_motion2/local/lib/python3.10/dist-packages/play_motion2-1.8.2-py3.10.egg-info/dependency_links.txt
-- Up-to-date symlink: /home/raaf/tiago_public_ws/install/play_motion2/local/lib/python3.10/dist-packages/play_motion2-1.8.2-py3.10.egg-info/top_level.txt
-- Up-to-date symlink: /home/raaf/tiago_public_ws/install/play_motion2/local/lib/python3.10/dist-packages/play_motion2/__init__.py
-- Up-to-date symlink: /home/raaf/tiago_public_ws/install/play_motion2/share/play_motion2/test/rrbot/rrbot_system.xml
-- Up-to-date symlink: /home/raaf/tiago_public_ws/install/play_motion2/include/play_motion2/passthrough_controller_parameters.hpp
-- Up-to-date symlink: /home/raaf/tiago_public_ws/install/play_motion2/share/play_motion2/test/controllers/passthrough_controller.xml
-- Up-to-date symlink: /home/raaf/tiago_public_ws/install/play_motion2/lib/libpassthrough_controller.so
-- Up-to-date symlink: /home/raaf/tiago_public_ws/install/play_motion2/lib/play_motion2/play_motion2_node_test
-- Up-to-date symlink: /home/raaf/tiago_public_ws/install/play_motion2/include/play_motion2/play_motion2/client.hpp
-- Up-to-date symlink: /home/raaf/tiago_public_ws/install/play_motion2/include/play_motion2/play_motion2/motion_loader.hpp
-- Up-to-date symlink: /home/raaf/tiago_public_ws/install/play_motion2/include/play_motion2/play_motion2/types.hpp
-- Up-to-date symlink: /home/raaf/tiago_public_ws/install/play_motion2/share/play_motion2/environment/library_path.sh
-- Up-to-date symlink: /home/raaf/tiago_public_ws/install/play_motion2/share/play_motion2/environment/library_path.dsv
-- Up-to-date symlink: /home/raaf/tiago_public_ws/install/play_motion2/lib/libclient.so
-- Up-to-date symlink: /home/raaf/tiago_public_ws/install/play_motion2/lib/librrbot_system.so
-- Up-to-date symlink: /home/raaf/tiago_public_ws/install/play_motion2/lib/play_motion2/play_motion2_node
-- Up-to-date symlink: /home/raaf/tiago_public_ws/install/play_motion2/lib/play_motion2/run_motion
-- Up-to-date symlink: /home/raaf/tiago_public_ws/install/play_motion2/share/play_motion2/config/motion_planner_config.yaml
-- Up-to-date symlink: /home/raaf/tiago_public_ws/install/play_motion2/share/play_motion2/launch/play_motion2.launch.py
-- Up-to-date symlink: /home/raaf/tiago_public_ws/install/play_motion2/share/ament_index/resource_index/package_run_dependencies/play_motion2
-- Up-to-date symlink: /home/raaf/tiago_public_ws/install/play_motion2/share/ament_index/resource_index/parent_prefix_path/play_motion2
-- Up-to-date symlink: /home/raaf/tiago_public_ws/install/play_motion2/share/play_motion2/environment/ament_prefix_path.sh
-- Up-to-date symlink: /home/raaf/tiago_public_ws/install/play_motion2/share/play_motion2/environment/ament_prefix_path.dsv
-- Up-to-date symlink: /home/raaf/tiago_public_ws/install/play_motion2/share/play_motion2/environment/path.sh
-- Up-to-date symlink: /home/raaf/tiago_public_ws/install/play_motion2/share/play_motion2/environment/path.dsv
-- Up-to-date symlink: /home/raaf/tiago_public_ws/install/play_motion2/share/play_motion2/local_setup.bash
-- Up-to-date symlink: /home/raaf/tiago_public_ws/install/play_motion2/share/play_motion2/local_setup.sh
-- Up-to-date symlink: /home/raaf/tiago_public_ws/install/play_motion2/share/play_motion2/local_setup.zsh
-- Up-to-date symlink: /home/raaf/tiago_public_ws/install/play_motion2/share/play_motion2/local_setup.dsv
-- Symlinking: /home/raaf/tiago_public_ws/install/play_motion2/share/play_motion2/package.dsv
-- Up-to-date symlink: /home/raaf/tiago_public_ws/install/play_motion2/share/ament_index/resource_index/packages/play_motion2
-- Up-to-date symlink: /home/raaf/tiago_public_ws/install/play_motion2/share/ament_index/resource_index/hardware_interface__pluginlib__plugin/play_motion2
-- Up-to-date symlink: /home/raaf/tiago_public_ws/install/play_motion2/share/ament_index/resource_index/controller_interface__pluginlib__plugin/play_motion2
-- Up-to-date symlink: /home/raaf/tiago_public_ws/install/play_motion2/share/play_motion2/cmake/ament_cmake_export_dependencies-extras.cmake
-- Up-to-date symlink: /home/raaf/tiago_public_ws/install/play_motion2/share/play_motion2/cmake/ament_cmake_export_include_directories-extras.cmake
-- Up-to-date symlink: /home/raaf/tiago_public_ws/install/play_motion2/share/play_motion2/cmake/ament_cmake_export_libraries-extras.cmake
-- Up-to-date symlink: /home/raaf/tiago_public_ws/install/play_motion2/share/play_motion2/cmake/play_motion2Config.cmake
-- Up-to-date symlink: /home/raaf/tiago_public_ws/install/play_motion2/share/play_motion2/cmake/play_motion2Config-version.cmake
-- Up-to-date symlink: /home/raaf/tiago_public_ws/install/play_motion2/share/play_motion2/package.xml
Listing '/home/raaf/tiago_public_ws/install/play_motion2/local/lib/python3.10/dist-packages/play_motion2'...
