[0.213s] Invoking command in '/home/raaf/tiago_public_ws/build/pal_robotiq_controller_configuration': CMAKE_PREFIX_PATH=/opt/ros/humble /usr/bin/cmake /home/raaf/tiago_public_ws/src/pal_robotiq_gripper/pal_robotiq_controller_configuration -DAMENT_CMAKE_SYMLINK_INSTALL=1 -DCMAKE_INSTALL_PREFIX=/home/raaf/tiago_public_ws/install/pal_robotiq_controller_configuration
[0.297s] -- The C compiler identification is GNU 11.4.0
[0.404s] -- The CXX compiler identification is GNU 11.4.0
[0.419s] -- Detecting C compiler ABI info
[0.517s] -- Detecting C compiler ABI info - done
[0.528s] -- Check for working C compiler: /usr/bin/cc - skipped
[0.528s] -- Detecting C compile features
[0.529s] -- Detecting C compile features - done
[0.532s] -- Detecting CXX compiler ABI info
[0.656s] -- Detecting CXX compiler ABI info - done
[0.673s] -- Check for working CXX compiler: /usr/bin/c++ - skipped
[0.674s] -- Detecting CXX compile features
[0.675s] -- Detecting CXX compile features - done
[0.678s] -- Found ament_cmake_auto: 1.3.12 (/opt/ros/humble/share/ament_cmake_auto/cmake)
[0.928s] -- Found Python3: /usr/bin/python3 (found version "3.10.12") found components: Interpreter 
[1.009s] -- Override CMake install command with custom implementation using symlinks instead of copying resources
[1.166s] -- Found ament_lint_auto: 0.12.14 (/opt/ros/humble/share/ament_lint_auto/cmake)
[1.196s] -- Added test 'copyright' to check source files copyright and LICENSE
[1.197s] -- Added test 'flake8' to check Python code syntax and style conventions
[1.198s] -- Added test 'lint_cmake' to check CMake code style
[1.199s] -- Added test 'pep257' to check Python code against some of the docstring style conventions in PEP 257
[1.200s] -- Added test 'xmllint' to check XML markup files
[1.203s] -- Configuring done
[1.206s] -- Generating done
[1.209s] -- Build files have been written to: /home/raaf/tiago_public_ws/build/pal_robotiq_controller_configuration
[1.218s] Invoked command in '/home/raaf/tiago_public_ws/build/pal_robotiq_controller_configuration' returned '0': CMAKE_PREFIX_PATH=/opt/ros/humble /usr/bin/cmake /home/raaf/tiago_public_ws/src/pal_robotiq_gripper/pal_robotiq_controller_configuration -DAMENT_CMAKE_SYMLINK_INSTALL=1 -DCMAKE_INSTALL_PREFIX=/home/raaf/tiago_public_ws/install/pal_robotiq_controller_configuration
[1.218s] Invoking command in '/home/raaf/tiago_public_ws/build/pal_robotiq_controller_configuration': CMAKE_PREFIX_PATH=/opt/ros/humble /usr/bin/cmake --build /home/raaf/tiago_public_ws/build/pal_robotiq_controller_configuration -- -j12 -l12
[1.270s] Invoked command in '/home/raaf/tiago_public_ws/build/pal_robotiq_controller_configuration' returned '0': CMAKE_PREFIX_PATH=/opt/ros/humble /usr/bin/cmake --build /home/raaf/tiago_public_ws/build/pal_robotiq_controller_configuration -- -j12 -l12
[1.282s] Invoking command in '/home/raaf/tiago_public_ws/build/pal_robotiq_controller_configuration': CMAKE_PREFIX_PATH=/opt/ros/humble /usr/bin/cmake --install /home/raaf/tiago_public_ws/build/pal_robotiq_controller_configuration
[1.291s] -- Install configuration: ""
[1.292s] -- Execute custom install script
[1.293s] -- Symlinking: /home/raaf/tiago_public_ws/install/pal_robotiq_controller_configuration/share/pal_robotiq_controller_configuration/config/robotiq_gripper_controller.yaml
[1.301s] -- Symlinking: /home/raaf/tiago_public_ws/install/pal_robotiq_controller_configuration/share/pal_robotiq_controller_configuration/launch/robotiq_gripper_controller.launch.py
[1.319s] -- Symlinking: /home/raaf/tiago_public_ws/install/pal_robotiq_controller_configuration/share/ament_index/resource_index/package_run_dependencies/pal_robotiq_controller_configuration
[1.329s] -- Symlinking: /home/raaf/tiago_public_ws/install/pal_robotiq_controller_configuration/share/ament_index/resource_index/parent_prefix_path/pal_robotiq_controller_configuration
[1.345s] -- Symlinking: /home/raaf/tiago_public_ws/install/pal_robotiq_controller_configuration/share/pal_robotiq_controller_configuration/environment/ament_prefix_path.sh
[1.354s] -- Symlinking: /home/raaf/tiago_public_ws/install/pal_robotiq_controller_configuration/share/pal_robotiq_controller_configuration/environment/ament_prefix_path.dsv
[1.363s] -- Symlinking: /home/raaf/tiago_public_ws/install/pal_robotiq_controller_configuration/share/pal_robotiq_controller_configuration/environment/path.sh
[1.375s] -- Symlinking: /home/raaf/tiago_public_ws/install/pal_robotiq_controller_configuration/share/pal_robotiq_controller_configuration/environment/path.dsv
[1.387s] -- Symlinking: /home/raaf/tiago_public_ws/install/pal_robotiq_controller_configuration/share/pal_robotiq_controller_configuration/local_setup.bash
[1.398s] -- Symlinking: /home/raaf/tiago_public_ws/install/pal_robotiq_controller_configuration/share/pal_robotiq_controller_configuration/local_setup.sh
[1.410s] -- Symlinking: /home/raaf/tiago_public_ws/install/pal_robotiq_controller_configuration/share/pal_robotiq_controller_configuration/local_setup.zsh
[1.418s] -- Symlinking: /home/raaf/tiago_public_ws/install/pal_robotiq_controller_configuration/share/pal_robotiq_controller_configuration/local_setup.dsv
[1.432s] -- Symlinking: /home/raaf/tiago_public_ws/install/pal_robotiq_controller_configuration/share/pal_robotiq_controller_configuration/package.dsv
[1.443s] -- Symlinking: /home/raaf/tiago_public_ws/install/pal_robotiq_controller_configuration/share/ament_index/resource_index/packages/pal_robotiq_controller_configuration
[1.455s] -- Symlinking: /home/raaf/tiago_public_ws/install/pal_robotiq_controller_configuration/share/pal_robotiq_controller_configuration/cmake/pal_robotiq_controller_configurationConfig.cmake
[1.466s] -- Symlinking: /home/raaf/tiago_public_ws/install/pal_robotiq_controller_configuration/share/pal_robotiq_controller_configuration/cmake/pal_robotiq_controller_configurationConfig-version.cmake
[1.477s] -- Symlinking: /home/raaf/tiago_public_ws/install/pal_robotiq_controller_configuration/share/pal_robotiq_controller_configuration/package.xml
[1.494s] Invoked command in '/home/raaf/tiago_public_ws/build/pal_robotiq_controller_configuration' returned '0': CMAKE_PREFIX_PATH=/opt/ros/humble /usr/bin/cmake --install /home/raaf/tiago_public_ws/build/pal_robotiq_controller_configuration
