running develop
running egg_info
creating pdm_tiago_assignment.egg-info
writing pdm_tiago_assignment.egg-info/PKG-INFO
writing dependency_links to pdm_tiago_assignment.egg-info/dependency_links.txt
writing entry points to pdm_tiago_assignment.egg-info/entry_points.txt
writing requirements to pdm_tiago_assignment.egg-info/requires.txt
writing top-level names to pdm_tiago_assignment.egg-info/top_level.txt
writing manifest file 'pdm_tiago_assignment.egg-info/SOURCES.txt'
reading manifest file 'pdm_tiago_assignment.egg-info/SOURCES.txt'
writing manifest file 'pdm_tiago_assignment.egg-info/SOURCES.txt'
running build_ext
Creating /home/raaf/PDM_tiago_ws/install/pdm_tiago_assignment/lib/python3.10/site-packages/pdm-tiago-assignment.egg-link (link to .)

Installed /home/raaf/PDM_tiago_ws/build/pdm_tiago_assignment
running symlink_data
creating /home/raaf/PDM_tiago_ws/install/pdm_tiago_assignment/share/ament_index
creating /home/raaf/PDM_tiago_ws/install/pdm_tiago_assignment/share/ament_index/resource_index
creating /home/raaf/PDM_tiago_ws/install/pdm_tiago_assignment/share/ament_index/resource_index/packages
symbolically linking /home/raaf/PDM_tiago_ws/build/pdm_tiago_assignment/resource/pdm_tiago_assignment -> /home/raaf/PDM_tiago_ws/install/pdm_tiago_assignment/share/ament_index/resource_index/packages
symbolically linking /home/raaf/PDM_tiago_ws/build/pdm_tiago_assignment/package.xml -> /home/raaf/PDM_tiago_ws/install/pdm_tiago_assignment/share/pdm_tiago_assignment
