[0.823s] Invoking command in '/home/raaf/PDM_tiago_ws/build/pdm_tiago_assignment': PYTHONPATH=/home/raaf/PDM_tiago_ws/build/pdm_tiago_assignment/prefix_override:/usr/lib/python3/dist-packages/colcon_core/task/python/colcon_distutils_commands:/home/raaf/PDM_tiago_ws/install/pdm_tiago_assignment/lib/python3.10/site-packages:${PYTHONPATH} /usr/bin/python3 -W ignore:setup.py install is deprecated -W ignore:easy_install command is deprecated setup.py develop --editable --build-directory /home/raaf/PDM_tiago_ws/build/pdm_tiago_assignment/build --no-deps symlink_data
[1.181s] running develop
[1.417s] running egg_info
[1.417s] creating pdm_tiago_assignment.egg-info
[1.417s] writing pdm_tiago_assignment.egg-info/PKG-INFO
[1.417s] writing dependency_links to pdm_tiago_assignment.egg-info/dependency_links.txt
[1.417s] writing entry points to pdm_tiago_assignment.egg-info/entry_points.txt
[1.417s] writing requirements to pdm_tiago_assignment.egg-info/requires.txt
[1.418s] writing top-level names to pdm_tiago_assignment.egg-info/top_level.txt
[1.418s] writing manifest file 'pdm_tiago_assignment.egg-info/SOURCES.txt'
[1.420s] reading manifest file 'pdm_tiago_assignment.egg-info/SOURCES.txt'
[1.420s] writing manifest file 'pdm_tiago_assignment.egg-info/SOURCES.txt'
[1.422s] running build_ext
[1.422s] Creating /home/raaf/PDM_tiago_ws/install/pdm_tiago_assignment/lib/python3.10/site-packages/pdm-tiago-assignment.egg-link (link to .)
[1.423s] 
[1.423s] Installed /home/raaf/PDM_tiago_ws/build/pdm_tiago_assignment
[1.423s] running symlink_data
[1.423s] creating /home/raaf/PDM_tiago_ws/install/pdm_tiago_assignment/share/ament_index
[1.424s] creating /home/raaf/PDM_tiago_ws/install/pdm_tiago_assignment/share/ament_index/resource_index
[1.424s] creating /home/raaf/PDM_tiago_ws/install/pdm_tiago_assignment/share/ament_index/resource_index/packages
[1.424s] symbolically linking /home/raaf/PDM_tiago_ws/build/pdm_tiago_assignment/resource/pdm_tiago_assignment -> /home/raaf/PDM_tiago_ws/install/pdm_tiago_assignment/share/ament_index/resource_index/packages
[1.424s] symbolically linking /home/raaf/PDM_tiago_ws/build/pdm_tiago_assignment/package.xml -> /home/raaf/PDM_tiago_ws/install/pdm_tiago_assignment/share/pdm_tiago_assignment
[1.451s] Invoked command in '/home/raaf/PDM_tiago_ws/build/pdm_tiago_assignment' returned '0': PYTHONPATH=/home/raaf/PDM_tiago_ws/build/pdm_tiago_assignment/prefix_override:/usr/lib/python3/dist-packages/colcon_core/task/python/colcon_distutils_commands:/home/raaf/PDM_tiago_ws/install/pdm_tiago_assignment/lib/python3.10/site-packages:${PYTHONPATH} /usr/bin/python3 -W ignore:setup.py install is deprecated -W ignore:easy_install command is deprecated setup.py develop --editable --build-directory /home/raaf/PDM_tiago_ws/build/pdm_tiago_assignment/build --no-deps symlink_data
