[0.013s] Invoking command in '/home/raaf/tiago_public_ws/build/pal_robotiq_gripper': AMENT_PREFIX_PATH=/home/raaf/tiago_public_ws/install/pal_robotiq_description:/home/raaf/tiago_public_ws/install/pal_robotiq_controller_configuration:${AMENT_PREFIX_PATH} CMAKE_PREFIX_PATH=/home/raaf/tiago_public_ws/install/pal_robotiq_description:/home/raaf/tiago_public_ws/install/pal_robotiq_controller_configuration:/opt/ros/humble /usr/bin/cmake /home/raaf/tiago_public_ws/src/pal_robotiq_gripper/pal_robotiq_gripper -DAMENT_CMAKE_SYMLINK_INSTALL=1 -DCMAKE_INSTALL_PREFIX=/home/raaf/tiago_public_ws/install/pal_robotiq_gripper
[0.529s] -- The C compiler identification is GNU 11.4.0
[0.529s] -- The CXX compiler identification is GNU 11.4.0
[0.529s] -- Detecting C compiler ABI info
[0.529s] -- Detecting C compiler ABI info - done
[0.529s] -- Check for working C compiler: /usr/bin/cc - skipped
[0.529s] -- Detecting C compile features
[0.529s] -- Detecting C compile features - done
[0.529s] -- Detecting CXX compiler ABI info
[0.529s] -- Detecting CXX compiler ABI info - done
[0.530s] -- Check for working CXX compiler: /usr/bin/c++ - skipped
[0.530s] -- Detecting CXX compile features
[0.530s] -- Detecting CXX compile features - done
[0.530s] -- Found ament_cmake_auto: 1.3.12 (/opt/ros/humble/share/ament_cmake_auto/cmake)
[0.664s] -- Found Python3: /usr/bin/python3 (found version "3.10.12") found components: Interpreter 
[0.770s] -- Override CMake install command with custom implementation using symlinks instead of copying resources
[0.967s] -- Found rosidl_generator_c: 3.1.7 (/opt/ros/humble/share/rosidl_generator_c/cmake)
[0.978s] -- Found rosidl_adapter: 3.1.7 (/opt/ros/humble/share/rosidl_adapter/cmake)
[0.991s] -- Found rosidl_generator_cpp: 3.1.7 (/opt/ros/humble/share/rosidl_generator_cpp/cmake)
[1.008s] -- Using all available rosidl_typesupport_c: rosidl_typesupport_fastrtps_c;rosidl_typesupport_introspection_c
[1.038s] -- Using all available rosidl_typesupport_cpp: rosidl_typesupport_fastrtps_cpp;rosidl_typesupport_introspection_cpp
[1.124s] -- Found rmw_implementation_cmake: 6.1.2 (/opt/ros/humble/share/rmw_implementation_cmake/cmake)
[1.129s] -- Found rmw_fastrtps_cpp: 6.2.9 (/opt/ros/humble/share/rmw_fastrtps_cpp/cmake)
[1.266s] -- Found OpenSSL: /usr/lib/x86_64-linux-gnu/libcrypto.so (found version "3.0.2")  
[1.315s] -- Found FastRTPS: /opt/ros/humble/include  
[1.382s] -- Using RMW implementation 'rmw_fastrtps_cpp' as default
[1.397s] -- Looking for pthread.h
[1.499s] -- Looking for pthread.h - found
[1.500s] -- Performing Test CMAKE_HAVE_LIBC_PTHREAD
[1.609s] -- Performing Test CMAKE_HAVE_LIBC_PTHREAD - Success
[1.609s] -- Found Threads: TRUE  
[1.680s] -- Found ament_lint_auto: 0.12.14 (/opt/ros/humble/share/ament_lint_auto/cmake)
[1.708s] -- Added test 'copyright' to check source files copyright and LICENSE
[1.709s] -- Added test 'lint_cmake' to check CMake code style
[1.710s] -- Added test 'xmllint' to check XML markup files
[1.712s] -- Configuring done
[1.717s] -- Generating done
[1.720s] -- Build files have been written to: /home/raaf/tiago_public_ws/build/pal_robotiq_gripper
[1.730s] Invoked command in '/home/raaf/tiago_public_ws/build/pal_robotiq_gripper' returned '0': AMENT_PREFIX_PATH=/home/raaf/tiago_public_ws/install/pal_robotiq_description:/home/raaf/tiago_public_ws/install/pal_robotiq_controller_configuration:${AMENT_PREFIX_PATH} CMAKE_PREFIX_PATH=/home/raaf/tiago_public_ws/install/pal_robotiq_description:/home/raaf/tiago_public_ws/install/pal_robotiq_controller_configuration:/opt/ros/humble /usr/bin/cmake /home/raaf/tiago_public_ws/src/pal_robotiq_gripper/pal_robotiq_gripper -DAMENT_CMAKE_SYMLINK_INSTALL=1 -DCMAKE_INSTALL_PREFIX=/home/raaf/tiago_public_ws/install/pal_robotiq_gripper
[1.733s] Invoking command in '/home/raaf/tiago_public_ws/build/pal_robotiq_gripper': AMENT_PREFIX_PATH=/home/raaf/tiago_public_ws/install/pal_robotiq_description:/home/raaf/tiago_public_ws/install/pal_robotiq_controller_configuration:${AMENT_PREFIX_PATH} CMAKE_PREFIX_PATH=/home/raaf/tiago_public_ws/install/pal_robotiq_description:/home/raaf/tiago_public_ws/install/pal_robotiq_controller_configuration:/opt/ros/humble /usr/bin/cmake --build /home/raaf/tiago_public_ws/build/pal_robotiq_gripper -- -j12 -l12
[1.987s] Invoked command in '/home/raaf/tiago_public_ws/build/pal_robotiq_gripper' returned '0': AMENT_PREFIX_PATH=/home/raaf/tiago_public_ws/install/pal_robotiq_description:/home/raaf/tiago_public_ws/install/pal_robotiq_controller_configuration:${AMENT_PREFIX_PATH} CMAKE_PREFIX_PATH=/home/raaf/tiago_public_ws/install/pal_robotiq_description:/home/raaf/tiago_public_ws/install/pal_robotiq_controller_configuration:/opt/ros/humble /usr/bin/cmake --build /home/raaf/tiago_public_ws/build/pal_robotiq_gripper -- -j12 -l12
[1.988s] Invoking command in '/home/raaf/tiago_public_ws/build/pal_robotiq_gripper': AMENT_PREFIX_PATH=/home/raaf/tiago_public_ws/install/pal_robotiq_description:/home/raaf/tiago_public_ws/install/pal_robotiq_controller_configuration:${AMENT_PREFIX_PATH} CMAKE_PREFIX_PATH=/home/raaf/tiago_public_ws/install/pal_robotiq_description:/home/raaf/tiago_public_ws/install/pal_robotiq_controller_configuration:/opt/ros/humble /usr/bin/cmake --install /home/raaf/tiago_public_ws/build/pal_robotiq_gripper
[2.034s] -- Install configuration: ""
[2.035s] -- Execute custom install script
[2.035s] -- Symlinking: /home/raaf/tiago_public_ws/install/pal_robotiq_gripper/share/ament_index/resource_index/package_run_dependencies/pal_robotiq_gripper
[2.035s] -- Symlinking: /home/raaf/tiago_public_ws/install/pal_robotiq_gripper/share/ament_index/resource_index/parent_prefix_path/pal_robotiq_gripper
[2.035s] -- Symlinking: /home/raaf/tiago_public_ws/install/pal_robotiq_gripper/share/pal_robotiq_gripper/environment/ament_prefix_path.sh
[2.035s] -- Symlinking: /home/raaf/tiago_public_ws/install/pal_robotiq_gripper/share/pal_robotiq_gripper/environment/ament_prefix_path.dsv
[2.045s] -- Symlinking: /home/raaf/tiago_public_ws/install/pal_robotiq_gripper/share/pal_robotiq_gripper/environment/path.sh
[2.058s] -- Symlinking: /home/raaf/tiago_public_ws/install/pal_robotiq_gripper/share/pal_robotiq_gripper/environment/path.dsv
[2.069s] -- Symlinking: /home/raaf/tiago_public_ws/install/pal_robotiq_gripper/share/pal_robotiq_gripper/local_setup.bash
[2.081s] -- Symlinking: /home/raaf/tiago_public_ws/install/pal_robotiq_gripper/share/pal_robotiq_gripper/local_setup.sh
[2.093s] -- Symlinking: /home/raaf/tiago_public_ws/install/pal_robotiq_gripper/share/pal_robotiq_gripper/local_setup.zsh
[2.106s] -- Symlinking: /home/raaf/tiago_public_ws/install/pal_robotiq_gripper/share/pal_robotiq_gripper/local_setup.dsv
[2.120s] -- Symlinking: /home/raaf/tiago_public_ws/install/pal_robotiq_gripper/share/pal_robotiq_gripper/package.dsv
[2.131s] -- Symlinking: /home/raaf/tiago_public_ws/install/pal_robotiq_gripper/share/ament_index/resource_index/packages/pal_robotiq_gripper
[2.145s] -- Symlinking: /home/raaf/tiago_public_ws/install/pal_robotiq_gripper/share/pal_robotiq_gripper/cmake/pal_robotiq_gripperConfig.cmake
[2.156s] -- Symlinking: /home/raaf/tiago_public_ws/install/pal_robotiq_gripper/share/pal_robotiq_gripper/cmake/pal_robotiq_gripperConfig-version.cmake
[2.167s] -- Symlinking: /home/raaf/tiago_public_ws/install/pal_robotiq_gripper/share/pal_robotiq_gripper/package.xml
[2.185s] Invoked command in '/home/raaf/tiago_public_ws/build/pal_robotiq_gripper' returned '0': AMENT_PREFIX_PATH=/home/raaf/tiago_public_ws/install/pal_robotiq_description:/home/raaf/tiago_public_ws/install/pal_robotiq_controller_configuration:${AMENT_PREFIX_PATH} CMAKE_PREFIX_PATH=/home/raaf/tiago_public_ws/install/pal_robotiq_description:/home/raaf/tiago_public_ws/install/pal_robotiq_controller_configuration:/opt/ros/humble /usr/bin/cmake --install /home/raaf/tiago_public_ws/build/pal_robotiq_gripper
