[0.213s] Invoking command in '/home/raaf/tiago_public_ws/build/pmb2_laser_sensors': CMAKE_PREFIX_PATH=/opt/ros/humble /usr/bin/cmake /home/raaf/tiago_public_ws/src/pmb2_navigation/pmb2_laser_sensors -DAMENT_CMAKE_SYMLINK_INSTALL=1 -DCMAKE_INSTALL_PREFIX=/home/raaf/tiago_public_ws/install/pmb2_laser_sensors
[0.298s] -- The C compiler identification is GNU 11.4.0
[0.396s] -- The CXX compiler identification is GNU 11.4.0
[0.412s] -- Detecting C compiler ABI info
[0.513s] -- Detecting C compiler ABI info - done
[0.529s] -- Check for working C compiler: /usr/bin/cc - skipped
[0.531s] -- Detecting C compile features
[0.532s] -- Detecting C compile features - done
[0.538s] -- Detecting CXX compiler ABI info
[0.654s] -- Detecting CXX compiler ABI info - done
[0.666s] -- Check for working CXX compiler: /usr/bin/c++ - skipped
[0.666s] -- Detecting CXX compile features
[0.667s] -- Detecting CXX compile features - done
[0.670s] -- Found ament_cmake_auto: 1.3.12 (/opt/ros/humble/share/ament_cmake_auto/cmake)
[0.910s] -- Found Python3: /usr/bin/python3 (found version "3.10.12") found components: Interpreter 
[1.022s] -- Override CMake install command with custom implementation using symlinks instead of copying resources
[1.216s] -- Added test 'copyright' to check source files copyright and LICENSE
[1.218s] -- Added test 'flake8' to check Python code syntax and style conventions
[1.219s] -- Added test 'lint_cmake' to check CMake code style
[1.220s] -- Added test 'pep257' to check Python code against some of the docstring style conventions in PEP 257
[1.224s] -- Added test 'xmllint' to check XML markup files
[1.226s] -- Configuring done
[1.230s] -- Generating done
[1.231s] -- Build files have been written to: /home/raaf/tiago_public_ws/build/pmb2_laser_sensors
[1.237s] Invoked command in '/home/raaf/tiago_public_ws/build/pmb2_laser_sensors' returned '0': CMAKE_PREFIX_PATH=/opt/ros/humble /usr/bin/cmake /home/raaf/tiago_public_ws/src/pmb2_navigation/pmb2_laser_sensors -DAMENT_CMAKE_SYMLINK_INSTALL=1 -DCMAKE_INSTALL_PREFIX=/home/raaf/tiago_public_ws/install/pmb2_laser_sensors
[1.238s] Invoking command in '/home/raaf/tiago_public_ws/build/pmb2_laser_sensors': CMAKE_PREFIX_PATH=/opt/ros/humble /usr/bin/cmake --build /home/raaf/tiago_public_ws/build/pmb2_laser_sensors -- -j12 -l12
[1.296s] Invoked command in '/home/raaf/tiago_public_ws/build/pmb2_laser_sensors' returned '0': CMAKE_PREFIX_PATH=/opt/ros/humble /usr/bin/cmake --build /home/raaf/tiago_public_ws/build/pmb2_laser_sensors -- -j12 -l12
[1.301s] Invoking command in '/home/raaf/tiago_public_ws/build/pmb2_laser_sensors': CMAKE_PREFIX_PATH=/opt/ros/humble /usr/bin/cmake --install /home/raaf/tiago_public_ws/build/pmb2_laser_sensors
[1.339s] -- Install configuration: ""
[1.339s] -- Execute custom install script
[1.339s] -- Symlinking: /home/raaf/tiago_public_ws/install/pmb2_laser_sensors/share/pmb2_laser_sensors/config/laser_analyzers.yaml
[1.339s] -- Symlinking: /home/raaf/tiago_public_ws/install/pmb2_laser_sensors/share/pmb2_laser_sensors/launch/laser_hokuyo.launch.py
[1.339s] -- Symlinking: /home/raaf/tiago_public_ws/install/pmb2_laser_sensors/share/pmb2_laser_sensors/launch/laser_sick-561.launch.py
[1.348s] -- Symlinking: /home/raaf/tiago_public_ws/install/pmb2_laser_sensors/share/pmb2_laser_sensors/launch/laser_sick-571.launch.py
[1.359s] -- Symlinking: /home/raaf/tiago_public_ws/install/pmb2_laser_sensors/share/pmb2_laser_sensors/launch/laser_sim.launch.py
[1.371s] -- Symlinking: /home/raaf/tiago_public_ws/install/pmb2_laser_sensors/share/ament_index/resource_index/package_run_dependencies/pmb2_laser_sensors
[1.382s] -- Symlinking: /home/raaf/tiago_public_ws/install/pmb2_laser_sensors/share/ament_index/resource_index/parent_prefix_path/pmb2_laser_sensors
[1.391s] -- Symlinking: /home/raaf/tiago_public_ws/install/pmb2_laser_sensors/share/pmb2_laser_sensors/environment/ament_prefix_path.sh
[1.404s] -- Symlinking: /home/raaf/tiago_public_ws/install/pmb2_laser_sensors/share/pmb2_laser_sensors/environment/ament_prefix_path.dsv
[1.417s] -- Symlinking: /home/raaf/tiago_public_ws/install/pmb2_laser_sensors/share/pmb2_laser_sensors/environment/path.sh
[1.429s] -- Symlinking: /home/raaf/tiago_public_ws/install/pmb2_laser_sensors/share/pmb2_laser_sensors/environment/path.dsv
[1.436s] -- Symlinking: /home/raaf/tiago_public_ws/install/pmb2_laser_sensors/share/pmb2_laser_sensors/local_setup.bash
[1.449s] -- Symlinking: /home/raaf/tiago_public_ws/install/pmb2_laser_sensors/share/pmb2_laser_sensors/local_setup.sh
[1.460s] -- Symlinking: /home/raaf/tiago_public_ws/install/pmb2_laser_sensors/share/pmb2_laser_sensors/local_setup.zsh
[1.472s] -- Symlinking: /home/raaf/tiago_public_ws/install/pmb2_laser_sensors/share/pmb2_laser_sensors/local_setup.dsv
[1.481s] -- Symlinking: /home/raaf/tiago_public_ws/install/pmb2_laser_sensors/share/pmb2_laser_sensors/package.dsv
[1.492s] -- Symlinking: /home/raaf/tiago_public_ws/install/pmb2_laser_sensors/share/ament_index/resource_index/packages/pmb2_laser_sensors
[1.509s] -- Symlinking: /home/raaf/tiago_public_ws/install/pmb2_laser_sensors/share/pmb2_laser_sensors/cmake/pmb2_laser_sensorsConfig.cmake
[1.519s] -- Symlinking: /home/raaf/tiago_public_ws/install/pmb2_laser_sensors/share/pmb2_laser_sensors/cmake/pmb2_laser_sensorsConfig-version.cmake
[1.530s] -- Symlinking: /home/raaf/tiago_public_ws/install/pmb2_laser_sensors/share/pmb2_laser_sensors/package.xml
[1.573s] Invoked command in '/home/raaf/tiago_public_ws/build/pmb2_laser_sensors' returned '0': CMAKE_PREFIX_PATH=/opt/ros/humble /usr/bin/cmake --install /home/raaf/tiago_public_ws/build/pmb2_laser_sensors
