[0.432s] Invoking command in '/home/raaf/tiago_public_ws/build/pal_navigation_cfg_params': CMAKE_PREFIX_PATH=${CMAKE_PREFIX_PATH}:/home/raaf/tiago_public_ws/install/play_motion2_cli:/home/raaf/tiago_public_ws/install/launch_pal:/opt/ros/humble /usr/bin/cmake --build /home/raaf/tiago_public_ws/build/pal_navigation_cfg_params -- -j12 -l12
[0.603s] Invoked command in '/home/raaf/tiago_public_ws/build/pal_navigation_cfg_params' returned '0': CMAKE_PREFIX_PATH=${CMAKE_PREFIX_PATH}:/home/raaf/tiago_public_ws/install/play_motion2_cli:/home/raaf/tiago_public_ws/install/launch_pal:/opt/ros/humble /usr/bin/cmake --build /home/raaf/tiago_public_ws/build/pal_navigation_cfg_params -- -j12 -l12
[0.604s] Invoking command in '/home/raaf/tiago_public_ws/build/pal_navigation_cfg_params': CMAKE_PREFIX_PATH=${CMAKE_PREFIX_PATH}:/home/raaf/tiago_public_ws/install/play_motion2_cli:/home/raaf/tiago_public_ws/install/launch_pal:/opt/ros/humble /usr/bin/cmake --install /home/raaf/tiago_public_ws/build/pal_navigation_cfg_params
[0.609s] -- Install configuration: ""
[0.609s] -- Execute custom install script
[0.609s] -- Up-to-date symlink: /home/raaf/tiago_public_ws/install/pal_navigation_cfg_params/share/pal_navigation_cfg_params/params/omni_base_nav2.yaml
[0.609s] -- Up-to-date symlink: /home/raaf/tiago_public_ws/install/pal_navigation_cfg_params/share/pal_navigation_cfg_params/params/pmb2_nav2.yaml
[0.609s] -- Up-to-date symlink: /home/raaf/tiago_public_ws/install/pal_navigation_cfg_params/share/pal_navigation_cfg_params/params/tiago_dual_nav2.yaml
[0.609s] -- Up-to-date symlink: /home/raaf/tiago_public_ws/install/pal_navigation_cfg_params/share/pal_navigation_cfg_params/params/tiago_nav2.yaml
[0.609s] -- Up-to-date symlink: /home/raaf/tiago_public_ws/install/pal_navigation_cfg_params/share/ament_index/resource_index/package_run_dependencies/pal_navigation_cfg_params
[0.610s] -- Up-to-date symlink: /home/raaf/tiago_public_ws/install/pal_navigation_cfg_params/share/ament_index/resource_index/parent_prefix_path/pal_navigation_cfg_params
[0.610s] -- Up-to-date symlink: /home/raaf/tiago_public_ws/install/pal_navigation_cfg_params/share/pal_navigation_cfg_params/environment/ament_prefix_path.sh
[0.610s] -- Up-to-date symlink: /home/raaf/tiago_public_ws/install/pal_navigation_cfg_params/share/pal_navigation_cfg_params/environment/ament_prefix_path.dsv
[0.610s] -- Up-to-date symlink: /home/raaf/tiago_public_ws/install/pal_navigation_cfg_params/share/pal_navigation_cfg_params/environment/path.sh
[0.610s] -- Up-to-date symlink: /home/raaf/tiago_public_ws/install/pal_navigation_cfg_params/share/pal_navigation_cfg_params/environment/path.dsv
[0.610s] -- Up-to-date symlink: /home/raaf/tiago_public_ws/install/pal_navigation_cfg_params/share/pal_navigation_cfg_params/local_setup.bash
[0.610s] -- Up-to-date symlink: /home/raaf/tiago_public_ws/install/pal_navigation_cfg_params/share/pal_navigation_cfg_params/local_setup.sh
[0.610s] -- Up-to-date symlink: /home/raaf/tiago_public_ws/install/pal_navigation_cfg_params/share/pal_navigation_cfg_params/local_setup.zsh
[0.610s] -- Up-to-date symlink: /home/raaf/tiago_public_ws/install/pal_navigation_cfg_params/share/pal_navigation_cfg_params/local_setup.dsv
[0.610s] -- Symlinking: /home/raaf/tiago_public_ws/install/pal_navigation_cfg_params/share/pal_navigation_cfg_params/package.dsv
[0.613s] -- Up-to-date symlink: /home/raaf/tiago_public_ws/install/pal_navigation_cfg_params/share/ament_index/resource_index/packages/pal_navigation_cfg_params
[0.613s] -- Up-to-date symlink: /home/raaf/tiago_public_ws/install/pal_navigation_cfg_params/share/pal_navigation_cfg_params/cmake/pal_navigation_cfg_paramsConfig.cmake
[0.614s] -- Up-to-date symlink: /home/raaf/tiago_public_ws/install/pal_navigation_cfg_params/share/pal_navigation_cfg_params/cmake/pal_navigation_cfg_paramsConfig-version.cmake
[0.614s] -- Up-to-date symlink: /home/raaf/tiago_public_ws/install/pal_navigation_cfg_params/share/pal_navigation_cfg_params/package.xml
[0.734s] Invoked command in '/home/raaf/tiago_public_ws/build/pal_navigation_cfg_params' returned '0': CMAKE_PREFIX_PATH=${CMAKE_PREFIX_PATH}:/home/raaf/tiago_public_ws/install/play_motion2_cli:/home/raaf/tiago_public_ws/install/launch_pal:/opt/ros/humble /usr/bin/cmake --install /home/raaf/tiago_public_ws/build/pal_navigation_cfg_params
