[0.013s] Invoking command in '/home/raaf/tiago_public_ws/build/tiago_moveit_config': AMENT_PREFIX_PATH=/home/raaf/tiago_public_ws/install/tiago_description:/home/raaf/tiago_public_ws/install/pmb2_description:/home/raaf/tiago_public_ws/install/pal_hey5_description:/home/raaf/tiago_public_ws/install/pal_gripper_description:/home/raaf/tiago_public_ws/install/urdf_test:/home/raaf/tiago_public_ws/install/pal_urdf_utils:/home/raaf/tiago_public_ws/install/pal_robotiq_description:/home/raaf/tiago_public_ws/install/launch_pal:${AMENT_PREFIX_PATH} CMAKE_PREFIX_PATH=/home/raaf/tiago_public_ws/install/tiago_description:/home/raaf/tiago_public_ws/install/pmb2_description:/home/raaf/tiago_public_ws/install/pal_hey5_description:/home/raaf/tiago_public_ws/install/pal_gripper_description:/home/raaf/tiago_public_ws/install/urdf_test:/home/raaf/tiago_public_ws/install/pal_urdf_utils:/home/raaf/tiago_public_ws/install/pal_robotiq_description:/opt/ros/humble PYTHONPATH=/home/raaf/tiago_public_ws/install/tiago_description/local/lib/python3.10/dist-packages:/home/raaf/tiago_public_ws/install/pmb2_description/local/lib/python3.10/dist-packages:/home/raaf/tiago_public_ws/install/urdf_test/local/lib/python3.10/dist-packages:/home/raaf/tiago_public_ws/build/launch_pal:/home/raaf/tiago_public_ws/install/launch_pal/lib/python3.10/site-packages:${PYTHONPATH} /usr/bin/cmake /home/raaf/tiago_public_ws/src/tiago_moveit_config -DAMENT_CMAKE_SYMLINK_INSTALL=1 -DCMAKE_INSTALL_PREFIX=/home/raaf/tiago_public_ws/install/tiago_moveit_config
[0.056s] -- The C compiler identification is GNU 11.4.0
[0.102s] -- The CXX compiler identification is GNU 11.4.0
[0.109s] -- Detecting C compiler ABI info
[0.163s] -- Detecting C compiler ABI info - done
[0.170s] -- Check for working C compiler: /usr/bin/cc - skipped
[0.171s] -- Detecting C compile features
[0.171s] -- Detecting C compile features - done
[0.174s] -- Detecting CXX compiler ABI info
[0.242s] -- Detecting CXX compiler ABI info - done
[0.251s] -- Check for working CXX compiler: /usr/bin/c++ - skipped
[0.251s] -- Detecting CXX compile features
[0.251s] -- Detecting CXX compile features - done
[0.254s] -- Found ament_cmake: 1.3.12 (/opt/ros/humble/share/ament_cmake/cmake)
[0.387s] -- Found Python3: /usr/bin/python3 (found version "3.10.12") found components: Interpreter 
[0.439s] -- Override CMake install command with custom implementation using symlinks instead of copying resources
[0.474s] -- Found ament_lint_auto: 0.12.14 (/opt/ros/humble/share/ament_lint_auto/cmake)
[0.549s] -- Added test 'copyright' to check source files copyright and LICENSE
[0.556s] -- Added test 'flake8' to check Python code syntax and style conventions
[0.557s] -- Added test 'lint_cmake' to check CMake code style
[0.558s] -- Added test 'pep257' to check Python code against some of the docstring style conventions in PEP 257
[0.562s] -- Added test 'xmllint' to check XML markup files
[0.563s] -- Configuring done
[0.565s] -- Generating done
[0.566s] -- Build files have been written to: /home/raaf/tiago_public_ws/build/tiago_moveit_config
[0.569s] Invoked command in '/home/raaf/tiago_public_ws/build/tiago_moveit_config' returned '0': AMENT_PREFIX_PATH=/home/raaf/tiago_public_ws/install/tiago_description:/home/raaf/tiago_public_ws/install/pmb2_description:/home/raaf/tiago_public_ws/install/pal_hey5_description:/home/raaf/tiago_public_ws/install/pal_gripper_description:/home/raaf/tiago_public_ws/install/urdf_test:/home/raaf/tiago_public_ws/install/pal_urdf_utils:/home/raaf/tiago_public_ws/install/pal_robotiq_description:/home/raaf/tiago_public_ws/install/launch_pal:${AMENT_PREFIX_PATH} CMAKE_PREFIX_PATH=/home/raaf/tiago_public_ws/install/tiago_description:/home/raaf/tiago_public_ws/install/pmb2_description:/home/raaf/tiago_public_ws/install/pal_hey5_description:/home/raaf/tiago_public_ws/install/pal_gripper_description:/home/raaf/tiago_public_ws/install/urdf_test:/home/raaf/tiago_public_ws/install/pal_urdf_utils:/home/raaf/tiago_public_ws/install/pal_robotiq_description:/opt/ros/humble PYTHONPATH=/home/raaf/tiago_public_ws/install/tiago_description/local/lib/python3.10/dist-packages:/home/raaf/tiago_public_ws/install/pmb2_description/local/lib/python3.10/dist-packages:/home/raaf/tiago_public_ws/install/urdf_test/local/lib/python3.10/dist-packages:/home/raaf/tiago_public_ws/build/launch_pal:/home/raaf/tiago_public_ws/install/launch_pal/lib/python3.10/site-packages:${PYTHONPATH} /usr/bin/cmake /home/raaf/tiago_public_ws/src/tiago_moveit_config -DAMENT_CMAKE_SYMLINK_INSTALL=1 -DCMAKE_INSTALL_PREFIX=/home/raaf/tiago_public_ws/install/tiago_moveit_config
[0.571s] Invoking command in '/home/raaf/tiago_public_ws/build/tiago_moveit_config': AMENT_PREFIX_PATH=/home/raaf/tiago_public_ws/install/tiago_description:/home/raaf/tiago_public_ws/install/pmb2_description:/home/raaf/tiago_public_ws/install/pal_hey5_description:/home/raaf/tiago_public_ws/install/pal_gripper_description:/home/raaf/tiago_public_ws/install/urdf_test:/home/raaf/tiago_public_ws/install/pal_urdf_utils:/home/raaf/tiago_public_ws/install/pal_robotiq_description:/home/raaf/tiago_public_ws/install/launch_pal:${AMENT_PREFIX_PATH} CMAKE_PREFIX_PATH=/home/raaf/tiago_public_ws/install/tiago_description:/home/raaf/tiago_public_ws/install/pmb2_description:/home/raaf/tiago_public_ws/install/pal_hey5_description:/home/raaf/tiago_public_ws/install/pal_gripper_description:/home/raaf/tiago_public_ws/install/urdf_test:/home/raaf/tiago_public_ws/install/pal_urdf_utils:/home/raaf/tiago_public_ws/install/pal_robotiq_description:/opt/ros/humble PYTHONPATH=/home/raaf/tiago_public_ws/install/tiago_description/local/lib/python3.10/dist-packages:/home/raaf/tiago_public_ws/install/pmb2_description/local/lib/python3.10/dist-packages:/home/raaf/tiago_public_ws/install/urdf_test/local/lib/python3.10/dist-packages:/home/raaf/tiago_public_ws/build/launch_pal:/home/raaf/tiago_public_ws/install/launch_pal/lib/python3.10/site-packages:${PYTHONPATH} /usr/bin/cmake --build /home/raaf/tiago_public_ws/build/tiago_moveit_config -- -j12 -l12
[0.598s] Invoked command in '/home/raaf/tiago_public_ws/build/tiago_moveit_config' returned '0': AMENT_PREFIX_PATH=/home/raaf/tiago_public_ws/install/tiago_description:/home/raaf/tiago_public_ws/install/pmb2_description:/home/raaf/tiago_public_ws/install/pal_hey5_description:/home/raaf/tiago_public_ws/install/pal_gripper_description:/home/raaf/tiago_public_ws/install/urdf_test:/home/raaf/tiago_public_ws/install/pal_urdf_utils:/home/raaf/tiago_public_ws/install/pal_robotiq_description:/home/raaf/tiago_public_ws/install/launch_pal:${AMENT_PREFIX_PATH} CMAKE_PREFIX_PATH=/home/raaf/tiago_public_ws/install/tiago_description:/home/raaf/tiago_public_ws/install/pmb2_description:/home/raaf/tiago_public_ws/install/pal_hey5_description:/home/raaf/tiago_public_ws/install/pal_gripper_description:/home/raaf/tiago_public_ws/install/urdf_test:/home/raaf/tiago_public_ws/install/pal_urdf_utils:/home/raaf/tiago_public_ws/install/pal_robotiq_description:/opt/ros/humble PYTHONPATH=/home/raaf/tiago_public_ws/install/tiago_description/local/lib/python3.10/dist-packages:/home/raaf/tiago_public_ws/install/pmb2_description/local/lib/python3.10/dist-packages:/home/raaf/tiago_public_ws/install/urdf_test/local/lib/python3.10/dist-packages:/home/raaf/tiago_public_ws/build/launch_pal:/home/raaf/tiago_public_ws/install/launch_pal/lib/python3.10/site-packages:${PYTHONPATH} /usr/bin/cmake --build /home/raaf/tiago_public_ws/build/tiago_moveit_config -- -j12 -l12
[0.599s] Invoking command in '/home/raaf/tiago_public_ws/build/tiago_moveit_config': AMENT_PREFIX_PATH=/home/raaf/tiago_public_ws/install/tiago_description:/home/raaf/tiago_public_ws/install/pmb2_description:/home/raaf/tiago_public_ws/install/pal_hey5_description:/home/raaf/tiago_public_ws/install/pal_gripper_description:/home/raaf/tiago_public_ws/install/urdf_test:/home/raaf/tiago_public_ws/install/pal_urdf_utils:/home/raaf/tiago_public_ws/install/pal_robotiq_description:/home/raaf/tiago_public_ws/install/launch_pal:${AMENT_PREFIX_PATH} CMAKE_PREFIX_PATH=/home/raaf/tiago_public_ws/install/tiago_description:/home/raaf/tiago_public_ws/install/pmb2_description:/home/raaf/tiago_public_ws/install/pal_hey5_description:/home/raaf/tiago_public_ws/install/pal_gripper_description:/home/raaf/tiago_public_ws/install/urdf_test:/home/raaf/tiago_public_ws/install/pal_urdf_utils:/home/raaf/tiago_public_ws/install/pal_robotiq_description:/opt/ros/humble PYTHONPATH=/home/raaf/tiago_public_ws/install/tiago_description/local/lib/python3.10/dist-packages:/home/raaf/tiago_public_ws/install/pmb2_description/local/lib/python3.10/dist-packages:/home/raaf/tiago_public_ws/install/urdf_test/local/lib/python3.10/dist-packages:/home/raaf/tiago_public_ws/build/launch_pal:/home/raaf/tiago_public_ws/install/launch_pal/lib/python3.10/site-packages:${PYTHONPATH} /usr/bin/cmake --install /home/raaf/tiago_public_ws/build/tiago_moveit_config
[0.604s] -- Install configuration: ""
[0.604s] -- Execute custom install script
[0.604s] -- Symlinking: /home/raaf/tiago_public_ws/install/tiago_moveit_config/share/ament_index/resource_index/package_run_dependencies/tiago_moveit_config
[0.611s] -- Symlinking: /home/raaf/tiago_public_ws/install/tiago_moveit_config/share/ament_index/resource_index/parent_prefix_path/tiago_moveit_config
[0.617s] -- Symlinking: /home/raaf/tiago_public_ws/install/tiago_moveit_config/share/tiago_moveit_config/environment/ament_prefix_path.sh
[0.622s] -- Symlinking: /home/raaf/tiago_public_ws/install/tiago_moveit_config/share/tiago_moveit_config/environment/ament_prefix_path.dsv
[0.629s] -- Symlinking: /home/raaf/tiago_public_ws/install/tiago_moveit_config/share/tiago_moveit_config/environment/path.sh
[0.635s] -- Symlinking: /home/raaf/tiago_public_ws/install/tiago_moveit_config/share/tiago_moveit_config/environment/path.dsv
[0.641s] -- Symlinking: /home/raaf/tiago_public_ws/install/tiago_moveit_config/share/tiago_moveit_config/local_setup.bash
[0.646s] -- Symlinking: /home/raaf/tiago_public_ws/install/tiago_moveit_config/share/tiago_moveit_config/local_setup.sh
[0.652s] -- Symlinking: /home/raaf/tiago_public_ws/install/tiago_moveit_config/share/tiago_moveit_config/local_setup.zsh
[0.658s] -- Symlinking: /home/raaf/tiago_public_ws/install/tiago_moveit_config/share/tiago_moveit_config/local_setup.dsv
[0.664s] -- Symlinking: /home/raaf/tiago_public_ws/install/tiago_moveit_config/share/tiago_moveit_config/package.dsv
[0.670s] -- Symlinking: /home/raaf/tiago_public_ws/install/tiago_moveit_config/share/ament_index/resource_index/packages/tiago_moveit_config
[0.676s] -- Symlinking: /home/raaf/tiago_public_ws/install/tiago_moveit_config/share/tiago_moveit_config/cmake/tiago_moveit_configConfig.cmake
[0.682s] -- Symlinking: /home/raaf/tiago_public_ws/install/tiago_moveit_config/share/tiago_moveit_config/cmake/tiago_moveit_configConfig-version.cmake
[0.688s] -- Symlinking: /home/raaf/tiago_public_ws/install/tiago_moveit_config/share/tiago_moveit_config/package.xml
[0.694s] -- Symlinking: /home/raaf/tiago_public_ws/install/tiago_moveit_config/share/tiago_moveit_config/launch/move_group.launch.py
[0.700s] -- Symlinking: /home/raaf/tiago_public_ws/install/tiago_moveit_config/share/tiago_moveit_config/launch/moveit_rviz.launch.py
[0.706s] -- Symlinking: /home/raaf/tiago_public_ws/install/tiago_moveit_config/share/tiago_moveit_config/config/controllers/controllers.yaml.em
[0.712s] -- Symlinking: /home/raaf/tiago_public_ws/install/tiago_moveit_config/share/tiago_moveit_config/config/controllers/controllers_custom.yaml
[0.718s] -- Symlinking: /home/raaf/tiago_public_ws/install/tiago_moveit_config/share/tiago_moveit_config/config/controllers/controllers_no-arm.yaml
[0.723s] -- Symlinking: /home/raaf/tiago_public_ws/install/tiago_moveit_config/share/tiago_moveit_config/config/controllers/controllers_no-ee.yaml
[0.730s] -- Symlinking: /home/raaf/tiago_public_ws/install/tiago_moveit_config/share/tiago_moveit_config/config/controllers/controllers_pal-gripper.yaml
[0.735s] -- Symlinking: /home/raaf/tiago_public_ws/install/tiago_moveit_config/share/tiago_moveit_config/config/controllers/controllers_pal-hey5.yaml
[0.741s] -- Symlinking: /home/raaf/tiago_public_ws/install/tiago_moveit_config/share/tiago_moveit_config/config/controllers/controllers_robotiq-2f-140.yaml
[0.747s] -- Symlinking: /home/raaf/tiago_public_ws/install/tiago_moveit_config/share/tiago_moveit_config/config/controllers/controllers_robotiq-2f-85.yaml
[0.753s] -- Symlinking: /home/raaf/tiago_public_ws/install/tiago_moveit_config/share/tiago_moveit_config/config/controllers/controllers_robotiq-epick.yaml
[0.759s] -- Symlinking: /home/raaf/tiago_public_ws/install/tiago_moveit_config/share/tiago_moveit_config/config/joint_limits.yaml
[0.765s] -- Symlinking: /home/raaf/tiago_public_ws/install/tiago_moveit_config/share/tiago_moveit_config/config/kinematics_kdl.yaml
[0.770s] -- Symlinking: /home/raaf/tiago_public_ws/install/tiago_moveit_config/share/tiago_moveit_config/config/kinematics_trac_ik.yaml
[0.776s] -- Symlinking: /home/raaf/tiago_public_ws/install/tiago_moveit_config/share/tiago_moveit_config/config/ompl_planning.yaml
[0.782s] -- Symlinking: /home/raaf/tiago_public_ws/install/tiago_moveit_config/share/tiago_moveit_config/config/pilz_cartesian_limits.yaml
[0.787s] -- Symlinking: /home/raaf/tiago_public_ws/install/tiago_moveit_config/share/tiago_moveit_config/config/rviz/moveit.rviz
[0.793s] -- Symlinking: /home/raaf/tiago_public_ws/install/tiago_moveit_config/share/tiago_moveit_config/config/sensors_3d.yaml
[0.799s] -- Symlinking: /home/raaf/tiago_public_ws/install/tiago_moveit_config/share/tiago_moveit_config/config/srdf/disable_collisions/custom.srdf.xacro
[0.804s] -- Symlinking: /home/raaf/tiago_public_ws/install/tiago_moveit_config/share/tiago_moveit_config/config/srdf/disable_collisions/custom_schunk-ft.srdf.xacro
[0.810s] -- Symlinking: /home/raaf/tiago_public_ws/install/tiago_moveit_config/share/tiago_moveit_config/config/srdf/disable_collisions/no-ee.srdf.xacro
[0.816s] -- Symlinking: /home/raaf/tiago_public_ws/install/tiago_moveit_config/share/tiago_moveit_config/config/srdf/disable_collisions/no-ee_schunk-ft.srdf.xacro
[0.821s] -- Symlinking: /home/raaf/tiago_public_ws/install/tiago_moveit_config/share/tiago_moveit_config/config/srdf/disable_collisions/pal-gripper.srdf.xacro
[0.827s] -- Symlinking: /home/raaf/tiago_public_ws/install/tiago_moveit_config/share/tiago_moveit_config/config/srdf/disable_collisions/pal-gripper_schunk-ft.srdf.xacro
[0.833s] -- Symlinking: /home/raaf/tiago_public_ws/install/tiago_moveit_config/share/tiago_moveit_config/config/srdf/disable_collisions/pal-hey5.srdf.xacro
[0.838s] -- Symlinking: /home/raaf/tiago_public_ws/install/tiago_moveit_config/share/tiago_moveit_config/config/srdf/disable_collisions/pal-hey5_schunk-ft.srdf.xacro
[0.844s] -- Symlinking: /home/raaf/tiago_public_ws/install/tiago_moveit_config/share/tiago_moveit_config/config/srdf/disable_collisions/robotiq-2f-140.srdf.xacro
[0.849s] -- Symlinking: /home/raaf/tiago_public_ws/install/tiago_moveit_config/share/tiago_moveit_config/config/srdf/disable_collisions/robotiq-2f-140_schunk-ft.srdf.xacro
[0.855s] -- Symlinking: /home/raaf/tiago_public_ws/install/tiago_moveit_config/share/tiago_moveit_config/config/srdf/disable_collisions/robotiq-2f-85.srdf.xacro
[0.860s] -- Symlinking: /home/raaf/tiago_public_ws/install/tiago_moveit_config/share/tiago_moveit_config/config/srdf/disable_collisions/robotiq-2f-85_schunk-ft.srdf.xacro
[0.866s] -- Symlinking: /home/raaf/tiago_public_ws/install/tiago_moveit_config/share/tiago_moveit_config/config/srdf/disable_collisions/tiago_custom.srdf.xacro
[0.872s] -- Symlinking: /home/raaf/tiago_public_ws/install/tiago_moveit_config/share/tiago_moveit_config/config/srdf/disable_collisions/tiago_custom_schunk-ft.srdf.xacro
[0.878s] -- Symlinking: /home/raaf/tiago_public_ws/install/tiago_moveit_config/share/tiago_moveit_config/config/srdf/disable_collisions/tiago_no-arm.srdf.xacro
[0.884s] -- Symlinking: /home/raaf/tiago_public_ws/install/tiago_moveit_config/share/tiago_moveit_config/config/srdf/disable_collisions/tiago_no-ee.srdf.xacro
[0.890s] -- Symlinking: /home/raaf/tiago_public_ws/install/tiago_moveit_config/share/tiago_moveit_config/config/srdf/disable_collisions/tiago_no-ee_schunk-ft.srdf.xacro
[0.896s] -- Symlinking: /home/raaf/tiago_public_ws/install/tiago_moveit_config/share/tiago_moveit_config/config/srdf/disable_collisions/tiago_omni_custom.srdf.xacro
[0.902s] -- Symlinking: /home/raaf/tiago_public_ws/install/tiago_moveit_config/share/tiago_moveit_config/config/srdf/disable_collisions/tiago_omni_custom_schunk-ft.srdf.xacro
[0.908s] -- Symlinking: /home/raaf/tiago_public_ws/install/tiago_moveit_config/share/tiago_moveit_config/config/srdf/disable_collisions/tiago_omni_no-arm.srdf.xacro
[0.915s] -- Symlinking: /home/raaf/tiago_public_ws/install/tiago_moveit_config/share/tiago_moveit_config/config/srdf/disable_collisions/tiago_omni_no-ee.srdf.xacro
[0.921s] -- Symlinking: /home/raaf/tiago_public_ws/install/tiago_moveit_config/share/tiago_moveit_config/config/srdf/disable_collisions/tiago_omni_no-ee_schunk-ft.srdf.xacro
[0.927s] -- Symlinking: /home/raaf/tiago_public_ws/install/tiago_moveit_config/share/tiago_moveit_config/config/srdf/disable_collisions/tiago_omni_pal-gripper.srdf.xacro
[0.933s] -- Symlinking: /home/raaf/tiago_public_ws/install/tiago_moveit_config/share/tiago_moveit_config/config/srdf/disable_collisions/tiago_omni_pal-gripper_schunk-ft.srdf.xacro
[0.940s] -- Symlinking: /home/raaf/tiago_public_ws/install/tiago_moveit_config/share/tiago_moveit_config/config/srdf/disable_collisions/tiago_omni_pal-hey5.srdf.xacro
[0.947s] -- Symlinking: /home/raaf/tiago_public_ws/install/tiago_moveit_config/share/tiago_moveit_config/config/srdf/disable_collisions/tiago_omni_pal-hey5_schunk-ft.srdf.xacro
[0.953s] -- Symlinking: /home/raaf/tiago_public_ws/install/tiago_moveit_config/share/tiago_moveit_config/config/srdf/disable_collisions/tiago_omni_robotiq-2f-140.srdf.xacro
[0.959s] -- Symlinking: /home/raaf/tiago_public_ws/install/tiago_moveit_config/share/tiago_moveit_config/config/srdf/disable_collisions/tiago_omni_robotiq-2f-140_schunk-ft.srdf.xacro
[0.964s] -- Symlinking: /home/raaf/tiago_public_ws/install/tiago_moveit_config/share/tiago_moveit_config/config/srdf/disable_collisions/tiago_omni_robotiq-2f-85.srdf.xacro
[0.970s] -- Symlinking: /home/raaf/tiago_public_ws/install/tiago_moveit_config/share/tiago_moveit_config/config/srdf/disable_collisions/tiago_omni_robotiq-2f-85_schunk-ft.srdf.xacro
[0.977s] -- Symlinking: /home/raaf/tiago_public_ws/install/tiago_moveit_config/share/tiago_moveit_config/config/srdf/disable_collisions/tiago_pal-gripper.srdf.xacro
[0.983s] -- Symlinking: /home/raaf/tiago_public_ws/install/tiago_moveit_config/share/tiago_moveit_config/config/srdf/disable_collisions/tiago_pal-gripper_schunk-ft.srdf.xacro
[0.989s] -- Symlinking: /home/raaf/tiago_public_ws/install/tiago_moveit_config/share/tiago_moveit_config/config/srdf/disable_collisions/tiago_pal-hey5.srdf.xacro
[0.995s] -- Symlinking: /home/raaf/tiago_public_ws/install/tiago_moveit_config/share/tiago_moveit_config/config/srdf/disable_collisions/tiago_pal-hey5_schunk-ft.srdf.xacro
[1.001s] -- Symlinking: /home/raaf/tiago_public_ws/install/tiago_moveit_config/share/tiago_moveit_config/config/srdf/disable_collisions/tiago_robotiq-2f-140.srdf.xacro
[1.007s] -- Symlinking: /home/raaf/tiago_public_ws/install/tiago_moveit_config/share/tiago_moveit_config/config/srdf/disable_collisions/tiago_robotiq-2f-140_schunk-ft.srdf.xacro
[1.014s] -- Symlinking: /home/raaf/tiago_public_ws/install/tiago_moveit_config/share/tiago_moveit_config/config/srdf/disable_collisions/tiago_robotiq-2f-85.srdf.xacro
[1.019s] -- Symlinking: /home/raaf/tiago_public_ws/install/tiago_moveit_config/share/tiago_moveit_config/config/srdf/disable_collisions/tiago_robotiq-2f-85_schunk-ft.srdf.xacro
[1.026s] -- Symlinking: /home/raaf/tiago_public_ws/install/tiago_moveit_config/share/tiago_moveit_config/config/srdf/end_effectors/custom.srdf.xacro
[1.031s] -- Symlinking: /home/raaf/tiago_public_ws/install/tiago_moveit_config/share/tiago_moveit_config/config/srdf/end_effectors/no-end-effector.srdf.xacro
[1.037s] -- Symlinking: /home/raaf/tiago_public_ws/install/tiago_moveit_config/share/tiago_moveit_config/config/srdf/end_effectors/pal-gripper.srdf.xacro
[1.044s] -- Symlinking: /home/raaf/tiago_public_ws/install/tiago_moveit_config/share/tiago_moveit_config/config/srdf/end_effectors/pal-hey5.srdf.xacro
[1.050s] -- Symlinking: /home/raaf/tiago_public_ws/install/tiago_moveit_config/share/tiago_moveit_config/config/srdf/end_effectors/robotiq-2f-140.srdf.xacro
[1.056s] -- Symlinking: /home/raaf/tiago_public_ws/install/tiago_moveit_config/share/tiago_moveit_config/config/srdf/end_effectors/robotiq-2f-85.srdf.xacro
[1.062s] -- Symlinking: /home/raaf/tiago_public_ws/install/tiago_moveit_config/share/tiago_moveit_config/config/srdf/end_effectors/shared/robotiq-2f.srdf.xacro
[1.068s] -- Symlinking: /home/raaf/tiago_public_ws/install/tiago_moveit_config/share/tiago_moveit_config/config/srdf/scripts/update.sh
[1.073s] -- Symlinking: /home/raaf/tiago_public_ws/install/tiago_moveit_config/share/tiago_moveit_config/config/srdf/tiago.srdf.xacro
[1.080s] Invoked command in '/home/raaf/tiago_public_ws/build/tiago_moveit_config' returned '0': AMENT_PREFIX_PATH=/home/raaf/tiago_public_ws/install/tiago_description:/home/raaf/tiago_public_ws/install/pmb2_description:/home/raaf/tiago_public_ws/install/pal_hey5_description:/home/raaf/tiago_public_ws/install/pal_gripper_description:/home/raaf/tiago_public_ws/install/urdf_test:/home/raaf/tiago_public_ws/install/pal_urdf_utils:/home/raaf/tiago_public_ws/install/pal_robotiq_description:/home/raaf/tiago_public_ws/install/launch_pal:${AMENT_PREFIX_PATH} CMAKE_PREFIX_PATH=/home/raaf/tiago_public_ws/install/tiago_description:/home/raaf/tiago_public_ws/install/pmb2_description:/home/raaf/tiago_public_ws/install/pal_hey5_description:/home/raaf/tiago_public_ws/install/pal_gripper_description:/home/raaf/tiago_public_ws/install/urdf_test:/home/raaf/tiago_public_ws/install/pal_urdf_utils:/home/raaf/tiago_public_ws/install/pal_robotiq_description:/opt/ros/humble PYTHONPATH=/home/raaf/tiago_public_ws/install/tiago_description/local/lib/python3.10/dist-packages:/home/raaf/tiago_public_ws/install/pmb2_description/local/lib/python3.10/dist-packages:/home/raaf/tiago_public_ws/install/urdf_test/local/lib/python3.10/dist-packages:/home/raaf/tiago_public_ws/build/launch_pal:/home/raaf/tiago_public_ws/install/launch_pal/lib/python3.10/site-packages:${PYTHONPATH} /usr/bin/cmake --install /home/raaf/tiago_public_ws/build/tiago_moveit_config
