-- Install configuration: ""
-- Execute custom install script
-- Up-to-date symlink: /home/raaf/tiago_public_ws/install/pal_urdf_utils/share/pal_urdf_utils/urdf/camera/OS1-64.urdf.xacro
-- Up-to-date symlink: /home/raaf/tiago_public_ws/install/pal_urdf_utils/share/pal_urdf_utils/urdf/camera/elp_rgb.gazebo.xacro
-- Up-to-date symlink: /home/raaf/tiago_public_ws/install/pal_urdf_utils/share/pal_urdf_utils/urdf/camera/elp_rgb.urdf.xacro
-- Up-to-date symlink: /home/raaf/tiago_public_ws/install/pal_urdf_utils/share/pal_urdf_utils/urdf/camera/imx179_camera.gazebo.xacro
-- Up-to-date symlink: /home/raaf/tiago_public_ws/install/pal_urdf_utils/share/pal_urdf_utils/urdf/camera/openni.gazebo.xacro
-- Up-to-date symlink: /home/raaf/tiago_public_ws/install/pal_urdf_utils/share/pal_urdf_utils/urdf/camera/openni_talos.gazebo.xacro
-- Up-to-date symlink: /home/raaf/tiago_public_ws/install/pal_urdf_utils/share/pal_urdf_utils/urdf/camera/orbbec_astra.urdf.xacro
-- Up-to-date symlink: /home/raaf/tiago_public_ws/install/pal_urdf_utils/share/pal_urdf_utils/urdf/camera/orbbec_astra_pro.gazebo.xacro
-- Up-to-date symlink: /home/raaf/tiago_public_ws/install/pal_urdf_utils/share/pal_urdf_utils/urdf/camera/orbbec_astra_pro.urdf.xacro
-- Up-to-date symlink: /home/raaf/tiago_public_ws/install/pal_urdf_utils/share/pal_urdf_utils/urdf/camera/realsense_d435.gazebo.xacro
-- Up-to-date symlink: /home/raaf/tiago_public_ws/install/pal_urdf_utils/share/pal_urdf_utils/urdf/camera/realsense_d435.urdf.xacro
-- Up-to-date symlink: /home/raaf/tiago_public_ws/install/pal_urdf_utils/share/pal_urdf_utils/urdf/camera/realsense_d435i.gazebo.xacro
-- Up-to-date symlink: /home/raaf/tiago_public_ws/install/pal_urdf_utils/share/pal_urdf_utils/urdf/camera/realsense_d435i.urdf.xacro
-- Up-to-date symlink: /home/raaf/tiago_public_ws/install/pal_urdf_utils/share/pal_urdf_utils/urdf/camera/realsense_d455.gazebo.xacro
-- Up-to-date symlink: /home/raaf/tiago_public_ws/install/pal_urdf_utils/share/pal_urdf_utils/urdf/camera/realsense_d455.urdf.xacro
-- Up-to-date symlink: /home/raaf/tiago_public_ws/install/pal_urdf_utils/share/pal_urdf_utils/urdf/camera/realsense_t265.gazebo.xacro
-- Up-to-date symlink: /home/raaf/tiago_public_ws/install/pal_urdf_utils/share/pal_urdf_utils/urdf/camera/realsense_t265.urdf.xacro
-- Up-to-date symlink: /home/raaf/tiago_public_ws/install/pal_urdf_utils/share/pal_urdf_utils/urdf/camera/rpi_camera.gazebo.xacro
-- Up-to-date symlink: /home/raaf/tiago_public_ws/install/pal_urdf_utils/share/pal_urdf_utils/urdf/camera/structure_sensor.gazebo.xacro
-- Up-to-date symlink: /home/raaf/tiago_public_ws/install/pal_urdf_utils/share/pal_urdf_utils/urdf/camera/structure_sensor.urdf.xacro
-- Up-to-date symlink: /home/raaf/tiago_public_ws/install/pal_urdf_utils/share/pal_urdf_utils/urdf/camera/xtion_pro_live.urdf.xacro
-- Up-to-date symlink: /home/raaf/tiago_public_ws/install/pal_urdf_utils/share/pal_urdf_utils/urdf/deg_to_rad.urdf.xacro
-- Up-to-date symlink: /home/raaf/tiago_public_ws/install/pal_urdf_utils/share/pal_urdf_utils/urdf/ft_sensors/ati.urdf.xacro
-- Up-to-date symlink: /home/raaf/tiago_public_ws/install/pal_urdf_utils/share/pal_urdf_utils/urdf/ft_sensors/ati_talos.gazebo.xacro
-- Up-to-date symlink: /home/raaf/tiago_public_ws/install/pal_urdf_utils/share/pal_urdf_utils/urdf/ft_sensors/ati_talos.urdf.xacro
-- Up-to-date symlink: /home/raaf/tiago_public_ws/install/pal_urdf_utils/share/pal_urdf_utils/urdf/ft_sensors/ft_sensor.gazebo.xacro
-- Up-to-date symlink: /home/raaf/tiago_public_ws/install/pal_urdf_utils/share/pal_urdf_utils/urdf/ft_sensors/ft_sensor.urdf.xacro
-- Up-to-date symlink: /home/raaf/tiago_public_ws/install/pal_urdf_utils/share/pal_urdf_utils/urdf/ft_sensors/ftsensor.ros2_control.xacro
-- Up-to-date symlink: /home/raaf/tiago_public_ws/install/pal_urdf_utils/share/pal_urdf_utils/urdf/ft_sensors/rokubi.urdf.xacro
-- Up-to-date symlink: /home/raaf/tiago_public_ws/install/pal_urdf_utils/share/pal_urdf_utils/urdf/ft_sensors/schunk.gazebo.xacro
-- Up-to-date symlink: /home/raaf/tiago_public_ws/install/pal_urdf_utils/share/pal_urdf_utils/urdf/ft_sensors/schunk.urdf.xacro
-- Up-to-date symlink: /home/raaf/tiago_public_ws/install/pal_urdf_utils/share/pal_urdf_utils/urdf/interaction_sensors/imu.gazebo.xacro
-- Up-to-date symlink: /home/raaf/tiago_public_ws/install/pal_urdf_utils/share/pal_urdf_utils/urdf/interaction_sensors/imu.urdf.xacro
-- Up-to-date symlink: /home/raaf/tiago_public_ws/install/pal_urdf_utils/share/pal_urdf_utils/urdf/interaction_sensors/imu_sensors.ros2_control.xacro
-- Up-to-date symlink: /home/raaf/tiago_public_ws/install/pal_urdf_utils/share/pal_urdf_utils/urdf/interaction_sensors/imu_talos.gazebo.xacro
-- Up-to-date symlink: /home/raaf/tiago_public_ws/install/pal_urdf_utils/share/pal_urdf_utils/urdf/interaction_sensors/imu_talos.urdf.xacro
-- Up-to-date symlink: /home/raaf/tiago_public_ws/install/pal_urdf_utils/share/pal_urdf_utils/urdf/interaction_sensors/microphone.urdf.xacro
-- Up-to-date symlink: /home/raaf/tiago_public_ws/install/pal_urdf_utils/share/pal_urdf_utils/urdf/laser/hokuyo_urg_04lx_ug01_laser.gazebo.xacro
-- Up-to-date symlink: /home/raaf/tiago_public_ws/install/pal_urdf_utils/share/pal_urdf_utils/urdf/laser/hokuyo_urg_04lx_ug01_laser.urdf.xacro
-- Up-to-date symlink: /home/raaf/tiago_public_ws/install/pal_urdf_utils/share/pal_urdf_utils/urdf/laser/range.gazebo.xacro
-- Up-to-date symlink: /home/raaf/tiago_public_ws/install/pal_urdf_utils/share/pal_urdf_utils/urdf/laser/range.urdf.xacro
-- Up-to-date symlink: /home/raaf/tiago_public_ws/install/pal_urdf_utils/share/pal_urdf_utils/urdf/laser/sick_nanoscan3_laser.gazebo.xacro
-- Up-to-date symlink: /home/raaf/tiago_public_ws/install/pal_urdf_utils/share/pal_urdf_utils/urdf/laser/sick_nanoscan3_laser.urdf.xacro
-- Up-to-date symlink: /home/raaf/tiago_public_ws/install/pal_urdf_utils/share/pal_urdf_utils/urdf/laser/sick_tim551_laser.gazebo.xacro
-- Up-to-date symlink: /home/raaf/tiago_public_ws/install/pal_urdf_utils/share/pal_urdf_utils/urdf/laser/sick_tim551_laser.urdf.xacro
-- Up-to-date symlink: /home/raaf/tiago_public_ws/install/pal_urdf_utils/share/pal_urdf_utils/urdf/laser/sick_tim561_laser.gazebo.xacro
-- Up-to-date symlink: /home/raaf/tiago_public_ws/install/pal_urdf_utils/share/pal_urdf_utils/urdf/laser/sick_tim561_laser.urdf.xacro
-- Up-to-date symlink: /home/raaf/tiago_public_ws/install/pal_urdf_utils/share/pal_urdf_utils/urdf/laser/sick_tim571_laser.gazebo.xacro
-- Up-to-date symlink: /home/raaf/tiago_public_ws/install/pal_urdf_utils/share/pal_urdf_utils/urdf/laser/sick_tim571_laser.urdf.xacro
-- Up-to-date symlink: /home/raaf/tiago_public_ws/install/pal_urdf_utils/share/pal_urdf_utils/urdf/laser/ydlidar_tg15_laser.gazebo.xacro
-- Up-to-date symlink: /home/raaf/tiago_public_ws/install/pal_urdf_utils/share/pal_urdf_utils/urdf/laser/ydlidar_tg15_laser.urdf.xacro
-- Up-to-date symlink: /home/raaf/tiago_public_ws/install/pal_urdf_utils/share/pal_urdf_utils/urdf/laser/ydlidar_tg30_laser.gazebo.xacro
-- Up-to-date symlink: /home/raaf/tiago_public_ws/install/pal_urdf_utils/share/pal_urdf_utils/urdf/laser/ydlidar_tg30_laser.urdf.xacro
-- Up-to-date symlink: /home/raaf/tiago_public_ws/install/pal_urdf_utils/share/pal_urdf_utils/urdf/materials.urdf.xacro
-- Up-to-date symlink: /home/raaf/tiago_public_ws/install/pal_urdf_utils/share/pal_urdf_utils/urdf/pi.urdf.xacro
-- Up-to-date symlink: /home/raaf/tiago_public_ws/install/pal_urdf_utils/share/pal_urdf_utils/meshes/camera/elp_camera.stl
-- Up-to-date symlink: /home/raaf/tiago_public_ws/install/pal_urdf_utils/share/pal_urdf_utils/meshes/camera/head_front_camera.stl
-- Up-to-date symlink: /home/raaf/tiago_public_ws/install/pal_urdf_utils/share/pal_urdf_utils/meshes/camera/orbbec.STL
-- Up-to-date symlink: /home/raaf/tiago_public_ws/install/pal_urdf_utils/share/pal_urdf_utils/meshes/camera/os1_64.dae
-- Up-to-date symlink: /home/raaf/tiago_public_ws/install/pal_urdf_utils/share/pal_urdf_utils/meshes/camera/structure_sensor.stl
-- Up-to-date symlink: /home/raaf/tiago_public_ws/install/pal_urdf_utils/share/pal_urdf_utils/meshes/camera/t265.stl
-- Up-to-date symlink: /home/raaf/tiago_public_ws/install/pal_urdf_utils/share/pal_urdf_utils/meshes/camera/xtion_pro_live.dae
-- Up-to-date symlink: /home/raaf/tiago_public_ws/install/pal_urdf_utils/share/pal_urdf_utils/meshes/ft_sensors/ati_ft_sensor.stl
-- Up-to-date symlink: /home/raaf/tiago_public_ws/install/pal_urdf_utils/share/pal_urdf_utils/meshes/ft_sensors/rokubi_ft_sensor.stl
-- Up-to-date symlink: /home/raaf/tiago_public_ws/install/pal_urdf_utils/share/pal_urdf_utils/meshes/laser/hokuyo_urg_04lx_ug01.stl
-- Up-to-date symlink: /home/raaf/tiago_public_ws/install/pal_urdf_utils/share/pal_urdf_utils/meshes/laser/sick_tim551.stl
-- Up-to-date symlink: /home/raaf/tiago_public_ws/install/pal_urdf_utils/share/pal_urdf_utils/meshes/laser/srf05.stl
-- Up-to-date symlink: /home/raaf/tiago_public_ws/install/pal_urdf_utils/share/pal_urdf_utils/meshes/laser/ydlidar.dae
-- Up-to-date symlink: /home/raaf/tiago_public_ws/install/pal_urdf_utils/share/ament_index/resource_index/package_run_dependencies/pal_urdf_utils
-- Up-to-date symlink: /home/raaf/tiago_public_ws/install/pal_urdf_utils/share/ament_index/resource_index/parent_prefix_path/pal_urdf_utils
-- Up-to-date symlink: /home/raaf/tiago_public_ws/install/pal_urdf_utils/share/pal_urdf_utils/environment/ament_prefix_path.sh
-- Up-to-date symlink: /home/raaf/tiago_public_ws/install/pal_urdf_utils/share/pal_urdf_utils/environment/ament_prefix_path.dsv
-- Up-to-date symlink: /home/raaf/tiago_public_ws/install/pal_urdf_utils/share/pal_urdf_utils/environment/path.sh
-- Up-to-date symlink: /home/raaf/tiago_public_ws/install/pal_urdf_utils/share/pal_urdf_utils/environment/path.dsv
-- Up-to-date symlink: /home/raaf/tiago_public_ws/install/pal_urdf_utils/share/pal_urdf_utils/local_setup.bash
-- Up-to-date symlink: /home/raaf/tiago_public_ws/install/pal_urdf_utils/share/pal_urdf_utils/local_setup.sh
-- Up-to-date symlink: /home/raaf/tiago_public_ws/install/pal_urdf_utils/share/pal_urdf_utils/local_setup.zsh
-- Up-to-date symlink: /home/raaf/tiago_public_ws/install/pal_urdf_utils/share/pal_urdf_utils/local_setup.dsv
-- Symlinking: /home/raaf/tiago_public_ws/install/pal_urdf_utils/share/pal_urdf_utils/package.dsv
-- Up-to-date symlink: /home/raaf/tiago_public_ws/install/pal_urdf_utils/share/ament_index/resource_index/packages/pal_urdf_utils
-- Up-to-date symlink: /home/raaf/tiago_public_ws/install/pal_urdf_utils/share/pal_urdf_utils/cmake/pal_urdf_utilsConfig.cmake
-- Up-to-date symlink: /home/raaf/tiago_public_ws/install/pal_urdf_utils/share/pal_urdf_utils/cmake/pal_urdf_utilsConfig-version.cmake
-- Up-to-date symlink: /home/raaf/tiago_public_ws/install/pal_urdf_utils/share/pal_urdf_utils/package.xml
