-- Install configuration: ""
-- Execute custom install script
-- Up-to-date symlink: /home/raaf/tiago_public_ws/install/pal_robotiq_description/share/pal_robotiq_description/meshes/collision/robotiq_140_inner_finger.stl
-- Up-to-date symlink: /home/raaf/tiago_public_ws/install/pal_robotiq_description/share/pal_robotiq_description/meshes/collision/robotiq_140_inner_knuckle.stl
-- Up-to-date symlink: /home/raaf/tiago_public_ws/install/pal_robotiq_description/share/pal_robotiq_description/meshes/collision/robotiq_140_outer_finger.stl
-- Up-to-date symlink: /home/raaf/tiago_public_ws/install/pal_robotiq_description/share/pal_robotiq_description/meshes/collision/robotiq_140_outer_knuckle.stl
-- Up-to-date symlink: /home/raaf/tiago_public_ws/install/pal_robotiq_description/share/pal_robotiq_description/meshes/collision/robotiq_85_base_link.stl
-- Up-to-date symlink: /home/raaf/tiago_public_ws/install/pal_robotiq_description/share/pal_robotiq_description/meshes/collision/robotiq_85_inner_finger.dae
-- Up-to-date symlink: /home/raaf/tiago_public_ws/install/pal_robotiq_description/share/pal_robotiq_description/meshes/collision/robotiq_85_inner_knuckle.dae
-- Up-to-date symlink: /home/raaf/tiago_public_ws/install/pal_robotiq_description/share/pal_robotiq_description/meshes/collision/robotiq_85_outer_finger.dae
-- Up-to-date symlink: /home/raaf/tiago_public_ws/install/pal_robotiq_description/share/pal_robotiq_description/meshes/collision/robotiq_85_outer_knuckle.dae
-- Up-to-date symlink: /home/raaf/tiago_public_ws/install/pal_robotiq_description/share/pal_robotiq_description/meshes/collision/robotiq_base_link.stl
-- Up-to-date symlink: /home/raaf/tiago_public_ws/install/pal_robotiq_description/share/pal_robotiq_description/meshes/collision/robotiq_coupling.stl
-- Up-to-date symlink: /home/raaf/tiago_public_ws/install/pal_robotiq_description/share/pal_robotiq_description/meshes/visual/pal_robotiq_coupling.stl
-- Up-to-date symlink: /home/raaf/tiago_public_ws/install/pal_robotiq_description/share/pal_robotiq_description/meshes/visual/robotiq_140_inner_finger.stl
-- Up-to-date symlink: /home/raaf/tiago_public_ws/install/pal_robotiq_description/share/pal_robotiq_description/meshes/visual/robotiq_140_inner_knuckle.stl
-- Up-to-date symlink: /home/raaf/tiago_public_ws/install/pal_robotiq_description/share/pal_robotiq_description/meshes/visual/robotiq_140_outer_finger.stl
-- Up-to-date symlink: /home/raaf/tiago_public_ws/install/pal_robotiq_description/share/pal_robotiq_description/meshes/visual/robotiq_140_outer_knuckle.stl
-- Up-to-date symlink: /home/raaf/tiago_public_ws/install/pal_robotiq_description/share/pal_robotiq_description/meshes/visual/robotiq_85_inner_finger.dae
-- Up-to-date symlink: /home/raaf/tiago_public_ws/install/pal_robotiq_description/share/pal_robotiq_description/meshes/visual/robotiq_85_inner_knuckle.dae
-- Up-to-date symlink: /home/raaf/tiago_public_ws/install/pal_robotiq_description/share/pal_robotiq_description/meshes/visual/robotiq_85_outer_finger.dae
-- Up-to-date symlink: /home/raaf/tiago_public_ws/install/pal_robotiq_description/share/pal_robotiq_description/meshes/visual/robotiq_85_outer_knuckle.dae
-- Up-to-date symlink: /home/raaf/tiago_public_ws/install/pal_robotiq_description/share/pal_robotiq_description/meshes/visual/robotiq_85_pad.dae
-- Up-to-date symlink: /home/raaf/tiago_public_ws/install/pal_robotiq_description/share/pal_robotiq_description/meshes/visual/robotiq_base_link.stl
-- Up-to-date symlink: /home/raaf/tiago_public_ws/install/pal_robotiq_description/share/pal_robotiq_description/meshes/visual/robotiq_coupling.stl
-- Up-to-date symlink: /home/raaf/tiago_public_ws/install/pal_robotiq_description/share/pal_robotiq_description/robots/pal_robotiq_2f_140_gripper.urdf.xacro
-- Up-to-date symlink: /home/raaf/tiago_public_ws/install/pal_robotiq_description/share/pal_robotiq_description/robots/pal_robotiq_2f_85_gripper.urdf.xacro
-- Up-to-date symlink: /home/raaf/tiago_public_ws/install/pal_robotiq_description/share/pal_robotiq_description/robots/pal_robotiq_epick_gripper.urdf.xacro
-- Up-to-date symlink: /home/raaf/tiago_public_ws/install/pal_robotiq_description/share/pal_robotiq_description/urdf/grasping_frames.xacro
-- Up-to-date symlink: /home/raaf/tiago_public_ws/install/pal_robotiq_description/share/pal_robotiq_description/urdf/robotiq.ros2_control.xacro
-- Up-to-date symlink: /home/raaf/tiago_public_ws/install/pal_robotiq_description/share/pal_robotiq_description/urdf/robotiq.transmission.xacro
-- Up-to-date symlink: /home/raaf/tiago_public_ws/install/pal_robotiq_description/share/pal_robotiq_description/urdf/robotiq_140_gripper.urdf.xacro
-- Up-to-date symlink: /home/raaf/tiago_public_ws/install/pal_robotiq_description/share/pal_robotiq_description/urdf/robotiq_85_gripper.urdf.xacro
-- Up-to-date symlink: /home/raaf/tiago_public_ws/install/pal_robotiq_description/share/pal_robotiq_description/launch/robot_state_publisher.launch.py
-- Up-to-date symlink: /home/raaf/tiago_public_ws/install/pal_robotiq_description/share/pal_robotiq_description/launch/show.launch.py
-- Up-to-date symlink: /home/raaf/tiago_public_ws/install/pal_robotiq_description/share/pal_robotiq_description/config/pal_robotiq_urdf.rviz
-- Up-to-date symlink: /home/raaf/tiago_public_ws/install/pal_robotiq_description/share/ament_index/resource_index/package_run_dependencies/pal_robotiq_description
-- Up-to-date symlink: /home/raaf/tiago_public_ws/install/pal_robotiq_description/share/ament_index/resource_index/parent_prefix_path/pal_robotiq_description
-- Up-to-date symlink: /home/raaf/tiago_public_ws/install/pal_robotiq_description/share/pal_robotiq_description/environment/ament_prefix_path.sh
-- Up-to-date symlink: /home/raaf/tiago_public_ws/install/pal_robotiq_description/share/pal_robotiq_description/environment/ament_prefix_path.dsv
-- Up-to-date symlink: /home/raaf/tiago_public_ws/install/pal_robotiq_description/share/pal_robotiq_description/environment/path.sh
-- Up-to-date symlink: /home/raaf/tiago_public_ws/install/pal_robotiq_description/share/pal_robotiq_description/environment/path.dsv
-- Up-to-date symlink: /home/raaf/tiago_public_ws/install/pal_robotiq_description/share/pal_robotiq_description/local_setup.bash
-- Up-to-date symlink: /home/raaf/tiago_public_ws/install/pal_robotiq_description/share/pal_robotiq_description/local_setup.sh
-- Up-to-date symlink: /home/raaf/tiago_public_ws/install/pal_robotiq_description/share/pal_robotiq_description/local_setup.zsh
-- Up-to-date symlink: /home/raaf/tiago_public_ws/install/pal_robotiq_description/share/pal_robotiq_description/local_setup.dsv
-- Symlinking: /home/raaf/tiago_public_ws/install/pal_robotiq_description/share/pal_robotiq_description/package.dsv
-- Up-to-date symlink: /home/raaf/tiago_public_ws/install/pal_robotiq_description/share/ament_index/resource_index/packages/pal_robotiq_description
-- Up-to-date symlink: /home/raaf/tiago_public_ws/install/pal_robotiq_description/share/pal_robotiq_description/cmake/pal_robotiq_descriptionConfig.cmake
-- Up-to-date symlink: /home/raaf/tiago_public_ws/install/pal_robotiq_description/share/pal_robotiq_description/cmake/pal_robotiq_descriptionConfig-version.cmake
-- Up-to-date symlink: /home/raaf/tiago_public_ws/install/pal_robotiq_description/share/pal_robotiq_description/package.xml
