[0.021s] Invoking command in '/home/raaf/tiago_public_ws/build/pmb2_bringup': AMENT_PREFIX_PATH=/home/raaf/tiago_public_ws/install/pmb2_description:/home/raaf/tiago_public_ws/install/pmb2_controller_configuration:/home/raaf/tiago_public_ws/install/urdf_test:/home/raaf/tiago_public_ws/install/pal_urdf_utils:/home/raaf/tiago_public_ws/install/launch_pal:${AMENT_PREFIX_PATH} CMAKE_PREFIX_PATH=/home/raaf/tiago_public_ws/install/pmb2_description:/home/raaf/tiago_public_ws/install/pmb2_controller_configuration:/home/raaf/tiago_public_ws/install/urdf_test:/home/raaf/tiago_public_ws/install/pal_urdf_utils:/opt/ros/humble PYTHONPATH=/home/raaf/tiago_public_ws/install/pmb2_description/local/lib/python3.10/dist-packages:/home/raaf/tiago_public_ws/install/urdf_test/local/lib/python3.10/dist-packages:/home/raaf/tiago_public_ws/build/launch_pal:/home/raaf/tiago_public_ws/install/launch_pal/lib/python3.10/site-packages:${PYTHONPATH} /usr/bin/cmake /home/raaf/tiago_public_ws/src/pmb2_robot/pmb2_bringup -DAMENT_CMAKE_SYMLINK_INSTALL=1 -DCMAKE_INSTALL_PREFIX=/home/raaf/tiago_public_ws/install/pmb2_bringup
[0.108s] -- The C compiler identification is GNU 11.4.0
[0.228s] -- The CXX compiler identification is GNU 11.4.0
[0.240s] -- Detecting C compiler ABI info
[0.332s] -- Detecting C compiler ABI info - done
[0.347s] -- Check for working C compiler: /usr/bin/cc - skipped
[0.347s] -- Detecting C compile features
[0.348s] -- Detecting C compile features - done
[0.353s] -- Detecting CXX compiler ABI info
[0.446s] -- Detecting CXX compiler ABI info - done
[0.462s] -- Check for working CXX compiler: /usr/bin/c++ - skipped
[0.462s] -- Detecting CXX compile features
[0.463s] -- Detecting CXX compile features - done
[0.468s] -- Found ament_cmake_auto: 1.3.12 (/opt/ros/humble/share/ament_cmake_auto/cmake)
[0.740s] -- Found Python3: /usr/bin/python3 (found version "3.10.12") found components: Interpreter 
[0.843s] -- Override CMake install command with custom implementation using symlinks instead of copying resources
[1.008s] -- Found ament_lint_auto: 0.12.14 (/opt/ros/humble/share/ament_lint_auto/cmake)
[1.048s] -- Added test 'copyright' to check source files copyright and LICENSE
[1.052s] -- Added test 'flake8' to check Python code syntax and style conventions
[1.053s] -- Added test 'lint_cmake' to check CMake code style
[1.054s] -- Added test 'pep257' to check Python code against some of the docstring style conventions in PEP 257
[1.058s] -- Added test 'xmllint' to check XML markup files
[1.060s] -- Configuring done
[1.065s] -- Generating done
[1.068s] -- Build files have been written to: /home/raaf/tiago_public_ws/build/pmb2_bringup
[1.075s] Invoked command in '/home/raaf/tiago_public_ws/build/pmb2_bringup' returned '0': AMENT_PREFIX_PATH=/home/raaf/tiago_public_ws/install/pmb2_description:/home/raaf/tiago_public_ws/install/pmb2_controller_configuration:/home/raaf/tiago_public_ws/install/urdf_test:/home/raaf/tiago_public_ws/install/pal_urdf_utils:/home/raaf/tiago_public_ws/install/launch_pal:${AMENT_PREFIX_PATH} CMAKE_PREFIX_PATH=/home/raaf/tiago_public_ws/install/pmb2_description:/home/raaf/tiago_public_ws/install/pmb2_controller_configuration:/home/raaf/tiago_public_ws/install/urdf_test:/home/raaf/tiago_public_ws/install/pal_urdf_utils:/opt/ros/humble PYTHONPATH=/home/raaf/tiago_public_ws/install/pmb2_description/local/lib/python3.10/dist-packages:/home/raaf/tiago_public_ws/install/urdf_test/local/lib/python3.10/dist-packages:/home/raaf/tiago_public_ws/build/launch_pal:/home/raaf/tiago_public_ws/install/launch_pal/lib/python3.10/site-packages:${PYTHONPATH} /usr/bin/cmake /home/raaf/tiago_public_ws/src/pmb2_robot/pmb2_bringup -DAMENT_CMAKE_SYMLINK_INSTALL=1 -DCMAKE_INSTALL_PREFIX=/home/raaf/tiago_public_ws/install/pmb2_bringup
[1.080s] Invoking command in '/home/raaf/tiago_public_ws/build/pmb2_bringup': AMENT_PREFIX_PATH=/home/raaf/tiago_public_ws/install/pmb2_description:/home/raaf/tiago_public_ws/install/pmb2_controller_configuration:/home/raaf/tiago_public_ws/install/urdf_test:/home/raaf/tiago_public_ws/install/pal_urdf_utils:/home/raaf/tiago_public_ws/install/launch_pal:${AMENT_PREFIX_PATH} CMAKE_PREFIX_PATH=/home/raaf/tiago_public_ws/install/pmb2_description:/home/raaf/tiago_public_ws/install/pmb2_controller_configuration:/home/raaf/tiago_public_ws/install/urdf_test:/home/raaf/tiago_public_ws/install/pal_urdf_utils:/opt/ros/humble PYTHONPATH=/home/raaf/tiago_public_ws/install/pmb2_description/local/lib/python3.10/dist-packages:/home/raaf/tiago_public_ws/install/urdf_test/local/lib/python3.10/dist-packages:/home/raaf/tiago_public_ws/build/launch_pal:/home/raaf/tiago_public_ws/install/launch_pal/lib/python3.10/site-packages:${PYTHONPATH} /usr/bin/cmake --build /home/raaf/tiago_public_ws/build/pmb2_bringup -- -j12 -l12
[1.154s] Invoked command in '/home/raaf/tiago_public_ws/build/pmb2_bringup' returned '0': AMENT_PREFIX_PATH=/home/raaf/tiago_public_ws/install/pmb2_description:/home/raaf/tiago_public_ws/install/pmb2_controller_configuration:/home/raaf/tiago_public_ws/install/urdf_test:/home/raaf/tiago_public_ws/install/pal_urdf_utils:/home/raaf/tiago_public_ws/install/launch_pal:${AMENT_PREFIX_PATH} CMAKE_PREFIX_PATH=/home/raaf/tiago_public_ws/install/pmb2_description:/home/raaf/tiago_public_ws/install/pmb2_controller_configuration:/home/raaf/tiago_public_ws/install/urdf_test:/home/raaf/tiago_public_ws/install/pal_urdf_utils:/opt/ros/humble PYTHONPATH=/home/raaf/tiago_public_ws/install/pmb2_description/local/lib/python3.10/dist-packages:/home/raaf/tiago_public_ws/install/urdf_test/local/lib/python3.10/dist-packages:/home/raaf/tiago_public_ws/build/launch_pal:/home/raaf/tiago_public_ws/install/launch_pal/lib/python3.10/site-packages:${PYTHONPATH} /usr/bin/cmake --build /home/raaf/tiago_public_ws/build/pmb2_bringup -- -j12 -l12
[1.155s] Invoking command in '/home/raaf/tiago_public_ws/build/pmb2_bringup': AMENT_PREFIX_PATH=/home/raaf/tiago_public_ws/install/pmb2_description:/home/raaf/tiago_public_ws/install/pmb2_controller_configuration:/home/raaf/tiago_public_ws/install/urdf_test:/home/raaf/tiago_public_ws/install/pal_urdf_utils:/home/raaf/tiago_public_ws/install/launch_pal:${AMENT_PREFIX_PATH} CMAKE_PREFIX_PATH=/home/raaf/tiago_public_ws/install/pmb2_description:/home/raaf/tiago_public_ws/install/pmb2_controller_configuration:/home/raaf/tiago_public_ws/install/urdf_test:/home/raaf/tiago_public_ws/install/pal_urdf_utils:/opt/ros/humble PYTHONPATH=/home/raaf/tiago_public_ws/install/pmb2_description/local/lib/python3.10/dist-packages:/home/raaf/tiago_public_ws/install/urdf_test/local/lib/python3.10/dist-packages:/home/raaf/tiago_public_ws/build/launch_pal:/home/raaf/tiago_public_ws/install/launch_pal/lib/python3.10/site-packages:${PYTHONPATH} /usr/bin/cmake --install /home/raaf/tiago_public_ws/build/pmb2_bringup
[1.168s] -- Install configuration: ""
[1.173s] -- Execute custom install script
[1.175s] -- Symlinking: /home/raaf/tiago_public_ws/install/pmb2_bringup/share/pmb2_bringup/config/joy_teleop/joy_config.yaml
[1.199s] -- Symlinking: /home/raaf/tiago_public_ws/install/pmb2_bringup/share/pmb2_bringup/config/joy_teleop/joy_teleop.yaml
[1.223s] -- Symlinking: /home/raaf/tiago_public_ws/install/pmb2_bringup/share/pmb2_bringup/config/joy_teleop/joystick_analyzers.yaml
[1.247s] -- Symlinking: /home/raaf/tiago_public_ws/install/pmb2_bringup/share/pmb2_bringup/config/twist_mux/joystick.yaml
[1.266s] -- Symlinking: /home/raaf/tiago_public_ws/install/pmb2_bringup/share/pmb2_bringup/config/twist_mux/twist_mux_analyzers.yaml
[1.297s] -- Symlinking: /home/raaf/tiago_public_ws/install/pmb2_bringup/share/pmb2_bringup/config/twist_mux/twist_mux_locks.yaml
[1.319s] -- Symlinking: /home/raaf/tiago_public_ws/install/pmb2_bringup/share/pmb2_bringup/config/twist_mux/twist_mux_topics.yaml
[1.341s] -- Symlinking: /home/raaf/tiago_public_ws/install/pmb2_bringup/share/pmb2_bringup/launch/joystick_teleop.launch.py
[1.369s] -- Symlinking: /home/raaf/tiago_public_ws/install/pmb2_bringup/share/pmb2_bringup/launch/pmb2_bringup.launch.py
[1.400s] -- Symlinking: /home/raaf/tiago_public_ws/install/pmb2_bringup/share/pmb2_bringup/launch/twist_mux.launch.py
[1.429s] -- Symlinking: /home/raaf/tiago_public_ws/install/pmb2_bringup/share/ament_index/resource_index/package_run_dependencies/pmb2_bringup
[1.459s] -- Symlinking: /home/raaf/tiago_public_ws/install/pmb2_bringup/share/ament_index/resource_index/parent_prefix_path/pmb2_bringup
[1.489s] -- Symlinking: /home/raaf/tiago_public_ws/install/pmb2_bringup/share/pmb2_bringup/environment/ament_prefix_path.sh
[1.517s] -- Symlinking: /home/raaf/tiago_public_ws/install/pmb2_bringup/share/pmb2_bringup/environment/ament_prefix_path.dsv
[1.541s] -- Symlinking: /home/raaf/tiago_public_ws/install/pmb2_bringup/share/pmb2_bringup/environment/path.sh
[1.554s] -- Symlinking: /home/raaf/tiago_public_ws/install/pmb2_bringup/share/pmb2_bringup/environment/path.dsv
[1.576s] -- Symlinking: /home/raaf/tiago_public_ws/install/pmb2_bringup/share/pmb2_bringup/local_setup.bash
[1.597s] -- Symlinking: /home/raaf/tiago_public_ws/install/pmb2_bringup/share/pmb2_bringup/local_setup.sh
[1.612s] -- Symlinking: /home/raaf/tiago_public_ws/install/pmb2_bringup/share/pmb2_bringup/local_setup.zsh
[1.635s] -- Symlinking: /home/raaf/tiago_public_ws/install/pmb2_bringup/share/pmb2_bringup/local_setup.dsv
[1.654s] -- Symlinking: /home/raaf/tiago_public_ws/install/pmb2_bringup/share/pmb2_bringup/package.dsv
[1.668s] -- Symlinking: /home/raaf/tiago_public_ws/install/pmb2_bringup/share/ament_index/resource_index/packages/pmb2_bringup
[1.684s] -- Symlinking: /home/raaf/tiago_public_ws/install/pmb2_bringup/share/pmb2_bringup/cmake/pmb2_bringupConfig.cmake
[1.710s] -- Symlinking: /home/raaf/tiago_public_ws/install/pmb2_bringup/share/pmb2_bringup/cmake/pmb2_bringupConfig-version.cmake
[1.728s] -- Symlinking: /home/raaf/tiago_public_ws/install/pmb2_bringup/share/pmb2_bringup/package.xml
[1.755s] Invoked command in '/home/raaf/tiago_public_ws/build/pmb2_bringup' returned '0': AMENT_PREFIX_PATH=/home/raaf/tiago_public_ws/install/pmb2_description:/home/raaf/tiago_public_ws/install/pmb2_controller_configuration:/home/raaf/tiago_public_ws/install/urdf_test:/home/raaf/tiago_public_ws/install/pal_urdf_utils:/home/raaf/tiago_public_ws/install/launch_pal:${AMENT_PREFIX_PATH} CMAKE_PREFIX_PATH=/home/raaf/tiago_public_ws/install/pmb2_description:/home/raaf/tiago_public_ws/install/pmb2_controller_configuration:/home/raaf/tiago_public_ws/install/urdf_test:/home/raaf/tiago_public_ws/install/pal_urdf_utils:/opt/ros/humble PYTHONPATH=/home/raaf/tiago_public_ws/install/pmb2_description/local/lib/python3.10/dist-packages:/home/raaf/tiago_public_ws/install/urdf_test/local/lib/python3.10/dist-packages:/home/raaf/tiago_public_ws/build/launch_pal:/home/raaf/tiago_public_ws/install/launch_pal/lib/python3.10/site-packages:${PYTHONPATH} /usr/bin/cmake --install /home/raaf/tiago_public_ws/build/pmb2_bringup
