[0.866s] Invoking command in '/home/raaf/PDM_tiago_ws/build/PDM_tiago_assignment': PYTHONPATH=/home/raaf/PDM_tiago_ws/build/PDM_tiago_assignment/prefix_override:/usr/lib/python3/dist-packages/colcon_core/task/python/colcon_distutils_commands:/home/raaf/PDM_tiago_ws/install/PDM_tiago_assignment/lib/python3.10/site-packages:${PYTHONPATH} /usr/bin/python3 -W ignore:setup.py install is deprecated -W ignore:easy_install command is deprecated setup.py develop --editable --build-directory /home/raaf/PDM_tiago_ws/build/PDM_tiago_assignment/build --no-deps symlink_data
[1.228s] running develop
[1.504s] running egg_info
[1.505s] creating PDM_tiago_assignment.egg-info
[1.505s] writing PDM_tiago_assignment.egg-info/PKG-INFO
[1.505s] writing dependency_links to PDM_tiago_assignment.egg-info/dependency_links.txt
[1.506s] writing entry points to PDM_tiago_assignment.egg-info/entry_points.txt
[1.506s] writing requirements to PDM_tiago_assignment.egg-info/requires.txt
[1.506s] writing top-level names to PDM_tiago_assignment.egg-info/top_level.txt
[1.506s] writing manifest file 'PDM_tiago_assignment.egg-info/SOURCES.txt'
[1.509s] reading manifest file 'PDM_tiago_assignment.egg-info/SOURCES.txt'
[1.510s] writing manifest file 'PDM_tiago_assignment.egg-info/SOURCES.txt'
[1.513s] running build_ext
[1.514s] Creating /home/raaf/PDM_tiago_ws/install/PDM_tiago_assignment/lib/python3.10/site-packages/PDM-tiago-assignment.egg-link (link to .)
[1.515s] 
[1.515s] Installed /home/raaf/PDM_tiago_ws/build/PDM_tiago_assignment
[1.515s] running symlink_data
[1.516s] creating /home/raaf/PDM_tiago_ws/install/PDM_tiago_assignment/share/ament_index
[1.516s] creating /home/raaf/PDM_tiago_ws/install/PDM_tiago_assignment/share/ament_index/resource_index
[1.516s] creating /home/raaf/PDM_tiago_ws/install/PDM_tiago_assignment/share/ament_index/resource_index/packages
[1.516s] symbolically linking /home/raaf/PDM_tiago_ws/build/PDM_tiago_assignment/resource/PDM_tiago_assignment -> /home/raaf/PDM_tiago_ws/install/PDM_tiago_assignment/share/ament_index/resource_index/packages
[1.516s] symbolically linking /home/raaf/PDM_tiago_ws/build/PDM_tiago_assignment/package.xml -> /home/raaf/PDM_tiago_ws/install/PDM_tiago_assignment/share/PDM_tiago_assignment
[1.516s] creating /home/raaf/PDM_tiago_ws/install/PDM_tiago_assignment/share/PDM_tiago_assignment/launch
[1.517s] symbolically linking /home/raaf/PDM_tiago_ws/build/PDM_tiago_assignment/launch/cafe.launch.py -> /home/raaf/PDM_tiago_ws/install/PDM_tiago_assignment/share/PDM_tiago_assignment/launch
[1.517s] creating /home/raaf/PDM_tiago_ws/install/PDM_tiago_assignment/share/PDM_tiago_assignment/worlds
[1.517s] symbolically linking /home/raaf/PDM_tiago_ws/build/PDM_tiago_assignment/worlds/cafe_table.world -> /home/raaf/PDM_tiago_ws/install/PDM_tiago_assignment/share/PDM_tiago_assignment/worlds
[1.517s] symbolically linking /home/raaf/PDM_tiago_ws/build/PDM_tiago_assignment/worlds/cafe_dynamic.world -> /home/raaf/PDM_tiago_ws/install/PDM_tiago_assignment/share/PDM_tiago_assignment/worlds
[1.517s] symbolically linking /home/raaf/PDM_tiago_ws/build/PDM_tiago_assignment/worlds/cafe.world -> /home/raaf/PDM_tiago_ws/install/PDM_tiago_assignment/share/PDM_tiago_assignment/worlds
[1.517s] symbolically linking /home/raaf/PDM_tiago_ws/build/PDM_tiago_assignment/worlds/restaurant.world -> /home/raaf/PDM_tiago_ws/install/PDM_tiago_assignment/share/PDM_tiago_assignment/worlds
[1.553s] Invoked command in '/home/raaf/PDM_tiago_ws/build/PDM_tiago_assignment' returned '0': PYTHONPATH=/home/raaf/PDM_tiago_ws/build/PDM_tiago_assignment/prefix_override:/usr/lib/python3/dist-packages/colcon_core/task/python/colcon_distutils_commands:/home/raaf/PDM_tiago_ws/install/PDM_tiago_assignment/lib/python3.10/site-packages:${PYTHONPATH} /usr/bin/python3 -W ignore:setup.py install is deprecated -W ignore:easy_install command is deprecated setup.py develop --editable --build-directory /home/raaf/PDM_tiago_ws/build/PDM_tiago_assignment/build --no-deps symlink_data
