-- The C compiler identification is GNU 11.4.0
-- The CXX compiler identification is GNU 11.4.0
-- Detecting C compiler ABI info
-- Detecting C compiler ABI info - done
-- Check for working C compiler: /usr/bin/cc - skipped
-- Detecting C compile features
-- Detecting C compile features - done
-- Detecting CXX compiler ABI info
-- Detecting CXX compiler ABI info - done
-- Check for working CXX compiler: /usr/bin/c++ - skipped
-- Detecting CXX compile features
-- Detecting CXX compile features - done
-- Found ament_cmake_auto: 1.3.12 (/opt/ros/humble/share/ament_cmake_auto/cmake)
-- Found Python3: /usr/bin/python3 (found version "3.10.12") found components: Interpreter 
-- Override CMake install command with custom implementation using symlinks instead of copying resources
-- Found rosidl_generator_c: 3.1.7 (/opt/ros/humble/share/rosidl_generator_c/cmake)
-- Found rosidl_adapter: 3.1.7 (/opt/ros/humble/share/rosidl_adapter/cmake)
-- Found rosidl_generator_cpp: 3.1.7 (/opt/ros/humble/share/rosidl_generator_cpp/cmake)
-- Using all available rosidl_typesupport_c: rosidl_typesupport_fastrtps_c;rosidl_typesupport_introspection_c
-- Using all available rosidl_typesupport_cpp: rosidl_typesupport_fastrtps_cpp;rosidl_typesupport_introspection_cpp
-- Found Boost: /usr/lib/x86_64-linux-gnu/cmake/Boost-1.74.0/BoostConfig.cmake (found version "1.74.0") found components: date_time filesystem program_options system thread 
-- Found Boost: /usr/lib/x86_64-linux-gnu/cmake/Boost-1.74.0/BoostConfig.cmake (found version "1.74.0") found components: chrono date_time filesystem iostreams program_options regex serialization system thread 
-- Found parameter_traits: 0.5.0 (/opt/ros/humble/share/parameter_traits/cmake)
-- Found rmw_implementation_cmake: 6.1.2 (/opt/ros/humble/share/rmw_implementation_cmake/cmake)
-- Found rmw_fastrtps_cpp: 6.2.9 (/opt/ros/humble/share/rmw_fastrtps_cpp/cmake)
-- Found OpenSSL: /usr/lib/x86_64-linux-gnu/libcrypto.so (found version "3.0.2")  
-- Found FastRTPS: /opt/ros/humble/include  
-- Using RMW implementation 'rmw_fastrtps_cpp' as default
-- Found Threads: TRUE  
-- Found rclcpp_lifecycle: 16.0.16 (/opt/ros/humble/share/rclcpp_lifecycle/cmake)
-- Found Boost: /usr/lib/x86_64-linux-gnu/cmake/Boost-1.74.0/BoostConfig.cmake (found version "1.74.0") found components: filesystem 
-- library: /usr/lib/x86_64-linux-gnu/libcurl.so
-- Found Eigen3: TRUE (found version "3.4.0") 
-- Ensuring Eigen3 include directory is part of orocos-kdl CMake target
-- Found Boost: /usr/lib/x86_64-linux-gnu/cmake/Boost-1.74.0/BoostConfig.cmake (found version "1.74.0") found components: system filesystem date_time program_options thread chrono 
-- Found Boost: /usr/lib/x86_64-linux-gnu/cmake/Boost-1.74.0/BoostConfig.cmake (found version "1.74.0") found components: thread system filesystem regex date_time program_options 
-- Found Boost: /usr/lib/x86_64-linux-gnu/cmake/Boost-1.74.0/BoostConfig.cmake (found version "1.74.0") found components: system filesystem date_time program_options thread 
-- Found python_cmake_module: 0.10.0 (/opt/ros/humble/share/python_cmake_module/cmake)
-- Found PythonInterp: /usr/bin/python3 (found suitable version "3.10.12", minimum required is "3.6") 
-- Found PythonLibs: /usr/lib/x86_64-linux-gnu/libpython3.10.so (found suitable version "3.10.12", minimum required is "3.5") 
-- Using PYTHON_EXECUTABLE: /usr/bin/python3
-- Using PYTHON_INCLUDE_DIRS: /usr/include/python3.10
-- Using PYTHON_LIBRARIES: /usr/lib/x86_64-linux-gnu/libpython3.10.so
-- Found PythonExtra: .so  
-- Found gtest sources under '/opt/ros/humble/src/gtest_vendor': C++ tests using 'Google Test' will be built
-- Added test 'copyright' to check source files copyright and LICENSE
-- Added test 'cppcheck' to perform static code analysis on C / C++ code
-- Configured cppcheck include dirs: /home/raaf/tiago_public_ws/src/play_motion2/play_motion2/include
-- Configured cppcheck exclude dirs and/or files: 
-- Added test 'cpplint' to check C / C++ code against the Google style
-- Configured cpplint exclude dirs and/or files: 
-- Added test 'flake8' to check Python code syntax and style conventions
-- Added test 'lint_cmake' to check CMake code style
-- Added test 'pep257' to check Python code against some of the docstring style conventions in PEP 257
-- Added test 'uncrustify' to check C / C++ code style
-- Configured uncrustify additional arguments: 
-- Added test 'xmllint' to check XML markup files
-- Configuring done
-- Generating done
-- Build files have been written to: /home/raaf/tiago_public_ws/build/play_motion2
[  4%] [32mBuilding CXX object CMakeFiles/play_motion2_node.dir/src/play_motion2/play_motion2_executor.cpp.o[0m
[  8%] [32mBuilding CXX object CMakeFiles/play_motion2_node.dir/src/utils/motion_loader.cpp.o[0m
[ 12%] [32mBuilding CXX object gtest/CMakeFiles/gtest_main.dir/src/gtest_main.cc.o[0m
[ 16%] [32mBuilding CXX object CMakeFiles/play_motion2_node.dir/src/play_motion2_main.cpp.o[0m
[ 24%] [32mBuilding CXX object CMakeFiles/client.dir/src/play_motion2/client.cpp.o[0m
[ 24%] [32mBuilding CXX object gtest/CMakeFiles/gtest.dir/src/gtest-all.cc.o[0m
[ 28%] [32mBuilding CXX object CMakeFiles/play_motion2_node.dir/src/play_motion2/play_motion2_mgr.cpp.o[0m
[ 32%] [32mBuilding CXX object CMakeFiles/play_motion2_node.dir/src/utils/motion_planner.cpp.o[0m
[ 36%] [34m[1mRunning `/opt/ros/humble/bin/generate_parameter_library_cpp /home/raaf/tiago_public_ws/build/play_motion2/include/play_motion2/passthrough_controller_parameters.hpp /home/raaf/tiago_public_ws/src/play_motion2/play_motion2/test/controllers/src/passthrough_controller_parameters.yaml `[0m
[ 36%] Built target ament_cmake_python_symlink_play_motion2
[ 40%] [34m[1mCreating deprecated header file /home/raaf/tiago_public_ws/build/play_motion2/include/passthrough_controller_parameters.hpp[0m
[ 40%] Built target passthrough_controller_parameters
[ 44%] [32mBuilding CXX object CMakeFiles/passthrough_controller.dir/test/controllers/src/passthrough_controller.cpp.o[0m
running egg_info
creating play_motion2.egg-info
writing play_motion2.egg-info/PKG-INFO
writing dependency_links to play_motion2.egg-info/dependency_links.txt
writing top-level names to play_motion2.egg-info/top_level.txt
writing manifest file 'play_motion2.egg-info/SOURCES.txt'
reading manifest file 'play_motion2.egg-info/SOURCES.txt'
writing manifest file 'play_motion2.egg-info/SOURCES.txt'
[ 44%] Built target ament_cmake_python_build_play_motion2_egg
[ 48%] [32m[1mLinking CXX static library libgtest_main.a[0m
[ 48%] Built target gtest_main
[ 52%] [32m[1mLinking CXX static library libgtest.a[0m
[ 52%] Built target gtest
[ 56%] [32mBuilding CXX object CMakeFiles/play_motion2_node_test.dir/test/play_motion2_node_test.cpp.o[0m
[ 60%] [32m[1mLinking CXX shared library libclient.so[0m
[ 60%] Built target client
[ 64%] [32mBuilding CXX object CMakeFiles/rrbot_system.dir/test/rrbot/rrbot_system.cpp.o[0m
[ 68%] [32mBuilding CXX object CMakeFiles/run_motion.dir/src/run_motion.cpp.o[0m
[ 72%] [32m[1mLinking CXX shared library libpassthrough_controller.so[0m
[ 72%] Built target passthrough_controller
[ 76%] [32m[1mLinking CXX shared library librrbot_system.so[0m
[ 80%] [32m[1mLinking CXX executable run_motion[0m
[ 80%] Built target rrbot_system
[ 88%] [32mBuilding CXX object CMakeFiles/motion_loader_test.dir/src/utils/motion_loader.cpp.o[0m
[ 88%] [32mBuilding CXX object CMakeFiles/motion_loader_test.dir/test/motion_loader_test.cpp.o[0m
[ 88%] Built target run_motion
[ 92%] [32m[1mLinking CXX executable motion_loader_test[0m
[ 92%] Built target motion_loader_test
[ 96%] [32m[1mLinking CXX executable play_motion2_node_test[0m
[ 96%] Built target play_motion2_node_test
[100%] [32m[1mLinking CXX executable play_motion2_node[0m
[100%] Built target play_motion2_node
-- Install configuration: ""
-- Execute custom install script
-- Symlinking: /home/raaf/tiago_public_ws/install/play_motion2/share/play_motion2/environment/pythonpath.sh
-- Symlinking: /home/raaf/tiago_public_ws/install/play_motion2/share/play_motion2/environment/pythonpath.dsv
-- Symlinking: /home/raaf/tiago_public_ws/install/play_motion2/local/lib/python3.10/dist-packages/play_motion2-1.8.2-py3.10.egg-info/PKG-INFO
-- Symlinking: /home/raaf/tiago_public_ws/install/play_motion2/local/lib/python3.10/dist-packages/play_motion2-1.8.2-py3.10.egg-info/SOURCES.txt
-- Symlinking: /home/raaf/tiago_public_ws/install/play_motion2/local/lib/python3.10/dist-packages/play_motion2-1.8.2-py3.10.egg-info/dependency_links.txt
-- Symlinking: /home/raaf/tiago_public_ws/install/play_motion2/local/lib/python3.10/dist-packages/play_motion2-1.8.2-py3.10.egg-info/top_level.txt
-- Symlinking: /home/raaf/tiago_public_ws/install/play_motion2/local/lib/python3.10/dist-packages/play_motion2/__init__.py
-- Symlinking: /home/raaf/tiago_public_ws/install/play_motion2/share/play_motion2/test/rrbot/rrbot_system.xml
-- Symlinking: /home/raaf/tiago_public_ws/install/play_motion2/include/play_motion2/passthrough_controller_parameters.hpp
-- Symlinking: /home/raaf/tiago_public_ws/install/play_motion2/share/play_motion2/test/controllers/passthrough_controller.xml
-- Symlinking: /home/raaf/tiago_public_ws/install/play_motion2/lib/libpassthrough_controller.so
-- Symlinking: /home/raaf/tiago_public_ws/install/play_motion2/lib/play_motion2/play_motion2_node_test
-- Symlinking: /home/raaf/tiago_public_ws/install/play_motion2/include/play_motion2/play_motion2/client.hpp
-- Symlinking: /home/raaf/tiago_public_ws/install/play_motion2/include/play_motion2/play_motion2/motion_loader.hpp
-- Symlinking: /home/raaf/tiago_public_ws/install/play_motion2/include/play_motion2/play_motion2/types.hpp
-- Symlinking: /home/raaf/tiago_public_ws/install/play_motion2/share/play_motion2/environment/library_path.sh
-- Symlinking: /home/raaf/tiago_public_ws/install/play_motion2/share/play_motion2/environment/library_path.dsv
-- Symlinking: /home/raaf/tiago_public_ws/install/play_motion2/lib/libclient.so
-- Symlinking: /home/raaf/tiago_public_ws/install/play_motion2/lib/librrbot_system.so
-- Symlinking: /home/raaf/tiago_public_ws/install/play_motion2/lib/play_motion2/play_motion2_node
-- Symlinking: /home/raaf/tiago_public_ws/install/play_motion2/lib/play_motion2/run_motion
-- Symlinking: /home/raaf/tiago_public_ws/install/play_motion2/share/play_motion2/config/motion_planner_config.yaml
-- Symlinking: /home/raaf/tiago_public_ws/install/play_motion2/share/play_motion2/launch/play_motion2.launch.py
-- Symlinking: /home/raaf/tiago_public_ws/install/play_motion2/share/ament_index/resource_index/package_run_dependencies/play_motion2
-- Symlinking: /home/raaf/tiago_public_ws/install/play_motion2/share/ament_index/resource_index/parent_prefix_path/play_motion2
-- Symlinking: /home/raaf/tiago_public_ws/install/play_motion2/share/play_motion2/environment/ament_prefix_path.sh
-- Symlinking: /home/raaf/tiago_public_ws/install/play_motion2/share/play_motion2/environment/ament_prefix_path.dsv
-- Symlinking: /home/raaf/tiago_public_ws/install/play_motion2/share/play_motion2/environment/path.sh
-- Symlinking: /home/raaf/tiago_public_ws/install/play_motion2/share/play_motion2/environment/path.dsv
-- Symlinking: /home/raaf/tiago_public_ws/install/play_motion2/share/play_motion2/local_setup.bash
-- Symlinking: /home/raaf/tiago_public_ws/install/play_motion2/share/play_motion2/local_setup.sh
-- Symlinking: /home/raaf/tiago_public_ws/install/play_motion2/share/play_motion2/local_setup.zsh
-- Symlinking: /home/raaf/tiago_public_ws/install/play_motion2/share/play_motion2/local_setup.dsv
-- Symlinking: /home/raaf/tiago_public_ws/install/play_motion2/share/play_motion2/package.dsv
-- Symlinking: /home/raaf/tiago_public_ws/install/play_motion2/share/ament_index/resource_index/packages/play_motion2
-- Symlinking: /home/raaf/tiago_public_ws/install/play_motion2/share/ament_index/resource_index/hardware_interface__pluginlib__plugin/play_motion2
-- Symlinking: /home/raaf/tiago_public_ws/install/play_motion2/share/ament_index/resource_index/controller_interface__pluginlib__plugin/play_motion2
-- Symlinking: /home/raaf/tiago_public_ws/install/play_motion2/share/play_motion2/cmake/ament_cmake_export_dependencies-extras.cmake
-- Symlinking: /home/raaf/tiago_public_ws/install/play_motion2/share/play_motion2/cmake/ament_cmake_export_include_directories-extras.cmake
-- Symlinking: /home/raaf/tiago_public_ws/install/play_motion2/share/play_motion2/cmake/ament_cmake_export_libraries-extras.cmake
-- Symlinking: /home/raaf/tiago_public_ws/install/play_motion2/share/play_motion2/cmake/play_motion2Config.cmake
-- Symlinking: /home/raaf/tiago_public_ws/install/play_motion2/share/play_motion2/cmake/play_motion2Config-version.cmake
-- Symlinking: /home/raaf/tiago_public_ws/install/play_motion2/share/play_motion2/package.xml
Listing '/home/raaf/tiago_public_ws/install/play_motion2/local/lib/python3.10/dist-packages/play_motion2'...
Compiling '/home/raaf/tiago_public_ws/install/play_motion2/local/lib/python3.10/dist-packages/play_motion2/__init__.py'...
