[0.618s] Invoking command in '/home/raaf/tiago_public_ws/build/play_motion2_cli': AMENT_PREFIX_PATH=/home/raaf/tiago_public_ws/install/play_motion2:/home/raaf/tiago_public_ws/install/play_motion2_msgs:${AMENT_PREFIX_PATH} CMAKE_PREFIX_PATH=/home/raaf/tiago_public_ws/install/play_motion2:/home/raaf/tiago_public_ws/install/play_motion2_msgs LD_LIBRARY_PATH=/home/raaf/tiago_public_ws/install/play_motion2/lib:/home/raaf/tiago_public_ws/install/play_motion2_msgs/lib:${LD_LIBRARY_PATH} PYTHONPATH=/home/raaf/tiago_public_ws/build/play_motion2_cli/prefix_override:/usr/lib/python3/dist-packages/colcon_core/task/python/colcon_distutils_commands:/home/raaf/tiago_public_ws/install/play_motion2_cli/lib/python3.10/site-packages:/home/raaf/tiago_public_ws/install/play_motion2/local/lib/python3.10/dist-packages:/home/raaf/tiago_public_ws/install/play_motion2_msgs/local/lib/python3.10/dist-packages:${PYTHONPATH} /usr/bin/python3 -W ignore:setup.py install is deprecated -W ignore:easy_install command is deprecated setup.py develop --editable --build-directory /home/raaf/tiago_public_ws/build/play_motion2_cli/build --no-deps symlink_data
[0.874s] running develop
[1.037s] running egg_info
[1.037s] creating play_motion2_cli.egg-info
[1.037s] writing play_motion2_cli.egg-info/PKG-INFO
[1.037s] writing dependency_links to play_motion2_cli.egg-info/dependency_links.txt
[1.037s] writing entry points to play_motion2_cli.egg-info/entry_points.txt
[1.037s] writing requirements to play_motion2_cli.egg-info/requires.txt
[1.037s] writing top-level names to play_motion2_cli.egg-info/top_level.txt
[1.038s] writing manifest file 'play_motion2_cli.egg-info/SOURCES.txt'
[1.039s] reading manifest file 'play_motion2_cli.egg-info/SOURCES.txt'
[1.040s] writing manifest file 'play_motion2_cli.egg-info/SOURCES.txt'
[1.041s] running build_ext
[1.041s] Creating /home/raaf/tiago_public_ws/install/play_motion2_cli/lib/python3.10/site-packages/play-motion2-cli.egg-link (link to .)
[1.041s] 
[1.042s] Installed /home/raaf/tiago_public_ws/build/play_motion2_cli
[1.042s] running symlink_data
[1.042s] symbolically linking /home/raaf/tiago_public_ws/build/play_motion2_cli/package.xml -> /home/raaf/tiago_public_ws/install/play_motion2_cli/share/play_motion2_cli
[1.042s] creating /home/raaf/tiago_public_ws/install/play_motion2_cli/share/ament_index
[1.042s] creating /home/raaf/tiago_public_ws/install/play_motion2_cli/share/ament_index/resource_index
[1.043s] creating /home/raaf/tiago_public_ws/install/play_motion2_cli/share/ament_index/resource_index/packages
[1.043s] symbolically linking /home/raaf/tiago_public_ws/build/play_motion2_cli/resource/play_motion2_cli -> /home/raaf/tiago_public_ws/install/play_motion2_cli/share/ament_index/resource_index/packages
[1.067s] Invoked command in '/home/raaf/tiago_public_ws/build/play_motion2_cli' returned '0': AMENT_PREFIX_PATH=/home/raaf/tiago_public_ws/install/play_motion2:/home/raaf/tiago_public_ws/install/play_motion2_msgs:${AMENT_PREFIX_PATH} CMAKE_PREFIX_PATH=/home/raaf/tiago_public_ws/install/play_motion2:/home/raaf/tiago_public_ws/install/play_motion2_msgs LD_LIBRARY_PATH=/home/raaf/tiago_public_ws/install/play_motion2/lib:/home/raaf/tiago_public_ws/install/play_motion2_msgs/lib:${LD_LIBRARY_PATH} PYTHONPATH=/home/raaf/tiago_public_ws/build/play_motion2_cli/prefix_override:/usr/lib/python3/dist-packages/colcon_core/task/python/colcon_distutils_commands:/home/raaf/tiago_public_ws/install/play_motion2_cli/lib/python3.10/site-packages:/home/raaf/tiago_public_ws/install/play_motion2/local/lib/python3.10/dist-packages:/home/raaf/tiago_public_ws/install/play_motion2_msgs/local/lib/python3.10/dist-packages:${PYTHONPATH} /usr/bin/python3 -W ignore:setup.py install is deprecated -W ignore:easy_install command is deprecated setup.py develop --editable --build-directory /home/raaf/tiago_public_ws/build/play_motion2_cli/build --no-deps symlink_data
