[0.010s] Invoking command in '/home/raaf/tiago_public_ws/build/pal_hey5_description': AMENT_PREFIX_PATH=/home/raaf/tiago_public_ws/install/pal_urdf_utils:${AMENT_PREFIX_PATH} CMAKE_PREFIX_PATH=/home/raaf/tiago_public_ws/install/pal_urdf_utils:/opt/ros/humble /usr/bin/cmake /home/raaf/tiago_public_ws/src/pal_hey5/pal_hey5_description -DAMENT_CMAKE_SYMLINK_INSTALL=1 -DCMAKE_INSTALL_PREFIX=/home/raaf/tiago_public_ws/install/pal_hey5_description
[0.244s] -- The C compiler identification is GNU 11.4.0
[0.244s] -- The CXX compiler identification is GNU 11.4.0
[0.244s] -- Detecting C compiler ABI info
[0.289s] -- Detecting C compiler ABI info - done
[0.304s] -- Check for working C compiler: /usr/bin/cc - skipped
[0.304s] -- Detecting C compile features
[0.305s] -- Detecting C compile features - done
[0.310s] -- Detecting CXX compiler ABI info
[0.399s] -- Detecting CXX compiler ABI info - done
[0.414s] -- Check for working CXX compiler: /usr/bin/c++ - skipped
[0.414s] -- Detecting CXX compile features
[0.414s] -- Detecting CXX compile features - done
[0.418s] -- Found ament_cmake_auto: 1.3.12 (/opt/ros/humble/share/ament_cmake_auto/cmake)
[0.649s] -- Found Python3: /usr/bin/python3 (found version "3.10.12") found components: Interpreter 
[0.760s] -- Override CMake install command with custom implementation using symlinks instead of copying resources
[0.807s] -- Found ament_lint_auto: 0.12.14 (/opt/ros/humble/share/ament_lint_auto/cmake)
[0.951s] -- Added test 'copyright' to check source files copyright and LICENSE
[0.956s] -- Added test 'lint_cmake' to check CMake code style
[0.962s] -- Added test 'xmllint' to check XML markup files
[0.962s] -- Configuring done
[0.965s] -- Generating done
[0.968s] -- Build files have been written to: /home/raaf/tiago_public_ws/build/pal_hey5_description
[0.982s] Invoked command in '/home/raaf/tiago_public_ws/build/pal_hey5_description' returned '0': AMENT_PREFIX_PATH=/home/raaf/tiago_public_ws/install/pal_urdf_utils:${AMENT_PREFIX_PATH} CMAKE_PREFIX_PATH=/home/raaf/tiago_public_ws/install/pal_urdf_utils:/opt/ros/humble /usr/bin/cmake /home/raaf/tiago_public_ws/src/pal_hey5/pal_hey5_description -DAMENT_CMAKE_SYMLINK_INSTALL=1 -DCMAKE_INSTALL_PREFIX=/home/raaf/tiago_public_ws/install/pal_hey5_description
[0.982s] Invoking command in '/home/raaf/tiago_public_ws/build/pal_hey5_description': AMENT_PREFIX_PATH=/home/raaf/tiago_public_ws/install/pal_urdf_utils:${AMENT_PREFIX_PATH} CMAKE_PREFIX_PATH=/home/raaf/tiago_public_ws/install/pal_urdf_utils:/opt/ros/humble /usr/bin/cmake --build /home/raaf/tiago_public_ws/build/pal_hey5_description -- -j12 -l12
[1.527s] Invoked command in '/home/raaf/tiago_public_ws/build/pal_hey5_description' returned '0': AMENT_PREFIX_PATH=/home/raaf/tiago_public_ws/install/pal_urdf_utils:${AMENT_PREFIX_PATH} CMAKE_PREFIX_PATH=/home/raaf/tiago_public_ws/install/pal_urdf_utils:/opt/ros/humble /usr/bin/cmake --build /home/raaf/tiago_public_ws/build/pal_hey5_description -- -j12 -l12
[1.529s] Invoking command in '/home/raaf/tiago_public_ws/build/pal_hey5_description': AMENT_PREFIX_PATH=/home/raaf/tiago_public_ws/install/pal_urdf_utils:${AMENT_PREFIX_PATH} CMAKE_PREFIX_PATH=/home/raaf/tiago_public_ws/install/pal_urdf_utils:/opt/ros/humble /usr/bin/cmake --install /home/raaf/tiago_public_ws/build/pal_hey5_description
[1.605s] -- Install configuration: ""
[1.605s] -- Execute custom install script
[1.606s] -- Symlinking: /home/raaf/tiago_public_ws/install/pal_hey5_description/share/pal_hey5_description/config/two_hands.rviz
[1.606s] -- Symlinking: /home/raaf/tiago_public_ws/install/pal_hey5_description/share/pal_hey5_description/gazebo/gazebo.urdf.xacro
[1.606s] -- Symlinking: /home/raaf/tiago_public_ws/install/pal_hey5_description/share/pal_hey5_description/launch/pal_hey5_kinematics_test.launch
[1.606s] -- Symlinking: /home/raaf/tiago_public_ws/install/pal_hey5_description/share/pal_hey5_description/meshes/finger_abd_collision.stl
[1.606s] -- Symlinking: /home/raaf/tiago_public_ws/install/pal_hey5_description/share/pal_hey5_description/meshes/finger_flex_collision.stl
[1.606s] -- Symlinking: /home/raaf/tiago_public_ws/install/pal_hey5_description/share/pal_hey5_description/meshes/finger_flex_tip_collision.stl
[1.613s] -- Symlinking: /home/raaf/tiago_public_ws/install/pal_hey5_description/share/pal_hey5_description/meshes/palm.stl
[1.623s] -- Symlinking: /home/raaf/tiago_public_ws/install/pal_hey5_description/share/pal_hey5_description/meshes/palm_collision.stl
[1.635s] -- Symlinking: /home/raaf/tiago_public_ws/install/pal_hey5_description/share/pal_hey5_description/meshes/thumb_abd_collision.stl
[1.648s] -- Symlinking: /home/raaf/tiago_public_ws/install/pal_hey5_description/share/pal_hey5_description/robots/pal_hey5_test.urdf.xacro
[1.659s] -- Symlinking: /home/raaf/tiago_public_ws/install/pal_hey5_description/share/pal_hey5_description/urdf/actuators.urdf.xacro
[1.667s] -- Symlinking: /home/raaf/tiago_public_ws/install/pal_hey5_description/share/pal_hey5_description/urdf/fingers.urdf.xacro
[1.676s] -- Symlinking: /home/raaf/tiago_public_ws/install/pal_hey5_description/share/pal_hey5_description/urdf/pal_hey5.ros2_control.xacro
[1.685s] -- Symlinking: /home/raaf/tiago_public_ws/install/pal_hey5_description/share/pal_hey5_description/urdf/pal_hey5.transmission.xacro
[1.698s] -- Symlinking: /home/raaf/tiago_public_ws/install/pal_hey5_description/share/pal_hey5_description/urdf/pal_hey5_hand.urdf.xacro
[1.710s] -- Symlinking: /home/raaf/tiago_public_ws/install/pal_hey5_description/share/pal_hey5_description/urdf/palm.urdf.xacro
[1.722s] -- Symlinking: /home/raaf/tiago_public_ws/install/pal_hey5_description/share/pal_hey5_description/urdf/transmissions.urdf.xacro
[1.732s] -- Symlinking: /home/raaf/tiago_public_ws/install/pal_hey5_description/share/ament_index/resource_index/package_run_dependencies/pal_hey5_description
[1.742s] -- Symlinking: /home/raaf/tiago_public_ws/install/pal_hey5_description/share/ament_index/resource_index/parent_prefix_path/pal_hey5_description
[1.753s] -- Symlinking: /home/raaf/tiago_public_ws/install/pal_hey5_description/share/pal_hey5_description/environment/ament_prefix_path.sh
[1.761s] -- Symlinking: /home/raaf/tiago_public_ws/install/pal_hey5_description/share/pal_hey5_description/environment/ament_prefix_path.dsv
[1.772s] -- Symlinking: /home/raaf/tiago_public_ws/install/pal_hey5_description/share/pal_hey5_description/environment/path.sh
[1.784s] -- Symlinking: /home/raaf/tiago_public_ws/install/pal_hey5_description/share/pal_hey5_description/environment/path.dsv
[1.798s] -- Symlinking: /home/raaf/tiago_public_ws/install/pal_hey5_description/share/pal_hey5_description/local_setup.bash
[1.810s] -- Symlinking: /home/raaf/tiago_public_ws/install/pal_hey5_description/share/pal_hey5_description/local_setup.sh
[1.822s] -- Symlinking: /home/raaf/tiago_public_ws/install/pal_hey5_description/share/pal_hey5_description/local_setup.zsh
[1.834s] -- Symlinking: /home/raaf/tiago_public_ws/install/pal_hey5_description/share/pal_hey5_description/local_setup.dsv
[1.845s] -- Symlinking: /home/raaf/tiago_public_ws/install/pal_hey5_description/share/pal_hey5_description/package.dsv
[1.857s] -- Symlinking: /home/raaf/tiago_public_ws/install/pal_hey5_description/share/ament_index/resource_index/packages/pal_hey5_description
[1.865s] -- Symlinking: /home/raaf/tiago_public_ws/install/pal_hey5_description/share/pal_hey5_description/cmake/pal_hey5_descriptionConfig.cmake
[1.877s] -- Symlinking: /home/raaf/tiago_public_ws/install/pal_hey5_description/share/pal_hey5_description/cmake/pal_hey5_descriptionConfig-version.cmake
[1.888s] -- Symlinking: /home/raaf/tiago_public_ws/install/pal_hey5_description/share/pal_hey5_description/package.xml
[1.927s] Invoked command in '/home/raaf/tiago_public_ws/build/pal_hey5_description' returned '0': AMENT_PREFIX_PATH=/home/raaf/tiago_public_ws/install/pal_urdf_utils:${AMENT_PREFIX_PATH} CMAKE_PREFIX_PATH=/home/raaf/tiago_public_ws/install/pal_urdf_utils:/opt/ros/humble /usr/bin/cmake --install /home/raaf/tiago_public_ws/build/pal_hey5_description
