[0.430s] Invoking command in '/home/raaf/tiago_public_ws/build/play_motion2_msgs': CMAKE_PREFIX_PATH=${CMAKE_PREFIX_PATH}:/home/raaf/tiago_public_ws/install/play_motion2_cli:/home/raaf/tiago_public_ws/install/launch_pal:/opt/ros/humble /usr/bin/cmake --build /home/raaf/tiago_public_ws/build/play_motion2_msgs -- -j12 -l12
[0.566s] [  0%] Built target play_motion2_msgs__cpp
[0.590s] [  0%] Built target ament_cmake_python_symlink_play_motion2_msgs
[0.591s] [ 12%] Built target play_motion2_msgs__rosidl_typesupport_introspection_cpp
[0.984s] running egg_info
[0.985s] writing play_motion2_msgs.egg-info/PKG-INFO
[0.986s] writing dependency_links to play_motion2_msgs.egg-info/dependency_links.txt
[0.987s] writing top-level names to play_motion2_msgs.egg-info/top_level.txt
[0.990s] reading manifest file 'play_motion2_msgs.egg-info/SOURCES.txt'
[0.991s] writing manifest file 'play_motion2_msgs.egg-info/SOURCES.txt'
[1.025s] [ 12%] Built target ament_cmake_python_build_play_motion2_msgs_egg
[1.061s] [ 23%] Built target play_motion2_msgs__rosidl_typesupport_fastrtps_cpp
[1.091s] [ 35%] Built target play_motion2_msgs__rosidl_typesupport_cpp
[1.118s] [ 47%] Built target play_motion2_msgs__rosidl_generator_c
[1.150s] [ 59%] Built target play_motion2_msgs__rosidl_typesupport_fastrtps_c
[1.179s] [ 70%] Built target play_motion2_msgs__rosidl_typesupport_c
[1.208s] [ 82%] Built target play_motion2_msgs__rosidl_typesupport_introspection_c
[1.230s] [ 82%] Built target play_motion2_msgs
[1.255s] [ 83%] Built target play_motion2_msgs__py
[1.284s] [ 94%] Built target play_motion2_msgs__rosidl_generator_py
[1.309s] [ 96%] Built target play_motion2_msgs__rosidl_typesupport_fastrtps_c__pyext
[1.333s] [ 98%] Built target play_motion2_msgs__rosidl_typesupport_c__pyext
[1.358s] [100%] Built target play_motion2_msgs__rosidl_typesupport_introspection_c__pyext
[1.372s] Invoked command in '/home/raaf/tiago_public_ws/build/play_motion2_msgs' returned '0': CMAKE_PREFIX_PATH=${CMAKE_PREFIX_PATH}:/home/raaf/tiago_public_ws/install/play_motion2_cli:/home/raaf/tiago_public_ws/install/launch_pal:/opt/ros/humble /usr/bin/cmake --build /home/raaf/tiago_public_ws/build/play_motion2_msgs -- -j12 -l12
[1.374s] Invoking command in '/home/raaf/tiago_public_ws/build/play_motion2_msgs': CMAKE_PREFIX_PATH=${CMAKE_PREFIX_PATH}:/home/raaf/tiago_public_ws/install/play_motion2_cli:/home/raaf/tiago_public_ws/install/launch_pal:/opt/ros/humble /usr/bin/cmake --install /home/raaf/tiago_public_ws/build/play_motion2_msgs
[1.383s] -- Install configuration: ""
[1.383s] -- Execute custom install script
[1.384s] -- Up-to-date symlink: /home/raaf/tiago_public_ws/install/play_motion2_msgs/share/ament_index/resource_index/rosidl_interfaces/play_motion2_msgs
[1.385s] -- Up-to-date symlink: /home/raaf/tiago_public_ws/install/play_motion2_msgs/include/play_motion2_msgs/play_motion2_msgs/action/detail/play_motion2__functions.h
[1.385s] -- Up-to-date symlink: /home/raaf/tiago_public_ws/install/play_motion2_msgs/include/play_motion2_msgs/play_motion2_msgs/action/detail/play_motion2__struct.h
[1.385s] -- Up-to-date symlink: /home/raaf/tiago_public_ws/install/play_motion2_msgs/include/play_motion2_msgs/play_motion2_msgs/action/detail/play_motion2__type_support.h
[1.385s] -- Up-to-date symlink: /home/raaf/tiago_public_ws/install/play_motion2_msgs/include/play_motion2_msgs/play_motion2_msgs/action/detail/play_motion2_raw__functions.h
[1.385s] -- Up-to-date symlink: /home/raaf/tiago_public_ws/install/play_motion2_msgs/include/play_motion2_msgs/play_motion2_msgs/action/detail/play_motion2_raw__struct.h
[1.385s] -- Up-to-date symlink: /home/raaf/tiago_public_ws/install/play_motion2_msgs/include/play_motion2_msgs/play_motion2_msgs/action/detail/play_motion2_raw__type_support.h
[1.385s] -- Up-to-date symlink: /home/raaf/tiago_public_ws/install/play_motion2_msgs/include/play_motion2_msgs/play_motion2_msgs/action/play_motion2.h
[1.386s] -- Up-to-date symlink: /home/raaf/tiago_public_ws/install/play_motion2_msgs/include/play_motion2_msgs/play_motion2_msgs/action/play_motion2_raw.h
[1.386s] -- Up-to-date symlink: /home/raaf/tiago_public_ws/install/play_motion2_msgs/include/play_motion2_msgs/play_motion2_msgs/msg/detail/motion__functions.h
[1.386s] -- Up-to-date symlink: /home/raaf/tiago_public_ws/install/play_motion2_msgs/include/play_motion2_msgs/play_motion2_msgs/msg/detail/motion__struct.h
[1.386s] -- Up-to-date symlink: /home/raaf/tiago_public_ws/install/play_motion2_msgs/include/play_motion2_msgs/play_motion2_msgs/msg/detail/motion__type_support.h
[1.386s] -- Up-to-date symlink: /home/raaf/tiago_public_ws/install/play_motion2_msgs/include/play_motion2_msgs/play_motion2_msgs/msg/motion.h
[1.386s] -- Up-to-date symlink: /home/raaf/tiago_public_ws/install/play_motion2_msgs/include/play_motion2_msgs/play_motion2_msgs/msg/rosidl_generator_c__visibility_control.h
[1.386s] -- Up-to-date symlink: /home/raaf/tiago_public_ws/install/play_motion2_msgs/include/play_motion2_msgs/play_motion2_msgs/srv/add_motion.h
[1.387s] -- Up-to-date symlink: /home/raaf/tiago_public_ws/install/play_motion2_msgs/include/play_motion2_msgs/play_motion2_msgs/srv/detail/add_motion__functions.h
[1.387s] -- Up-to-date symlink: /home/raaf/tiago_public_ws/install/play_motion2_msgs/include/play_motion2_msgs/play_motion2_msgs/srv/detail/add_motion__struct.h
[1.387s] -- Up-to-date symlink: /home/raaf/tiago_public_ws/install/play_motion2_msgs/include/play_motion2_msgs/play_motion2_msgs/srv/detail/add_motion__type_support.h
[1.387s] -- Up-to-date symlink: /home/raaf/tiago_public_ws/install/play_motion2_msgs/include/play_motion2_msgs/play_motion2_msgs/srv/detail/get_motion_info__functions.h
[1.387s] -- Up-to-date symlink: /home/raaf/tiago_public_ws/install/play_motion2_msgs/include/play_motion2_msgs/play_motion2_msgs/srv/detail/get_motion_info__struct.h
[1.388s] -- Up-to-date symlink: /home/raaf/tiago_public_ws/install/play_motion2_msgs/include/play_motion2_msgs/play_motion2_msgs/srv/detail/get_motion_info__type_support.h
[1.388s] -- Up-to-date symlink: /home/raaf/tiago_public_ws/install/play_motion2_msgs/include/play_motion2_msgs/play_motion2_msgs/srv/detail/is_joint_list_ready__functions.h
[1.388s] -- Up-to-date symlink: /home/raaf/tiago_public_ws/install/play_motion2_msgs/include/play_motion2_msgs/play_motion2_msgs/srv/detail/is_joint_list_ready__struct.h
[1.388s] -- Up-to-date symlink: /home/raaf/tiago_public_ws/install/play_motion2_msgs/include/play_motion2_msgs/play_motion2_msgs/srv/detail/is_joint_list_ready__type_support.h
[1.388s] -- Up-to-date symlink: /home/raaf/tiago_public_ws/install/play_motion2_msgs/include/play_motion2_msgs/play_motion2_msgs/srv/detail/is_motion_ready__functions.h
[1.388s] -- Up-to-date symlink: /home/raaf/tiago_public_ws/install/play_motion2_msgs/include/play_motion2_msgs/play_motion2_msgs/srv/detail/is_motion_ready__struct.h
[1.388s] -- Up-to-date symlink: /home/raaf/tiago_public_ws/install/play_motion2_msgs/include/play_motion2_msgs/play_motion2_msgs/srv/detail/is_motion_ready__type_support.h
[1.388s] -- Up-to-date symlink: /home/raaf/tiago_public_ws/install/play_motion2_msgs/include/play_motion2_msgs/play_motion2_msgs/srv/detail/list_motions__functions.h
[1.388s] -- Up-to-date symlink: /home/raaf/tiago_public_ws/install/play_motion2_msgs/include/play_motion2_msgs/play_motion2_msgs/srv/detail/list_motions__struct.h
[1.389s] -- Up-to-date symlink: /home/raaf/tiago_public_ws/install/play_motion2_msgs/include/play_motion2_msgs/play_motion2_msgs/srv/detail/list_motions__type_support.h
[1.389s] -- Up-to-date symlink: /home/raaf/tiago_public_ws/install/play_motion2_msgs/include/play_motion2_msgs/play_motion2_msgs/srv/detail/remove_motion__functions.h
[1.389s] -- Up-to-date symlink: /home/raaf/tiago_public_ws/install/play_motion2_msgs/include/play_motion2_msgs/play_motion2_msgs/srv/detail/remove_motion__struct.h
[1.389s] -- Up-to-date symlink: /home/raaf/tiago_public_ws/install/play_motion2_msgs/include/play_motion2_msgs/play_motion2_msgs/srv/detail/remove_motion__type_support.h
[1.389s] -- Up-to-date symlink: /home/raaf/tiago_public_ws/install/play_motion2_msgs/include/play_motion2_msgs/play_motion2_msgs/srv/detail/save_motion__functions.h
[1.389s] -- Up-to-date symlink: /home/raaf/tiago_public_ws/install/play_motion2_msgs/include/play_motion2_msgs/play_motion2_msgs/srv/detail/save_motion__struct.h
[1.389s] -- Up-to-date symlink: /home/raaf/tiago_public_ws/install/play_motion2_msgs/include/play_motion2_msgs/play_motion2_msgs/srv/detail/save_motion__type_support.h
[1.390s] -- Up-to-date symlink: /home/raaf/tiago_public_ws/install/play_motion2_msgs/include/play_motion2_msgs/play_motion2_msgs/srv/get_motion_info.h
[1.390s] -- Up-to-date symlink: /home/raaf/tiago_public_ws/install/play_motion2_msgs/include/play_motion2_msgs/play_motion2_msgs/srv/is_joint_list_ready.h
[1.390s] -- Up-to-date symlink: /home/raaf/tiago_public_ws/install/play_motion2_msgs/include/play_motion2_msgs/play_motion2_msgs/srv/is_motion_ready.h
[1.390s] -- Up-to-date symlink: /home/raaf/tiago_public_ws/install/play_motion2_msgs/include/play_motion2_msgs/play_motion2_msgs/srv/list_motions.h
[1.390s] -- Up-to-date symlink: /home/raaf/tiago_public_ws/install/play_motion2_msgs/include/play_motion2_msgs/play_motion2_msgs/srv/remove_motion.h
[1.390s] -- Up-to-date symlink: /home/raaf/tiago_public_ws/install/play_motion2_msgs/include/play_motion2_msgs/play_motion2_msgs/srv/save_motion.h
[1.390s] -- Up-to-date symlink: /home/raaf/tiago_public_ws/install/play_motion2_msgs/share/play_motion2_msgs/environment/library_path.sh
[1.391s] -- Up-to-date symlink: /home/raaf/tiago_public_ws/install/play_motion2_msgs/share/play_motion2_msgs/environment/library_path.dsv
[1.392s] -- Up-to-date symlink: /home/raaf/tiago_public_ws/install/play_motion2_msgs/include/play_motion2_msgs/play_motion2_msgs/action/detail/play_motion2__rosidl_typesupport_fastrtps_c.h
[1.392s] -- Up-to-date symlink: /home/raaf/tiago_public_ws/install/play_motion2_msgs/include/play_motion2_msgs/play_motion2_msgs/action/detail/play_motion2_raw__rosidl_typesupport_fastrtps_c.h
[1.392s] -- Up-to-date symlink: /home/raaf/tiago_public_ws/install/play_motion2_msgs/include/play_motion2_msgs/play_motion2_msgs/msg/detail/motion__rosidl_typesupport_fastrtps_c.h
[1.392s] -- Up-to-date symlink: /home/raaf/tiago_public_ws/install/play_motion2_msgs/include/play_motion2_msgs/play_motion2_msgs/msg/rosidl_typesupport_fastrtps_c__visibility_control.h
[1.392s] -- Up-to-date symlink: /home/raaf/tiago_public_ws/install/play_motion2_msgs/include/play_motion2_msgs/play_motion2_msgs/srv/detail/add_motion__rosidl_typesupport_fastrtps_c.h
[1.392s] -- Up-to-date symlink: /home/raaf/tiago_public_ws/install/play_motion2_msgs/include/play_motion2_msgs/play_motion2_msgs/srv/detail/get_motion_info__rosidl_typesupport_fastrtps_c.h
[1.392s] -- Up-to-date symlink: /home/raaf/tiago_public_ws/install/play_motion2_msgs/include/play_motion2_msgs/play_motion2_msgs/srv/detail/is_joint_list_ready__rosidl_typesupport_fastrtps_c.h
[1.392s] -- Up-to-date symlink: /home/raaf/tiago_public_ws/install/play_motion2_msgs/include/play_motion2_msgs/play_motion2_msgs/srv/detail/is_motion_ready__rosidl_typesupport_fastrtps_c.h
[1.393s] -- Up-to-date symlink: /home/raaf/tiago_public_ws/install/play_motion2_msgs/include/play_motion2_msgs/play_motion2_msgs/srv/detail/list_motions__rosidl_typesupport_fastrtps_c.h
[1.393s] -- Up-to-date symlink: /home/raaf/tiago_public_ws/install/play_motion2_msgs/include/play_motion2_msgs/play_motion2_msgs/srv/detail/remove_motion__rosidl_typesupport_fastrtps_c.h
[1.393s] -- Up-to-date symlink: /home/raaf/tiago_public_ws/install/play_motion2_msgs/include/play_motion2_msgs/play_motion2_msgs/srv/detail/save_motion__rosidl_typesupport_fastrtps_c.h
[1.394s] -- Up-to-date symlink: /home/raaf/tiago_public_ws/install/play_motion2_msgs/include/play_motion2_msgs/play_motion2_msgs/action/detail/play_motion2__builder.hpp
[1.394s] -- Up-to-date symlink: /home/raaf/tiago_public_ws/install/play_motion2_msgs/include/play_motion2_msgs/play_motion2_msgs/action/detail/play_motion2__struct.hpp
[1.394s] -- Up-to-date symlink: /home/raaf/tiago_public_ws/install/play_motion2_msgs/include/play_motion2_msgs/play_motion2_msgs/action/detail/play_motion2__traits.hpp
[1.394s] -- Up-to-date symlink: /home/raaf/tiago_public_ws/install/play_motion2_msgs/include/play_motion2_msgs/play_motion2_msgs/action/detail/play_motion2__type_support.hpp
[1.394s] -- Up-to-date symlink: /home/raaf/tiago_public_ws/install/play_motion2_msgs/include/play_motion2_msgs/play_motion2_msgs/action/detail/play_motion2_raw__builder.hpp
[1.394s] -- Up-to-date symlink: /home/raaf/tiago_public_ws/install/play_motion2_msgs/include/play_motion2_msgs/play_motion2_msgs/action/detail/play_motion2_raw__struct.hpp
[1.394s] -- Up-to-date symlink: /home/raaf/tiago_public_ws/install/play_motion2_msgs/include/play_motion2_msgs/play_motion2_msgs/action/detail/play_motion2_raw__traits.hpp
[1.395s] -- Up-to-date symlink: /home/raaf/tiago_public_ws/install/play_motion2_msgs/include/play_motion2_msgs/play_motion2_msgs/action/detail/play_motion2_raw__type_support.hpp
[1.395s] -- Up-to-date symlink: /home/raaf/tiago_public_ws/install/play_motion2_msgs/include/play_motion2_msgs/play_motion2_msgs/action/play_motion2.hpp
[1.395s] -- Up-to-date symlink: /home/raaf/tiago_public_ws/install/play_motion2_msgs/include/play_motion2_msgs/play_motion2_msgs/action/play_motion2_raw.hpp
[1.395s] -- Up-to-date symlink: /home/raaf/tiago_public_ws/install/play_motion2_msgs/include/play_motion2_msgs/play_motion2_msgs/msg/detail/motion__builder.hpp
[1.395s] -- Up-to-date symlink: /home/raaf/tiago_public_ws/install/play_motion2_msgs/include/play_motion2_msgs/play_motion2_msgs/msg/detail/motion__struct.hpp
[1.395s] -- Up-to-date symlink: /home/raaf/tiago_public_ws/install/play_motion2_msgs/include/play_motion2_msgs/play_motion2_msgs/msg/detail/motion__traits.hpp
[1.396s] -- Up-to-date symlink: /home/raaf/tiago_public_ws/install/play_motion2_msgs/include/play_motion2_msgs/play_motion2_msgs/msg/detail/motion__type_support.hpp
[1.396s] -- Up-to-date symlink: /home/raaf/tiago_public_ws/install/play_motion2_msgs/include/play_motion2_msgs/play_motion2_msgs/msg/motion.hpp
[1.396s] -- Up-to-date symlink: /home/raaf/tiago_public_ws/install/play_motion2_msgs/include/play_motion2_msgs/play_motion2_msgs/msg/rosidl_generator_cpp__visibility_control.hpp
[1.396s] -- Up-to-date symlink: /home/raaf/tiago_public_ws/install/play_motion2_msgs/include/play_motion2_msgs/play_motion2_msgs/srv/add_motion.hpp
[1.397s] -- Up-to-date symlink: /home/raaf/tiago_public_ws/install/play_motion2_msgs/include/play_motion2_msgs/play_motion2_msgs/srv/detail/add_motion__builder.hpp
[1.397s] -- Up-to-date symlink: /home/raaf/tiago_public_ws/install/play_motion2_msgs/include/play_motion2_msgs/play_motion2_msgs/srv/detail/add_motion__struct.hpp
[1.397s] -- Up-to-date symlink: /home/raaf/tiago_public_ws/install/play_motion2_msgs/include/play_motion2_msgs/play_motion2_msgs/srv/detail/add_motion__traits.hpp
[1.397s] -- Up-to-date symlink: /home/raaf/tiago_public_ws/install/play_motion2_msgs/include/play_motion2_msgs/play_motion2_msgs/srv/detail/add_motion__type_support.hpp
[1.397s] -- Up-to-date symlink: /home/raaf/tiago_public_ws/install/play_motion2_msgs/include/play_motion2_msgs/play_motion2_msgs/srv/detail/get_motion_info__builder.hpp
[1.398s] -- Up-to-date symlink: /home/raaf/tiago_public_ws/install/play_motion2_msgs/include/play_motion2_msgs/play_motion2_msgs/srv/detail/get_motion_info__struct.hpp
[1.398s] -- Up-to-date symlink: /home/raaf/tiago_public_ws/install/play_motion2_msgs/include/play_motion2_msgs/play_motion2_msgs/srv/detail/get_motion_info__traits.hpp
[1.398s] -- Up-to-date symlink: /home/raaf/tiago_public_ws/install/play_motion2_msgs/include/play_motion2_msgs/play_motion2_msgs/srv/detail/get_motion_info__type_support.hpp
[1.398s] -- Up-to-date symlink: /home/raaf/tiago_public_ws/install/play_motion2_msgs/include/play_motion2_msgs/play_motion2_msgs/srv/detail/is_joint_list_ready__builder.hpp
[1.398s] -- Up-to-date symlink: /home/raaf/tiago_public_ws/install/play_motion2_msgs/include/play_motion2_msgs/play_motion2_msgs/srv/detail/is_joint_list_ready__struct.hpp
[1.398s] -- Up-to-date symlink: /home/raaf/tiago_public_ws/install/play_motion2_msgs/include/play_motion2_msgs/play_motion2_msgs/srv/detail/is_joint_list_ready__traits.hpp
[1.399s] -- Up-to-date symlink: /home/raaf/tiago_public_ws/install/play_motion2_msgs/include/play_motion2_msgs/play_motion2_msgs/srv/detail/is_joint_list_ready__type_support.hpp
[1.399s] -- Up-to-date symlink: /home/raaf/tiago_public_ws/install/play_motion2_msgs/include/play_motion2_msgs/play_motion2_msgs/srv/detail/is_motion_ready__builder.hpp
[1.399s] -- Up-to-date symlink: /home/raaf/tiago_public_ws/install/play_motion2_msgs/include/play_motion2_msgs/play_motion2_msgs/srv/detail/is_motion_ready__struct.hpp
[1.399s] -- Up-to-date symlink: /home/raaf/tiago_public_ws/install/play_motion2_msgs/include/play_motion2_msgs/play_motion2_msgs/srv/detail/is_motion_ready__traits.hpp
[1.399s] -- Up-to-date symlink: /home/raaf/tiago_public_ws/install/play_motion2_msgs/include/play_motion2_msgs/play_motion2_msgs/srv/detail/is_motion_ready__type_support.hpp
[1.400s] -- Up-to-date symlink: /home/raaf/tiago_public_ws/install/play_motion2_msgs/include/play_motion2_msgs/play_motion2_msgs/srv/detail/list_motions__builder.hpp
[1.400s] -- Up-to-date symlink: /home/raaf/tiago_public_ws/install/play_motion2_msgs/include/play_motion2_msgs/play_motion2_msgs/srv/detail/list_motions__struct.hpp
[1.400s] -- Up-to-date symlink: /home/raaf/tiago_public_ws/install/play_motion2_msgs/include/play_motion2_msgs/play_motion2_msgs/srv/detail/list_motions__traits.hpp
[1.400s] -- Up-to-date symlink: /home/raaf/tiago_public_ws/install/play_motion2_msgs/include/play_motion2_msgs/play_motion2_msgs/srv/detail/list_motions__type_support.hpp
[1.400s] -- Up-to-date symlink: /home/raaf/tiago_public_ws/install/play_motion2_msgs/include/play_motion2_msgs/play_motion2_msgs/srv/detail/remove_motion__builder.hpp
[1.400s] -- Up-to-date symlink: /home/raaf/tiago_public_ws/install/play_motion2_msgs/include/play_motion2_msgs/play_motion2_msgs/srv/detail/remove_motion__struct.hpp
[1.401s] -- Up-to-date symlink: /home/raaf/tiago_public_ws/install/play_motion2_msgs/include/play_motion2_msgs/play_motion2_msgs/srv/detail/remove_motion__traits.hpp
[1.401s] -- Up-to-date symlink: /home/raaf/tiago_public_ws/install/play_motion2_msgs/include/play_motion2_msgs/play_motion2_msgs/srv/detail/remove_motion__type_support.hpp
[1.401s] -- Up-to-date symlink: /home/raaf/tiago_public_ws/install/play_motion2_msgs/include/play_motion2_msgs/play_motion2_msgs/srv/detail/save_motion__builder.hpp
[1.401s] -- Up-to-date symlink: /home/raaf/tiago_public_ws/install/play_motion2_msgs/include/play_motion2_msgs/play_motion2_msgs/srv/detail/save_motion__struct.hpp
[1.401s] -- Up-to-date symlink: /home/raaf/tiago_public_ws/install/play_motion2_msgs/include/play_motion2_msgs/play_motion2_msgs/srv/detail/save_motion__traits.hpp
[1.401s] -- Up-to-date symlink: /home/raaf/tiago_public_ws/install/play_motion2_msgs/include/play_motion2_msgs/play_motion2_msgs/srv/detail/save_motion__type_support.hpp
[1.402s] -- Up-to-date symlink: /home/raaf/tiago_public_ws/install/play_motion2_msgs/include/play_motion2_msgs/play_motion2_msgs/srv/get_motion_info.hpp
[1.402s] -- Up-to-date symlink: /home/raaf/tiago_public_ws/install/play_motion2_msgs/include/play_motion2_msgs/play_motion2_msgs/srv/is_joint_list_ready.hpp
[1.402s] -- Up-to-date symlink: /home/raaf/tiago_public_ws/install/play_motion2_msgs/include/play_motion2_msgs/play_motion2_msgs/srv/is_motion_ready.hpp
[1.402s] -- Up-to-date symlink: /home/raaf/tiago_public_ws/install/play_motion2_msgs/include/play_motion2_msgs/play_motion2_msgs/srv/list_motions.hpp
[1.402s] -- Up-to-date symlink: /home/raaf/tiago_public_ws/install/play_motion2_msgs/include/play_motion2_msgs/play_motion2_msgs/srv/remove_motion.hpp
[1.402s] -- Up-to-date symlink: /home/raaf/tiago_public_ws/install/play_motion2_msgs/include/play_motion2_msgs/play_motion2_msgs/srv/save_motion.hpp
[1.403s] -- Up-to-date symlink: /home/raaf/tiago_public_ws/install/play_motion2_msgs/include/play_motion2_msgs/play_motion2_msgs/action/detail/play_motion2__rosidl_typesupport_fastrtps_cpp.hpp
[1.403s] -- Up-to-date symlink: /home/raaf/tiago_public_ws/install/play_motion2_msgs/include/play_motion2_msgs/play_motion2_msgs/action/detail/play_motion2_raw__rosidl_typesupport_fastrtps_cpp.hpp
[1.403s] -- Up-to-date symlink: /home/raaf/tiago_public_ws/install/play_motion2_msgs/include/play_motion2_msgs/play_motion2_msgs/msg/detail/motion__rosidl_typesupport_fastrtps_cpp.hpp
[1.403s] -- Up-to-date symlink: /home/raaf/tiago_public_ws/install/play_motion2_msgs/include/play_motion2_msgs/play_motion2_msgs/msg/rosidl_typesupport_fastrtps_cpp__visibility_control.h
[1.403s] -- Up-to-date symlink: /home/raaf/tiago_public_ws/install/play_motion2_msgs/include/play_motion2_msgs/play_motion2_msgs/srv/detail/add_motion__rosidl_typesupport_fastrtps_cpp.hpp
[1.404s] -- Up-to-date symlink: /home/raaf/tiago_public_ws/install/play_motion2_msgs/include/play_motion2_msgs/play_motion2_msgs/srv/detail/get_motion_info__rosidl_typesupport_fastrtps_cpp.hpp
[1.404s] -- Up-to-date symlink: /home/raaf/tiago_public_ws/install/play_motion2_msgs/include/play_motion2_msgs/play_motion2_msgs/srv/detail/is_joint_list_ready__rosidl_typesupport_fastrtps_cpp.hpp
[1.404s] -- Up-to-date symlink: /home/raaf/tiago_public_ws/install/play_motion2_msgs/include/play_motion2_msgs/play_motion2_msgs/srv/detail/is_motion_ready__rosidl_typesupport_fastrtps_cpp.hpp
[1.404s] -- Up-to-date symlink: /home/raaf/tiago_public_ws/install/play_motion2_msgs/include/play_motion2_msgs/play_motion2_msgs/srv/detail/list_motions__rosidl_typesupport_fastrtps_cpp.hpp
[1.404s] -- Up-to-date symlink: /home/raaf/tiago_public_ws/install/play_motion2_msgs/include/play_motion2_msgs/play_motion2_msgs/srv/detail/remove_motion__rosidl_typesupport_fastrtps_cpp.hpp
[1.404s] -- Up-to-date symlink: /home/raaf/tiago_public_ws/install/play_motion2_msgs/include/play_motion2_msgs/play_motion2_msgs/srv/detail/save_motion__rosidl_typesupport_fastrtps_cpp.hpp
[1.405s] -- Up-to-date symlink: /home/raaf/tiago_public_ws/install/play_motion2_msgs/include/play_motion2_msgs/play_motion2_msgs/action/detail/play_motion2__rosidl_typesupport_introspection_c.h
[1.405s] -- Up-to-date symlink: /home/raaf/tiago_public_ws/install/play_motion2_msgs/include/play_motion2_msgs/play_motion2_msgs/action/detail/play_motion2_raw__rosidl_typesupport_introspection_c.h
[1.405s] -- Up-to-date symlink: /home/raaf/tiago_public_ws/install/play_motion2_msgs/include/play_motion2_msgs/play_motion2_msgs/msg/detail/motion__rosidl_typesupport_introspection_c.h
[1.405s] -- Up-to-date symlink: /home/raaf/tiago_public_ws/install/play_motion2_msgs/include/play_motion2_msgs/play_motion2_msgs/msg/rosidl_typesupport_introspection_c__visibility_control.h
[1.405s] -- Up-to-date symlink: /home/raaf/tiago_public_ws/install/play_motion2_msgs/include/play_motion2_msgs/play_motion2_msgs/srv/detail/add_motion__rosidl_typesupport_introspection_c.h
[1.406s] -- Up-to-date symlink: /home/raaf/tiago_public_ws/install/play_motion2_msgs/include/play_motion2_msgs/play_motion2_msgs/srv/detail/get_motion_info__rosidl_typesupport_introspection_c.h
[1.406s] -- Up-to-date symlink: /home/raaf/tiago_public_ws/install/play_motion2_msgs/include/play_motion2_msgs/play_motion2_msgs/srv/detail/is_joint_list_ready__rosidl_typesupport_introspection_c.h
[1.406s] -- Up-to-date symlink: /home/raaf/tiago_public_ws/install/play_motion2_msgs/include/play_motion2_msgs/play_motion2_msgs/srv/detail/is_motion_ready__rosidl_typesupport_introspection_c.h
[1.406s] -- Up-to-date symlink: /home/raaf/tiago_public_ws/install/play_motion2_msgs/include/play_motion2_msgs/play_motion2_msgs/srv/detail/list_motions__rosidl_typesupport_introspection_c.h
[1.406s] -- Up-to-date symlink: /home/raaf/tiago_public_ws/install/play_motion2_msgs/include/play_motion2_msgs/play_motion2_msgs/srv/detail/remove_motion__rosidl_typesupport_introspection_c.h
[1.406s] -- Up-to-date symlink: /home/raaf/tiago_public_ws/install/play_motion2_msgs/include/play_motion2_msgs/play_motion2_msgs/srv/detail/save_motion__rosidl_typesupport_introspection_c.h
[1.407s] -- Up-to-date symlink: /home/raaf/tiago_public_ws/install/play_motion2_msgs/include/play_motion2_msgs/play_motion2_msgs/action/detail/play_motion2__rosidl_typesupport_introspection_cpp.hpp
[1.407s] -- Up-to-date symlink: /home/raaf/tiago_public_ws/install/play_motion2_msgs/include/play_motion2_msgs/play_motion2_msgs/action/detail/play_motion2_raw__rosidl_typesupport_introspection_cpp.hpp
[1.407s] -- Up-to-date symlink: /home/raaf/tiago_public_ws/install/play_motion2_msgs/include/play_motion2_msgs/play_motion2_msgs/msg/detail/motion__rosidl_typesupport_introspection_cpp.hpp
[1.407s] -- Up-to-date symlink: /home/raaf/tiago_public_ws/install/play_motion2_msgs/include/play_motion2_msgs/play_motion2_msgs/srv/detail/add_motion__rosidl_typesupport_introspection_cpp.hpp
[1.407s] -- Up-to-date symlink: /home/raaf/tiago_public_ws/install/play_motion2_msgs/include/play_motion2_msgs/play_motion2_msgs/srv/detail/get_motion_info__rosidl_typesupport_introspection_cpp.hpp
[1.408s] -- Up-to-date symlink: /home/raaf/tiago_public_ws/install/play_motion2_msgs/include/play_motion2_msgs/play_motion2_msgs/srv/detail/is_joint_list_ready__rosidl_typesupport_introspection_cpp.hpp
[1.408s] -- Up-to-date symlink: /home/raaf/tiago_public_ws/install/play_motion2_msgs/include/play_motion2_msgs/play_motion2_msgs/srv/detail/is_motion_ready__rosidl_typesupport_introspection_cpp.hpp
[1.408s] -- Up-to-date symlink: /home/raaf/tiago_public_ws/install/play_motion2_msgs/include/play_motion2_msgs/play_motion2_msgs/srv/detail/list_motions__rosidl_typesupport_introspection_cpp.hpp
[1.408s] -- Up-to-date symlink: /home/raaf/tiago_public_ws/install/play_motion2_msgs/include/play_motion2_msgs/play_motion2_msgs/srv/detail/remove_motion__rosidl_typesupport_introspection_cpp.hpp
[1.408s] -- Up-to-date symlink: /home/raaf/tiago_public_ws/install/play_motion2_msgs/include/play_motion2_msgs/play_motion2_msgs/srv/detail/save_motion__rosidl_typesupport_introspection_cpp.hpp
[1.408s] -- Up-to-date symlink: /home/raaf/tiago_public_ws/install/play_motion2_msgs/share/play_motion2_msgs/environment/pythonpath.sh
[1.409s] -- Up-to-date symlink: /home/raaf/tiago_public_ws/install/play_motion2_msgs/share/play_motion2_msgs/environment/pythonpath.dsv
[1.409s] -- Up-to-date symlink: /home/raaf/tiago_public_ws/install/play_motion2_msgs/local/lib/python3.10/dist-packages/play_motion2_msgs-1.8.2-py3.10.egg-info/PKG-INFO
[1.409s] -- Up-to-date symlink: /home/raaf/tiago_public_ws/install/play_motion2_msgs/local/lib/python3.10/dist-packages/play_motion2_msgs-1.8.2-py3.10.egg-info/SOURCES.txt
[1.409s] -- Up-to-date symlink: /home/raaf/tiago_public_ws/install/play_motion2_msgs/local/lib/python3.10/dist-packages/play_motion2_msgs-1.8.2-py3.10.egg-info/dependency_links.txt
[1.409s] -- Up-to-date symlink: /home/raaf/tiago_public_ws/install/play_motion2_msgs/local/lib/python3.10/dist-packages/play_motion2_msgs-1.8.2-py3.10.egg-info/top_level.txt
[1.410s] -- Up-to-date symlink: /home/raaf/tiago_public_ws/install/play_motion2_msgs/local/lib/python3.10/dist-packages/play_motion2_msgs/__init__.py
[1.410s] -- Up-to-date symlink: /home/raaf/tiago_public_ws/install/play_motion2_msgs/local/lib/python3.10/dist-packages/play_motion2_msgs/_play_motion2_msgs_s.ep.rosidl_typesupport_c.c
[1.410s] -- Up-to-date symlink: /home/raaf/tiago_public_ws/install/play_motion2_msgs/local/lib/python3.10/dist-packages/play_motion2_msgs/_play_motion2_msgs_s.ep.rosidl_typesupport_fastrtps_c.c
[1.410s] -- Up-to-date symlink: /home/raaf/tiago_public_ws/install/play_motion2_msgs/local/lib/python3.10/dist-packages/play_motion2_msgs/_play_motion2_msgs_s.ep.rosidl_typesupport_introspection_c.c
[1.411s] -- Up-to-date symlink: /home/raaf/tiago_public_ws/install/play_motion2_msgs/local/lib/python3.10/dist-packages/play_motion2_msgs/action/__init__.py
[1.411s] -- Up-to-date symlink: /home/raaf/tiago_public_ws/install/play_motion2_msgs/local/lib/python3.10/dist-packages/play_motion2_msgs/action/_play_motion2.py
[1.411s] -- Up-to-date symlink: /home/raaf/tiago_public_ws/install/play_motion2_msgs/local/lib/python3.10/dist-packages/play_motion2_msgs/action/_play_motion2_raw.py
[1.411s] -- Up-to-date symlink: /home/raaf/tiago_public_ws/install/play_motion2_msgs/local/lib/python3.10/dist-packages/play_motion2_msgs/action/_play_motion2_raw_s.c
[1.411s] -- Up-to-date symlink: /home/raaf/tiago_public_ws/install/play_motion2_msgs/local/lib/python3.10/dist-packages/play_motion2_msgs/action/_play_motion2_s.c
[1.412s] -- Up-to-date symlink: /home/raaf/tiago_public_ws/install/play_motion2_msgs/local/lib/python3.10/dist-packages/play_motion2_msgs/libplay_motion2_msgs__rosidl_generator_py.so
[1.412s] -- Up-to-date symlink: /home/raaf/tiago_public_ws/install/play_motion2_msgs/local/lib/python3.10/dist-packages/play_motion2_msgs/msg/__init__.py
[1.412s] -- Up-to-date symlink: /home/raaf/tiago_public_ws/install/play_motion2_msgs/local/lib/python3.10/dist-packages/play_motion2_msgs/msg/_motion.py
[1.412s] -- Up-to-date symlink: /home/raaf/tiago_public_ws/install/play_motion2_msgs/local/lib/python3.10/dist-packages/play_motion2_msgs/msg/_motion_s.c
[1.412s] -- Up-to-date symlink: /home/raaf/tiago_public_ws/install/play_motion2_msgs/local/lib/python3.10/dist-packages/play_motion2_msgs/play_motion2_msgs_s__rosidl_typesupport_c.cpython-310-x86_64-linux-gnu.so
[1.412s] -- Up-to-date symlink: /home/raaf/tiago_public_ws/install/play_motion2_msgs/local/lib/python3.10/dist-packages/play_motion2_msgs/play_motion2_msgs_s__rosidl_typesupport_fastrtps_c.cpython-310-x86_64-linux-gnu.so
[1.413s] -- Up-to-date symlink: /home/raaf/tiago_public_ws/install/play_motion2_msgs/local/lib/python3.10/dist-packages/play_motion2_msgs/play_motion2_msgs_s__rosidl_typesupport_introspection_c.cpython-310-x86_64-linux-gnu.so
[1.413s] -- Up-to-date symlink: /home/raaf/tiago_public_ws/install/play_motion2_msgs/local/lib/python3.10/dist-packages/play_motion2_msgs/srv/__init__.py
[1.413s] -- Up-to-date symlink: /home/raaf/tiago_public_ws/install/play_motion2_msgs/local/lib/python3.10/dist-packages/play_motion2_msgs/srv/_add_motion.py
[1.413s] -- Up-to-date symlink: /home/raaf/tiago_public_ws/install/play_motion2_msgs/local/lib/python3.10/dist-packages/play_motion2_msgs/srv/_add_motion_s.c
[1.413s] -- Up-to-date symlink: /home/raaf/tiago_public_ws/install/play_motion2_msgs/local/lib/python3.10/dist-packages/play_motion2_msgs/srv/_get_motion_info.py
[1.414s] -- Up-to-date symlink: /home/raaf/tiago_public_ws/install/play_motion2_msgs/local/lib/python3.10/dist-packages/play_motion2_msgs/srv/_get_motion_info_s.c
[1.414s] -- Up-to-date symlink: /home/raaf/tiago_public_ws/install/play_motion2_msgs/local/lib/python3.10/dist-packages/play_motion2_msgs/srv/_is_joint_list_ready.py
[1.414s] -- Up-to-date symlink: /home/raaf/tiago_public_ws/install/play_motion2_msgs/local/lib/python3.10/dist-packages/play_motion2_msgs/srv/_is_joint_list_ready_s.c
[1.414s] -- Up-to-date symlink: /home/raaf/tiago_public_ws/install/play_motion2_msgs/local/lib/python3.10/dist-packages/play_motion2_msgs/srv/_is_motion_ready.py
[1.414s] -- Up-to-date symlink: /home/raaf/tiago_public_ws/install/play_motion2_msgs/local/lib/python3.10/dist-packages/play_motion2_msgs/srv/_is_motion_ready_s.c
[1.415s] -- Up-to-date symlink: /home/raaf/tiago_public_ws/install/play_motion2_msgs/local/lib/python3.10/dist-packages/play_motion2_msgs/srv/_list_motions.py
[1.415s] -- Up-to-date symlink: /home/raaf/tiago_public_ws/install/play_motion2_msgs/local/lib/python3.10/dist-packages/play_motion2_msgs/srv/_list_motions_s.c
[1.415s] -- Up-to-date symlink: /home/raaf/tiago_public_ws/install/play_motion2_msgs/local/lib/python3.10/dist-packages/play_motion2_msgs/srv/_remove_motion.py
[1.415s] -- Up-to-date symlink: /home/raaf/tiago_public_ws/install/play_motion2_msgs/local/lib/python3.10/dist-packages/play_motion2_msgs/srv/_remove_motion_s.c
[1.415s] -- Up-to-date symlink: /home/raaf/tiago_public_ws/install/play_motion2_msgs/local/lib/python3.10/dist-packages/play_motion2_msgs/srv/_save_motion.py
[1.415s] -- Up-to-date symlink: /home/raaf/tiago_public_ws/install/play_motion2_msgs/local/lib/python3.10/dist-packages/play_motion2_msgs/srv/_save_motion_s.c
[1.416s] -- Up-to-date symlink: /home/raaf/tiago_public_ws/install/play_motion2_msgs/local/lib/python3.10/dist-packages/play_motion2_msgs/play_motion2_msgs_s__rosidl_typesupport_fastrtps_c.cpython-310-x86_64-linux-gnu.so
[1.416s] -- Up-to-date symlink: /home/raaf/tiago_public_ws/install/play_motion2_msgs/local/lib/python3.10/dist-packages/play_motion2_msgs/play_motion2_msgs_s__rosidl_typesupport_introspection_c.cpython-310-x86_64-linux-gnu.so
[1.416s] -- Up-to-date symlink: /home/raaf/tiago_public_ws/install/play_motion2_msgs/local/lib/python3.10/dist-packages/play_motion2_msgs/play_motion2_msgs_s__rosidl_typesupport_c.cpython-310-x86_64-linux-gnu.so
[1.416s] -- Up-to-date symlink: /home/raaf/tiago_public_ws/install/play_motion2_msgs/share/play_motion2_msgs/msg/Motion.idl
[1.416s] -- Up-to-date symlink: /home/raaf/tiago_public_ws/install/play_motion2_msgs/share/play_motion2_msgs/srv/AddMotion.idl
[1.417s] -- Up-to-date symlink: /home/raaf/tiago_public_ws/install/play_motion2_msgs/share/play_motion2_msgs/srv/GetMotionInfo.idl
[1.417s] -- Up-to-date symlink: /home/raaf/tiago_public_ws/install/play_motion2_msgs/share/play_motion2_msgs/srv/IsMotionReady.idl
[1.417s] -- Up-to-date symlink: /home/raaf/tiago_public_ws/install/play_motion2_msgs/share/play_motion2_msgs/srv/IsJointListReady.idl
[1.417s] -- Up-to-date symlink: /home/raaf/tiago_public_ws/install/play_motion2_msgs/share/play_motion2_msgs/srv/ListMotions.idl
[1.417s] -- Up-to-date symlink: /home/raaf/tiago_public_ws/install/play_motion2_msgs/share/play_motion2_msgs/srv/RemoveMotion.idl
[1.417s] -- Up-to-date symlink: /home/raaf/tiago_public_ws/install/play_motion2_msgs/share/play_motion2_msgs/srv/SaveMotion.idl
[1.418s] -- Up-to-date symlink: /home/raaf/tiago_public_ws/install/play_motion2_msgs/share/play_motion2_msgs/action/PlayMotion2.idl
[1.418s] -- Up-to-date symlink: /home/raaf/tiago_public_ws/install/play_motion2_msgs/share/play_motion2_msgs/action/PlayMotion2Raw.idl
[1.418s] -- Up-to-date symlink: /home/raaf/tiago_public_ws/install/play_motion2_msgs/share/play_motion2_msgs/msg/Motion.msg
[1.418s] -- Up-to-date symlink: /home/raaf/tiago_public_ws/install/play_motion2_msgs/share/play_motion2_msgs/srv/AddMotion.srv
[1.419s] -- Up-to-date symlink: /home/raaf/tiago_public_ws/install/play_motion2_msgs/share/play_motion2_msgs/srv/AddMotion_Request.msg
[1.419s] -- Up-to-date symlink: /home/raaf/tiago_public_ws/install/play_motion2_msgs/share/play_motion2_msgs/srv/AddMotion_Response.msg
[1.419s] -- Up-to-date symlink: /home/raaf/tiago_public_ws/install/play_motion2_msgs/share/play_motion2_msgs/srv/GetMotionInfo.srv
[1.419s] -- Up-to-date symlink: /home/raaf/tiago_public_ws/install/play_motion2_msgs/share/play_motion2_msgs/srv/GetMotionInfo_Request.msg
[1.419s] -- Up-to-date symlink: /home/raaf/tiago_public_ws/install/play_motion2_msgs/share/play_motion2_msgs/srv/GetMotionInfo_Response.msg
[1.420s] -- Up-to-date symlink: /home/raaf/tiago_public_ws/install/play_motion2_msgs/share/play_motion2_msgs/srv/IsMotionReady.srv
[1.420s] -- Up-to-date symlink: /home/raaf/tiago_public_ws/install/play_motion2_msgs/share/play_motion2_msgs/srv/IsMotionReady_Request.msg
[1.420s] -- Up-to-date symlink: /home/raaf/tiago_public_ws/install/play_motion2_msgs/share/play_motion2_msgs/srv/IsMotionReady_Response.msg
[1.420s] -- Up-to-date symlink: /home/raaf/tiago_public_ws/install/play_motion2_msgs/share/play_motion2_msgs/srv/IsJointListReady.srv
[1.420s] -- Up-to-date symlink: /home/raaf/tiago_public_ws/install/play_motion2_msgs/share/play_motion2_msgs/srv/IsJointListReady_Request.msg
[1.421s] -- Up-to-date symlink: /home/raaf/tiago_public_ws/install/play_motion2_msgs/share/play_motion2_msgs/srv/IsJointListReady_Response.msg
[1.421s] -- Up-to-date symlink: /home/raaf/tiago_public_ws/install/play_motion2_msgs/share/play_motion2_msgs/srv/ListMotions.srv
[1.421s] -- Up-to-date symlink: /home/raaf/tiago_public_ws/install/play_motion2_msgs/share/play_motion2_msgs/srv/ListMotions_Request.msg
[1.421s] -- Up-to-date symlink: /home/raaf/tiago_public_ws/install/play_motion2_msgs/share/play_motion2_msgs/srv/ListMotions_Response.msg
[1.422s] -- Up-to-date symlink: /home/raaf/tiago_public_ws/install/play_motion2_msgs/share/play_motion2_msgs/srv/RemoveMotion.srv
[1.422s] -- Up-to-date symlink: /home/raaf/tiago_public_ws/install/play_motion2_msgs/share/play_motion2_msgs/srv/RemoveMotion_Request.msg
[1.422s] -- Up-to-date symlink: /home/raaf/tiago_public_ws/install/play_motion2_msgs/share/play_motion2_msgs/srv/RemoveMotion_Response.msg
[1.422s] -- Up-to-date symlink: /home/raaf/tiago_public_ws/install/play_motion2_msgs/share/play_motion2_msgs/srv/SaveMotion.srv
[1.423s] -- Up-to-date symlink: /home/raaf/tiago_public_ws/install/play_motion2_msgs/share/play_motion2_msgs/srv/SaveMotion_Request.msg
[1.423s] -- Up-to-date symlink: /home/raaf/tiago_public_ws/install/play_motion2_msgs/share/play_motion2_msgs/srv/SaveMotion_Response.msg
[1.423s] -- Up-to-date symlink: /home/raaf/tiago_public_ws/install/play_motion2_msgs/share/play_motion2_msgs/action/PlayMotion2.action
[1.423s] -- Up-to-date symlink: /home/raaf/tiago_public_ws/install/play_motion2_msgs/share/play_motion2_msgs/action/PlayMotion2Raw.action
[1.424s] -- Up-to-date symlink: /home/raaf/tiago_public_ws/install/play_motion2_msgs/share/ament_index/resource_index/package_run_dependencies/play_motion2_msgs
[1.424s] -- Up-to-date symlink: /home/raaf/tiago_public_ws/install/play_motion2_msgs/share/ament_index/resource_index/parent_prefix_path/play_motion2_msgs
[1.424s] -- Up-to-date symlink: /home/raaf/tiago_public_ws/install/play_motion2_msgs/share/play_motion2_msgs/environment/ament_prefix_path.sh
[1.424s] -- Up-to-date symlink: /home/raaf/tiago_public_ws/install/play_motion2_msgs/share/play_motion2_msgs/environment/ament_prefix_path.dsv
[1.425s] -- Up-to-date symlink: /home/raaf/tiago_public_ws/install/play_motion2_msgs/share/play_motion2_msgs/environment/path.sh
[1.425s] -- Up-to-date symlink: /home/raaf/tiago_public_ws/install/play_motion2_msgs/share/play_motion2_msgs/environment/path.dsv
[1.425s] -- Up-to-date symlink: /home/raaf/tiago_public_ws/install/play_motion2_msgs/share/play_motion2_msgs/local_setup.bash
[1.425s] -- Up-to-date symlink: /home/raaf/tiago_public_ws/install/play_motion2_msgs/share/play_motion2_msgs/local_setup.sh
[1.425s] -- Up-to-date symlink: /home/raaf/tiago_public_ws/install/play_motion2_msgs/share/play_motion2_msgs/local_setup.zsh
[1.425s] -- Up-to-date symlink: /home/raaf/tiago_public_ws/install/play_motion2_msgs/share/play_motion2_msgs/local_setup.dsv
[1.426s] -- Symlinking: /home/raaf/tiago_public_ws/install/play_motion2_msgs/share/play_motion2_msgs/package.dsv
[1.437s] -- Up-to-date symlink: /home/raaf/tiago_public_ws/install/play_motion2_msgs/share/ament_index/resource_index/packages/play_motion2_msgs
[1.437s] -- Up-to-date symlink: /home/raaf/tiago_public_ws/install/play_motion2_msgs/share/play_motion2_msgs/cmake/rosidl_cmake-extras.cmake
[1.437s] -- Up-to-date symlink: /home/raaf/tiago_public_ws/install/play_motion2_msgs/share/play_motion2_msgs/cmake/ament_cmake_export_dependencies-extras.cmake
[1.437s] -- Up-to-date symlink: /home/raaf/tiago_public_ws/install/play_motion2_msgs/share/play_motion2_msgs/cmake/ament_cmake_export_include_directories-extras.cmake
[1.437s] -- Up-to-date symlink: /home/raaf/tiago_public_ws/install/play_motion2_msgs/share/play_motion2_msgs/cmake/ament_cmake_export_libraries-extras.cmake
[1.438s] -- Up-to-date symlink: /home/raaf/tiago_public_ws/install/play_motion2_msgs/share/play_motion2_msgs/cmake/ament_cmake_export_targets-extras.cmake
[1.438s] -- Up-to-date symlink: /home/raaf/tiago_public_ws/install/play_motion2_msgs/share/play_motion2_msgs/cmake/rosidl_cmake_export_typesupport_targets-extras.cmake
[1.438s] -- Up-to-date symlink: /home/raaf/tiago_public_ws/install/play_motion2_msgs/share/play_motion2_msgs/cmake/rosidl_cmake_export_typesupport_libraries-extras.cmake
[1.438s] -- Up-to-date symlink: /home/raaf/tiago_public_ws/install/play_motion2_msgs/share/play_motion2_msgs/cmake/play_motion2_msgsConfig.cmake
[1.438s] -- Up-to-date symlink: /home/raaf/tiago_public_ws/install/play_motion2_msgs/share/play_motion2_msgs/cmake/play_motion2_msgsConfig-version.cmake
[1.438s] -- Up-to-date symlink: /home/raaf/tiago_public_ws/install/play_motion2_msgs/share/play_motion2_msgs/package.xml
[1.439s] -- Up-to-date: /home/raaf/tiago_public_ws/install/play_motion2_msgs/lib/libplay_motion2_msgs__rosidl_generator_c.so
[1.439s] -- Up-to-date: /home/raaf/tiago_public_ws/install/play_motion2_msgs/lib/libplay_motion2_msgs__rosidl_typesupport_fastrtps_c.so
[1.439s] -- Up-to-date: /home/raaf/tiago_public_ws/install/play_motion2_msgs/lib/libplay_motion2_msgs__rosidl_typesupport_fastrtps_cpp.so
[1.440s] -- Up-to-date: /home/raaf/tiago_public_ws/install/play_motion2_msgs/lib/libplay_motion2_msgs__rosidl_typesupport_introspection_c.so
[1.440s] -- Up-to-date: /home/raaf/tiago_public_ws/install/play_motion2_msgs/lib/libplay_motion2_msgs__rosidl_typesupport_c.so
[1.440s] -- Up-to-date: /home/raaf/tiago_public_ws/install/play_motion2_msgs/lib/libplay_motion2_msgs__rosidl_typesupport_introspection_cpp.so
[1.440s] -- Up-to-date: /home/raaf/tiago_public_ws/install/play_motion2_msgs/lib/libplay_motion2_msgs__rosidl_typesupport_cpp.so
[1.488s] Listing '/home/raaf/tiago_public_ws/install/play_motion2_msgs/local/lib/python3.10/dist-packages/play_motion2_msgs'...
[1.488s] Listing '/home/raaf/tiago_public_ws/install/play_motion2_msgs/local/lib/python3.10/dist-packages/play_motion2_msgs/action'...
[1.488s] Listing '/home/raaf/tiago_public_ws/install/play_motion2_msgs/local/lib/python3.10/dist-packages/play_motion2_msgs/msg'...
[1.488s] Listing '/home/raaf/tiago_public_ws/install/play_motion2_msgs/local/lib/python3.10/dist-packages/play_motion2_msgs/srv'...
[1.493s] -- Up-to-date: /home/raaf/tiago_public_ws/install/play_motion2_msgs/lib/libplay_motion2_msgs__rosidl_generator_py.so
[1.493s] -- Up-to-date: /home/raaf/tiago_public_ws/install/play_motion2_msgs/share/play_motion2_msgs/cmake/export_play_motion2_msgs__rosidl_generator_cExport.cmake
[1.493s] -- Up-to-date: /home/raaf/tiago_public_ws/install/play_motion2_msgs/share/play_motion2_msgs/cmake/export_play_motion2_msgs__rosidl_generator_cExport-noconfig.cmake
[1.494s] -- Up-to-date: /home/raaf/tiago_public_ws/install/play_motion2_msgs/share/play_motion2_msgs/cmake/export_play_motion2_msgs__rosidl_typesupport_fastrtps_cExport.cmake
[1.494s] -- Up-to-date: /home/raaf/tiago_public_ws/install/play_motion2_msgs/share/play_motion2_msgs/cmake/export_play_motion2_msgs__rosidl_typesupport_fastrtps_cExport-noconfig.cmake
[1.494s] -- Up-to-date: /home/raaf/tiago_public_ws/install/play_motion2_msgs/share/play_motion2_msgs/cmake/export_play_motion2_msgs__rosidl_generator_cppExport.cmake
[1.494s] -- Up-to-date: /home/raaf/tiago_public_ws/install/play_motion2_msgs/share/play_motion2_msgs/cmake/export_play_motion2_msgs__rosidl_typesupport_fastrtps_cppExport.cmake
[1.494s] -- Up-to-date: /home/raaf/tiago_public_ws/install/play_motion2_msgs/share/play_motion2_msgs/cmake/export_play_motion2_msgs__rosidl_typesupport_fastrtps_cppExport-noconfig.cmake
[1.494s] -- Up-to-date: /home/raaf/tiago_public_ws/install/play_motion2_msgs/share/play_motion2_msgs/cmake/play_motion2_msgs__rosidl_typesupport_introspection_cExport.cmake
[1.494s] -- Up-to-date: /home/raaf/tiago_public_ws/install/play_motion2_msgs/share/play_motion2_msgs/cmake/play_motion2_msgs__rosidl_typesupport_introspection_cExport-noconfig.cmake
[1.494s] -- Up-to-date: /home/raaf/tiago_public_ws/install/play_motion2_msgs/share/play_motion2_msgs/cmake/play_motion2_msgs__rosidl_typesupport_cExport.cmake
[1.495s] -- Up-to-date: /home/raaf/tiago_public_ws/install/play_motion2_msgs/share/play_motion2_msgs/cmake/play_motion2_msgs__rosidl_typesupport_cExport-noconfig.cmake
[1.495s] -- Up-to-date: /home/raaf/tiago_public_ws/install/play_motion2_msgs/share/play_motion2_msgs/cmake/play_motion2_msgs__rosidl_typesupport_introspection_cppExport.cmake
[1.495s] -- Up-to-date: /home/raaf/tiago_public_ws/install/play_motion2_msgs/share/play_motion2_msgs/cmake/play_motion2_msgs__rosidl_typesupport_introspection_cppExport-noconfig.cmake
[1.495s] -- Up-to-date: /home/raaf/tiago_public_ws/install/play_motion2_msgs/share/play_motion2_msgs/cmake/play_motion2_msgs__rosidl_typesupport_cppExport.cmake
[1.495s] -- Up-to-date: /home/raaf/tiago_public_ws/install/play_motion2_msgs/share/play_motion2_msgs/cmake/play_motion2_msgs__rosidl_typesupport_cppExport-noconfig.cmake
[1.495s] -- Up-to-date: /home/raaf/tiago_public_ws/install/play_motion2_msgs/share/play_motion2_msgs/cmake/export_play_motion2_msgs__rosidl_generator_pyExport.cmake
[1.495s] -- Up-to-date: /home/raaf/tiago_public_ws/install/play_motion2_msgs/share/play_motion2_msgs/cmake/export_play_motion2_msgs__rosidl_generator_pyExport-noconfig.cmake
[1.497s] Invoked command in '/home/raaf/tiago_public_ws/build/play_motion2_msgs' returned '0': CMAKE_PREFIX_PATH=${CMAKE_PREFIX_PATH}:/home/raaf/tiago_public_ws/install/play_motion2_cli:/home/raaf/tiago_public_ws/install/launch_pal:/opt/ros/humble /usr/bin/cmake --install /home/raaf/tiago_public_ws/build/play_motion2_msgs
