[0.017s] Invoking command in '/home/raaf/tiago_public_ws/build/play_motion2': CMAKE_PREFIX_PATH=/home/raaf/tiago_public_ws/install/play_motion2_msgs:/home/raaf/tiago_public_ws/install/urdf_test:/home/raaf/tiago_public_ws/install/tiago_simulation:/home/raaf/tiago_public_ws/install/tiago_robot:/home/raaf/tiago_public_ws/install/tiago_navigation:/home/raaf/tiago_public_ws/install/tiago_rgbd_sensors:/home/raaf/tiago_public_ws/install/tiago_gazebo:/home/raaf/tiago_public_ws/install/tiago_moveit_config:/home/raaf/tiago_public_ws/install/tiago_laser_sensors:/home/raaf/tiago_public_ws/install/tiago_bringup:/home/raaf/tiago_public_ws/install/tiago_description:/home/raaf/tiago_public_ws/install/tiago_controller_configuration:/home/raaf/tiago_public_ws/install/tiago_2dnav:/home/raaf/tiago_public_ws/install/pmb2_robot:/home/raaf/tiago_public_ws/install/pmb2_rgbd_sensors:/home/raaf/tiago_public_ws/install/pmb2_navigation:/home/raaf/tiago_public_ws/install/pmb2_laser_sensors:/home/raaf/tiago_public_ws/install/pmb2_bringup:/home/raaf/tiago_public_ws/install/pmb2_description:/home/raaf/tiago_public_ws/install/pmb2_controller_configuration:/home/raaf/tiago_public_ws/install/pmb2_2dnav:/home/raaf/tiago_public_ws/install/play_motion2:/home/raaf/tiago_public_ws/install/pal_hey5:/home/raaf/tiago_public_ws/install/pal_hey5_description:/home/raaf/tiago_public_ws/install/pal_gripper_simulation:/home/raaf/tiago_public_ws/install/pal_gripper:/home/raaf/tiago_public_ws/install/pal_gripper_description:/home/raaf/tiago_public_ws/install/pal_urdf_utils:/home/raaf/tiago_public_ws/install/pal_robotiq_gripper:/home/raaf/tiago_public_ws/install/pal_robotiq_description:/home/raaf/tiago_public_ws/install/pal_robotiq_controller_configuration:/home/raaf/tiago_public_ws/install/pal_navigation_cfg:/home/raaf/tiago_public_ws/install/pal_navigation_cfg_bringup:/home/raaf/tiago_public_ws/install/pal_navigation_cfg_params:/home/raaf/tiago_public_ws/install/pal_hey5_controller_configuration:/home/raaf/tiago_public_ws/install/pal_gripper_controller_configuration:/home/raaf/tiago_public_ws/install/pal_gazebo_worlds:/home/raaf/tiago_public_ws/install/play_motion2_cli:/home/raaf/tiago_public_ws/install/launch_pal:/opt/ros/humble LD_LIBRARY_PATH=/home/raaf/tiago_public_ws/install/play_motion2_msgs/lib:/home/raaf/tiago_public_ws/install/play_motion2/lib:/usr/lib/x86_64-linux-gnu/gazebo-11/plugins:/opt/ros/humble/opt/rviz_ogre_vendor/lib:/opt/ros/humble/lib/x86_64-linux-gnu:/opt/ros/humble/lib /usr/bin/cmake --build /home/raaf/tiago_public_ws/build/play_motion2 -- -j12 -l12
[0.084s] [  8%] Built target passthrough_controller_parameters
[0.086s] [ 16%] Built target gtest_main
[0.090s] [ 24%] Built target gtest
[0.095s] [ 24%] Built target ament_cmake_python_symlink_play_motion2
[0.098s] [ 32%] Built target client
[0.115s] [ 56%] Built target play_motion2_node
[0.126s] [ 64%] Built target passthrough_controller
[0.131s] [ 72%] Built target play_motion2_node_test
[0.132s] [ 80%] Built target rrbot_system
[0.133s] [ 88%] Built target run_motion
[0.167s] [100%] Built target motion_loader_test
[0.452s] running egg_info
[0.453s] writing play_motion2.egg-info/PKG-INFO
[0.453s] writing dependency_links to play_motion2.egg-info/dependency_links.txt
[0.454s] writing top-level names to play_motion2.egg-info/top_level.txt
[0.456s] reading manifest file 'play_motion2.egg-info/SOURCES.txt'
[0.457s] writing manifest file 'play_motion2.egg-info/SOURCES.txt'
[0.487s] [100%] Built target ament_cmake_python_build_play_motion2_egg
[0.500s] Invoked command in '/home/raaf/tiago_public_ws/build/play_motion2' returned '0': CMAKE_PREFIX_PATH=/home/raaf/tiago_public_ws/install/play_motion2_msgs:/home/raaf/tiago_public_ws/install/urdf_test:/home/raaf/tiago_public_ws/install/tiago_simulation:/home/raaf/tiago_public_ws/install/tiago_robot:/home/raaf/tiago_public_ws/install/tiago_navigation:/home/raaf/tiago_public_ws/install/tiago_rgbd_sensors:/home/raaf/tiago_public_ws/install/tiago_gazebo:/home/raaf/tiago_public_ws/install/tiago_moveit_config:/home/raaf/tiago_public_ws/install/tiago_laser_sensors:/home/raaf/tiago_public_ws/install/tiago_bringup:/home/raaf/tiago_public_ws/install/tiago_description:/home/raaf/tiago_public_ws/install/tiago_controller_configuration:/home/raaf/tiago_public_ws/install/tiago_2dnav:/home/raaf/tiago_public_ws/install/pmb2_robot:/home/raaf/tiago_public_ws/install/pmb2_rgbd_sensors:/home/raaf/tiago_public_ws/install/pmb2_navigation:/home/raaf/tiago_public_ws/install/pmb2_laser_sensors:/home/raaf/tiago_public_ws/install/pmb2_bringup:/home/raaf/tiago_public_ws/install/pmb2_description:/home/raaf/tiago_public_ws/install/pmb2_controller_configuration:/home/raaf/tiago_public_ws/install/pmb2_2dnav:/home/raaf/tiago_public_ws/install/play_motion2:/home/raaf/tiago_public_ws/install/pal_hey5:/home/raaf/tiago_public_ws/install/pal_hey5_description:/home/raaf/tiago_public_ws/install/pal_gripper_simulation:/home/raaf/tiago_public_ws/install/pal_gripper:/home/raaf/tiago_public_ws/install/pal_gripper_description:/home/raaf/tiago_public_ws/install/pal_urdf_utils:/home/raaf/tiago_public_ws/install/pal_robotiq_gripper:/home/raaf/tiago_public_ws/install/pal_robotiq_description:/home/raaf/tiago_public_ws/install/pal_robotiq_controller_configuration:/home/raaf/tiago_public_ws/install/pal_navigation_cfg:/home/raaf/tiago_public_ws/install/pal_navigation_cfg_bringup:/home/raaf/tiago_public_ws/install/pal_navigation_cfg_params:/home/raaf/tiago_public_ws/install/pal_hey5_controller_configuration:/home/raaf/tiago_public_ws/install/pal_gripper_controller_configuration:/home/raaf/tiago_public_ws/install/pal_gazebo_worlds:/home/raaf/tiago_public_ws/install/play_motion2_cli:/home/raaf/tiago_public_ws/install/launch_pal:/opt/ros/humble LD_LIBRARY_PATH=/home/raaf/tiago_public_ws/install/play_motion2_msgs/lib:/home/raaf/tiago_public_ws/install/play_motion2/lib:/usr/lib/x86_64-linux-gnu/gazebo-11/plugins:/opt/ros/humble/opt/rviz_ogre_vendor/lib:/opt/ros/humble/lib/x86_64-linux-gnu:/opt/ros/humble/lib /usr/bin/cmake --build /home/raaf/tiago_public_ws/build/play_motion2 -- -j12 -l12
[0.502s] Invoking command in '/home/raaf/tiago_public_ws/build/play_motion2': CMAKE_PREFIX_PATH=/home/raaf/tiago_public_ws/install/play_motion2_msgs:/home/raaf/tiago_public_ws/install/urdf_test:/home/raaf/tiago_public_ws/install/tiago_simulation:/home/raaf/tiago_public_ws/install/tiago_robot:/home/raaf/tiago_public_ws/install/tiago_navigation:/home/raaf/tiago_public_ws/install/tiago_rgbd_sensors:/home/raaf/tiago_public_ws/install/tiago_gazebo:/home/raaf/tiago_public_ws/install/tiago_moveit_config:/home/raaf/tiago_public_ws/install/tiago_laser_sensors:/home/raaf/tiago_public_ws/install/tiago_bringup:/home/raaf/tiago_public_ws/install/tiago_description:/home/raaf/tiago_public_ws/install/tiago_controller_configuration:/home/raaf/tiago_public_ws/install/tiago_2dnav:/home/raaf/tiago_public_ws/install/pmb2_robot:/home/raaf/tiago_public_ws/install/pmb2_rgbd_sensors:/home/raaf/tiago_public_ws/install/pmb2_navigation:/home/raaf/tiago_public_ws/install/pmb2_laser_sensors:/home/raaf/tiago_public_ws/install/pmb2_bringup:/home/raaf/tiago_public_ws/install/pmb2_description:/home/raaf/tiago_public_ws/install/pmb2_controller_configuration:/home/raaf/tiago_public_ws/install/pmb2_2dnav:/home/raaf/tiago_public_ws/install/play_motion2:/home/raaf/tiago_public_ws/install/pal_hey5:/home/raaf/tiago_public_ws/install/pal_hey5_description:/home/raaf/tiago_public_ws/install/pal_gripper_simulation:/home/raaf/tiago_public_ws/install/pal_gripper:/home/raaf/tiago_public_ws/install/pal_gripper_description:/home/raaf/tiago_public_ws/install/pal_urdf_utils:/home/raaf/tiago_public_ws/install/pal_robotiq_gripper:/home/raaf/tiago_public_ws/install/pal_robotiq_description:/home/raaf/tiago_public_ws/install/pal_robotiq_controller_configuration:/home/raaf/tiago_public_ws/install/pal_navigation_cfg:/home/raaf/tiago_public_ws/install/pal_navigation_cfg_bringup:/home/raaf/tiago_public_ws/install/pal_navigation_cfg_params:/home/raaf/tiago_public_ws/install/pal_hey5_controller_configuration:/home/raaf/tiago_public_ws/install/pal_gripper_controller_configuration:/home/raaf/tiago_public_ws/install/pal_gazebo_worlds:/home/raaf/tiago_public_ws/install/play_motion2_cli:/home/raaf/tiago_public_ws/install/launch_pal:/opt/ros/humble LD_LIBRARY_PATH=/home/raaf/tiago_public_ws/install/play_motion2_msgs/lib:/home/raaf/tiago_public_ws/install/play_motion2/lib:/usr/lib/x86_64-linux-gnu/gazebo-11/plugins:/opt/ros/humble/opt/rviz_ogre_vendor/lib:/opt/ros/humble/lib/x86_64-linux-gnu:/opt/ros/humble/lib /usr/bin/cmake --install /home/raaf/tiago_public_ws/build/play_motion2
[0.511s] -- Install configuration: ""
[0.511s] -- Execute custom install script
[0.512s] -- Up-to-date symlink: /home/raaf/tiago_public_ws/install/play_motion2/share/play_motion2/environment/pythonpath.sh
[0.512s] -- Up-to-date symlink: /home/raaf/tiago_public_ws/install/play_motion2/share/play_motion2/environment/pythonpath.dsv
[0.512s] -- Up-to-date symlink: /home/raaf/tiago_public_ws/install/play_motion2/local/lib/python3.10/dist-packages/play_motion2-1.8.2-py3.10.egg-info/PKG-INFO
[0.512s] -- Up-to-date symlink: /home/raaf/tiago_public_ws/install/play_motion2/local/lib/python3.10/dist-packages/play_motion2-1.8.2-py3.10.egg-info/SOURCES.txt
[0.512s] -- Up-to-date symlink: /home/raaf/tiago_public_ws/install/play_motion2/local/lib/python3.10/dist-packages/play_motion2-1.8.2-py3.10.egg-info/dependency_links.txt
[0.513s] -- Up-to-date symlink: /home/raaf/tiago_public_ws/install/play_motion2/local/lib/python3.10/dist-packages/play_motion2-1.8.2-py3.10.egg-info/top_level.txt
[0.513s] -- Up-to-date symlink: /home/raaf/tiago_public_ws/install/play_motion2/local/lib/python3.10/dist-packages/play_motion2/__init__.py
[0.513s] -- Up-to-date symlink: /home/raaf/tiago_public_ws/install/play_motion2/share/play_motion2/test/rrbot/rrbot_system.xml
[0.513s] -- Up-to-date symlink: /home/raaf/tiago_public_ws/install/play_motion2/include/play_motion2/passthrough_controller_parameters.hpp
[0.514s] -- Up-to-date symlink: /home/raaf/tiago_public_ws/install/play_motion2/share/play_motion2/test/controllers/passthrough_controller.xml
[0.514s] -- Up-to-date symlink: /home/raaf/tiago_public_ws/install/play_motion2/lib/libpassthrough_controller.so
[0.514s] -- Up-to-date symlink: /home/raaf/tiago_public_ws/install/play_motion2/lib/play_motion2/play_motion2_node_test
[0.515s] -- Up-to-date symlink: /home/raaf/tiago_public_ws/install/play_motion2/include/play_motion2/play_motion2/client.hpp
[0.515s] -- Up-to-date symlink: /home/raaf/tiago_public_ws/install/play_motion2/include/play_motion2/play_motion2/motion_loader.hpp
[0.515s] -- Up-to-date symlink: /home/raaf/tiago_public_ws/install/play_motion2/include/play_motion2/play_motion2/types.hpp
[0.515s] -- Up-to-date symlink: /home/raaf/tiago_public_ws/install/play_motion2/share/play_motion2/environment/library_path.sh
[0.515s] -- Up-to-date symlink: /home/raaf/tiago_public_ws/install/play_motion2/share/play_motion2/environment/library_path.dsv
[0.516s] -- Up-to-date symlink: /home/raaf/tiago_public_ws/install/play_motion2/lib/libclient.so
[0.516s] -- Up-to-date symlink: /home/raaf/tiago_public_ws/install/play_motion2/lib/librrbot_system.so
[0.516s] -- Up-to-date symlink: /home/raaf/tiago_public_ws/install/play_motion2/lib/play_motion2/play_motion2_node
[0.516s] -- Up-to-date symlink: /home/raaf/tiago_public_ws/install/play_motion2/lib/play_motion2/run_motion
[0.517s] -- Up-to-date symlink: /home/raaf/tiago_public_ws/install/play_motion2/share/play_motion2/config/motion_planner_config.yaml
[0.517s] -- Up-to-date symlink: /home/raaf/tiago_public_ws/install/play_motion2/share/play_motion2/launch/play_motion2.launch.py
[0.517s] -- Up-to-date symlink: /home/raaf/tiago_public_ws/install/play_motion2/share/ament_index/resource_index/package_run_dependencies/play_motion2
[0.517s] -- Up-to-date symlink: /home/raaf/tiago_public_ws/install/play_motion2/share/ament_index/resource_index/parent_prefix_path/play_motion2
[0.517s] -- Up-to-date symlink: /home/raaf/tiago_public_ws/install/play_motion2/share/play_motion2/environment/ament_prefix_path.sh
[0.518s] -- Up-to-date symlink: /home/raaf/tiago_public_ws/install/play_motion2/share/play_motion2/environment/ament_prefix_path.dsv
[0.518s] -- Up-to-date symlink: /home/raaf/tiago_public_ws/install/play_motion2/share/play_motion2/environment/path.sh
[0.518s] -- Up-to-date symlink: /home/raaf/tiago_public_ws/install/play_motion2/share/play_motion2/environment/path.dsv
[0.518s] -- Up-to-date symlink: /home/raaf/tiago_public_ws/install/play_motion2/share/play_motion2/local_setup.bash
[0.518s] -- Up-to-date symlink: /home/raaf/tiago_public_ws/install/play_motion2/share/play_motion2/local_setup.sh
[0.518s] -- Up-to-date symlink: /home/raaf/tiago_public_ws/install/play_motion2/share/play_motion2/local_setup.zsh
[0.519s] -- Up-to-date symlink: /home/raaf/tiago_public_ws/install/play_motion2/share/play_motion2/local_setup.dsv
[0.519s] -- Symlinking: /home/raaf/tiago_public_ws/install/play_motion2/share/play_motion2/package.dsv
[0.529s] -- Up-to-date symlink: /home/raaf/tiago_public_ws/install/play_motion2/share/ament_index/resource_index/packages/play_motion2
[0.529s] -- Up-to-date symlink: /home/raaf/tiago_public_ws/install/play_motion2/share/ament_index/resource_index/hardware_interface__pluginlib__plugin/play_motion2
[0.529s] -- Up-to-date symlink: /home/raaf/tiago_public_ws/install/play_motion2/share/ament_index/resource_index/controller_interface__pluginlib__plugin/play_motion2
[0.529s] -- Up-to-date symlink: /home/raaf/tiago_public_ws/install/play_motion2/share/play_motion2/cmake/ament_cmake_export_dependencies-extras.cmake
[0.529s] -- Up-to-date symlink: /home/raaf/tiago_public_ws/install/play_motion2/share/play_motion2/cmake/ament_cmake_export_include_directories-extras.cmake
[0.530s] -- Up-to-date symlink: /home/raaf/tiago_public_ws/install/play_motion2/share/play_motion2/cmake/ament_cmake_export_libraries-extras.cmake
[0.530s] -- Up-to-date symlink: /home/raaf/tiago_public_ws/install/play_motion2/share/play_motion2/cmake/play_motion2Config.cmake
[0.530s] -- Up-to-date symlink: /home/raaf/tiago_public_ws/install/play_motion2/share/play_motion2/cmake/play_motion2Config-version.cmake
[0.530s] -- Up-to-date symlink: /home/raaf/tiago_public_ws/install/play_motion2/share/play_motion2/package.xml
[0.576s] Listing '/home/raaf/tiago_public_ws/install/play_motion2/local/lib/python3.10/dist-packages/play_motion2'...
[0.584s] Invoked command in '/home/raaf/tiago_public_ws/build/play_motion2' returned '0': CMAKE_PREFIX_PATH=/home/raaf/tiago_public_ws/install/play_motion2_msgs:/home/raaf/tiago_public_ws/install/urdf_test:/home/raaf/tiago_public_ws/install/tiago_simulation:/home/raaf/tiago_public_ws/install/tiago_robot:/home/raaf/tiago_public_ws/install/tiago_navigation:/home/raaf/tiago_public_ws/install/tiago_rgbd_sensors:/home/raaf/tiago_public_ws/install/tiago_gazebo:/home/raaf/tiago_public_ws/install/tiago_moveit_config:/home/raaf/tiago_public_ws/install/tiago_laser_sensors:/home/raaf/tiago_public_ws/install/tiago_bringup:/home/raaf/tiago_public_ws/install/tiago_description:/home/raaf/tiago_public_ws/install/tiago_controller_configuration:/home/raaf/tiago_public_ws/install/tiago_2dnav:/home/raaf/tiago_public_ws/install/pmb2_robot:/home/raaf/tiago_public_ws/install/pmb2_rgbd_sensors:/home/raaf/tiago_public_ws/install/pmb2_navigation:/home/raaf/tiago_public_ws/install/pmb2_laser_sensors:/home/raaf/tiago_public_ws/install/pmb2_bringup:/home/raaf/tiago_public_ws/install/pmb2_description:/home/raaf/tiago_public_ws/install/pmb2_controller_configuration:/home/raaf/tiago_public_ws/install/pmb2_2dnav:/home/raaf/tiago_public_ws/install/play_motion2:/home/raaf/tiago_public_ws/install/pal_hey5:/home/raaf/tiago_public_ws/install/pal_hey5_description:/home/raaf/tiago_public_ws/install/pal_gripper_simulation:/home/raaf/tiago_public_ws/install/pal_gripper:/home/raaf/tiago_public_ws/install/pal_gripper_description:/home/raaf/tiago_public_ws/install/pal_urdf_utils:/home/raaf/tiago_public_ws/install/pal_robotiq_gripper:/home/raaf/tiago_public_ws/install/pal_robotiq_description:/home/raaf/tiago_public_ws/install/pal_robotiq_controller_configuration:/home/raaf/tiago_public_ws/install/pal_navigation_cfg:/home/raaf/tiago_public_ws/install/pal_navigation_cfg_bringup:/home/raaf/tiago_public_ws/install/pal_navigation_cfg_params:/home/raaf/tiago_public_ws/install/pal_hey5_controller_configuration:/home/raaf/tiago_public_ws/install/pal_gripper_controller_configuration:/home/raaf/tiago_public_ws/install/pal_gazebo_worlds:/home/raaf/tiago_public_ws/install/play_motion2_cli:/home/raaf/tiago_public_ws/install/launch_pal:/opt/ros/humble LD_LIBRARY_PATH=/home/raaf/tiago_public_ws/install/play_motion2_msgs/lib:/home/raaf/tiago_public_ws/install/play_motion2/lib:/usr/lib/x86_64-linux-gnu/gazebo-11/plugins:/opt/ros/humble/opt/rviz_ogre_vendor/lib:/opt/ros/humble/lib/x86_64-linux-gnu:/opt/ros/humble/lib /usr/bin/cmake --install /home/raaf/tiago_public_ws/build/play_motion2
