-- Install configuration: ""
-- Execute custom install script
-- Up-to-date symlink: /home/raaf/tiago_public_ws/install/pmb2_rgbd_sensors/share/pmb2_rgbd_sensors/config/rgbd_analyzers.yaml
-- Up-to-date symlink: /home/raaf/tiago_public_ws/install/pmb2_rgbd_sensors/share/pmb2_rgbd_sensors/launch/rgbd_cobra_realsense-d435.launch.py
-- Up-to-date symlink: /home/raaf/tiago_public_ws/install/pmb2_rgbd_sensors/share/pmb2_rgbd_sensors/launch/rgbd_cobra_realsense-d435i.launch.py
-- Up-to-date symlink: /home/raaf/tiago_public_ws/install/pmb2_rgbd_sensors/share/pmb2_rgbd_sensors/launch/rgbd_cobra_structure.launch.py
-- Up-to-date symlink: /home/raaf/tiago_public_ws/install/pmb2_rgbd_sensors/share/ament_index/resource_index/package_run_dependencies/pmb2_rgbd_sensors
-- Up-to-date symlink: /home/raaf/tiago_public_ws/install/pmb2_rgbd_sensors/share/ament_index/resource_index/parent_prefix_path/pmb2_rgbd_sensors
-- Up-to-date symlink: /home/raaf/tiago_public_ws/install/pmb2_rgbd_sensors/share/pmb2_rgbd_sensors/environment/ament_prefix_path.sh
-- Up-to-date symlink: /home/raaf/tiago_public_ws/install/pmb2_rgbd_sensors/share/pmb2_rgbd_sensors/environment/ament_prefix_path.dsv
-- Up-to-date symlink: /home/raaf/tiago_public_ws/install/pmb2_rgbd_sensors/share/pmb2_rgbd_sensors/environment/path.sh
-- Up-to-date symlink: /home/raaf/tiago_public_ws/install/pmb2_rgbd_sensors/share/pmb2_rgbd_sensors/environment/path.dsv
-- Up-to-date symlink: /home/raaf/tiago_public_ws/install/pmb2_rgbd_sensors/share/pmb2_rgbd_sensors/local_setup.bash
-- Up-to-date symlink: /home/raaf/tiago_public_ws/install/pmb2_rgbd_sensors/share/pmb2_rgbd_sensors/local_setup.sh
-- Up-to-date symlink: /home/raaf/tiago_public_ws/install/pmb2_rgbd_sensors/share/pmb2_rgbd_sensors/local_setup.zsh
-- Up-to-date symlink: /home/raaf/tiago_public_ws/install/pmb2_rgbd_sensors/share/pmb2_rgbd_sensors/local_setup.dsv
-- Symlinking: /home/raaf/tiago_public_ws/install/pmb2_rgbd_sensors/share/pmb2_rgbd_sensors/package.dsv
-- Up-to-date symlink: /home/raaf/tiago_public_ws/install/pmb2_rgbd_sensors/share/ament_index/resource_index/packages/pmb2_rgbd_sensors
-- Up-to-date symlink: /home/raaf/tiago_public_ws/install/pmb2_rgbd_sensors/share/pmb2_rgbd_sensors/cmake/pmb2_rgbd_sensorsConfig.cmake
-- Up-to-date symlink: /home/raaf/tiago_public_ws/install/pmb2_rgbd_sensors/share/pmb2_rgbd_sensors/cmake/pmb2_rgbd_sensorsConfig-version.cmake
-- Up-to-date symlink: /home/raaf/tiago_public_ws/install/pmb2_rgbd_sensors/share/pmb2_rgbd_sensors/package.xml
