[0.154s] DEBUG:colcon:Command line arguments: ['/usr/bin/colcon', 'build', '--symlink-install']
[0.154s] DEBUG:colcon:Parsed command line arguments: Namespace(log_base=None, log_level=None, verb_name='build', build_base='build', install_base='install', merge_install=False, symlink_install=True, test_result_base=None, continue_on_error=False, executor='parallel', parallel_workers=12, event_handlers=None, ignore_user_meta=False, metas=['./colcon.meta'], base_paths=['.'], packages_ignore=None, packages_ignore_regex=None, paths=None, packages_up_to=None, packages_up_to_regex=None, packages_above=None, packages_above_and_dependencies=None, packages_above_depth=None, packages_select_by_dep=None, packages_skip_by_dep=None, packages_skip_up_to=None, packages_select_build_failed=False, packages_skip_build_finished=False, packages_select_test_failures=False, packages_skip_test_passed=False, packages_select=None, packages_skip=None, packages_select_regex=None, packages_skip_regex=None, packages_start=None, packages_end=None, allow_overriding=[], cmake_args=None, cmake_target=None, cmake_target_skip_unavailable=False, cmake_clean_cache=False, cmake_clean_first=False, cmake_force_configure=False, ament_cmake_args=None, catkin_cmake_args=None, catkin_skip_building_tests=False, verb_parser=<colcon_defaults.argument_parser.defaults.DefaultArgumentsDecorator object at 0x71c70884abc0>, verb_extension=<colcon_core.verb.build.BuildVerb object at 0x71c708947fd0>, main=<bound method BuildVerb.main of <colcon_core.verb.build.BuildVerb object at 0x71c708947fd0>>)
[0.422s] Level 1:colcon.colcon_core.package_discovery:discover_packages(colcon_meta) check parameters
[0.422s] Level 1:colcon.colcon_core.package_discovery:discover_packages(recursive) check parameters
[0.422s] Level 1:colcon.colcon_core.package_discovery:discover_packages(ignore) check parameters
[0.422s] Level 1:colcon.colcon_core.package_discovery:discover_packages(path) check parameters
[0.422s] Level 1:colcon.colcon_core.package_discovery:discover_packages(colcon_meta) discover
[0.422s] Level 1:colcon.colcon_core.package_discovery:discover_packages(recursive) discover
[0.422s] INFO:colcon.colcon_core.package_discovery:Crawling recursively for packages in '/home/raaf/PDM_tiago_ws'
[0.422s] Level 1:colcon.colcon_core.package_identification:_identify(.) by extensions ['ignore', 'ignore_ament_install']
[0.423s] Level 1:colcon.colcon_core.package_identification:_identify(.) by extension 'ignore'
[0.423s] Level 1:colcon.colcon_core.package_identification:_identify(.) by extension 'ignore_ament_install'
[0.423s] Level 1:colcon.colcon_core.package_identification:_identify(.) by extensions ['colcon_pkg']
[0.423s] Level 1:colcon.colcon_core.package_identification:_identify(.) by extension 'colcon_pkg'
[0.423s] Level 1:colcon.colcon_core.package_identification:_identify(.) by extensions ['colcon_meta']
[0.423s] Level 1:colcon.colcon_core.package_identification:_identify(.) by extension 'colcon_meta'
[0.423s] Level 1:colcon.colcon_core.package_identification:_identify(.) by extensions ['ros']
[0.423s] Level 1:colcon.colcon_core.package_identification:_identify(.) by extension 'ros'
[0.437s] Level 1:colcon.colcon_core.package_identification:_identify(.) by extensions ['cmake', 'python']
[0.437s] Level 1:colcon.colcon_core.package_identification:_identify(.) by extension 'cmake'
[0.437s] Level 1:colcon.colcon_core.package_identification:_identify(.) by extension 'python'
[0.437s] Level 1:colcon.colcon_core.package_identification:_identify(.) by extensions ['python_setup_py']
[0.437s] Level 1:colcon.colcon_core.package_identification:_identify(.) by extension 'python_setup_py'
[0.437s] Level 1:colcon.colcon_core.package_identification:_identify(build) by extensions ['ignore', 'ignore_ament_install']
[0.438s] Level 1:colcon.colcon_core.package_identification:_identify(build) by extension 'ignore'
[0.438s] Level 1:colcon.colcon_core.package_identification:_identify(build) ignored
[0.438s] Level 1:colcon.colcon_core.package_identification:_identify(install) by extensions ['ignore', 'ignore_ament_install']
[0.438s] Level 1:colcon.colcon_core.package_identification:_identify(install) by extension 'ignore'
[0.438s] Level 1:colcon.colcon_core.package_identification:_identify(install) ignored
[0.438s] Level 1:colcon.colcon_core.package_identification:_identify(log) by extensions ['ignore', 'ignore_ament_install']
[0.438s] Level 1:colcon.colcon_core.package_identification:_identify(log) by extension 'ignore'
[0.438s] Level 1:colcon.colcon_core.package_identification:_identify(log) ignored
[0.438s] Level 1:colcon.colcon_core.package_identification:_identify(src) by extensions ['ignore', 'ignore_ament_install']
[0.439s] Level 1:colcon.colcon_core.package_identification:_identify(src) by extension 'ignore'
[0.439s] Level 1:colcon.colcon_core.package_identification:_identify(src) by extension 'ignore_ament_install'
[0.439s] Level 1:colcon.colcon_core.package_identification:_identify(src) by extensions ['colcon_pkg']
[0.439s] Level 1:colcon.colcon_core.package_identification:_identify(src) by extension 'colcon_pkg'
[0.439s] Level 1:colcon.colcon_core.package_identification:_identify(src) by extensions ['colcon_meta']
[0.439s] Level 1:colcon.colcon_core.package_identification:_identify(src) by extension 'colcon_meta'
[0.439s] Level 1:colcon.colcon_core.package_identification:_identify(src) by extensions ['ros']
[0.439s] Level 1:colcon.colcon_core.package_identification:_identify(src) by extension 'ros'
[0.439s] Level 1:colcon.colcon_core.package_identification:_identify(src) by extensions ['cmake', 'python']
[0.439s] Level 1:colcon.colcon_core.package_identification:_identify(src) by extension 'cmake'
[0.439s] Level 1:colcon.colcon_core.package_identification:_identify(src) by extension 'python'
[0.439s] Level 1:colcon.colcon_core.package_identification:_identify(src) by extensions ['python_setup_py']
[0.439s] Level 1:colcon.colcon_core.package_identification:_identify(src) by extension 'python_setup_py'
[0.439s] Level 1:colcon.colcon_core.package_identification:_identify(src/PDM_tiago_assignment) by extensions ['ignore', 'ignore_ament_install']
[0.440s] Level 1:colcon.colcon_core.package_identification:_identify(src/PDM_tiago_assignment) by extension 'ignore'
[0.440s] Level 1:colcon.colcon_core.package_identification:_identify(src/PDM_tiago_assignment) by extension 'ignore_ament_install'
[0.440s] Level 1:colcon.colcon_core.package_identification:_identify(src/PDM_tiago_assignment) by extensions ['colcon_pkg']
[0.440s] Level 1:colcon.colcon_core.package_identification:_identify(src/PDM_tiago_assignment) by extension 'colcon_pkg'
[0.440s] Level 1:colcon.colcon_core.package_identification:_identify(src/PDM_tiago_assignment) by extensions ['colcon_meta']
[0.440s] Level 1:colcon.colcon_core.package_identification:_identify(src/PDM_tiago_assignment) by extension 'colcon_meta'
[0.440s] Level 1:colcon.colcon_core.package_identification:_identify(src/PDM_tiago_assignment) by extensions ['ros']
[0.440s] Level 1:colcon.colcon_core.package_identification:_identify(src/PDM_tiago_assignment) by extension 'ros'
[0.443s] DEBUG:colcon.colcon_core.package_identification:Package 'src/PDM_tiago_assignment' with type 'ros.ament_python' and name 'PDM_tiago_assignment'
[0.444s] Level 1:colcon.colcon_core.package_identification:_identify(src/pdm_test) by extensions ['ignore', 'ignore_ament_install']
[0.444s] Level 1:colcon.colcon_core.package_identification:_identify(src/pdm_test) by extension 'ignore'
[0.444s] Level 1:colcon.colcon_core.package_identification:_identify(src/pdm_test) by extension 'ignore_ament_install'
[0.444s] Level 1:colcon.colcon_core.package_identification:_identify(src/pdm_test) by extensions ['colcon_pkg']
[0.444s] Level 1:colcon.colcon_core.package_identification:_identify(src/pdm_test) by extension 'colcon_pkg'
[0.444s] Level 1:colcon.colcon_core.package_identification:_identify(src/pdm_test) by extensions ['colcon_meta']
[0.444s] Level 1:colcon.colcon_core.package_identification:_identify(src/pdm_test) by extension 'colcon_meta'
[0.444s] Level 1:colcon.colcon_core.package_identification:_identify(src/pdm_test) by extensions ['ros']
[0.444s] Level 1:colcon.colcon_core.package_identification:_identify(src/pdm_test) by extension 'ros'
[0.445s] DEBUG:colcon.colcon_core.package_identification:Package 'src/pdm_test' with type 'ros.ament_python' and name 'pdm_test'
[0.445s] Level 1:colcon.colcon_core.package_discovery:discover_packages(recursive) using defaults
[0.445s] Level 1:colcon.colcon_core.package_discovery:discover_packages(ignore) discover
[0.445s] Level 1:colcon.colcon_core.package_discovery:discover_packages(ignore) using defaults
[0.445s] Level 1:colcon.colcon_core.package_discovery:discover_packages(path) discover
[0.445s] Level 1:colcon.colcon_core.package_discovery:discover_packages(path) using defaults
[0.483s] Level 1:colcon.colcon_core.package_discovery:discover_packages(prefix_path) check parameters
[0.483s] Level 1:colcon.colcon_core.package_discovery:discover_packages(prefix_path) discover
[0.487s] DEBUG:colcon.colcon_installed_package_information.package_discovery:Found 1 installed packages in /home/raaf/PDM_tiago_ws/install
[0.489s] DEBUG:colcon.colcon_installed_package_information.package_discovery:Found 39 installed packages in /home/raaf/tiago_public_ws/install
[0.492s] DEBUG:colcon.colcon_installed_package_information.package_discovery:Found 392 installed packages in /opt/ros/humble
[0.494s] Level 1:colcon.colcon_core.package_discovery:discover_packages(prefix_path) using defaults
[0.566s] Level 5:colcon.colcon_core.verb:set package 'PDM_tiago_assignment' build argument 'cmake_args' from command line to 'None'
[0.566s] Level 5:colcon.colcon_core.verb:set package 'PDM_tiago_assignment' build argument 'cmake_target' from command line to 'None'
[0.566s] Level 5:colcon.colcon_core.verb:set package 'PDM_tiago_assignment' build argument 'cmake_target_skip_unavailable' from command line to 'False'
[0.566s] Level 5:colcon.colcon_core.verb:set package 'PDM_tiago_assignment' build argument 'cmake_clean_cache' from command line to 'False'
[0.566s] Level 5:colcon.colcon_core.verb:set package 'PDM_tiago_assignment' build argument 'cmake_clean_first' from command line to 'False'
[0.566s] Level 5:colcon.colcon_core.verb:set package 'PDM_tiago_assignment' build argument 'cmake_force_configure' from command line to 'False'
[0.566s] Level 5:colcon.colcon_core.verb:set package 'PDM_tiago_assignment' build argument 'ament_cmake_args' from command line to 'None'
[0.566s] Level 5:colcon.colcon_core.verb:set package 'PDM_tiago_assignment' build argument 'catkin_cmake_args' from command line to 'None'
[0.566s] Level 5:colcon.colcon_core.verb:set package 'PDM_tiago_assignment' build argument 'catkin_skip_building_tests' from command line to 'False'
[0.566s] DEBUG:colcon.colcon_core.verb:Building package 'PDM_tiago_assignment' with the following arguments: {'ament_cmake_args': None, 'build_base': '/home/raaf/PDM_tiago_ws/build/PDM_tiago_assignment', 'catkin_cmake_args': None, 'catkin_skip_building_tests': False, 'cmake_args': None, 'cmake_clean_cache': False, 'cmake_clean_first': False, 'cmake_force_configure': False, 'cmake_target': None, 'cmake_target_skip_unavailable': False, 'install_base': '/home/raaf/PDM_tiago_ws/install/PDM_tiago_assignment', 'merge_install': False, 'path': '/home/raaf/PDM_tiago_ws/src/PDM_tiago_assignment', 'symlink_install': True, 'test_result_base': None}
[0.567s] Level 5:colcon.colcon_core.verb:set package 'pdm_test' build argument 'cmake_args' from command line to 'None'
[0.567s] Level 5:colcon.colcon_core.verb:set package 'pdm_test' build argument 'cmake_target' from command line to 'None'
[0.567s] Level 5:colcon.colcon_core.verb:set package 'pdm_test' build argument 'cmake_target_skip_unavailable' from command line to 'False'
[0.567s] Level 5:colcon.colcon_core.verb:set package 'pdm_test' build argument 'cmake_clean_cache' from command line to 'False'
[0.567s] Level 5:colcon.colcon_core.verb:set package 'pdm_test' build argument 'cmake_clean_first' from command line to 'False'
[0.567s] Level 5:colcon.colcon_core.verb:set package 'pdm_test' build argument 'cmake_force_configure' from command line to 'False'
[0.567s] Level 5:colcon.colcon_core.verb:set package 'pdm_test' build argument 'ament_cmake_args' from command line to 'None'
[0.567s] Level 5:colcon.colcon_core.verb:set package 'pdm_test' build argument 'catkin_cmake_args' from command line to 'None'
[0.567s] Level 5:colcon.colcon_core.verb:set package 'pdm_test' build argument 'catkin_skip_building_tests' from command line to 'False'
[0.567s] DEBUG:colcon.colcon_core.verb:Building package 'pdm_test' with the following arguments: {'ament_cmake_args': None, 'build_base': '/home/raaf/PDM_tiago_ws/build/pdm_test', 'catkin_cmake_args': None, 'catkin_skip_building_tests': False, 'cmake_args': None, 'cmake_clean_cache': False, 'cmake_clean_first': False, 'cmake_force_configure': False, 'cmake_target': None, 'cmake_target_skip_unavailable': False, 'install_base': '/home/raaf/PDM_tiago_ws/install/pdm_test', 'merge_install': False, 'path': '/home/raaf/PDM_tiago_ws/src/pdm_test', 'symlink_install': True, 'test_result_base': None}
[0.567s] INFO:colcon.colcon_core.executor:Executing jobs using 'parallel' executor
[0.568s] DEBUG:colcon.colcon_parallel_executor.executor.parallel:run_until_complete
[0.568s] INFO:colcon.colcon_ros.task.ament_python.build:Building ROS package in '/home/raaf/PDM_tiago_ws/src/PDM_tiago_assignment' with build type 'ament_python'
[0.569s] Level 1:colcon.colcon_core.shell:create_environment_hook('PDM_tiago_assignment', 'ament_prefix_path')
[0.571s] INFO:colcon.colcon_core.plugin_system:Skipping extension 'colcon_core.shell.bat': Not used on non-Windows systems
[0.572s] INFO:colcon.colcon_core.shell:Creating environment hook '/home/raaf/PDM_tiago_ws/install/PDM_tiago_assignment/share/PDM_tiago_assignment/hook/ament_prefix_path.ps1'
[0.573s] INFO:colcon.colcon_core.shell:Creating environment descriptor '/home/raaf/PDM_tiago_ws/install/PDM_tiago_assignment/share/PDM_tiago_assignment/hook/ament_prefix_path.dsv'
[0.573s] INFO:colcon.colcon_core.shell:Creating environment hook '/home/raaf/PDM_tiago_ws/install/PDM_tiago_assignment/share/PDM_tiago_assignment/hook/ament_prefix_path.sh'
[0.574s] INFO:colcon.colcon_core.shell:Skip shell extension 'powershell' for command environment: Not usable outside of PowerShell
[0.574s] DEBUG:colcon.colcon_core.shell:Skip shell extension 'dsv' for command environment
[0.583s] INFO:colcon.colcon_ros.task.ament_python.build:Building ROS package in '/home/raaf/PDM_tiago_ws/src/pdm_test' with build type 'ament_python'
[0.583s] Level 1:colcon.colcon_core.shell:create_environment_hook('pdm_test', 'ament_prefix_path')
[0.583s] INFO:colcon.colcon_core.shell:Creating environment hook '/home/raaf/PDM_tiago_ws/install/pdm_test/share/pdm_test/hook/ament_prefix_path.ps1'
[0.584s] INFO:colcon.colcon_core.shell:Creating environment descriptor '/home/raaf/PDM_tiago_ws/install/pdm_test/share/pdm_test/hook/ament_prefix_path.dsv'
[0.585s] INFO:colcon.colcon_core.shell:Creating environment hook '/home/raaf/PDM_tiago_ws/install/pdm_test/share/pdm_test/hook/ament_prefix_path.sh'
[0.585s] INFO:colcon.colcon_core.shell:Skip shell extension 'powershell' for command environment: Not usable outside of PowerShell
[0.585s] DEBUG:colcon.colcon_core.shell:Skip shell extension 'dsv' for command environment
[0.953s] INFO:colcon.colcon_core.task.python.build:Building Python package in '/home/raaf/PDM_tiago_ws/src/PDM_tiago_assignment'
[0.953s] INFO:colcon.colcon_core.shell:Skip shell extension 'powershell' for command environment: Not usable outside of PowerShell
[0.953s] DEBUG:colcon.colcon_core.shell:Skip shell extension 'dsv' for command environment
[1.326s] INFO:colcon.colcon_core.task.python.build:Building Python package in '/home/raaf/PDM_tiago_ws/src/pdm_test'
[1.326s] INFO:colcon.colcon_core.shell:Skip shell extension 'powershell' for command environment: Not usable outside of PowerShell
[1.326s] DEBUG:colcon.colcon_core.shell:Skip shell extension 'dsv' for command environment
[1.863s] DEBUG:colcon.colcon_core.event_handler.log_command:Invoking command in '/home/raaf/PDM_tiago_ws/build/pdm_test': PYTHONPATH=/home/raaf/PDM_tiago_ws/build/pdm_test/prefix_override:/usr/lib/python3/dist-packages/colcon_core/task/python/colcon_distutils_commands:/home/raaf/PDM_tiago_ws/install/pdm_test/lib/python3.10/site-packages:${PYTHONPATH} /usr/bin/python3 -W ignore:setup.py install is deprecated -W ignore:easy_install command is deprecated setup.py develop --editable --build-directory /home/raaf/PDM_tiago_ws/build/pdm_test/build --no-deps symlink_data
[1.866s] DEBUG:colcon.colcon_core.event_handler.log_command:Invoking command in '/home/raaf/PDM_tiago_ws/build/PDM_tiago_assignment': PYTHONPATH=/home/raaf/PDM_tiago_ws/build/PDM_tiago_assignment/prefix_override:/usr/lib/python3/dist-packages/colcon_core/task/python/colcon_distutils_commands:/home/raaf/PDM_tiago_ws/install/PDM_tiago_assignment/lib/python3.10/site-packages:${PYTHONPATH} /usr/bin/python3 -W ignore:setup.py install is deprecated -W ignore:easy_install command is deprecated setup.py develop --editable --build-directory /home/raaf/PDM_tiago_ws/build/PDM_tiago_assignment/build --no-deps symlink_data
[2.539s] Level 1:colcon.colcon_core.shell:create_environment_hook('pdm_test', 'pythonpath_develop')
[2.540s] INFO:colcon.colcon_core.shell:Creating environment hook '/home/raaf/PDM_tiago_ws/build/pdm_test/share/pdm_test/hook/pythonpath_develop.ps1'
[2.540s] DEBUG:colcon.colcon_core.event_handler.log_command:Invoked command in '/home/raaf/PDM_tiago_ws/build/pdm_test' returned '0': PYTHONPATH=/home/raaf/PDM_tiago_ws/build/pdm_test/prefix_override:/usr/lib/python3/dist-packages/colcon_core/task/python/colcon_distutils_commands:/home/raaf/PDM_tiago_ws/install/pdm_test/lib/python3.10/site-packages:${PYTHONPATH} /usr/bin/python3 -W ignore:setup.py install is deprecated -W ignore:easy_install command is deprecated setup.py develop --editable --build-directory /home/raaf/PDM_tiago_ws/build/pdm_test/build --no-deps symlink_data
[2.541s] INFO:colcon.colcon_core.shell:Creating environment descriptor '/home/raaf/PDM_tiago_ws/build/pdm_test/share/pdm_test/hook/pythonpath_develop.dsv'
[2.541s] INFO:colcon.colcon_core.shell:Creating environment hook '/home/raaf/PDM_tiago_ws/build/pdm_test/share/pdm_test/hook/pythonpath_develop.sh'
[2.545s] Level 1:colcon.colcon_core.environment:checking '/home/raaf/PDM_tiago_ws/install/pdm_test' for CMake module files
[2.545s] Level 1:colcon.colcon_core.environment:checking '/home/raaf/PDM_tiago_ws/install/pdm_test' for CMake config files
[2.546s] Level 1:colcon.colcon_core.environment:checking '/home/raaf/PDM_tiago_ws/install/pdm_test/lib'
[2.546s] Level 1:colcon.colcon_core.environment:checking '/home/raaf/PDM_tiago_ws/install/pdm_test/bin'
[2.546s] Level 1:colcon.colcon_core.environment:checking '/home/raaf/PDM_tiago_ws/install/pdm_test/lib/pkgconfig/pdm_test.pc'
[2.547s] Level 1:colcon.colcon_core.environment:checking '/home/raaf/PDM_tiago_ws/install/pdm_test/lib/python3.10/site-packages'
[2.547s] Level 1:colcon.colcon_core.shell:create_environment_hook('pdm_test', 'pythonpath')
[2.547s] INFO:colcon.colcon_core.shell:Creating environment hook '/home/raaf/PDM_tiago_ws/install/pdm_test/share/pdm_test/hook/pythonpath.ps1'
[2.548s] INFO:colcon.colcon_core.shell:Creating environment descriptor '/home/raaf/PDM_tiago_ws/install/pdm_test/share/pdm_test/hook/pythonpath.dsv'
[2.548s] INFO:colcon.colcon_core.shell:Creating environment hook '/home/raaf/PDM_tiago_ws/install/pdm_test/share/pdm_test/hook/pythonpath.sh'
[2.549s] Level 1:colcon.colcon_core.environment:checking '/home/raaf/PDM_tiago_ws/install/pdm_test/bin'
[2.549s] Level 1:colcon.colcon_core.environment:create_environment_scripts_only(pdm_test)
[2.549s] INFO:colcon.colcon_core.shell:Creating package script '/home/raaf/PDM_tiago_ws/install/pdm_test/share/pdm_test/package.ps1'
[2.551s] INFO:colcon.colcon_core.shell:Creating package descriptor '/home/raaf/PDM_tiago_ws/install/pdm_test/share/pdm_test/package.dsv'
[2.551s] INFO:colcon.colcon_core.shell:Creating package script '/home/raaf/PDM_tiago_ws/install/pdm_test/share/pdm_test/package.sh'
[2.552s] INFO:colcon.colcon_core.shell:Creating package script '/home/raaf/PDM_tiago_ws/install/pdm_test/share/pdm_test/package.bash'
[2.553s] INFO:colcon.colcon_core.shell:Creating package script '/home/raaf/PDM_tiago_ws/install/pdm_test/share/pdm_test/package.zsh'
[2.554s] Level 1:colcon.colcon_core.environment:create_file_with_runtime_dependencies(/home/raaf/PDM_tiago_ws/install/pdm_test/share/colcon-core/packages/pdm_test)
[2.556s] DEBUG:colcon.colcon_core.event_handler.log_command:Invoked command in '/home/raaf/PDM_tiago_ws/build/PDM_tiago_assignment' returned '1': PYTHONPATH=/home/raaf/PDM_tiago_ws/build/PDM_tiago_assignment/prefix_override:/usr/lib/python3/dist-packages/colcon_core/task/python/colcon_distutils_commands:/home/raaf/PDM_tiago_ws/install/PDM_tiago_assignment/lib/python3.10/site-packages:${PYTHONPATH} /usr/bin/python3 -W ignore:setup.py install is deprecated -W ignore:easy_install command is deprecated setup.py develop --editable --build-directory /home/raaf/PDM_tiago_ws/build/PDM_tiago_assignment/build --no-deps symlink_data
[2.566s] DEBUG:colcon.colcon_parallel_executor.executor.parallel:closing loop
[2.566s] DEBUG:colcon.colcon_parallel_executor.executor.parallel:loop closed
[2.566s] DEBUG:colcon.colcon_parallel_executor.executor.parallel:run_until_complete finished with '1'
[2.566s] DEBUG:colcon.colcon_core.event_reactor:joining thread
[2.573s] INFO:colcon.colcon_core.plugin_system:Skipping extension 'colcon_notification.desktop_notification.terminal_notifier': Not used on non-Darwin systems
[2.573s] INFO:colcon.colcon_core.plugin_system:Skipping extension 'colcon_notification.desktop_notification.win32': Not used on non-Windows systems
[2.573s] INFO:colcon.colcon_notification.desktop_notification:Sending desktop notification using 'notify2'
[2.587s] DEBUG:colcon.colcon_core.event_reactor:joined thread
[2.587s] INFO:colcon.colcon_core.shell:Creating prefix script '/home/raaf/PDM_tiago_ws/install/local_setup.ps1'
[2.588s] INFO:colcon.colcon_core.shell:Creating prefix util module '/home/raaf/PDM_tiago_ws/install/_local_setup_util_ps1.py'
[2.590s] INFO:colcon.colcon_core.shell:Creating prefix chain script '/home/raaf/PDM_tiago_ws/install/setup.ps1'
[2.594s] INFO:colcon.colcon_core.shell:Creating prefix script '/home/raaf/PDM_tiago_ws/install/local_setup.sh'
[2.595s] INFO:colcon.colcon_core.shell:Creating prefix util module '/home/raaf/PDM_tiago_ws/install/_local_setup_util_sh.py'
[2.595s] INFO:colcon.colcon_core.shell:Creating prefix chain script '/home/raaf/PDM_tiago_ws/install/setup.sh'
[2.599s] INFO:colcon.colcon_core.shell:Creating prefix script '/home/raaf/PDM_tiago_ws/install/local_setup.bash'
[2.599s] INFO:colcon.colcon_core.shell:Creating prefix chain script '/home/raaf/PDM_tiago_ws/install/setup.bash'
[2.603s] INFO:colcon.colcon_core.shell:Creating prefix script '/home/raaf/PDM_tiago_ws/install/local_setup.zsh'
[2.603s] INFO:colcon.colcon_core.shell:Creating prefix chain script '/home/raaf/PDM_tiago_ws/install/setup.zsh'
