-- Install configuration: ""
-- Execute custom install script
-- Up-to-date symlink: /home/raaf/tiago_public_ws/install/pal_hey5_description/share/pal_hey5_description/config/two_hands.rviz
-- Up-to-date symlink: /home/raaf/tiago_public_ws/install/pal_hey5_description/share/pal_hey5_description/gazebo/gazebo.urdf.xacro
-- Up-to-date symlink: /home/raaf/tiago_public_ws/install/pal_hey5_description/share/pal_hey5_description/launch/pal_hey5_kinematics_test.launch
-- Up-to-date symlink: /home/raaf/tiago_public_ws/install/pal_hey5_description/share/pal_hey5_description/meshes/finger_abd_collision.stl
-- Up-to-date symlink: /home/raaf/tiago_public_ws/install/pal_hey5_description/share/pal_hey5_description/meshes/finger_flex_collision.stl
-- Up-to-date symlink: /home/raaf/tiago_public_ws/install/pal_hey5_description/share/pal_hey5_description/meshes/finger_flex_tip_collision.stl
-- Up-to-date symlink: /home/raaf/tiago_public_ws/install/pal_hey5_description/share/pal_hey5_description/meshes/palm.stl
-- Up-to-date symlink: /home/raaf/tiago_public_ws/install/pal_hey5_description/share/pal_hey5_description/meshes/palm_collision.stl
-- Up-to-date symlink: /home/raaf/tiago_public_ws/install/pal_hey5_description/share/pal_hey5_description/meshes/thumb_abd_collision.stl
-- Up-to-date symlink: /home/raaf/tiago_public_ws/install/pal_hey5_description/share/pal_hey5_description/robots/pal_hey5_test.urdf.xacro
-- Up-to-date symlink: /home/raaf/tiago_public_ws/install/pal_hey5_description/share/pal_hey5_description/urdf/actuators.urdf.xacro
-- Up-to-date symlink: /home/raaf/tiago_public_ws/install/pal_hey5_description/share/pal_hey5_description/urdf/fingers.urdf.xacro
-- Up-to-date symlink: /home/raaf/tiago_public_ws/install/pal_hey5_description/share/pal_hey5_description/urdf/pal_hey5.ros2_control.xacro
-- Up-to-date symlink: /home/raaf/tiago_public_ws/install/pal_hey5_description/share/pal_hey5_description/urdf/pal_hey5.transmission.xacro
-- Up-to-date symlink: /home/raaf/tiago_public_ws/install/pal_hey5_description/share/pal_hey5_description/urdf/pal_hey5_hand.urdf.xacro
-- Up-to-date symlink: /home/raaf/tiago_public_ws/install/pal_hey5_description/share/pal_hey5_description/urdf/palm.urdf.xacro
-- Up-to-date symlink: /home/raaf/tiago_public_ws/install/pal_hey5_description/share/pal_hey5_description/urdf/transmissions.urdf.xacro
-- Up-to-date symlink: /home/raaf/tiago_public_ws/install/pal_hey5_description/share/ament_index/resource_index/package_run_dependencies/pal_hey5_description
-- Up-to-date symlink: /home/raaf/tiago_public_ws/install/pal_hey5_description/share/ament_index/resource_index/parent_prefix_path/pal_hey5_description
-- Up-to-date symlink: /home/raaf/tiago_public_ws/install/pal_hey5_description/share/pal_hey5_description/environment/ament_prefix_path.sh
-- Up-to-date symlink: /home/raaf/tiago_public_ws/install/pal_hey5_description/share/pal_hey5_description/environment/ament_prefix_path.dsv
-- Up-to-date symlink: /home/raaf/tiago_public_ws/install/pal_hey5_description/share/pal_hey5_description/environment/path.sh
-- Up-to-date symlink: /home/raaf/tiago_public_ws/install/pal_hey5_description/share/pal_hey5_description/environment/path.dsv
-- Up-to-date symlink: /home/raaf/tiago_public_ws/install/pal_hey5_description/share/pal_hey5_description/local_setup.bash
-- Up-to-date symlink: /home/raaf/tiago_public_ws/install/pal_hey5_description/share/pal_hey5_description/local_setup.sh
-- Up-to-date symlink: /home/raaf/tiago_public_ws/install/pal_hey5_description/share/pal_hey5_description/local_setup.zsh
-- Up-to-date symlink: /home/raaf/tiago_public_ws/install/pal_hey5_description/share/pal_hey5_description/local_setup.dsv
-- Symlinking: /home/raaf/tiago_public_ws/install/pal_hey5_description/share/pal_hey5_description/package.dsv
-- Up-to-date symlink: /home/raaf/tiago_public_ws/install/pal_hey5_description/share/ament_index/resource_index/packages/pal_hey5_description
-- Up-to-date symlink: /home/raaf/tiago_public_ws/install/pal_hey5_description/share/pal_hey5_description/cmake/pal_hey5_descriptionConfig.cmake
-- Up-to-date symlink: /home/raaf/tiago_public_ws/install/pal_hey5_description/share/pal_hey5_description/cmake/pal_hey5_descriptionConfig-version.cmake
-- Up-to-date symlink: /home/raaf/tiago_public_ws/install/pal_hey5_description/share/pal_hey5_description/package.xml
