[0.419s] Invoking command in '/home/raaf/tiago_public_ws/build/tiago_rgbd_sensors': CMAKE_PREFIX_PATH=${CMAKE_PREFIX_PATH}:/home/raaf/tiago_public_ws/install/play_motion2_cli:/home/raaf/tiago_public_ws/install/launch_pal:/opt/ros/humble /usr/bin/cmake --build /home/raaf/tiago_public_ws/build/tiago_rgbd_sensors -- -j12 -l12
[0.516s] Invoked command in '/home/raaf/tiago_public_ws/build/tiago_rgbd_sensors' returned '0': CMAKE_PREFIX_PATH=${CMAKE_PREFIX_PATH}:/home/raaf/tiago_public_ws/install/play_motion2_cli:/home/raaf/tiago_public_ws/install/launch_pal:/opt/ros/humble /usr/bin/cmake --build /home/raaf/tiago_public_ws/build/tiago_rgbd_sensors -- -j12 -l12
[0.551s] Invoking command in '/home/raaf/tiago_public_ws/build/tiago_rgbd_sensors': CMAKE_PREFIX_PATH=${CMAKE_PREFIX_PATH}:/home/raaf/tiago_public_ws/install/play_motion2_cli:/home/raaf/tiago_public_ws/install/launch_pal:/opt/ros/humble /usr/bin/cmake --install /home/raaf/tiago_public_ws/build/tiago_rgbd_sensors
[0.586s] -- Install configuration: ""
[0.588s] -- Execute custom install script
[0.589s] -- Up-to-date symlink: /home/raaf/tiago_public_ws/install/tiago_rgbd_sensors/share/ament_index/resource_index/package_run_dependencies/tiago_rgbd_sensors
[0.590s] -- Up-to-date symlink: /home/raaf/tiago_public_ws/install/tiago_rgbd_sensors/share/ament_index/resource_index/parent_prefix_path/tiago_rgbd_sensors
[0.590s] -- Up-to-date symlink: /home/raaf/tiago_public_ws/install/tiago_rgbd_sensors/share/tiago_rgbd_sensors/environment/ament_prefix_path.sh
[0.590s] -- Up-to-date symlink: /home/raaf/tiago_public_ws/install/tiago_rgbd_sensors/share/tiago_rgbd_sensors/environment/ament_prefix_path.dsv
[0.591s] -- Up-to-date symlink: /home/raaf/tiago_public_ws/install/tiago_rgbd_sensors/share/tiago_rgbd_sensors/environment/path.sh
[0.591s] -- Up-to-date symlink: /home/raaf/tiago_public_ws/install/tiago_rgbd_sensors/share/tiago_rgbd_sensors/environment/path.dsv
[0.591s] -- Up-to-date symlink: /home/raaf/tiago_public_ws/install/tiago_rgbd_sensors/share/tiago_rgbd_sensors/local_setup.bash
[0.591s] -- Up-to-date symlink: /home/raaf/tiago_public_ws/install/tiago_rgbd_sensors/share/tiago_rgbd_sensors/local_setup.sh
[0.591s] -- Up-to-date symlink: /home/raaf/tiago_public_ws/install/tiago_rgbd_sensors/share/tiago_rgbd_sensors/local_setup.zsh
[0.592s] -- Up-to-date symlink: /home/raaf/tiago_public_ws/install/tiago_rgbd_sensors/share/tiago_rgbd_sensors/local_setup.dsv
[0.592s] -- Symlinking: /home/raaf/tiago_public_ws/install/tiago_rgbd_sensors/share/tiago_rgbd_sensors/package.dsv
[0.597s] -- Up-to-date symlink: /home/raaf/tiago_public_ws/install/tiago_rgbd_sensors/share/ament_index/resource_index/packages/tiago_rgbd_sensors
[0.597s] -- Up-to-date symlink: /home/raaf/tiago_public_ws/install/tiago_rgbd_sensors/share/tiago_rgbd_sensors/cmake/tiago_rgbd_sensorsConfig.cmake
[0.597s] -- Up-to-date symlink: /home/raaf/tiago_public_ws/install/tiago_rgbd_sensors/share/tiago_rgbd_sensors/cmake/tiago_rgbd_sensorsConfig-version.cmake
[0.597s] -- Up-to-date symlink: /home/raaf/tiago_public_ws/install/tiago_rgbd_sensors/share/tiago_rgbd_sensors/package.xml
[0.687s] Invoked command in '/home/raaf/tiago_public_ws/build/tiago_rgbd_sensors' returned '0': CMAKE_PREFIX_PATH=${CMAKE_PREFIX_PATH}:/home/raaf/tiago_public_ws/install/play_motion2_cli:/home/raaf/tiago_public_ws/install/launch_pal:/opt/ros/humble /usr/bin/cmake --install /home/raaf/tiago_public_ws/build/tiago_rgbd_sensors
