[0.406s] Invoking command in '/home/raaf/tiago_public_ws/build/pal_gazebo_worlds': AMENT_PREFIX_PATH=/home/raaf/tiago_public_ws/install/launch_pal:/home/raaf/tiago_public_ws/install/urdf_test:/home/raaf/tiago_public_ws/install/tiago_simulation:/home/raaf/tiago_public_ws/install/tiago_robot:/home/raaf/tiago_public_ws/install/tiago_navigation:/home/raaf/tiago_public_ws/install/tiago_rgbd_sensors:/home/raaf/tiago_public_ws/install/tiago_gazebo:/home/raaf/tiago_public_ws/install/tiago_moveit_config:/home/raaf/tiago_public_ws/install/tiago_laser_sensors:/home/raaf/tiago_public_ws/install/tiago_bringup:/home/raaf/tiago_public_ws/install/tiago_description:/home/raaf/tiago_public_ws/install/tiago_controller_configuration:/home/raaf/tiago_public_ws/install/tiago_2dnav:/home/raaf/tiago_public_ws/install/pmb2_robot:/home/raaf/tiago_public_ws/install/pmb2_rgbd_sensors:/home/raaf/tiago_public_ws/install/pmb2_navigation:/home/raaf/tiago_public_ws/install/pmb2_laser_sensors:/home/raaf/tiago_public_ws/install/pmb2_bringup:/home/raaf/tiago_public_ws/install/pmb2_description:/home/raaf/tiago_public_ws/install/pmb2_controller_configuration:/home/raaf/tiago_public_ws/install/pmb2_2dnav:/home/raaf/tiago_public_ws/install/play_motion2_cli:/home/raaf/tiago_public_ws/install/play_motion2:/home/raaf/tiago_public_ws/install/play_motion2_msgs:/home/raaf/tiago_public_ws/install/pal_hey5:/home/raaf/tiago_public_ws/install/pal_hey5_description:/home/raaf/tiago_public_ws/install/pal_gripper_simulation:/home/raaf/tiago_public_ws/install/pal_gripper:/home/raaf/tiago_public_ws/install/pal_gripper_description:/home/raaf/tiago_public_ws/install/pal_urdf_utils:/home/raaf/tiago_public_ws/install/pal_robotiq_gripper:/home/raaf/tiago_public_ws/install/pal_robotiq_description:/home/raaf/tiago_public_ws/install/pal_robotiq_controller_configuration:/home/raaf/tiago_public_ws/install/pal_navigation_cfg:/home/raaf/tiago_public_ws/install/pal_navigation_cfg_bringup:/home/raaf/tiago_public_ws/install/pal_navigation_cfg_params:/home/raaf/tiago_public_ws/install/pal_hey5_controller_configuration:/home/raaf/tiago_public_ws/install/pal_gripper_controller_configuration:/home/raaf/tiago_public_ws/install/pal_gazebo_worlds:/opt/ros/humble CMAKE_PREFIX_PATH=${CMAKE_PREFIX_PATH}:/home/raaf/tiago_public_ws/install/play_motion2_cli:/home/raaf/tiago_public_ws/install/launch_pal:/opt/ros/humble PYTHONPATH=/home/raaf/tiago_public_ws/build/launch_pal:/home/raaf/tiago_public_ws/install/launch_pal/lib/python3.10/site-packages:/home/raaf/tiago_public_ws/install/urdf_test/local/lib/python3.10/dist-packages:/home/raaf/tiago_public_ws/install/tiago_description/local/lib/python3.10/dist-packages:/home/raaf/tiago_public_ws/install/pmb2_description/local/lib/python3.10/dist-packages:/home/raaf/tiago_public_ws/build/play_motion2_cli:/home/raaf/tiago_public_ws/install/play_motion2_cli/lib/python3.10/site-packages:/home/raaf/tiago_public_ws/install/play_motion2/local/lib/python3.10/dist-packages:/home/raaf/tiago_public_ws/install/play_motion2_msgs/local/lib/python3.10/dist-packages:/opt/ros/humble/lib/python3.10/site-packages:/opt/ros/humble/local/lib/python3.10/dist-packages /usr/bin/cmake --build /home/raaf/tiago_public_ws/build/pal_gazebo_worlds -- -j12 -l12
[0.448s] Invoked command in '/home/raaf/tiago_public_ws/build/pal_gazebo_worlds' returned '0': AMENT_PREFIX_PATH=/home/raaf/tiago_public_ws/install/launch_pal:/home/raaf/tiago_public_ws/install/urdf_test:/home/raaf/tiago_public_ws/install/tiago_simulation:/home/raaf/tiago_public_ws/install/tiago_robot:/home/raaf/tiago_public_ws/install/tiago_navigation:/home/raaf/tiago_public_ws/install/tiago_rgbd_sensors:/home/raaf/tiago_public_ws/install/tiago_gazebo:/home/raaf/tiago_public_ws/install/tiago_moveit_config:/home/raaf/tiago_public_ws/install/tiago_laser_sensors:/home/raaf/tiago_public_ws/install/tiago_bringup:/home/raaf/tiago_public_ws/install/tiago_description:/home/raaf/tiago_public_ws/install/tiago_controller_configuration:/home/raaf/tiago_public_ws/install/tiago_2dnav:/home/raaf/tiago_public_ws/install/pmb2_robot:/home/raaf/tiago_public_ws/install/pmb2_rgbd_sensors:/home/raaf/tiago_public_ws/install/pmb2_navigation:/home/raaf/tiago_public_ws/install/pmb2_laser_sensors:/home/raaf/tiago_public_ws/install/pmb2_bringup:/home/raaf/tiago_public_ws/install/pmb2_description:/home/raaf/tiago_public_ws/install/pmb2_controller_configuration:/home/raaf/tiago_public_ws/install/pmb2_2dnav:/home/raaf/tiago_public_ws/install/play_motion2_cli:/home/raaf/tiago_public_ws/install/play_motion2:/home/raaf/tiago_public_ws/install/play_motion2_msgs:/home/raaf/tiago_public_ws/install/pal_hey5:/home/raaf/tiago_public_ws/install/pal_hey5_description:/home/raaf/tiago_public_ws/install/pal_gripper_simulation:/home/raaf/tiago_public_ws/install/pal_gripper:/home/raaf/tiago_public_ws/install/pal_gripper_description:/home/raaf/tiago_public_ws/install/pal_urdf_utils:/home/raaf/tiago_public_ws/install/pal_robotiq_gripper:/home/raaf/tiago_public_ws/install/pal_robotiq_description:/home/raaf/tiago_public_ws/install/pal_robotiq_controller_configuration:/home/raaf/tiago_public_ws/install/pal_navigation_cfg:/home/raaf/tiago_public_ws/install/pal_navigation_cfg_bringup:/home/raaf/tiago_public_ws/install/pal_navigation_cfg_params:/home/raaf/tiago_public_ws/install/pal_hey5_controller_configuration:/home/raaf/tiago_public_ws/install/pal_gripper_controller_configuration:/home/raaf/tiago_public_ws/install/pal_gazebo_worlds:/opt/ros/humble CMAKE_PREFIX_PATH=${CMAKE_PREFIX_PATH}:/home/raaf/tiago_public_ws/install/play_motion2_cli:/home/raaf/tiago_public_ws/install/launch_pal:/opt/ros/humble PYTHONPATH=/home/raaf/tiago_public_ws/build/launch_pal:/home/raaf/tiago_public_ws/install/launch_pal/lib/python3.10/site-packages:/home/raaf/tiago_public_ws/install/urdf_test/local/lib/python3.10/dist-packages:/home/raaf/tiago_public_ws/install/tiago_description/local/lib/python3.10/dist-packages:/home/raaf/tiago_public_ws/install/pmb2_description/local/lib/python3.10/dist-packages:/home/raaf/tiago_public_ws/build/play_motion2_cli:/home/raaf/tiago_public_ws/install/play_motion2_cli/lib/python3.10/site-packages:/home/raaf/tiago_public_ws/install/play_motion2/local/lib/python3.10/dist-packages:/home/raaf/tiago_public_ws/install/play_motion2_msgs/local/lib/python3.10/dist-packages:/opt/ros/humble/lib/python3.10/site-packages:/opt/ros/humble/local/lib/python3.10/dist-packages /usr/bin/cmake --build /home/raaf/tiago_public_ws/build/pal_gazebo_worlds -- -j12 -l12
[0.450s] Invoking command in '/home/raaf/tiago_public_ws/build/pal_gazebo_worlds': AMENT_PREFIX_PATH=/home/raaf/tiago_public_ws/install/launch_pal:/home/raaf/tiago_public_ws/install/urdf_test:/home/raaf/tiago_public_ws/install/tiago_simulation:/home/raaf/tiago_public_ws/install/tiago_robot:/home/raaf/tiago_public_ws/install/tiago_navigation:/home/raaf/tiago_public_ws/install/tiago_rgbd_sensors:/home/raaf/tiago_public_ws/install/tiago_gazebo:/home/raaf/tiago_public_ws/install/tiago_moveit_config:/home/raaf/tiago_public_ws/install/tiago_laser_sensors:/home/raaf/tiago_public_ws/install/tiago_bringup:/home/raaf/tiago_public_ws/install/tiago_description:/home/raaf/tiago_public_ws/install/tiago_controller_configuration:/home/raaf/tiago_public_ws/install/tiago_2dnav:/home/raaf/tiago_public_ws/install/pmb2_robot:/home/raaf/tiago_public_ws/install/pmb2_rgbd_sensors:/home/raaf/tiago_public_ws/install/pmb2_navigation:/home/raaf/tiago_public_ws/install/pmb2_laser_sensors:/home/raaf/tiago_public_ws/install/pmb2_bringup:/home/raaf/tiago_public_ws/install/pmb2_description:/home/raaf/tiago_public_ws/install/pmb2_controller_configuration:/home/raaf/tiago_public_ws/install/pmb2_2dnav:/home/raaf/tiago_public_ws/install/play_motion2_cli:/home/raaf/tiago_public_ws/install/play_motion2:/home/raaf/tiago_public_ws/install/play_motion2_msgs:/home/raaf/tiago_public_ws/install/pal_hey5:/home/raaf/tiago_public_ws/install/pal_hey5_description:/home/raaf/tiago_public_ws/install/pal_gripper_simulation:/home/raaf/tiago_public_ws/install/pal_gripper:/home/raaf/tiago_public_ws/install/pal_gripper_description:/home/raaf/tiago_public_ws/install/pal_urdf_utils:/home/raaf/tiago_public_ws/install/pal_robotiq_gripper:/home/raaf/tiago_public_ws/install/pal_robotiq_description:/home/raaf/tiago_public_ws/install/pal_robotiq_controller_configuration:/home/raaf/tiago_public_ws/install/pal_navigation_cfg:/home/raaf/tiago_public_ws/install/pal_navigation_cfg_bringup:/home/raaf/tiago_public_ws/install/pal_navigation_cfg_params:/home/raaf/tiago_public_ws/install/pal_hey5_controller_configuration:/home/raaf/tiago_public_ws/install/pal_gripper_controller_configuration:/home/raaf/tiago_public_ws/install/pal_gazebo_worlds:/opt/ros/humble CMAKE_PREFIX_PATH=${CMAKE_PREFIX_PATH}:/home/raaf/tiago_public_ws/install/play_motion2_cli:/home/raaf/tiago_public_ws/install/launch_pal:/opt/ros/humble PYTHONPATH=/home/raaf/tiago_public_ws/build/launch_pal:/home/raaf/tiago_public_ws/install/launch_pal/lib/python3.10/site-packages:/home/raaf/tiago_public_ws/install/urdf_test/local/lib/python3.10/dist-packages:/home/raaf/tiago_public_ws/install/tiago_description/local/lib/python3.10/dist-packages:/home/raaf/tiago_public_ws/install/pmb2_description/local/lib/python3.10/dist-packages:/home/raaf/tiago_public_ws/build/play_motion2_cli:/home/raaf/tiago_public_ws/install/play_motion2_cli/lib/python3.10/site-packages:/home/raaf/tiago_public_ws/install/play_motion2/local/lib/python3.10/dist-packages:/home/raaf/tiago_public_ws/install/play_motion2_msgs/local/lib/python3.10/dist-packages:/opt/ros/humble/lib/python3.10/site-packages:/opt/ros/humble/local/lib/python3.10/dist-packages /usr/bin/cmake --install /home/raaf/tiago_public_ws/build/pal_gazebo_worlds
[0.468s] -- Install configuration: ""
[0.468s] -- Execute custom install script
[0.469s] -- Up-to-date symlink: /home/raaf/tiago_public_ws/install/pal_gazebo_worlds/share/pal_gazebo_worlds/launch/pal_gazebo.launch.py
[0.474s] -- Up-to-date symlink: /home/raaf/tiago_public_ws/install/pal_gazebo_worlds/share/pal_gazebo_worlds/models/apriltag_0/materials/scripts/apriltag_0.material
[0.474s] -- Up-to-date symlink: /home/raaf/tiago_public_ws/install/pal_gazebo_worlds/share/pal_gazebo_worlds/models/apriltag_0/materials/textures/tag41_12_00000.png
[0.474s] -- Up-to-date symlink: /home/raaf/tiago_public_ws/install/pal_gazebo_worlds/share/pal_gazebo_worlds/models/apriltag_0/model.config
[0.475s] -- Up-to-date symlink: /home/raaf/tiago_public_ws/install/pal_gazebo_worlds/share/pal_gazebo_worlds/models/apriltag_0/model.sdf
[0.475s] -- Up-to-date symlink: /home/raaf/tiago_public_ws/install/pal_gazebo_worlds/share/pal_gazebo_worlds/models/apriltag_20/materials/scripts/apriltag_20.material
[0.475s] -- Up-to-date symlink: /home/raaf/tiago_public_ws/install/pal_gazebo_worlds/share/pal_gazebo_worlds/models/apriltag_20/materials/textures/tag41_12_00020.png
[0.475s] -- Up-to-date symlink: /home/raaf/tiago_public_ws/install/pal_gazebo_worlds/share/pal_gazebo_worlds/models/apriltag_20/model.config
[0.475s] -- Up-to-date symlink: /home/raaf/tiago_public_ws/install/pal_gazebo_worlds/share/pal_gazebo_worlds/models/apriltag_20/model.sdf
[0.475s] -- Up-to-date symlink: /home/raaf/tiago_public_ws/install/pal_gazebo_worlds/share/pal_gazebo_worlds/models/arm_chair/arm_chair.sdf
[0.476s] -- Up-to-date symlink: /home/raaf/tiago_public_ws/install/pal_gazebo_worlds/share/pal_gazebo_worlds/models/arm_chair/meshes/arm_chair.stl
[0.476s] -- Up-to-date symlink: /home/raaf/tiago_public_ws/install/pal_gazebo_worlds/share/pal_gazebo_worlds/models/arm_chair/model.config
[0.476s] -- Up-to-date symlink: /home/raaf/tiago_public_ws/install/pal_gazebo_worlds/share/pal_gazebo_worlds/models/aruco_board/aruco_board.sdf
[0.476s] -- Up-to-date symlink: /home/raaf/tiago_public_ws/install/pal_gazebo_worlds/share/pal_gazebo_worlds/models/aruco_board/material/scripts/aruco_board.material
[0.476s] -- Up-to-date symlink: /home/raaf/tiago_public_ws/install/pal_gazebo_worlds/share/pal_gazebo_worlds/models/aruco_board/material/textures/aruco_board.png
[0.476s] -- Up-to-date symlink: /home/raaf/tiago_public_ws/install/pal_gazebo_worlds/share/pal_gazebo_worlds/models/aruco_board/model.config
[0.476s] -- Up-to-date symlink: /home/raaf/tiago_public_ws/install/pal_gazebo_worlds/share/pal_gazebo_worlds/models/aruco_cube/aruco_cube.sdf
[0.477s] -- Up-to-date symlink: /home/raaf/tiago_public_ws/install/pal_gazebo_worlds/share/pal_gazebo_worlds/models/aruco_cube/meshes/aruco_cube_5cm.dae
[0.477s] -- Up-to-date symlink: /home/raaf/tiago_public_ws/install/pal_gazebo_worlds/share/pal_gazebo_worlds/models/aruco_cube/meshes/aruco_cube_6cm.dae
[0.477s] -- Up-to-date symlink: /home/raaf/tiago_public_ws/install/pal_gazebo_worlds/share/pal_gazebo_worlds/models/aruco_cube/meshes/aruco_cube_8cm.dae
[0.477s] -- Up-to-date symlink: /home/raaf/tiago_public_ws/install/pal_gazebo_worlds/share/pal_gazebo_worlds/models/aruco_cube/meshes/marker582.png
[0.477s] -- Up-to-date symlink: /home/raaf/tiago_public_ws/install/pal_gazebo_worlds/share/pal_gazebo_worlds/models/aruco_cube/meshes/marker582_small_margin.png
[0.477s] -- Up-to-date symlink: /home/raaf/tiago_public_ws/install/pal_gazebo_worlds/share/pal_gazebo_worlds/models/aruco_cube/model.config
[0.478s] -- Up-to-date symlink: /home/raaf/tiago_public_ws/install/pal_gazebo_worlds/share/pal_gazebo_worlds/models/aruco_marker_0/materials/scripts/aruco_marker_0.material
[0.478s] -- Up-to-date symlink: /home/raaf/tiago_public_ws/install/pal_gazebo_worlds/share/pal_gazebo_worlds/models/aruco_marker_0/materials/textures/aruco_marker_0.png
[0.478s] -- Up-to-date symlink: /home/raaf/tiago_public_ws/install/pal_gazebo_worlds/share/pal_gazebo_worlds/models/aruco_marker_0/model.config
[0.478s] -- Up-to-date symlink: /home/raaf/tiago_public_ws/install/pal_gazebo_worlds/share/pal_gazebo_worlds/models/aruco_marker_0/model.sdf
[0.479s] -- Up-to-date symlink: /home/raaf/tiago_public_ws/install/pal_gazebo_worlds/share/pal_gazebo_worlds/models/aruco_marker_20/materials/scripts/aruco_marker_20.material
[0.479s] -- Up-to-date symlink: /home/raaf/tiago_public_ws/install/pal_gazebo_worlds/share/pal_gazebo_worlds/models/aruco_marker_20/materials/textures/aruco_marker_20.png
[0.479s] -- Up-to-date symlink: /home/raaf/tiago_public_ws/install/pal_gazebo_worlds/share/pal_gazebo_worlds/models/aruco_marker_20/model.config
[0.479s] -- Up-to-date symlink: /home/raaf/tiago_public_ws/install/pal_gazebo_worlds/share/pal_gazebo_worlds/models/aruco_marker_20/model.sdf
[0.480s] -- Up-to-date symlink: /home/raaf/tiago_public_ws/install/pal_gazebo_worlds/share/pal_gazebo_worlds/models/aruco_marker_250_6x6_1/aruco_marker_250_6x6.sdf
[0.480s] -- Up-to-date symlink: /home/raaf/tiago_public_ws/install/pal_gazebo_worlds/share/pal_gazebo_worlds/models/aruco_marker_250_6x6_1/material/scripts/aruco_marker_250_6x6.material
[0.483s] -- Up-to-date symlink: /home/raaf/tiago_public_ws/install/pal_gazebo_worlds/share/pal_gazebo_worlds/models/aruco_marker_250_6x6_1/material/textures/Aruco_6x6_250_0.png
[0.483s] -- Up-to-date symlink: /home/raaf/tiago_public_ws/install/pal_gazebo_worlds/share/pal_gazebo_worlds/models/aruco_marker_250_6x6_1/model.config
[0.484s] -- Up-to-date symlink: /home/raaf/tiago_public_ws/install/pal_gazebo_worlds/share/pal_gazebo_worlds/models/aruco_marker_250_6x6_2/aruco_marker_250_6x6.sdf
[0.484s] -- Up-to-date symlink: /home/raaf/tiago_public_ws/install/pal_gazebo_worlds/share/pal_gazebo_worlds/models/aruco_marker_250_6x6_2/material/scripts/aruco_marker_250_6x6.material
[0.484s] -- Up-to-date symlink: /home/raaf/tiago_public_ws/install/pal_gazebo_worlds/share/pal_gazebo_worlds/models/aruco_marker_250_6x6_2/material/textures/Aruco_6x6_250_1.png
[0.485s] -- Up-to-date symlink: /home/raaf/tiago_public_ws/install/pal_gazebo_worlds/share/pal_gazebo_worlds/models/aruco_marker_250_6x6_2/model.config
[0.486s] -- Up-to-date symlink: /home/raaf/tiago_public_ws/install/pal_gazebo_worlds/share/pal_gazebo_worlds/models/aruco_marker_250_6x6_3/aruco_marker_250_6x6.sdf
[0.486s] -- Up-to-date symlink: /home/raaf/tiago_public_ws/install/pal_gazebo_worlds/share/pal_gazebo_worlds/models/aruco_marker_250_6x6_3/material/scripts/aruco_marker_250_6x6.material
[0.486s] -- Up-to-date symlink: /home/raaf/tiago_public_ws/install/pal_gazebo_worlds/share/pal_gazebo_worlds/models/aruco_marker_250_6x6_3/material/textures/Aruco_6x6_250_2.png
[0.487s] -- Up-to-date symlink: /home/raaf/tiago_public_ws/install/pal_gazebo_worlds/share/pal_gazebo_worlds/models/aruco_marker_250_6x6_3/model.config
[0.487s] -- Up-to-date symlink: /home/raaf/tiago_public_ws/install/pal_gazebo_worlds/share/pal_gazebo_worlds/models/aruco_marker_250_6x6_4/aruco_marker_250_6x6.sdf
[0.487s] -- Up-to-date symlink: /home/raaf/tiago_public_ws/install/pal_gazebo_worlds/share/pal_gazebo_worlds/models/aruco_marker_250_6x6_4/material/scripts/aruco_marker_250_6x6.material
[0.487s] -- Up-to-date symlink: /home/raaf/tiago_public_ws/install/pal_gazebo_worlds/share/pal_gazebo_worlds/models/aruco_marker_250_6x6_4/material/textures/Aruco_6x6_250_3.png
[0.487s] -- Up-to-date symlink: /home/raaf/tiago_public_ws/install/pal_gazebo_worlds/share/pal_gazebo_worlds/models/aruco_marker_250_6x6_4/model.config
[0.487s] -- Up-to-date symlink: /home/raaf/tiago_public_ws/install/pal_gazebo_worlds/share/pal_gazebo_worlds/models/aruco_marker_6cm_238/aruco_marker_6cm.sdf
[0.487s] -- Up-to-date symlink: /home/raaf/tiago_public_ws/install/pal_gazebo_worlds/share/pal_gazebo_worlds/models/aruco_marker_6cm_238/material/scripts/aruco_marker_original.material
[0.487s] -- Up-to-date symlink: /home/raaf/tiago_public_ws/install/pal_gazebo_worlds/share/pal_gazebo_worlds/models/aruco_marker_6cm_238/material/textures/Aruco_6cm_238.png
[0.488s] -- Up-to-date symlink: /home/raaf/tiago_public_ws/install/pal_gazebo_worlds/share/pal_gazebo_worlds/models/aruco_marker_6cm_238/model.config
[0.488s] -- Up-to-date symlink: /home/raaf/tiago_public_ws/install/pal_gazebo_worlds/share/pal_gazebo_worlds/models/aruco_marker_6cm_26/aruco_marker_6cm.sdf
[0.488s] -- Up-to-date symlink: /home/raaf/tiago_public_ws/install/pal_gazebo_worlds/share/pal_gazebo_worlds/models/aruco_marker_6cm_26/material/scripts/aruco_marker_original.material
[0.488s] -- Up-to-date symlink: /home/raaf/tiago_public_ws/install/pal_gazebo_worlds/share/pal_gazebo_worlds/models/aruco_marker_6cm_26/material/textures/Aruco_6cm_26.png
[0.488s] -- Up-to-date symlink: /home/raaf/tiago_public_ws/install/pal_gazebo_worlds/share/pal_gazebo_worlds/models/aruco_marker_6cm_26/model.config
[0.489s] -- Up-to-date symlink: /home/raaf/tiago_public_ws/install/pal_gazebo_worlds/share/pal_gazebo_worlds/models/aruco_marker_6cm_582/aruco_marker_6cm.sdf
[0.489s] -- Up-to-date symlink: /home/raaf/tiago_public_ws/install/pal_gazebo_worlds/share/pal_gazebo_worlds/models/aruco_marker_6cm_582/material/scripts/aruco_marker_original.material
[0.490s] -- Up-to-date symlink: /home/raaf/tiago_public_ws/install/pal_gazebo_worlds/share/pal_gazebo_worlds/models/aruco_marker_6cm_582/material/textures/Aruco_6cm_582.png
[0.490s] -- Up-to-date symlink: /home/raaf/tiago_public_ws/install/pal_gazebo_worlds/share/pal_gazebo_worlds/models/aruco_marker_6cm_582/model.config
[0.490s] -- Up-to-date symlink: /home/raaf/tiago_public_ws/install/pal_gazebo_worlds/share/pal_gazebo_worlds/models/aruco_marker_6cm_63/aruco_marker_6cm.sdf
[0.490s] -- Up-to-date symlink: /home/raaf/tiago_public_ws/install/pal_gazebo_worlds/share/pal_gazebo_worlds/models/aruco_marker_6cm_63/material/scripts/aruco_marker_original.material
[0.490s] -- Up-to-date symlink: /home/raaf/tiago_public_ws/install/pal_gazebo_worlds/share/pal_gazebo_worlds/models/aruco_marker_6cm_63/material/textures/Aruco_6cm_63.png
[0.490s] -- Up-to-date symlink: /home/raaf/tiago_public_ws/install/pal_gazebo_worlds/share/pal_gazebo_worlds/models/aruco_marker_6cm_63/model.config
[0.490s] -- Up-to-date symlink: /home/raaf/tiago_public_ws/install/pal_gazebo_worlds/share/pal_gazebo_worlds/models/aruco_marker_9cm_238/aruco_marker_9cm.sdf
[0.491s] -- Up-to-date symlink: /home/raaf/tiago_public_ws/install/pal_gazebo_worlds/share/pal_gazebo_worlds/models/aruco_marker_9cm_238/material/scripts/aruco_marker_original.material
[0.491s] -- Up-to-date symlink: /home/raaf/tiago_public_ws/install/pal_gazebo_worlds/share/pal_gazebo_worlds/models/aruco_marker_9cm_238/material/textures/Aruco_9cm_238.png
[0.491s] -- Up-to-date symlink: /home/raaf/tiago_public_ws/install/pal_gazebo_worlds/share/pal_gazebo_worlds/models/aruco_marker_9cm_238/model.config
[0.491s] -- Up-to-date symlink: /home/raaf/tiago_public_ws/install/pal_gazebo_worlds/share/pal_gazebo_worlds/models/aruco_marker_9cm_26/aruco_marker_9cm.sdf
[0.492s] -- Up-to-date symlink: /home/raaf/tiago_public_ws/install/pal_gazebo_worlds/share/pal_gazebo_worlds/models/aruco_marker_9cm_26/material/scripts/aruco_marker_original.material
[0.492s] -- Up-to-date symlink: /home/raaf/tiago_public_ws/install/pal_gazebo_worlds/share/pal_gazebo_worlds/models/aruco_marker_9cm_26/material/textures/Aruco_9cm_26.png
[0.493s] -- Up-to-date symlink: /home/raaf/tiago_public_ws/install/pal_gazebo_worlds/share/pal_gazebo_worlds/models/aruco_marker_9cm_26/model.config
[0.494s] -- Up-to-date symlink: /home/raaf/tiago_public_ws/install/pal_gazebo_worlds/share/pal_gazebo_worlds/models/aruco_marker_9cm_582/aruco_marker_9cm.sdf
[0.495s] -- Up-to-date symlink: /home/raaf/tiago_public_ws/install/pal_gazebo_worlds/share/pal_gazebo_worlds/models/aruco_marker_9cm_582/material/scripts/aruco_marker_original.material
[0.495s] -- Up-to-date symlink: /home/raaf/tiago_public_ws/install/pal_gazebo_worlds/share/pal_gazebo_worlds/models/aruco_marker_9cm_582/material/textures/Aruco_9cm_582.png
[0.495s] -- Up-to-date symlink: /home/raaf/tiago_public_ws/install/pal_gazebo_worlds/share/pal_gazebo_worlds/models/aruco_marker_9cm_582/model.config
[0.495s] -- Up-to-date symlink: /home/raaf/tiago_public_ws/install/pal_gazebo_worlds/share/pal_gazebo_worlds/models/aruco_marker_9cm_63/aruco_marker_9cm.sdf
[0.496s] -- Up-to-date symlink: /home/raaf/tiago_public_ws/install/pal_gazebo_worlds/share/pal_gazebo_worlds/models/aruco_marker_9cm_63/material/scripts/aruco_marker_original.material
[0.496s] -- Up-to-date symlink: /home/raaf/tiago_public_ws/install/pal_gazebo_worlds/share/pal_gazebo_worlds/models/aruco_marker_9cm_63/material/textures/Aruco_9cm_63.png
[0.496s] -- Up-to-date symlink: /home/raaf/tiago_public_ws/install/pal_gazebo_worlds/share/pal_gazebo_worlds/models/aruco_marker_9cm_63/model.config
[0.497s] -- Up-to-date symlink: /home/raaf/tiago_public_ws/install/pal_gazebo_worlds/share/pal_gazebo_worlds/models/aruco_marker_original_238/aruco_marker_original.sdf
[0.497s] -- Up-to-date symlink: /home/raaf/tiago_public_ws/install/pal_gazebo_worlds/share/pal_gazebo_worlds/models/aruco_marker_original_238/material/scripts/aruco_marker_original.material
[0.497s] -- Up-to-date symlink: /home/raaf/tiago_public_ws/install/pal_gazebo_worlds/share/pal_gazebo_worlds/models/aruco_marker_original_238/material/textures/Aruco_original_238.png
[0.498s] -- Up-to-date symlink: /home/raaf/tiago_public_ws/install/pal_gazebo_worlds/share/pal_gazebo_worlds/models/aruco_marker_original_238/model.config
[0.498s] -- Up-to-date symlink: /home/raaf/tiago_public_ws/install/pal_gazebo_worlds/share/pal_gazebo_worlds/models/aruco_marker_original_26/aruco_marker_original.sdf
[0.498s] -- Up-to-date symlink: /home/raaf/tiago_public_ws/install/pal_gazebo_worlds/share/pal_gazebo_worlds/models/aruco_marker_original_26/material/scripts/aruco_marker_original.material
[0.499s] -- Up-to-date symlink: /home/raaf/tiago_public_ws/install/pal_gazebo_worlds/share/pal_gazebo_worlds/models/aruco_marker_original_26/material/textures/Aruco_original_26.png
[0.499s] -- Up-to-date symlink: /home/raaf/tiago_public_ws/install/pal_gazebo_worlds/share/pal_gazebo_worlds/models/aruco_marker_original_26/model.config
[0.499s] -- Up-to-date symlink: /home/raaf/tiago_public_ws/install/pal_gazebo_worlds/share/pal_gazebo_worlds/models/aruco_marker_original_582/aruco_marker_original.sdf
[0.499s] -- Up-to-date symlink: /home/raaf/tiago_public_ws/install/pal_gazebo_worlds/share/pal_gazebo_worlds/models/aruco_marker_original_582/material/scripts/aruco_marker_original.material
[0.500s] -- Up-to-date symlink: /home/raaf/tiago_public_ws/install/pal_gazebo_worlds/share/pal_gazebo_worlds/models/aruco_marker_original_582/material/textures/Aruco_original_582.png
[0.500s] -- Up-to-date symlink: /home/raaf/tiago_public_ws/install/pal_gazebo_worlds/share/pal_gazebo_worlds/models/aruco_marker_original_582/model.config
[0.502s] -- Up-to-date symlink: /home/raaf/tiago_public_ws/install/pal_gazebo_worlds/share/pal_gazebo_worlds/models/aruco_marker_original_63/aruco_marker_original.sdf
[0.502s] -- Up-to-date symlink: /home/raaf/tiago_public_ws/install/pal_gazebo_worlds/share/pal_gazebo_worlds/models/aruco_marker_original_63/material/scripts/aruco_marker_original.material
[0.503s] -- Up-to-date symlink: /home/raaf/tiago_public_ws/install/pal_gazebo_worlds/share/pal_gazebo_worlds/models/aruco_marker_original_63/material/textures/Aruco_original_63.png
[0.503s] -- Up-to-date symlink: /home/raaf/tiago_public_ws/install/pal_gazebo_worlds/share/pal_gazebo_worlds/models/aruco_marker_original_63/model.config
[0.505s] -- Up-to-date symlink: /home/raaf/tiago_public_ws/install/pal_gazebo_worlds/share/pal_gazebo_worlds/models/aruco_markermap_1/materials/scripts/aruco_markermap_1.material
[0.505s] -- Up-to-date symlink: /home/raaf/tiago_public_ws/install/pal_gazebo_worlds/share/pal_gazebo_worlds/models/aruco_markermap_1/materials/textures/aruco_markermap_1.png
[0.506s] -- Up-to-date symlink: /home/raaf/tiago_public_ws/install/pal_gazebo_worlds/share/pal_gazebo_worlds/models/aruco_markermap_1/model.config
[0.507s] -- Up-to-date symlink: /home/raaf/tiago_public_ws/install/pal_gazebo_worlds/share/pal_gazebo_worlds/models/aruco_markermap_1/model.sdf
[0.507s] -- Up-to-date symlink: /home/raaf/tiago_public_ws/install/pal_gazebo_worlds/share/pal_gazebo_worlds/models/aruco_markermap_2/materials/scripts/aruco_markermap_2.material
[0.507s] -- Up-to-date symlink: /home/raaf/tiago_public_ws/install/pal_gazebo_worlds/share/pal_gazebo_worlds/models/aruco_markermap_2/materials/textures/aruco_markermap_2.png
[0.508s] -- Up-to-date symlink: /home/raaf/tiago_public_ws/install/pal_gazebo_worlds/share/pal_gazebo_worlds/models/aruco_markermap_2/model.config
[0.508s] -- Up-to-date symlink: /home/raaf/tiago_public_ws/install/pal_gazebo_worlds/share/pal_gazebo_worlds/models/aruco_markermap_2/model.sdf
[0.508s] -- Up-to-date symlink: /home/raaf/tiago_public_ws/install/pal_gazebo_worlds/share/pal_gazebo_worlds/models/bauman/README
[0.508s] -- Up-to-date symlink: /home/raaf/tiago_public_ws/install/pal_gazebo_worlds/share/pal_gazebo_worlds/models/bauman/bauman_walls.png
[0.508s] -- Up-to-date symlink: /home/raaf/tiago_public_ws/install/pal_gazebo_worlds/share/pal_gazebo_worlds/models/bauman/model.config
[0.509s] -- Up-to-date symlink: /home/raaf/tiago_public_ws/install/pal_gazebo_worlds/share/pal_gazebo_worlds/models/bauman/model.sdf
[0.509s] -- Up-to-date symlink: /home/raaf/tiago_public_ws/install/pal_gazebo_worlds/share/pal_gazebo_worlds/models/bench/bench.sdf
[0.509s] -- Up-to-date symlink: /home/raaf/tiago_public_ws/install/pal_gazebo_worlds/share/pal_gazebo_worlds/models/bench/meshes/bench.stl
[0.509s] -- Up-to-date symlink: /home/raaf/tiago_public_ws/install/pal_gazebo_worlds/share/pal_gazebo_worlds/models/bench/model.config
[0.509s] -- Up-to-date symlink: /home/raaf/tiago_public_ws/install/pal_gazebo_worlds/share/pal_gazebo_worlds/models/bifrutas_tropical_can/bifrutas_tropical_can.sdf
[0.510s] -- Up-to-date symlink: /home/raaf/tiago_public_ws/install/pal_gazebo_worlds/share/pal_gazebo_worlds/models/bifrutas_tropical_can/material/scripts/bifrutas_tropical_can.material
[0.510s] -- Up-to-date symlink: /home/raaf/tiago_public_ws/install/pal_gazebo_worlds/share/pal_gazebo_worlds/models/bifrutas_tropical_can/material/textures/bifrutas_tropical_can.jpg
[0.510s] -- Up-to-date symlink: /home/raaf/tiago_public_ws/install/pal_gazebo_worlds/share/pal_gazebo_worlds/models/bifrutas_tropical_can/model.config
[0.510s] -- Up-to-date symlink: /home/raaf/tiago_public_ws/install/pal_gazebo_worlds/share/pal_gazebo_worlds/models/biscuits_pack/biscuits_pack.sdf
[0.510s] -- Up-to-date symlink: /home/raaf/tiago_public_ws/install/pal_gazebo_worlds/share/pal_gazebo_worlds/models/biscuits_pack/material/scripts/pringles.material
[0.510s] -- Up-to-date symlink: /home/raaf/tiago_public_ws/install/pal_gazebo_worlds/share/pal_gazebo_worlds/models/biscuits_pack/material/textures/biscuits_pack.jpg
[0.510s] -- Up-to-date symlink: /home/raaf/tiago_public_ws/install/pal_gazebo_worlds/share/pal_gazebo_worlds/models/biscuits_pack/model.config
[0.510s] -- Up-to-date symlink: /home/raaf/tiago_public_ws/install/pal_gazebo_worlds/share/pal_gazebo_worlds/models/box_with_handles/box_with_handles.sdf
[0.511s] -- Up-to-date symlink: /home/raaf/tiago_public_ws/install/pal_gazebo_worlds/share/pal_gazebo_worlds/models/box_with_handles/material/scripts/aruco_marker_original.material
[0.511s] -- Up-to-date symlink: /home/raaf/tiago_public_ws/install/pal_gazebo_worlds/share/pal_gazebo_worlds/models/box_with_handles/material/textures/Aruco_original_582.png
[0.511s] -- Up-to-date symlink: /home/raaf/tiago_public_ws/install/pal_gazebo_worlds/share/pal_gazebo_worlds/models/box_with_handles/model.config
[0.511s] -- Up-to-date symlink: /home/raaf/tiago_public_ws/install/pal_gazebo_worlds/share/pal_gazebo_worlds/models/brick_box_3x1x3/materials/scripts/brick_box.material
[0.512s] -- Up-to-date symlink: /home/raaf/tiago_public_ws/install/pal_gazebo_worlds/share/pal_gazebo_worlds/models/brick_box_3x1x3/materials/textures/simple_box.png
[0.512s] -- Up-to-date symlink: /home/raaf/tiago_public_ws/install/pal_gazebo_worlds/share/pal_gazebo_worlds/models/brick_box_3x1x3/meshes/simple_box.dae
[0.512s] -- Up-to-date symlink: /home/raaf/tiago_public_ws/install/pal_gazebo_worlds/share/pal_gazebo_worlds/models/brick_box_3x1x3/model-1_3.sdf
[0.512s] -- Up-to-date symlink: /home/raaf/tiago_public_ws/install/pal_gazebo_worlds/share/pal_gazebo_worlds/models/brick_box_3x1x3/model-1_4.sdf
[0.512s] -- Up-to-date symlink: /home/raaf/tiago_public_ws/install/pal_gazebo_worlds/share/pal_gazebo_worlds/models/brick_box_3x1x3/model.config
[0.512s] -- Up-to-date symlink: /home/raaf/tiago_public_ws/install/pal_gazebo_worlds/share/pal_gazebo_worlds/models/brick_box_3x1x3/model.sdf
[0.512s] -- Up-to-date symlink: /home/raaf/tiago_public_ws/install/pal_gazebo_worlds/share/pal_gazebo_worlds/models/citizen_extras_female_02/images/_01_-_Default1noCulling.JPG
[0.512s] -- Up-to-date symlink: /home/raaf/tiago_public_ws/install/pal_gazebo_worlds/share/pal_gazebo_worlds/models/citizen_extras_female_02/images/_02_-_Default1noCulling.JPG
[0.512s] -- Up-to-date symlink: /home/raaf/tiago_public_ws/install/pal_gazebo_worlds/share/pal_gazebo_worlds/models/citizen_extras_female_02/images/_03_-_Default1noCulling.JPG
[0.512s] -- Up-to-date symlink: /home/raaf/tiago_public_ws/install/pal_gazebo_worlds/share/pal_gazebo_worlds/models/citizen_extras_female_02/meshes/mesh.dae
[0.512s] -- Up-to-date symlink: /home/raaf/tiago_public_ws/install/pal_gazebo_worlds/share/pal_gazebo_worlds/models/citizen_extras_female_02/model.config
[0.513s] -- Up-to-date symlink: /home/raaf/tiago_public_ws/install/pal_gazebo_worlds/share/pal_gazebo_worlds/models/citizen_extras_female_02/model.sdf
[0.514s] -- Up-to-date symlink: /home/raaf/tiago_public_ws/install/pal_gazebo_worlds/share/pal_gazebo_worlds/models/citizen_extras_female_03/images/Material__1noCulling.JPG
[0.515s] -- Up-to-date symlink: /home/raaf/tiago_public_ws/install/pal_gazebo_worlds/share/pal_gazebo_worlds/models/citizen_extras_female_03/images/Material__2noCulling.JPG
[0.515s] -- Up-to-date symlink: /home/raaf/tiago_public_ws/install/pal_gazebo_worlds/share/pal_gazebo_worlds/models/citizen_extras_female_03/images/_03_-_Default1noCulling.JPG
[0.515s] -- Up-to-date symlink: /home/raaf/tiago_public_ws/install/pal_gazebo_worlds/share/pal_gazebo_worlds/models/citizen_extras_female_03/meshes/mesh.dae
[0.515s] -- Up-to-date symlink: /home/raaf/tiago_public_ws/install/pal_gazebo_worlds/share/pal_gazebo_worlds/models/citizen_extras_female_03/model.config
[0.515s] -- Up-to-date symlink: /home/raaf/tiago_public_ws/install/pal_gazebo_worlds/share/pal_gazebo_worlds/models/citizen_extras_female_03/model.sdf
[0.515s] -- Up-to-date symlink: /home/raaf/tiago_public_ws/install/pal_gazebo_worlds/share/pal_gazebo_worlds/models/citizen_extras_male_03/images/Material__1noCulling.JPG
[0.515s] -- Up-to-date symlink: /home/raaf/tiago_public_ws/install/pal_gazebo_worlds/share/pal_gazebo_worlds/models/citizen_extras_male_03/images/hair1noCulling.JPG
[0.516s] -- Up-to-date symlink: /home/raaf/tiago_public_ws/install/pal_gazebo_worlds/share/pal_gazebo_worlds/models/citizen_extras_male_03/images/hrad1noCulling.JPG
[0.516s] -- Up-to-date symlink: /home/raaf/tiago_public_ws/install/pal_gazebo_worlds/share/pal_gazebo_worlds/models/citizen_extras_male_03/meshes/mesh.dae
[0.516s] -- Up-to-date symlink: /home/raaf/tiago_public_ws/install/pal_gazebo_worlds/share/pal_gazebo_worlds/models/citizen_extras_male_03/model.config
[0.517s] -- Up-to-date symlink: /home/raaf/tiago_public_ws/install/pal_gazebo_worlds/share/pal_gazebo_worlds/models/citizen_extras_male_03/model.sdf
[0.517s] -- Up-to-date symlink: /home/raaf/tiago_public_ws/install/pal_gazebo_worlds/share/pal_gazebo_worlds/models/closet/closet.sdf
[0.517s] -- Up-to-date symlink: /home/raaf/tiago_public_ws/install/pal_gazebo_worlds/share/pal_gazebo_worlds/models/closet/meshes/closet.stl
[0.517s] -- Up-to-date symlink: /home/raaf/tiago_public_ws/install/pal_gazebo_worlds/share/pal_gazebo_worlds/models/closet/model.config
[0.517s] -- Up-to-date symlink: /home/raaf/tiago_public_ws/install/pal_gazebo_worlds/share/pal_gazebo_worlds/models/cocacola/cocacola.sdf
[0.518s] -- Up-to-date symlink: /home/raaf/tiago_public_ws/install/pal_gazebo_worlds/share/pal_gazebo_worlds/models/cocacola/material/scripts/cocacola.material
[0.518s] -- Up-to-date symlink: /home/raaf/tiago_public_ws/install/pal_gazebo_worlds/share/pal_gazebo_worlds/models/cocacola/material/textures/cocacola.jpg
[0.518s] -- Up-to-date symlink: /home/raaf/tiago_public_ws/install/pal_gazebo_worlds/share/pal_gazebo_worlds/models/cocacola/model.config
[0.518s] -- Up-to-date symlink: /home/raaf/tiago_public_ws/install/pal_gazebo_worlds/share/pal_gazebo_worlds/models/coke_can_slim/coke_can_slim.sdf
[0.518s] -- Up-to-date symlink: /home/raaf/tiago_public_ws/install/pal_gazebo_worlds/share/pal_gazebo_worlds/models/coke_can_slim/material/scripts/coke_can_slim.material
[0.518s] -- Up-to-date symlink: /home/raaf/tiago_public_ws/install/pal_gazebo_worlds/share/pal_gazebo_worlds/models/coke_can_slim/material/textures/coke_can_slim.jpg
[0.519s] -- Up-to-date symlink: /home/raaf/tiago_public_ws/install/pal_gazebo_worlds/share/pal_gazebo_worlds/models/coke_can_slim/model.config
[0.519s] -- Up-to-date symlink: /home/raaf/tiago_public_ws/install/pal_gazebo_worlds/share/pal_gazebo_worlds/models/database.config
[0.519s] -- Up-to-date symlink: /home/raaf/tiago_public_ws/install/pal_gazebo_worlds/share/pal_gazebo_worlds/models/dining_chair/dining_chair.sdf
[0.519s] -- Up-to-date symlink: /home/raaf/tiago_public_ws/install/pal_gazebo_worlds/share/pal_gazebo_worlds/models/dining_chair/meshes/dining_chair.stl
[0.519s] -- Up-to-date symlink: /home/raaf/tiago_public_ws/install/pal_gazebo_worlds/share/pal_gazebo_worlds/models/dining_chair/model.config
[0.520s] -- Up-to-date symlink: /home/raaf/tiago_public_ws/install/pal_gazebo_worlds/share/pal_gazebo_worlds/models/dock1/dock1.sdf
[0.520s] -- Up-to-date symlink: /home/raaf/tiago_public_ws/install/pal_gazebo_worlds/share/pal_gazebo_worlds/models/dock1/meshes/dock1.dae
[0.520s] -- Up-to-date symlink: /home/raaf/tiago_public_ws/install/pal_gazebo_worlds/share/pal_gazebo_worlds/models/dock1/model.config
[0.521s] -- Up-to-date symlink: /home/raaf/tiago_public_ws/install/pal_gazebo_worlds/share/pal_gazebo_worlds/models/door_obstacle/door_obstacle.sdf
[0.522s] -- Up-to-date symlink: /home/raaf/tiago_public_ws/install/pal_gazebo_worlds/share/pal_gazebo_worlds/models/door_obstacle/model.config
[0.522s] -- Up-to-date symlink: /home/raaf/tiago_public_ws/install/pal_gazebo_worlds/share/pal_gazebo_worlds/models/floor_lamp/floor_lamp.sdf
[0.523s] -- Up-to-date symlink: /home/raaf/tiago_public_ws/install/pal_gazebo_worlds/share/pal_gazebo_worlds/models/floor_lamp/meshes/floor_lamp.stl
[0.523s] -- Up-to-date symlink: /home/raaf/tiago_public_ws/install/pal_gazebo_worlds/share/pal_gazebo_worlds/models/floor_lamp/model.config
[0.526s] -- Up-to-date symlink: /home/raaf/tiago_public_ws/install/pal_gazebo_worlds/share/pal_gazebo_worlds/models/goetz_sofa/goetz_sofa.sdf
[0.526s] -- Up-to-date symlink: /home/raaf/tiago_public_ws/install/pal_gazebo_worlds/share/pal_gazebo_worlds/models/goetz_sofa/materials/textures/texture0.jpg
[0.527s] -- Up-to-date symlink: /home/raaf/tiago_public_ws/install/pal_gazebo_worlds/share/pal_gazebo_worlds/models/goetz_sofa/meshes/goetz_sofa.dae
[0.527s] -- Up-to-date symlink: /home/raaf/tiago_public_ws/install/pal_gazebo_worlds/share/pal_gazebo_worlds/models/goetz_sofa/model.config
[0.527s] -- Up-to-date symlink: /home/raaf/tiago_public_ws/install/pal_gazebo_worlds/share/pal_gazebo_worlds/models/green_ball/materials/scripts/ball.material
[0.528s] -- Up-to-date symlink: /home/raaf/tiago_public_ws/install/pal_gazebo_worlds/share/pal_gazebo_worlds/models/green_ball/model.config
[0.528s] -- Up-to-date symlink: /home/raaf/tiago_public_ws/install/pal_gazebo_worlds/share/pal_gazebo_worlds/models/green_ball/model.sdf
[0.528s] -- Up-to-date symlink: /home/raaf/tiago_public_ws/install/pal_gazebo_worlds/share/pal_gazebo_worlds/models/green_cube/green_cube.sdf
[0.529s] -- Up-to-date symlink: /home/raaf/tiago_public_ws/install/pal_gazebo_worlds/share/pal_gazebo_worlds/models/green_cube/model.config
[0.529s] -- Up-to-date symlink: /home/raaf/tiago_public_ws/install/pal_gazebo_worlds/share/pal_gazebo_worlds/models/green_rectangle/green_rectangle.sdf
[0.529s] -- Up-to-date symlink: /home/raaf/tiago_public_ws/install/pal_gazebo_worlds/share/pal_gazebo_worlds/models/green_rectangle/model.config
[0.530s] -- Up-to-date symlink: /home/raaf/tiago_public_ws/install/pal_gazebo_worlds/share/pal_gazebo_worlds/models/ground_plane/model-1_2.sdf
[0.530s] -- Up-to-date symlink: /home/raaf/tiago_public_ws/install/pal_gazebo_worlds/share/pal_gazebo_worlds/models/ground_plane/model-1_3.sdf
[0.530s] -- Up-to-date symlink: /home/raaf/tiago_public_ws/install/pal_gazebo_worlds/share/pal_gazebo_worlds/models/ground_plane/model-1_4.sdf
[0.531s] -- Up-to-date symlink: /home/raaf/tiago_public_ws/install/pal_gazebo_worlds/share/pal_gazebo_worlds/models/ground_plane/model.config
[0.531s] -- Up-to-date symlink: /home/raaf/tiago_public_ws/install/pal_gazebo_worlds/share/pal_gazebo_worlds/models/ground_plane/model.sdf
[0.533s] -- Up-to-date symlink: /home/raaf/tiago_public_ws/install/pal_gazebo_worlds/share/pal_gazebo_worlds/models/hospital_flat_map/hospital_flat_map.sdf
[0.533s] -- Up-to-date symlink: /home/raaf/tiago_public_ws/install/pal_gazebo_worlds/share/pal_gazebo_worlds/models/hospital_flat_map/meshes/hospital_flat_map.stl
[0.534s] -- Up-to-date symlink: /home/raaf/tiago_public_ws/install/pal_gazebo_worlds/share/pal_gazebo_worlds/models/hospital_flat_map/model.config
[0.534s] -- Up-to-date symlink: /home/raaf/tiago_public_ws/install/pal_gazebo_worlds/share/pal_gazebo_worlds/models/hospital_map/hospital_map.sdf
[0.534s] -- Up-to-date symlink: /home/raaf/tiago_public_ws/install/pal_gazebo_worlds/share/pal_gazebo_worlds/models/hospital_map/meshes/g1.stl
[0.535s] -- Up-to-date symlink: /home/raaf/tiago_public_ws/install/pal_gazebo_worlds/share/pal_gazebo_worlds/models/hospital_map/meshes/g2.stl
[0.535s] -- Up-to-date symlink: /home/raaf/tiago_public_ws/install/pal_gazebo_worlds/share/pal_gazebo_worlds/models/hospital_map/meshes/g3.stl
[0.535s] -- Up-to-date symlink: /home/raaf/tiago_public_ws/install/pal_gazebo_worlds/share/pal_gazebo_worlds/models/hospital_map/meshes/g4.stl
[0.535s] -- Up-to-date symlink: /home/raaf/tiago_public_ws/install/pal_gazebo_worlds/share/pal_gazebo_worlds/models/hospital_map/meshes/g5.stl
[0.536s] -- Up-to-date symlink: /home/raaf/tiago_public_ws/install/pal_gazebo_worlds/share/pal_gazebo_worlds/models/hospital_map/meshes/g6.stl
[0.536s] -- Up-to-date symlink: /home/raaf/tiago_public_ws/install/pal_gazebo_worlds/share/pal_gazebo_worlds/models/hospital_map/meshes/g7.stl
[0.536s] -- Up-to-date symlink: /home/raaf/tiago_public_ws/install/pal_gazebo_worlds/share/pal_gazebo_worlds/models/hospital_map/meshes/gr1.stl
[0.536s] -- Up-to-date symlink: /home/raaf/tiago_public_ws/install/pal_gazebo_worlds/share/pal_gazebo_worlds/models/hospital_map/meshes/gr2.stl
[0.537s] -- Up-to-date symlink: /home/raaf/tiago_public_ws/install/pal_gazebo_worlds/share/pal_gazebo_worlds/models/hospital_map/meshes/gr3.stl
[0.537s] -- Up-to-date symlink: /home/raaf/tiago_public_ws/install/pal_gazebo_worlds/share/pal_gazebo_worlds/models/hospital_map/meshes/gr4.stl
[0.537s] -- Up-to-date symlink: /home/raaf/tiago_public_ws/install/pal_gazebo_worlds/share/pal_gazebo_worlds/models/hospital_map/meshes/gr5.stl
[0.537s] -- Up-to-date symlink: /home/raaf/tiago_public_ws/install/pal_gazebo_worlds/share/pal_gazebo_worlds/models/hospital_map/meshes/gr6.stl
[0.537s] -- Up-to-date symlink: /home/raaf/tiago_public_ws/install/pal_gazebo_worlds/share/pal_gazebo_worlds/models/hospital_map/meshes/hospital_map.stl
[0.538s] -- Up-to-date symlink: /home/raaf/tiago_public_ws/install/pal_gazebo_worlds/share/pal_gazebo_worlds/models/hospital_map/meshes/w1.stl
[0.538s] -- Up-to-date symlink: /home/raaf/tiago_public_ws/install/pal_gazebo_worlds/share/pal_gazebo_worlds/models/hospital_map/meshes/w2.stl
[0.538s] -- Up-to-date symlink: /home/raaf/tiago_public_ws/install/pal_gazebo_worlds/share/pal_gazebo_worlds/models/hospital_map/meshes/w3.stl
[0.538s] -- Up-to-date symlink: /home/raaf/tiago_public_ws/install/pal_gazebo_worlds/share/pal_gazebo_worlds/models/hospital_map/meshes/w4.stl
[0.538s] -- Up-to-date symlink: /home/raaf/tiago_public_ws/install/pal_gazebo_worlds/share/pal_gazebo_worlds/models/hospital_map/meshes/w5.stl
[0.539s] -- Up-to-date symlink: /home/raaf/tiago_public_ws/install/pal_gazebo_worlds/share/pal_gazebo_worlds/models/hospital_map/meshes/w6.stl
[0.539s] -- Up-to-date symlink: /home/raaf/tiago_public_ws/install/pal_gazebo_worlds/share/pal_gazebo_worlds/models/hospital_map/meshes/w7.stl
[0.539s] -- Up-to-date symlink: /home/raaf/tiago_public_ws/install/pal_gazebo_worlds/share/pal_gazebo_worlds/models/hospital_map/meshes/wr1.stl
[0.539s] -- Up-to-date symlink: /home/raaf/tiago_public_ws/install/pal_gazebo_worlds/share/pal_gazebo_worlds/models/hospital_map/meshes/wr2.stl
[0.539s] -- Up-to-date symlink: /home/raaf/tiago_public_ws/install/pal_gazebo_worlds/share/pal_gazebo_worlds/models/hospital_map/meshes/wr3.stl
[0.540s] -- Up-to-date symlink: /home/raaf/tiago_public_ws/install/pal_gazebo_worlds/share/pal_gazebo_worlds/models/hospital_map/meshes/wr4.stl
[0.540s] -- Up-to-date symlink: /home/raaf/tiago_public_ws/install/pal_gazebo_worlds/share/pal_gazebo_worlds/models/hospital_map/meshes/wr5.stl
[0.540s] -- Up-to-date symlink: /home/raaf/tiago_public_ws/install/pal_gazebo_worlds/share/pal_gazebo_worlds/models/hospital_map/meshes/wr6.stl
[0.540s] -- Up-to-date symlink: /home/raaf/tiago_public_ws/install/pal_gazebo_worlds/share/pal_gazebo_worlds/models/hospital_map/model.config
[0.540s] -- Up-to-date symlink: /home/raaf/tiago_public_ws/install/pal_gazebo_worlds/share/pal_gazebo_worlds/models/ideal_sun/model.config
[0.541s] -- Up-to-date symlink: /home/raaf/tiago_public_ws/install/pal_gazebo_worlds/share/pal_gazebo_worlds/models/ideal_sun/model.sdf
[0.541s] -- Up-to-date symlink: /home/raaf/tiago_public_ws/install/pal_gazebo_worlds/share/pal_gazebo_worlds/models/ikea_ektorp_chair/meshes/IKE06001.JPG
[0.541s] -- Up-to-date symlink: /home/raaf/tiago_public_ws/install/pal_gazebo_worlds/share/pal_gazebo_worlds/models/ikea_ektorp_chair/meshes/mesh.dae
[0.541s] -- Up-to-date symlink: /home/raaf/tiago_public_ws/install/pal_gazebo_worlds/share/pal_gazebo_worlds/models/ikea_ektorp_chair/model.config
[0.541s] -- Up-to-date symlink: /home/raaf/tiago_public_ws/install/pal_gazebo_worlds/share/pal_gazebo_worlds/models/ikea_ektorp_chair/model.sdf
[0.542s] -- Up-to-date symlink: /home/raaf/tiago_public_ws/install/pal_gazebo_worlds/share/pal_gazebo_worlds/models/ikea_folke_chair/meshes/mesh.dae
[0.542s] -- Up-to-date symlink: /home/raaf/tiago_public_ws/install/pal_gazebo_worlds/share/pal_gazebo_worlds/models/ikea_folke_chair/meshes/notexture.png
[0.542s] -- Up-to-date symlink: /home/raaf/tiago_public_ws/install/pal_gazebo_worlds/share/pal_gazebo_worlds/models/ikea_folke_chair/meshes/texture.png
[0.542s] -- Up-to-date symlink: /home/raaf/tiago_public_ws/install/pal_gazebo_worlds/share/pal_gazebo_worlds/models/ikea_folke_chair/model.config
[0.542s] -- Up-to-date symlink: /home/raaf/tiago_public_ws/install/pal_gazebo_worlds/share/pal_gazebo_worlds/models/ikea_folke_chair/model.sdf
[0.543s] -- Up-to-date symlink: /home/raaf/tiago_public_ws/install/pal_gazebo_worlds/share/pal_gazebo_worlds/models/ikea_harry_chair/meshes/body.png
[0.543s] -- Up-to-date symlink: /home/raaf/tiago_public_ws/install/pal_gazebo_worlds/share/pal_gazebo_worlds/models/ikea_harry_chair/meshes/legs.png
[0.543s] -- Up-to-date symlink: /home/raaf/tiago_public_ws/install/pal_gazebo_worlds/share/pal_gazebo_worlds/models/ikea_harry_chair/meshes/mesh.dae
[0.543s] -- Up-to-date symlink: /home/raaf/tiago_public_ws/install/pal_gazebo_worlds/share/pal_gazebo_worlds/models/ikea_harry_chair/model.config
[0.543s] -- Up-to-date symlink: /home/raaf/tiago_public_ws/install/pal_gazebo_worlds/share/pal_gazebo_worlds/models/ikea_harry_chair/model.sdf
[0.543s] -- Up-to-date symlink: /home/raaf/tiago_public_ws/install/pal_gazebo_worlds/share/pal_gazebo_worlds/models/ikea_stefan_chair/meshes/mesh.dae
[0.544s] -- Up-to-date symlink: /home/raaf/tiago_public_ws/install/pal_gazebo_worlds/share/pal_gazebo_worlds/models/ikea_stefan_chair/model.config
[0.544s] -- Up-to-date symlink: /home/raaf/tiago_public_ws/install/pal_gazebo_worlds/share/pal_gazebo_worlds/models/ikea_stefan_chair/model.sdf
[0.544s] -- Up-to-date symlink: /home/raaf/tiago_public_ws/install/pal_gazebo_worlds/share/pal_gazebo_worlds/models/ikea_urban_chair/meshes/mesh.dae
[0.544s] -- Up-to-date symlink: /home/raaf/tiago_public_ws/install/pal_gazebo_worlds/share/pal_gazebo_worlds/models/ikea_urban_chair/meshes/notexture.png
[0.544s] -- Up-to-date symlink: /home/raaf/tiago_public_ws/install/pal_gazebo_worlds/share/pal_gazebo_worlds/models/ikea_urban_chair/model.config
[0.545s] -- Up-to-date symlink: /home/raaf/tiago_public_ws/install/pal_gazebo_worlds/share/pal_gazebo_worlds/models/ikea_urban_chair/model.sdf
[0.545s] -- Up-to-date symlink: /home/raaf/tiago_public_ws/install/pal_gazebo_worlds/share/pal_gazebo_worlds/models/kitchen_chair/kitchen_chair.sdf
[0.545s] -- Up-to-date symlink: /home/raaf/tiago_public_ws/install/pal_gazebo_worlds/share/pal_gazebo_worlds/models/kitchen_chair/meshes/kitchen_chair.stl
[0.545s] -- Up-to-date symlink: /home/raaf/tiago_public_ws/install/pal_gazebo_worlds/share/pal_gazebo_worlds/models/kitchen_chair/model.config
[0.545s] -- Up-to-date symlink: /home/raaf/tiago_public_ws/install/pal_gazebo_worlds/share/pal_gazebo_worlds/models/kitchen_table/kitchen_table.sdf
[0.545s] -- Up-to-date symlink: /home/raaf/tiago_public_ws/install/pal_gazebo_worlds/share/pal_gazebo_worlds/models/kitchen_table/meshes/kitchen_table.stl
[0.546s] -- Up-to-date symlink: /home/raaf/tiago_public_ws/install/pal_gazebo_worlds/share/pal_gazebo_worlds/models/kitchen_table/model.config
[0.546s] -- Up-to-date symlink: /home/raaf/tiago_public_ws/install/pal_gazebo_worlds/share/pal_gazebo_worlds/models/lamp/lamp.sdf
[0.546s] -- Up-to-date symlink: /home/raaf/tiago_public_ws/install/pal_gazebo_worlds/share/pal_gazebo_worlds/models/lamp/meshes/lamp.stl
[0.546s] -- Up-to-date symlink: /home/raaf/tiago_public_ws/install/pal_gazebo_worlds/share/pal_gazebo_worlds/models/lamp/model.config
[0.546s] -- Up-to-date symlink: /home/raaf/tiago_public_ws/install/pal_gazebo_worlds/share/pal_gazebo_worlds/models/macrolink_small_table/model.config
[0.546s] -- Up-to-date symlink: /home/raaf/tiago_public_ws/install/pal_gazebo_worlds/share/pal_gazebo_worlds/models/macrolink_small_table/table.sdf
[0.547s] -- Up-to-date symlink: /home/raaf/tiago_public_ws/install/pal_gazebo_worlds/share/pal_gazebo_worlds/models/macrolink_table/model.config
[0.547s] -- Up-to-date symlink: /home/raaf/tiago_public_ws/install/pal_gazebo_worlds/share/pal_gazebo_worlds/models/macrolink_table/table.sdf
[0.547s] -- Up-to-date symlink: /home/raaf/tiago_public_ws/install/pal_gazebo_worlds/share/pal_gazebo_worlds/models/marker26_8cm/marker26_8cm.sdf
[0.547s] -- Up-to-date symlink: /home/raaf/tiago_public_ws/install/pal_gazebo_worlds/share/pal_gazebo_worlds/models/marker26_8cm/material/scripts/marker26_8cm.material
[0.548s] -- Up-to-date symlink: /home/raaf/tiago_public_ws/install/pal_gazebo_worlds/share/pal_gazebo_worlds/models/marker26_8cm/material/textures/aruco-26_8cm.png
[0.548s] -- Up-to-date symlink: /home/raaf/tiago_public_ws/install/pal_gazebo_worlds/share/pal_gazebo_worlds/models/marker26_8cm/model.config
[0.548s] -- Up-to-date symlink: /home/raaf/tiago_public_ws/install/pal_gazebo_worlds/share/pal_gazebo_worlds/models/pal_poster/material/scripts/pal_poster.material
[0.548s] -- Up-to-date symlink: /home/raaf/tiago_public_ws/install/pal_gazebo_worlds/share/pal_gazebo_worlds/models/pal_poster/material/textures/pal_poster.jpg
[0.548s] -- Up-to-date symlink: /home/raaf/tiago_public_ws/install/pal_gazebo_worlds/share/pal_gazebo_worlds/models/pal_poster/model.config
[0.549s] -- Up-to-date symlink: /home/raaf/tiago_public_ws/install/pal_gazebo_worlds/share/pal_gazebo_worlds/models/pal_poster/pal_poster.sdf
[0.549s] -- Up-to-date symlink: /home/raaf/tiago_public_ws/install/pal_gazebo_worlds/share/pal_gazebo_worlds/models/pal_textured_object/material/scripts/pal_textured_object.material
[0.549s] -- Up-to-date symlink: /home/raaf/tiago_public_ws/install/pal_gazebo_worlds/share/pal_gazebo_worlds/models/pal_textured_object/material/textures/pal_textured_object.png
[0.549s] -- Up-to-date symlink: /home/raaf/tiago_public_ws/install/pal_gazebo_worlds/share/pal_gazebo_worlds/models/pal_textured_object/model.config
[0.550s] -- Up-to-date symlink: /home/raaf/tiago_public_ws/install/pal_gazebo_worlds/share/pal_gazebo_worlds/models/pal_textured_object/pal_textured_object.sdf
[0.550s] -- Up-to-date symlink: /home/raaf/tiago_public_ws/install/pal_gazebo_worlds/share/pal_gazebo_worlds/models/pringles/material/scripts/pringles.material
[0.550s] -- Up-to-date symlink: /home/raaf/tiago_public_ws/install/pal_gazebo_worlds/share/pal_gazebo_worlds/models/pringles/material/textures/pringles.jpg
[0.551s] -- Up-to-date symlink: /home/raaf/tiago_public_ws/install/pal_gazebo_worlds/share/pal_gazebo_worlds/models/pringles/model.config
[0.552s] -- Up-to-date symlink: /home/raaf/tiago_public_ws/install/pal_gazebo_worlds/share/pal_gazebo_worlds/models/pringles/pringles.sdf
[0.552s] -- Up-to-date symlink: /home/raaf/tiago_public_ws/install/pal_gazebo_worlds/share/pal_gazebo_worlds/models/pringles2/material/scripts/pringles2.material
[0.553s] -- Up-to-date symlink: /home/raaf/tiago_public_ws/install/pal_gazebo_worlds/share/pal_gazebo_worlds/models/pringles2/material/textures/pringles2.jpg
[0.553s] -- Up-to-date symlink: /home/raaf/tiago_public_ws/install/pal_gazebo_worlds/share/pal_gazebo_worlds/models/pringles2/model.config
[0.553s] -- Up-to-date symlink: /home/raaf/tiago_public_ws/install/pal_gazebo_worlds/share/pal_gazebo_worlds/models/pringles2/pringles2.sdf
[0.553s] -- Up-to-date symlink: /home/raaf/tiago_public_ws/install/pal_gazebo_worlds/share/pal_gazebo_worlds/models/reemc_bookshelf/bookshelf.sdf
[0.554s] -- Up-to-date symlink: /home/raaf/tiago_public_ws/install/pal_gazebo_worlds/share/pal_gazebo_worlds/models/reemc_bookshelf/model.config
[0.554s] -- Up-to-date symlink: /home/raaf/tiago_public_ws/install/pal_gazebo_worlds/share/pal_gazebo_worlds/models/reemc_cabinet/cabinet.sdf
[0.554s] -- Up-to-date symlink: /home/raaf/tiago_public_ws/install/pal_gazebo_worlds/share/pal_gazebo_worlds/models/reemc_cabinet/model.config
[0.555s] -- Up-to-date symlink: /home/raaf/tiago_public_ws/install/pal_gazebo_worlds/share/pal_gazebo_worlds/models/reemc_table/model.config
[0.555s] -- Up-to-date symlink: /home/raaf/tiago_public_ws/install/pal_gazebo_worlds/share/pal_gazebo_worlds/models/reemc_table/table.sdf
[0.555s] -- Up-to-date symlink: /home/raaf/tiago_public_ws/install/pal_gazebo_worlds/share/pal_gazebo_worlds/models/reemc_textured_object/meshes/mesh.dae
[0.555s] -- Up-to-date symlink: /home/raaf/tiago_public_ws/install/pal_gazebo_worlds/share/pal_gazebo_worlds/models/reemc_textured_object/meshes/texture.jpg
[0.556s] -- Up-to-date symlink: /home/raaf/tiago_public_ws/install/pal_gazebo_worlds/share/pal_gazebo_worlds/models/reemc_textured_object/model.config
[0.556s] -- Up-to-date symlink: /home/raaf/tiago_public_ws/install/pal_gazebo_worlds/share/pal_gazebo_worlds/models/reemc_textured_object/model.sdf
[0.556s] -- Up-to-date symlink: /home/raaf/tiago_public_ws/install/pal_gazebo_worlds/share/pal_gazebo_worlds/models/reemc_textured_object_nograv/model.config
[0.556s] -- Up-to-date symlink: /home/raaf/tiago_public_ws/install/pal_gazebo_worlds/share/pal_gazebo_worlds/models/reemc_textured_object_nograv/model.sdf
[0.556s] -- Up-to-date symlink: /home/raaf/tiago_public_ws/install/pal_gazebo_worlds/share/pal_gazebo_worlds/models/reemc_walls/model.config
[0.557s] -- Up-to-date symlink: /home/raaf/tiago_public_ws/install/pal_gazebo_worlds/share/pal_gazebo_worlds/models/reemc_walls/walls.sdf
[0.557s] -- Up-to-date symlink: /home/raaf/tiago_public_ws/install/pal_gazebo_worlds/share/pal_gazebo_worlds/models/reviews_table/meshes/reviews_table.stl
[0.557s] -- Up-to-date symlink: /home/raaf/tiago_public_ws/install/pal_gazebo_worlds/share/pal_gazebo_worlds/models/reviews_table/model.config
[0.557s] -- Up-to-date symlink: /home/raaf/tiago_public_ws/install/pal_gazebo_worlds/share/pal_gazebo_worlds/models/reviews_table/reviews_table.sdf
[0.557s] -- Up-to-date symlink: /home/raaf/tiago_public_ws/install/pal_gazebo_worlds/share/pal_gazebo_worlds/models/robocup_walls_70cm_doors/house_walls.sdf
[0.558s] -- Up-to-date symlink: /home/raaf/tiago_public_ws/install/pal_gazebo_worlds/share/pal_gazebo_worlds/models/robocup_walls_70cm_doors/meshes/robocup_house.stl
[0.558s] -- Up-to-date symlink: /home/raaf/tiago_public_ws/install/pal_gazebo_worlds/share/pal_gazebo_worlds/models/robocup_walls_70cm_doors/model.config
[0.558s] -- Up-to-date symlink: /home/raaf/tiago_public_ws/install/pal_gazebo_worlds/share/pal_gazebo_worlds/models/rockin_camp/README
[0.558s] -- Up-to-date symlink: /home/raaf/tiago_public_ws/install/pal_gazebo_worlds/share/pal_gazebo_worlds/models/rockin_camp/model.config
[0.558s] -- Up-to-date symlink: /home/raaf/tiago_public_ws/install/pal_gazebo_worlds/share/pal_gazebo_worlds/models/rockin_camp/model.sdf
[0.558s] -- Up-to-date symlink: /home/raaf/tiago_public_ws/install/pal_gazebo_worlds/share/pal_gazebo_worlds/models/rockin_camp/rockin_camp.png
[0.558s] -- Up-to-date symlink: /home/raaf/tiago_public_ws/install/pal_gazebo_worlds/share/pal_gazebo_worlds/models/sideboard/meshes/sideboard.stl
[0.558s] -- Up-to-date symlink: /home/raaf/tiago_public_ws/install/pal_gazebo_worlds/share/pal_gazebo_worlds/models/sideboard/model.config
[0.558s] -- Up-to-date symlink: /home/raaf/tiago_public_ws/install/pal_gazebo_worlds/share/pal_gazebo_worlds/models/sideboard/sideboard.sdf
[0.559s] -- Up-to-date symlink: /home/raaf/tiago_public_ws/install/pal_gazebo_worlds/share/pal_gazebo_worlds/models/slippery_patch/material/scripts/slippery_patch.material
[0.559s] -- Up-to-date symlink: /home/raaf/tiago_public_ws/install/pal_gazebo_worlds/share/pal_gazebo_worlds/models/slippery_patch/material/textures/slippery_patch.jpg
[0.559s] -- Up-to-date symlink: /home/raaf/tiago_public_ws/install/pal_gazebo_worlds/share/pal_gazebo_worlds/models/slippery_patch/model.config
[0.559s] -- Up-to-date symlink: /home/raaf/tiago_public_ws/install/pal_gazebo_worlds/share/pal_gazebo_worlds/models/slippery_patch/slippery_patch.sdf
[0.559s] -- Up-to-date symlink: /home/raaf/tiago_public_ws/install/pal_gazebo_worlds/share/pal_gazebo_worlds/models/small_cylinder/model.config
[0.559s] -- Up-to-date symlink: /home/raaf/tiago_public_ws/install/pal_gazebo_worlds/share/pal_gazebo_worlds/models/small_cylinder/small_cylinder.sdf
[0.559s] -- Up-to-date symlink: /home/raaf/tiago_public_ws/install/pal_gazebo_worlds/share/pal_gazebo_worlds/models/sofa/meshes/sofa.stl
[0.559s] -- Up-to-date symlink: /home/raaf/tiago_public_ws/install/pal_gazebo_worlds/share/pal_gazebo_worlds/models/sofa/model.config
[0.559s] -- Up-to-date symlink: /home/raaf/tiago_public_ws/install/pal_gazebo_worlds/share/pal_gazebo_worlds/models/sofa/sofa.sdf
[0.559s] -- Up-to-date symlink: /home/raaf/tiago_public_ws/install/pal_gazebo_worlds/share/pal_gazebo_worlds/models/sprite/material/scripts/sprite.material
[0.559s] -- Up-to-date symlink: /home/raaf/tiago_public_ws/install/pal_gazebo_worlds/share/pal_gazebo_worlds/models/sprite/material/textures/sprite.jpg
[0.560s] -- Up-to-date symlink: /home/raaf/tiago_public_ws/install/pal_gazebo_worlds/share/pal_gazebo_worlds/models/sprite/model.config
[0.560s] -- Up-to-date symlink: /home/raaf/tiago_public_ws/install/pal_gazebo_worlds/share/pal_gazebo_worlds/models/sprite/sprite.sdf
[0.560s] -- Up-to-date symlink: /home/raaf/tiago_public_ws/install/pal_gazebo_worlds/share/pal_gazebo_worlds/models/sun/model-1_2.sdf
[0.560s] -- Up-to-date symlink: /home/raaf/tiago_public_ws/install/pal_gazebo_worlds/share/pal_gazebo_worlds/models/sun/model-1_3.sdf
[0.560s] -- Up-to-date symlink: /home/raaf/tiago_public_ws/install/pal_gazebo_worlds/share/pal_gazebo_worlds/models/sun/model-1_4.sdf
[0.560s] -- Up-to-date symlink: /home/raaf/tiago_public_ws/install/pal_gazebo_worlds/share/pal_gazebo_worlds/models/sun/model.config
[0.560s] -- Up-to-date symlink: /home/raaf/tiago_public_ws/install/pal_gazebo_worlds/share/pal_gazebo_worlds/models/sun/model.sdf
[0.560s] -- Up-to-date symlink: /home/raaf/tiago_public_ws/install/pal_gazebo_worlds/share/pal_gazebo_worlds/models/table_0m8/model.config
[0.560s] -- Up-to-date symlink: /home/raaf/tiago_public_ws/install/pal_gazebo_worlds/share/pal_gazebo_worlds/models/table_0m8/table.sdf
[0.560s] -- Up-to-date symlink: /home/raaf/tiago_public_ws/install/pal_gazebo_worlds/share/pal_gazebo_worlds/models/table_1m/model.config
[0.560s] -- Up-to-date symlink: /home/raaf/tiago_public_ws/install/pal_gazebo_worlds/share/pal_gazebo_worlds/models/table_1m/table_1m.sdf
[0.561s] -- Up-to-date symlink: /home/raaf/tiago_public_ws/install/pal_gazebo_worlds/share/pal_gazebo_worlds/models/test2/meshes/test2.dae
[0.561s] -- Up-to-date symlink: /home/raaf/tiago_public_ws/install/pal_gazebo_worlds/share/pal_gazebo_worlds/models/test2/model.config
[0.561s] -- Up-to-date symlink: /home/raaf/tiago_public_ws/install/pal_gazebo_worlds/share/pal_gazebo_worlds/models/test2/test2.sdf
[0.561s] -- Up-to-date symlink: /home/raaf/tiago_public_ws/install/pal_gazebo_worlds/share/pal_gazebo_worlds/models/testing_room/README
[0.561s] -- Up-to-date symlink: /home/raaf/tiago_public_ws/install/pal_gazebo_worlds/share/pal_gazebo_worlds/models/testing_room/model.config
[0.561s] -- Up-to-date symlink: /home/raaf/tiago_public_ws/install/pal_gazebo_worlds/share/pal_gazebo_worlds/models/testing_room/model.sdf
[0.561s] -- Up-to-date symlink: /home/raaf/tiago_public_ws/install/pal_gazebo_worlds/share/pal_gazebo_worlds/models/testing_room/testing_room.png
[0.561s] -- Up-to-date symlink: /home/raaf/tiago_public_ws/install/pal_gazebo_worlds/share/pal_gazebo_worlds/models/tv/meshes/tv.stl
[0.561s] -- Up-to-date symlink: /home/raaf/tiago_public_ws/install/pal_gazebo_worlds/share/pal_gazebo_worlds/models/tv/model.config
[0.561s] -- Up-to-date symlink: /home/raaf/tiago_public_ws/install/pal_gazebo_worlds/share/pal_gazebo_worlds/models/tv/tv.sdf
[0.562s] -- Up-to-date symlink: /home/raaf/tiago_public_ws/install/pal_gazebo_worlds/share/pal_gazebo_worlds/models/wall_with_reem_photo/material/scripts/ball.material
[0.562s] -- Up-to-date symlink: /home/raaf/tiago_public_ws/install/pal_gazebo_worlds/share/pal_gazebo_worlds/models/wall_with_reem_photo/material/scripts/wallWithREEMphoto.material
[0.562s] -- Up-to-date symlink: /home/raaf/tiago_public_ws/install/pal_gazebo_worlds/share/pal_gazebo_worlds/models/wall_with_reem_photo/material/textures/REEM_photo0.jpg
[0.562s] -- Up-to-date symlink: /home/raaf/tiago_public_ws/install/pal_gazebo_worlds/share/pal_gazebo_worlds/models/wall_with_reem_photo/model.config
[0.562s] -- Up-to-date symlink: /home/raaf/tiago_public_ws/install/pal_gazebo_worlds/share/pal_gazebo_worlds/models/wall_with_reem_photo/model.sdf
[0.562s] -- Up-to-date symlink: /home/raaf/tiago_public_ws/install/pal_gazebo_worlds/share/pal_gazebo_worlds/models/wardrobe/meshes/wardrobe.stl
[0.563s] -- Up-to-date symlink: /home/raaf/tiago_public_ws/install/pal_gazebo_worlds/share/pal_gazebo_worlds/models/wardrobe/model.config
[0.563s] -- Up-to-date symlink: /home/raaf/tiago_public_ws/install/pal_gazebo_worlds/share/pal_gazebo_worlds/models/wardrobe/wardrobe.sdf
[0.563s] -- Up-to-date symlink: /home/raaf/tiago_public_ws/install/pal_gazebo_worlds/share/pal_gazebo_worlds/models/willowgarage/materials/textures/Carpet_Berber_Pattern_Gray_.png
[0.563s] -- Up-to-date symlink: /home/raaf/tiago_public_ws/install/pal_gazebo_worlds/share/pal_gazebo_worlds/models/willowgarage/materials/textures/Stone_Brushed_Khaki_.png
[0.564s] -- Up-to-date symlink: /home/raaf/tiago_public_ws/install/pal_gazebo_worlds/share/pal_gazebo_worlds/models/willowgarage/materials/textures/Wood_Bamboo_Medium_.png
[0.564s] -- Up-to-date symlink: /home/raaf/tiago_public_ws/install/pal_gazebo_worlds/share/pal_gazebo_worlds/models/willowgarage/materials/textures/Wood_Cherry_Original_.png
[0.564s] -- Up-to-date symlink: /home/raaf/tiago_public_ws/install/pal_gazebo_worlds/share/pal_gazebo_worlds/models/willowgarage/materials/textures/__Wood_Bamboo_Medium_1.png
[0.564s] -- Up-to-date symlink: /home/raaf/tiago_public_ws/install/pal_gazebo_worlds/share/pal_gazebo_worlds/models/willowgarage/materials/textures/__auto_12.png
[0.564s] -- Up-to-date symlink: /home/raaf/tiago_public_ws/install/pal_gazebo_worlds/share/pal_gazebo_worlds/models/willowgarage/materials/textures/__auto_2.png
[0.564s] -- Up-to-date symlink: /home/raaf/tiago_public_ws/install/pal_gazebo_worlds/share/pal_gazebo_worlds/models/willowgarage/meshes/willowgarage_collision.dae
[0.564s] -- Up-to-date symlink: /home/raaf/tiago_public_ws/install/pal_gazebo_worlds/share/pal_gazebo_worlds/models/willowgarage/meshes/willowgarage_visual.dae
[0.564s] -- Up-to-date symlink: /home/raaf/tiago_public_ws/install/pal_gazebo_worlds/share/pal_gazebo_worlds/worlds/aruco.world
[0.564s] -- Up-to-date symlink: /home/raaf/tiago_public_ws/install/pal_gazebo_worlds/share/pal_gazebo_worlds/worlds/ball.world
[0.564s] -- Up-to-date symlink: /home/raaf/tiago_public_ws/install/pal_gazebo_worlds/share/pal_gazebo_worlds/worlds/cabinet_grasping.world
[0.564s] -- Up-to-date symlink: /home/raaf/tiago_public_ws/install/pal_gazebo_worlds/share/pal_gazebo_worlds/worlds/cafe.world
[0.565s] -- Up-to-date symlink: /home/raaf/tiago_public_ws/install/pal_gazebo_worlds/share/pal_gazebo_worlds/worlds/calibration_room.world
[0.565s] -- Up-to-date symlink: /home/raaf/tiago_public_ws/install/pal_gazebo_worlds/share/pal_gazebo_worlds/worlds/chairs.world
[0.565s] -- Up-to-date symlink: /home/raaf/tiago_public_ws/install/pal_gazebo_worlds/share/pal_gazebo_worlds/worlds/corridor_110cm.world
[0.565s] -- Up-to-date symlink: /home/raaf/tiago_public_ws/install/pal_gazebo_worlds/share/pal_gazebo_worlds/worlds/corridor_60cm.world
[0.565s] -- Up-to-date symlink: /home/raaf/tiago_public_ws/install/pal_gazebo_worlds/share/pal_gazebo_worlds/worlds/corridor_70cm.world
[0.565s] -- Up-to-date symlink: /home/raaf/tiago_public_ws/install/pal_gazebo_worlds/share/pal_gazebo_worlds/worlds/corridor_85cm.world
[0.565s] -- Up-to-date symlink: /home/raaf/tiago_public_ws/install/pal_gazebo_worlds/share/pal_gazebo_worlds/worlds/dock_and_aruco.world
[0.565s] -- Up-to-date symlink: /home/raaf/tiago_public_ws/install/pal_gazebo_worlds/share/pal_gazebo_worlds/worlds/dock_station.world
[0.565s] -- Up-to-date symlink: /home/raaf/tiago_public_ws/install/pal_gazebo_worlds/share/pal_gazebo_worlds/worlds/docker_chair.world
[0.565s] -- Up-to-date symlink: /home/raaf/tiago_public_ws/install/pal_gazebo_worlds/share/pal_gazebo_worlds/worlds/door_obstacle.world
[0.565s] -- Up-to-date symlink: /home/raaf/tiago_public_ws/install/pal_gazebo_worlds/share/pal_gazebo_worlds/worlds/dynamic_obstacle_avoidance.world
[0.566s] -- Up-to-date symlink: /home/raaf/tiago_public_ws/install/pal_gazebo_worlds/share/pal_gazebo_worlds/worlds/empty.world
[0.566s] -- Up-to-date symlink: /home/raaf/tiago_public_ws/install/pal_gazebo_worlds/share/pal_gazebo_worlds/worlds/empty_room.world
[0.566s] -- Up-to-date symlink: /home/raaf/tiago_public_ws/install/pal_gazebo_worlds/share/pal_gazebo_worlds/worlds/factory.world
[0.566s] -- Up-to-date symlink: /home/raaf/tiago_public_ws/install/pal_gazebo_worlds/share/pal_gazebo_worlds/worlds/featured.world
[0.566s] -- Up-to-date symlink: /home/raaf/tiago_public_ws/install/pal_gazebo_worlds/share/pal_gazebo_worlds/worlds/footstep_obstacle.world
[0.566s] -- Up-to-date symlink: /home/raaf/tiago_public_ws/install/pal_gazebo_worlds/share/pal_gazebo_worlds/worlds/hit_table.world
[0.566s] -- Up-to-date symlink: /home/raaf/tiago_public_ws/install/pal_gazebo_worlds/share/pal_gazebo_worlds/worlds/home.world
[0.566s] -- Up-to-date symlink: /home/raaf/tiago_public_ws/install/pal_gazebo_worlds/share/pal_gazebo_worlds/worlds/hospital.world
[0.566s] -- Up-to-date symlink: /home/raaf/tiago_public_ws/install/pal_gazebo_worlds/share/pal_gazebo_worlds/worlds/hospital_flat.world
[0.566s] -- Up-to-date symlink: /home/raaf/tiago_public_ws/install/pal_gazebo_worlds/share/pal_gazebo_worlds/worlds/look_to_point.world
[0.567s] -- Up-to-date symlink: /home/raaf/tiago_public_ws/install/pal_gazebo_worlds/share/pal_gazebo_worlds/worlds/low_sun_empty.world
[0.567s] -- Up-to-date symlink: /home/raaf/tiago_public_ws/install/pal_gazebo_worlds/share/pal_gazebo_worlds/worlds/memmo_simple.world
[0.567s] -- Up-to-date symlink: /home/raaf/tiago_public_ws/install/pal_gazebo_worlds/share/pal_gazebo_worlds/worlds/narrow_passage.world
[0.567s] -- Up-to-date symlink: /home/raaf/tiago_public_ws/install/pal_gazebo_worlds/share/pal_gazebo_worlds/worlds/objects_on_table.world
[0.567s] -- Up-to-date symlink: /home/raaf/tiago_public_ws/install/pal_gazebo_worlds/share/pal_gazebo_worlds/worlds/obstacle_avoidance.world
[0.567s] -- Up-to-date symlink: /home/raaf/tiago_public_ws/install/pal_gazebo_worlds/share/pal_gazebo_worlds/worlds/pal_office.world
[0.567s] -- Up-to-date symlink: /home/raaf/tiago_public_ws/install/pal_gazebo_worlds/share/pal_gazebo_worlds/worlds/pal_office_w_apriltag.world
[0.567s] -- Up-to-date symlink: /home/raaf/tiago_public_ws/install/pal_gazebo_worlds/share/pal_gazebo_worlds/worlds/pal_office_w_aruco.world
[0.567s] -- Up-to-date symlink: /home/raaf/tiago_public_ws/install/pal_gazebo_worlds/share/pal_gazebo_worlds/worlds/pal_office_w_docks.world
[0.567s] -- Up-to-date symlink: /home/raaf/tiago_public_ws/install/pal_gazebo_worlds/share/pal_gazebo_worlds/worlds/pal_textured_object.world
[0.568s] -- Up-to-date symlink: /home/raaf/tiago_public_ws/install/pal_gazebo_worlds/share/pal_gazebo_worlds/worlds/passage_110cm.world
[0.568s] -- Up-to-date symlink: /home/raaf/tiago_public_ws/install/pal_gazebo_worlds/share/pal_gazebo_worlds/worlds/passage_60cm.world
[0.568s] -- Up-to-date symlink: /home/raaf/tiago_public_ws/install/pal_gazebo_worlds/share/pal_gazebo_worlds/worlds/passage_70cm.world
[0.568s] -- Up-to-date symlink: /home/raaf/tiago_public_ws/install/pal_gazebo_worlds/share/pal_gazebo_worlds/worlds/pg_demo.world
[0.568s] -- Up-to-date symlink: /home/raaf/tiago_public_ws/install/pal_gazebo_worlds/share/pal_gazebo_worlds/worlds/pick.world
[0.568s] -- Up-to-date symlink: /home/raaf/tiago_public_ws/install/pal_gazebo_worlds/share/pal_gazebo_worlds/worlds/pick_place_cabinet.world
[0.568s] -- Up-to-date symlink: /home/raaf/tiago_public_ws/install/pal_gazebo_worlds/share/pal_gazebo_worlds/worlds/pick_place_close_demo.world
[0.568s] -- Up-to-date symlink: /home/raaf/tiago_public_ws/install/pal_gazebo_worlds/share/pal_gazebo_worlds/worlds/pick_place_demo.world
[0.569s] -- Up-to-date symlink: /home/raaf/tiago_public_ws/install/pal_gazebo_worlds/share/pal_gazebo_worlds/worlds/reemc.world
[0.569s] -- Up-to-date symlink: /home/raaf/tiago_public_ws/install/pal_gazebo_worlds/share/pal_gazebo_worlds/worlds/reemc_indoor.world
[0.569s] -- Up-to-date symlink: /home/raaf/tiago_public_ws/install/pal_gazebo_worlds/share/pal_gazebo_worlds/worlds/roscon_es_25.world
[0.569s] -- Up-to-date symlink: /home/raaf/tiago_public_ws/install/pal_gazebo_worlds/share/pal_gazebo_worlds/worlds/simple_office.world
[0.570s] -- Up-to-date symlink: /home/raaf/tiago_public_ws/install/pal_gazebo_worlds/share/pal_gazebo_worlds/worlds/simple_office_with_people.world
[0.570s] -- Up-to-date symlink: /home/raaf/tiago_public_ws/install/pal_gazebo_worlds/share/pal_gazebo_worlds/worlds/simple_ramp.world
[0.570s] -- Up-to-date symlink: /home/raaf/tiago_public_ws/install/pal_gazebo_worlds/share/pal_gazebo_worlds/worlds/small_factory.world
[0.571s] -- Up-to-date symlink: /home/raaf/tiago_public_ws/install/pal_gazebo_worlds/share/pal_gazebo_worlds/worlds/small_office.world
[0.572s] -- Up-to-date symlink: /home/raaf/tiago_public_ws/install/pal_gazebo_worlds/share/pal_gazebo_worlds/worlds/small_office_door_obstacle.world
[0.572s] -- Up-to-date symlink: /home/raaf/tiago_public_ws/install/pal_gazebo_worlds/share/pal_gazebo_worlds/worlds/small_office_inventory.world
[0.572s] -- Up-to-date symlink: /home/raaf/tiago_public_ws/install/pal_gazebo_worlds/share/pal_gazebo_worlds/worlds/small_office_w_aruco_w_docks.world
[0.573s] -- Up-to-date symlink: /home/raaf/tiago_public_ws/install/pal_gazebo_worlds/share/pal_gazebo_worlds/worlds/small_textured_office.world
[0.573s] -- Up-to-date symlink: /home/raaf/tiago_public_ws/install/pal_gazebo_worlds/share/pal_gazebo_worlds/worlds/socmcs.world
[0.573s] -- Up-to-date symlink: /home/raaf/tiago_public_ws/install/pal_gazebo_worlds/share/pal_gazebo_worlds/worlds/stairs.world
[0.573s] -- Up-to-date symlink: /home/raaf/tiago_public_ws/install/pal_gazebo_worlds/share/pal_gazebo_worlds/worlds/stamping_demo.world
[0.573s] -- Up-to-date symlink: /home/raaf/tiago_public_ws/install/pal_gazebo_worlds/share/pal_gazebo_worlds/worlds/t_shaped.world
[0.573s] -- Up-to-date symlink: /home/raaf/tiago_public_ws/install/pal_gazebo_worlds/share/pal_gazebo_worlds/worlds/tabletop_cube.world
[0.573s] -- Up-to-date symlink: /home/raaf/tiago_public_ws/install/pal_gazebo_worlds/share/pal_gazebo_worlds/worlds/tabletop_cylinder.world
[0.574s] -- Up-to-date symlink: /home/raaf/tiago_public_ws/install/pal_gazebo_worlds/share/pal_gazebo_worlds/worlds/tutorial_office.world
[0.574s] -- Up-to-date symlink: /home/raaf/tiago_public_ws/install/pal_gazebo_worlds/share/pal_gazebo_worlds/worlds/voronoi_graph.world
[0.574s] -- Up-to-date symlink: /home/raaf/tiago_public_ws/install/pal_gazebo_worlds/share/pal_gazebo_worlds/worlds/willow_garage.world
[0.574s] -- Up-to-date symlink: /home/raaf/tiago_public_ws/install/pal_gazebo_worlds/share/pal_gazebo_worlds/worlds/world_wall_REEM_photo.world
[0.574s] -- Up-to-date symlink: /home/raaf/tiago_public_ws/install/pal_gazebo_worlds/share/pal_gazebo_worlds/urdf/chessboard/chessboard.gazebo.xacro
[0.574s] -- Up-to-date symlink: /home/raaf/tiago_public_ws/install/pal_gazebo_worlds/share/pal_gazebo_worlds/urdf/chessboard/chessboard.urdf.xacro
[0.574s] -- Up-to-date symlink: /home/raaf/tiago_public_ws/install/pal_gazebo_worlds/share/pal_gazebo_worlds/urdf/chessboard/chessboard_example.urdf.xacro
[0.574s] -- Up-to-date symlink: /home/raaf/tiago_public_ws/install/pal_gazebo_worlds/share/pal_gazebo_worlds/urdf/simple_box.urdf
[0.574s] -- Up-to-date symlink: /home/raaf/tiago_public_ws/install/pal_gazebo_worlds/share/pal_gazebo_worlds/meshes/chessboard/chessboard.dae
[0.575s] -- Up-to-date symlink: /home/raaf/tiago_public_ws/install/pal_gazebo_worlds/share/pal_gazebo_worlds/meshes/chessboard/chessboard.png
[0.575s] -- Up-to-date symlink: /home/raaf/tiago_public_ws/install/pal_gazebo_worlds/share/ament_index/resource_index/package_run_dependencies/pal_gazebo_worlds
[0.575s] -- Up-to-date symlink: /home/raaf/tiago_public_ws/install/pal_gazebo_worlds/share/ament_index/resource_index/parent_prefix_path/pal_gazebo_worlds
[0.575s] -- Up-to-date symlink: /home/raaf/tiago_public_ws/install/pal_gazebo_worlds/share/pal_gazebo_worlds/environment/ament_prefix_path.sh
[0.575s] -- Up-to-date symlink: /home/raaf/tiago_public_ws/install/pal_gazebo_worlds/share/pal_gazebo_worlds/environment/ament_prefix_path.dsv
[0.575s] -- Up-to-date symlink: /home/raaf/tiago_public_ws/install/pal_gazebo_worlds/share/pal_gazebo_worlds/environment/path.sh
[0.575s] -- Up-to-date symlink: /home/raaf/tiago_public_ws/install/pal_gazebo_worlds/share/pal_gazebo_worlds/environment/path.dsv
[0.575s] -- Up-to-date symlink: /home/raaf/tiago_public_ws/install/pal_gazebo_worlds/share/pal_gazebo_worlds/local_setup.bash
[0.575s] -- Up-to-date symlink: /home/raaf/tiago_public_ws/install/pal_gazebo_worlds/share/pal_gazebo_worlds/local_setup.sh
[0.576s] -- Up-to-date symlink: /home/raaf/tiago_public_ws/install/pal_gazebo_worlds/share/pal_gazebo_worlds/local_setup.zsh
[0.576s] -- Up-to-date symlink: /home/raaf/tiago_public_ws/install/pal_gazebo_worlds/share/pal_gazebo_worlds/local_setup.dsv
[0.576s] -- Symlinking: /home/raaf/tiago_public_ws/install/pal_gazebo_worlds/share/pal_gazebo_worlds/package.dsv
[0.576s] -- Up-to-date symlink: /home/raaf/tiago_public_ws/install/pal_gazebo_worlds/share/ament_index/resource_index/packages/pal_gazebo_worlds
[0.576s] -- Up-to-date symlink: /home/raaf/tiago_public_ws/install/pal_gazebo_worlds/share/pal_gazebo_worlds/cmake/pal_gazebo_worldsConfig.cmake
[0.576s] -- Up-to-date symlink: /home/raaf/tiago_public_ws/install/pal_gazebo_worlds/share/pal_gazebo_worlds/cmake/pal_gazebo_worldsConfig-version.cmake
[0.576s] -- Up-to-date symlink: /home/raaf/tiago_public_ws/install/pal_gazebo_worlds/share/pal_gazebo_worlds/package.xml
[0.656s] Invoked command in '/home/raaf/tiago_public_ws/build/pal_gazebo_worlds' returned '0': AMENT_PREFIX_PATH=/home/raaf/tiago_public_ws/install/launch_pal:/home/raaf/tiago_public_ws/install/urdf_test:/home/raaf/tiago_public_ws/install/tiago_simulation:/home/raaf/tiago_public_ws/install/tiago_robot:/home/raaf/tiago_public_ws/install/tiago_navigation:/home/raaf/tiago_public_ws/install/tiago_rgbd_sensors:/home/raaf/tiago_public_ws/install/tiago_gazebo:/home/raaf/tiago_public_ws/install/tiago_moveit_config:/home/raaf/tiago_public_ws/install/tiago_laser_sensors:/home/raaf/tiago_public_ws/install/tiago_bringup:/home/raaf/tiago_public_ws/install/tiago_description:/home/raaf/tiago_public_ws/install/tiago_controller_configuration:/home/raaf/tiago_public_ws/install/tiago_2dnav:/home/raaf/tiago_public_ws/install/pmb2_robot:/home/raaf/tiago_public_ws/install/pmb2_rgbd_sensors:/home/raaf/tiago_public_ws/install/pmb2_navigation:/home/raaf/tiago_public_ws/install/pmb2_laser_sensors:/home/raaf/tiago_public_ws/install/pmb2_bringup:/home/raaf/tiago_public_ws/install/pmb2_description:/home/raaf/tiago_public_ws/install/pmb2_controller_configuration:/home/raaf/tiago_public_ws/install/pmb2_2dnav:/home/raaf/tiago_public_ws/install/play_motion2_cli:/home/raaf/tiago_public_ws/install/play_motion2:/home/raaf/tiago_public_ws/install/play_motion2_msgs:/home/raaf/tiago_public_ws/install/pal_hey5:/home/raaf/tiago_public_ws/install/pal_hey5_description:/home/raaf/tiago_public_ws/install/pal_gripper_simulation:/home/raaf/tiago_public_ws/install/pal_gripper:/home/raaf/tiago_public_ws/install/pal_gripper_description:/home/raaf/tiago_public_ws/install/pal_urdf_utils:/home/raaf/tiago_public_ws/install/pal_robotiq_gripper:/home/raaf/tiago_public_ws/install/pal_robotiq_description:/home/raaf/tiago_public_ws/install/pal_robotiq_controller_configuration:/home/raaf/tiago_public_ws/install/pal_navigation_cfg:/home/raaf/tiago_public_ws/install/pal_navigation_cfg_bringup:/home/raaf/tiago_public_ws/install/pal_navigation_cfg_params:/home/raaf/tiago_public_ws/install/pal_hey5_controller_configuration:/home/raaf/tiago_public_ws/install/pal_gripper_controller_configuration:/home/raaf/tiago_public_ws/install/pal_gazebo_worlds:/opt/ros/humble CMAKE_PREFIX_PATH=${CMAKE_PREFIX_PATH}:/home/raaf/tiago_public_ws/install/play_motion2_cli:/home/raaf/tiago_public_ws/install/launch_pal:/opt/ros/humble PYTHONPATH=/home/raaf/tiago_public_ws/build/launch_pal:/home/raaf/tiago_public_ws/install/launch_pal/lib/python3.10/site-packages:/home/raaf/tiago_public_ws/install/urdf_test/local/lib/python3.10/dist-packages:/home/raaf/tiago_public_ws/install/tiago_description/local/lib/python3.10/dist-packages:/home/raaf/tiago_public_ws/install/pmb2_description/local/lib/python3.10/dist-packages:/home/raaf/tiago_public_ws/build/play_motion2_cli:/home/raaf/tiago_public_ws/install/play_motion2_cli/lib/python3.10/site-packages:/home/raaf/tiago_public_ws/install/play_motion2/local/lib/python3.10/dist-packages:/home/raaf/tiago_public_ws/install/play_motion2_msgs/local/lib/python3.10/dist-packages:/opt/ros/humble/lib/python3.10/site-packages:/opt/ros/humble/local/lib/python3.10/dist-packages /usr/bin/cmake --install /home/raaf/tiago_public_ws/build/pal_gazebo_worlds
