[0.425s] Invoking command in '/home/raaf/tiago_public_ws/build/pal_robotiq_controller_configuration': CMAKE_PREFIX_PATH=${CMAKE_PREFIX_PATH}:/home/raaf/tiago_public_ws/install/play_motion2_cli:/home/raaf/tiago_public_ws/install/launch_pal:/opt/ros/humble /usr/bin/cmake --build /home/raaf/tiago_public_ws/build/pal_robotiq_controller_configuration -- -j12 -l12
[0.511s] Invoked command in '/home/raaf/tiago_public_ws/build/pal_robotiq_controller_configuration' returned '0': CMAKE_PREFIX_PATH=${CMAKE_PREFIX_PATH}:/home/raaf/tiago_public_ws/install/play_motion2_cli:/home/raaf/tiago_public_ws/install/launch_pal:/opt/ros/humble /usr/bin/cmake --build /home/raaf/tiago_public_ws/build/pal_robotiq_controller_configuration -- -j12 -l12
[0.514s] Invoking command in '/home/raaf/tiago_public_ws/build/pal_robotiq_controller_configuration': CMAKE_PREFIX_PATH=${CMAKE_PREFIX_PATH}:/home/raaf/tiago_public_ws/install/play_motion2_cli:/home/raaf/tiago_public_ws/install/launch_pal:/opt/ros/humble /usr/bin/cmake --install /home/raaf/tiago_public_ws/build/pal_robotiq_controller_configuration
[0.569s] -- Install configuration: ""
[0.570s] -- Execute custom install script
[0.571s] -- Up-to-date symlink: /home/raaf/tiago_public_ws/install/pal_robotiq_controller_configuration/share/pal_robotiq_controller_configuration/config/robotiq_gripper_controller.yaml
[0.571s] -- Up-to-date symlink: /home/raaf/tiago_public_ws/install/pal_robotiq_controller_configuration/share/pal_robotiq_controller_configuration/launch/robotiq_gripper_controller.launch.py
[0.571s] -- Up-to-date symlink: /home/raaf/tiago_public_ws/install/pal_robotiq_controller_configuration/share/ament_index/resource_index/package_run_dependencies/pal_robotiq_controller_configuration
[0.572s] -- Up-to-date symlink: /home/raaf/tiago_public_ws/install/pal_robotiq_controller_configuration/share/ament_index/resource_index/parent_prefix_path/pal_robotiq_controller_configuration
[0.573s] -- Up-to-date symlink: /home/raaf/tiago_public_ws/install/pal_robotiq_controller_configuration/share/pal_robotiq_controller_configuration/environment/ament_prefix_path.sh
[0.574s] -- Up-to-date symlink: /home/raaf/tiago_public_ws/install/pal_robotiq_controller_configuration/share/pal_robotiq_controller_configuration/environment/ament_prefix_path.dsv
[0.578s] -- Up-to-date symlink: /home/raaf/tiago_public_ws/install/pal_robotiq_controller_configuration/share/pal_robotiq_controller_configuration/environment/path.sh
[0.579s] -- Up-to-date symlink: /home/raaf/tiago_public_ws/install/pal_robotiq_controller_configuration/share/pal_robotiq_controller_configuration/environment/path.dsv
[0.580s] -- Up-to-date symlink: /home/raaf/tiago_public_ws/install/pal_robotiq_controller_configuration/share/pal_robotiq_controller_configuration/local_setup.bash
[0.580s] -- Up-to-date symlink: /home/raaf/tiago_public_ws/install/pal_robotiq_controller_configuration/share/pal_robotiq_controller_configuration/local_setup.sh
[0.580s] -- Up-to-date symlink: /home/raaf/tiago_public_ws/install/pal_robotiq_controller_configuration/share/pal_robotiq_controller_configuration/local_setup.zsh
[0.580s] -- Up-to-date symlink: /home/raaf/tiago_public_ws/install/pal_robotiq_controller_configuration/share/pal_robotiq_controller_configuration/local_setup.dsv
[0.580s] -- Symlinking: /home/raaf/tiago_public_ws/install/pal_robotiq_controller_configuration/share/pal_robotiq_controller_configuration/package.dsv
[0.613s] -- Up-to-date symlink: /home/raaf/tiago_public_ws/install/pal_robotiq_controller_configuration/share/ament_index/resource_index/packages/pal_robotiq_controller_configuration
[0.613s] -- Up-to-date symlink: /home/raaf/tiago_public_ws/install/pal_robotiq_controller_configuration/share/pal_robotiq_controller_configuration/cmake/pal_robotiq_controller_configurationConfig.cmake
[0.615s] -- Up-to-date symlink: /home/raaf/tiago_public_ws/install/pal_robotiq_controller_configuration/share/pal_robotiq_controller_configuration/cmake/pal_robotiq_controller_configurationConfig-version.cmake
[0.615s] -- Up-to-date symlink: /home/raaf/tiago_public_ws/install/pal_robotiq_controller_configuration/share/pal_robotiq_controller_configuration/package.xml
[0.666s] Invoked command in '/home/raaf/tiago_public_ws/build/pal_robotiq_controller_configuration' returned '0': CMAKE_PREFIX_PATH=${CMAKE_PREFIX_PATH}:/home/raaf/tiago_public_ws/install/play_motion2_cli:/home/raaf/tiago_public_ws/install/launch_pal:/opt/ros/humble /usr/bin/cmake --install /home/raaf/tiago_public_ws/build/pal_robotiq_controller_configuration
