-- Install configuration: ""
-- Execute custom install script
-- Up-to-date symlink: /home/raaf/tiago_public_ws/install/pal_gripper_simulation/share/pal_gripper_simulation/launch/gazebo.launch.py
-- Up-to-date symlink: /home/raaf/tiago_public_ws/install/pal_gripper_simulation/share/pal_gripper_simulation/launch/gripper_spawn.launch.py
-- Up-to-date symlink: /home/raaf/tiago_public_ws/install/pal_gripper_simulation/share/pal_gripper_simulation/launch/robot_state_publisher.launch.py
-- Up-to-date symlink: /home/raaf/tiago_public_ws/install/pal_gripper_simulation/share/ament_index/resource_index/package_run_dependencies/pal_gripper_simulation
-- Up-to-date symlink: /home/raaf/tiago_public_ws/install/pal_gripper_simulation/share/ament_index/resource_index/parent_prefix_path/pal_gripper_simulation
-- Up-to-date symlink: /home/raaf/tiago_public_ws/install/pal_gripper_simulation/share/pal_gripper_simulation/environment/ament_prefix_path.sh
-- Up-to-date symlink: /home/raaf/tiago_public_ws/install/pal_gripper_simulation/share/pal_gripper_simulation/environment/ament_prefix_path.dsv
-- Up-to-date symlink: /home/raaf/tiago_public_ws/install/pal_gripper_simulation/share/pal_gripper_simulation/environment/path.sh
-- Up-to-date symlink: /home/raaf/tiago_public_ws/install/pal_gripper_simulation/share/pal_gripper_simulation/environment/path.dsv
-- Up-to-date symlink: /home/raaf/tiago_public_ws/install/pal_gripper_simulation/share/pal_gripper_simulation/local_setup.bash
-- Up-to-date symlink: /home/raaf/tiago_public_ws/install/pal_gripper_simulation/share/pal_gripper_simulation/local_setup.sh
-- Up-to-date symlink: /home/raaf/tiago_public_ws/install/pal_gripper_simulation/share/pal_gripper_simulation/local_setup.zsh
-- Up-to-date symlink: /home/raaf/tiago_public_ws/install/pal_gripper_simulation/share/pal_gripper_simulation/local_setup.dsv
-- Symlinking: /home/raaf/tiago_public_ws/install/pal_gripper_simulation/share/pal_gripper_simulation/package.dsv
-- Up-to-date symlink: /home/raaf/tiago_public_ws/install/pal_gripper_simulation/share/ament_index/resource_index/packages/pal_gripper_simulation
-- Up-to-date symlink: /home/raaf/tiago_public_ws/install/pal_gripper_simulation/share/pal_gripper_simulation/cmake/pal_gripper_simulationConfig.cmake
-- Up-to-date symlink: /home/raaf/tiago_public_ws/install/pal_gripper_simulation/share/pal_gripper_simulation/cmake/pal_gripper_simulationConfig-version.cmake
-- Up-to-date symlink: /home/raaf/tiago_public_ws/install/pal_gripper_simulation/share/pal_gripper_simulation/package.xml
