[0.022s] Invoking command in '/home/raaf/tiago_public_ws/build/pmb2_2dnav': AMENT_PREFIX_PATH=/home/raaf/tiago_public_ws/install/launch_pal:${AMENT_PREFIX_PATH} CMAKE_PREFIX_PATH=/opt/ros/humble PYTHONPATH=/home/raaf/tiago_public_ws/build/launch_pal:/home/raaf/tiago_public_ws/install/launch_pal/lib/python3.10/site-packages:${PYTHONPATH} /usr/bin/cmake /home/raaf/tiago_public_ws/src/pmb2_navigation/pmb2_2dnav -DAMENT_CMAKE_SYMLINK_INSTALL=1 -DCMAKE_INSTALL_PREFIX=/home/raaf/tiago_public_ws/install/pmb2_2dnav
[0.095s] -- The C compiler identification is GNU 11.4.0
[0.179s] -- The CXX compiler identification is GNU 11.4.0
[0.185s] -- Detecting C compiler ABI info
[0.283s] -- Detecting C compiler ABI info - done
[0.299s] -- Check for working C compiler: /usr/bin/cc - skipped
[0.299s] -- Detecting C compile features
[0.300s] -- Detecting C compile features - done
[0.305s] -- Detecting CXX compiler ABI info
[0.419s] -- Detecting CXX compiler ABI info - done
[0.430s] -- Check for working CXX compiler: /usr/bin/c++ - skipped
[0.430s] -- Detecting CXX compile features
[0.431s] -- Detecting CXX compile features - done
[0.434s] -- Found ament_cmake_auto: 1.3.12 (/opt/ros/humble/share/ament_cmake_auto/cmake)
[0.686s] -- Found Python3: /usr/bin/python3 (found version "3.10.12") found components: Interpreter 
[0.778s] -- Override CMake install command with custom implementation using symlinks instead of copying resources
[0.948s] -- Found ament_lint_auto: 0.12.14 (/opt/ros/humble/share/ament_lint_auto/cmake)
[0.982s] -- Added test 'copyright' to check source files copyright and LICENSE
[0.986s] -- Added test 'flake8' to check Python code syntax and style conventions
[0.992s] -- Added test 'lint_cmake' to check CMake code style
[0.992s] -- Added test 'pep257' to check Python code against some of the docstring style conventions in PEP 257
[0.992s] -- Added test 'xmllint' to check XML markup files
[0.993s] -- Configuring done
[0.996s] -- Generating done
[0.999s] -- Build files have been written to: /home/raaf/tiago_public_ws/build/pmb2_2dnav
[1.006s] Invoked command in '/home/raaf/tiago_public_ws/build/pmb2_2dnav' returned '0': AMENT_PREFIX_PATH=/home/raaf/tiago_public_ws/install/launch_pal:${AMENT_PREFIX_PATH} CMAKE_PREFIX_PATH=/opt/ros/humble PYTHONPATH=/home/raaf/tiago_public_ws/build/launch_pal:/home/raaf/tiago_public_ws/install/launch_pal/lib/python3.10/site-packages:${PYTHONPATH} /usr/bin/cmake /home/raaf/tiago_public_ws/src/pmb2_navigation/pmb2_2dnav -DAMENT_CMAKE_SYMLINK_INSTALL=1 -DCMAKE_INSTALL_PREFIX=/home/raaf/tiago_public_ws/install/pmb2_2dnav
[1.008s] Invoking command in '/home/raaf/tiago_public_ws/build/pmb2_2dnav': AMENT_PREFIX_PATH=/home/raaf/tiago_public_ws/install/launch_pal:${AMENT_PREFIX_PATH} CMAKE_PREFIX_PATH=/opt/ros/humble PYTHONPATH=/home/raaf/tiago_public_ws/build/launch_pal:/home/raaf/tiago_public_ws/install/launch_pal/lib/python3.10/site-packages:${PYTHONPATH} /usr/bin/cmake --build /home/raaf/tiago_public_ws/build/pmb2_2dnav -- -j12 -l12
[1.064s] Invoked command in '/home/raaf/tiago_public_ws/build/pmb2_2dnav' returned '0': AMENT_PREFIX_PATH=/home/raaf/tiago_public_ws/install/launch_pal:${AMENT_PREFIX_PATH} CMAKE_PREFIX_PATH=/opt/ros/humble PYTHONPATH=/home/raaf/tiago_public_ws/build/launch_pal:/home/raaf/tiago_public_ws/install/launch_pal/lib/python3.10/site-packages:${PYTHONPATH} /usr/bin/cmake --build /home/raaf/tiago_public_ws/build/pmb2_2dnav -- -j12 -l12
[1.066s] Invoking command in '/home/raaf/tiago_public_ws/build/pmb2_2dnav': AMENT_PREFIX_PATH=/home/raaf/tiago_public_ws/install/launch_pal:${AMENT_PREFIX_PATH} CMAKE_PREFIX_PATH=/opt/ros/humble PYTHONPATH=/home/raaf/tiago_public_ws/build/launch_pal:/home/raaf/tiago_public_ws/install/launch_pal/lib/python3.10/site-packages:${PYTHONPATH} /usr/bin/cmake --install /home/raaf/tiago_public_ws/build/pmb2_2dnav
[1.163s] -- Install configuration: ""
[1.164s] -- Execute custom install script
[1.164s] -- Symlinking: /home/raaf/tiago_public_ws/install/pmb2_2dnav/share/pmb2_2dnav/config/nav2_analyzers.yaml
[1.164s] -- Symlinking: /home/raaf/tiago_public_ws/install/pmb2_2dnav/share/pmb2_2dnav/config/nav_public_sim.yaml
[1.164s] -- Symlinking: /home/raaf/tiago_public_ws/install/pmb2_2dnav/share/pmb2_2dnav/config/rviz/navigation.rviz
[1.164s] -- Symlinking: /home/raaf/tiago_public_ws/install/pmb2_2dnav/share/pmb2_2dnav/launch/localization.launch.py
[1.164s] -- Symlinking: /home/raaf/tiago_public_ws/install/pmb2_2dnav/share/pmb2_2dnav/launch/navigation.launch.py
[1.164s] -- Symlinking: /home/raaf/tiago_public_ws/install/pmb2_2dnav/share/pmb2_2dnav/launch/slam.launch.py
[1.165s] -- Symlinking: /home/raaf/tiago_public_ws/install/pmb2_2dnav/share/ament_index/resource_index/package_run_dependencies/pmb2_2dnav
[1.165s] -- Symlinking: /home/raaf/tiago_public_ws/install/pmb2_2dnav/share/ament_index/resource_index/parent_prefix_path/pmb2_2dnav
[1.165s] -- Symlinking: /home/raaf/tiago_public_ws/install/pmb2_2dnav/share/pmb2_2dnav/environment/ament_prefix_path.sh
[1.171s] -- Symlinking: /home/raaf/tiago_public_ws/install/pmb2_2dnav/share/pmb2_2dnav/environment/ament_prefix_path.dsv
[1.181s] -- Symlinking: /home/raaf/tiago_public_ws/install/pmb2_2dnav/share/pmb2_2dnav/environment/path.sh
[1.195s] -- Symlinking: /home/raaf/tiago_public_ws/install/pmb2_2dnav/share/pmb2_2dnav/environment/path.dsv
[1.203s] -- Symlinking: /home/raaf/tiago_public_ws/install/pmb2_2dnav/share/pmb2_2dnav/local_setup.bash
[1.217s] -- Symlinking: /home/raaf/tiago_public_ws/install/pmb2_2dnav/share/pmb2_2dnav/local_setup.sh
[1.230s] -- Symlinking: /home/raaf/tiago_public_ws/install/pmb2_2dnav/share/pmb2_2dnav/local_setup.zsh
[1.241s] -- Symlinking: /home/raaf/tiago_public_ws/install/pmb2_2dnav/share/pmb2_2dnav/local_setup.dsv
[1.258s] -- Symlinking: /home/raaf/tiago_public_ws/install/pmb2_2dnav/share/pmb2_2dnav/package.dsv
[1.273s] -- Symlinking: /home/raaf/tiago_public_ws/install/pmb2_2dnav/share/ament_index/resource_index/packages/pmb2_2dnav
[1.282s] -- Symlinking: /home/raaf/tiago_public_ws/install/pmb2_2dnav/share/pmb2_2dnav/cmake/pmb2_2dnavConfig.cmake
[1.296s] -- Symlinking: /home/raaf/tiago_public_ws/install/pmb2_2dnav/share/pmb2_2dnav/cmake/pmb2_2dnavConfig-version.cmake
[1.309s] -- Symlinking: /home/raaf/tiago_public_ws/install/pmb2_2dnav/share/pmb2_2dnav/package.xml
[1.331s] Invoked command in '/home/raaf/tiago_public_ws/build/pmb2_2dnav' returned '0': AMENT_PREFIX_PATH=/home/raaf/tiago_public_ws/install/launch_pal:${AMENT_PREFIX_PATH} CMAKE_PREFIX_PATH=/opt/ros/humble PYTHONPATH=/home/raaf/tiago_public_ws/build/launch_pal:/home/raaf/tiago_public_ws/install/launch_pal/lib/python3.10/site-packages:${PYTHONPATH} /usr/bin/cmake --install /home/raaf/tiago_public_ws/build/pmb2_2dnav
