[0.420s] Invoking command in '/home/raaf/tiago_public_ws/build/pmb2_laser_sensors': CMAKE_PREFIX_PATH=${CMAKE_PREFIX_PATH}:/home/raaf/tiago_public_ws/install/play_motion2_cli:/home/raaf/tiago_public_ws/install/launch_pal:/opt/ros/humble /usr/bin/cmake --build /home/raaf/tiago_public_ws/build/pmb2_laser_sensors -- -j12 -l12
[0.522s] Invoked command in '/home/raaf/tiago_public_ws/build/pmb2_laser_sensors' returned '0': CMAKE_PREFIX_PATH=${CMAKE_PREFIX_PATH}:/home/raaf/tiago_public_ws/install/play_motion2_cli:/home/raaf/tiago_public_ws/install/launch_pal:/opt/ros/humble /usr/bin/cmake --build /home/raaf/tiago_public_ws/build/pmb2_laser_sensors -- -j12 -l12
[0.523s] Invoking command in '/home/raaf/tiago_public_ws/build/pmb2_laser_sensors': CMAKE_PREFIX_PATH=${CMAKE_PREFIX_PATH}:/home/raaf/tiago_public_ws/install/play_motion2_cli:/home/raaf/tiago_public_ws/install/launch_pal:/opt/ros/humble /usr/bin/cmake --install /home/raaf/tiago_public_ws/build/pmb2_laser_sensors
[0.590s] -- Install configuration: ""
[0.591s] -- Execute custom install script
[0.591s] -- Up-to-date symlink: /home/raaf/tiago_public_ws/install/pmb2_laser_sensors/share/pmb2_laser_sensors/config/laser_analyzers.yaml
[0.591s] -- Up-to-date symlink: /home/raaf/tiago_public_ws/install/pmb2_laser_sensors/share/pmb2_laser_sensors/launch/laser_hokuyo.launch.py
[0.593s] -- Up-to-date symlink: /home/raaf/tiago_public_ws/install/pmb2_laser_sensors/share/pmb2_laser_sensors/launch/laser_sick-561.launch.py
[0.593s] -- Up-to-date symlink: /home/raaf/tiago_public_ws/install/pmb2_laser_sensors/share/pmb2_laser_sensors/launch/laser_sick-571.launch.py
[0.595s] -- Up-to-date symlink: /home/raaf/tiago_public_ws/install/pmb2_laser_sensors/share/pmb2_laser_sensors/launch/laser_sim.launch.py
[0.595s] -- Up-to-date symlink: /home/raaf/tiago_public_ws/install/pmb2_laser_sensors/share/ament_index/resource_index/package_run_dependencies/pmb2_laser_sensors
[0.595s] -- Up-to-date symlink: /home/raaf/tiago_public_ws/install/pmb2_laser_sensors/share/ament_index/resource_index/parent_prefix_path/pmb2_laser_sensors
[0.595s] -- Up-to-date symlink: /home/raaf/tiago_public_ws/install/pmb2_laser_sensors/share/pmb2_laser_sensors/environment/ament_prefix_path.sh
[0.595s] -- Up-to-date symlink: /home/raaf/tiago_public_ws/install/pmb2_laser_sensors/share/pmb2_laser_sensors/environment/ament_prefix_path.dsv
[0.595s] -- Up-to-date symlink: /home/raaf/tiago_public_ws/install/pmb2_laser_sensors/share/pmb2_laser_sensors/environment/path.sh
[0.596s] -- Up-to-date symlink: /home/raaf/tiago_public_ws/install/pmb2_laser_sensors/share/pmb2_laser_sensors/environment/path.dsv
[0.602s] -- Up-to-date symlink: /home/raaf/tiago_public_ws/install/pmb2_laser_sensors/share/pmb2_laser_sensors/local_setup.bash
[0.603s] -- Up-to-date symlink: /home/raaf/tiago_public_ws/install/pmb2_laser_sensors/share/pmb2_laser_sensors/local_setup.sh
[0.603s] -- Up-to-date symlink: /home/raaf/tiago_public_ws/install/pmb2_laser_sensors/share/pmb2_laser_sensors/local_setup.zsh
[0.603s] -- Up-to-date symlink: /home/raaf/tiago_public_ws/install/pmb2_laser_sensors/share/pmb2_laser_sensors/local_setup.dsv
[0.603s] -- Symlinking: /home/raaf/tiago_public_ws/install/pmb2_laser_sensors/share/pmb2_laser_sensors/package.dsv
[0.612s] -- Up-to-date symlink: /home/raaf/tiago_public_ws/install/pmb2_laser_sensors/share/ament_index/resource_index/packages/pmb2_laser_sensors
[0.612s] -- Up-to-date symlink: /home/raaf/tiago_public_ws/install/pmb2_laser_sensors/share/pmb2_laser_sensors/cmake/pmb2_laser_sensorsConfig.cmake
[0.613s] -- Up-to-date symlink: /home/raaf/tiago_public_ws/install/pmb2_laser_sensors/share/pmb2_laser_sensors/cmake/pmb2_laser_sensorsConfig-version.cmake
[0.613s] -- Up-to-date symlink: /home/raaf/tiago_public_ws/install/pmb2_laser_sensors/share/pmb2_laser_sensors/package.xml
[0.789s] Invoked command in '/home/raaf/tiago_public_ws/build/pmb2_laser_sensors' returned '0': CMAKE_PREFIX_PATH=${CMAKE_PREFIX_PATH}:/home/raaf/tiago_public_ws/install/play_motion2_cli:/home/raaf/tiago_public_ws/install/launch_pal:/opt/ros/humble /usr/bin/cmake --install /home/raaf/tiago_public_ws/build/pmb2_laser_sensors
