[0.922s] Invoking command in '/home/raaf/tiago_public_ws/build/launch_pal': PYTHONPATH=/home/raaf/tiago_public_ws/build/launch_pal/prefix_override:/usr/lib/python3/dist-packages/colcon_core/task/python/colcon_distutils_commands:/home/raaf/tiago_public_ws/install/launch_pal/lib/python3.10/site-packages:${PYTHONPATH} /usr/bin/python3 -W ignore:setup.py install is deprecated -W ignore:easy_install command is deprecated setup.py develop --editable --build-directory /home/raaf/tiago_public_ws/build/launch_pal/build --no-deps symlink_data
[1.404s] running develop
[1.648s] running egg_info
[1.648s] creating launch_pal.egg-info
[1.648s] writing launch_pal.egg-info/PKG-INFO
[1.648s] writing dependency_links to launch_pal.egg-info/dependency_links.txt
[1.648s] writing entry points to launch_pal.egg-info/entry_points.txt
[1.648s] writing requirements to launch_pal.egg-info/requires.txt
[1.648s] writing top-level names to launch_pal.egg-info/top_level.txt
[1.648s] writing manifest file 'launch_pal.egg-info/SOURCES.txt'
[1.650s] reading manifest file 'launch_pal.egg-info/SOURCES.txt'
[1.650s] writing manifest file 'launch_pal.egg-info/SOURCES.txt'
[1.652s] running build_ext
[1.652s] Creating /home/raaf/tiago_public_ws/install/launch_pal/lib/python3.10/site-packages/launch-pal.egg-link (link to .)
[1.653s] 
[1.653s] Installed /home/raaf/tiago_public_ws/build/launch_pal
[1.653s] running symlink_data
[1.655s] creating /home/raaf/tiago_public_ws/install/launch_pal/share/ament_index
[1.655s] creating /home/raaf/tiago_public_ws/install/launch_pal/share/ament_index/resource_index
[1.655s] creating /home/raaf/tiago_public_ws/install/launch_pal/share/ament_index/resource_index/packages
[1.655s] symbolically linking /home/raaf/tiago_public_ws/build/launch_pal/resource/launch_pal -> /home/raaf/tiago_public_ws/install/launch_pal/share/ament_index/resource_index/packages
[1.655s] symbolically linking /home/raaf/tiago_public_ws/build/launch_pal/package.xml -> /home/raaf/tiago_public_ws/install/launch_pal/share/launch_pal
[1.656s] creating /home/raaf/tiago_public_ws/install/launch_pal/share/launch_pal/config
[1.656s] symbolically linking /home/raaf/tiago_public_ws/build/launch_pal/config/robot_configuration.yaml -> /home/raaf/tiago_public_ws/install/launch_pal/share/launch_pal/config
[1.685s] Invoked command in '/home/raaf/tiago_public_ws/build/launch_pal' returned '0': PYTHONPATH=/home/raaf/tiago_public_ws/build/launch_pal/prefix_override:/usr/lib/python3/dist-packages/colcon_core/task/python/colcon_distutils_commands:/home/raaf/tiago_public_ws/install/launch_pal/lib/python3.10/site-packages:${PYTHONPATH} /usr/bin/python3 -W ignore:setup.py install is deprecated -W ignore:easy_install command is deprecated setup.py develop --editable --build-directory /home/raaf/tiago_public_ws/build/launch_pal/build --no-deps symlink_data
