[0.042s] Invoking command in '/home/raaf/tiago_public_ws/build/pal_hey5': AMENT_PREFIX_PATH=/home/raaf/tiago_public_ws/install/pal_hey5_description:/home/raaf/tiago_public_ws/install/pal_urdf_utils:/home/raaf/tiago_public_ws/install/pal_hey5_controller_configuration:${AMENT_PREFIX_PATH} CMAKE_PREFIX_PATH=/home/raaf/tiago_public_ws/install/pal_hey5_description:/home/raaf/tiago_public_ws/install/pal_urdf_utils:/home/raaf/tiago_public_ws/install/pal_hey5_controller_configuration:/opt/ros/humble /usr/bin/cmake /home/raaf/tiago_public_ws/src/pal_hey5/pal_hey5 -DAMENT_CMAKE_SYMLINK_INSTALL=1 -DCMAKE_INSTALL_PREFIX=/home/raaf/tiago_public_ws/install/pal_hey5
[0.108s] -- The C compiler identification is GNU 11.4.0
[0.167s] -- The CXX compiler identification is GNU 11.4.0
[0.174s] -- Detecting C compiler ABI info
[0.237s] -- Detecting C compiler ABI info - done
[0.245s] -- Check for working C compiler: /usr/bin/cc - skipped
[0.246s] -- Detecting C compile features
[0.246s] -- Detecting C compile features - done
[0.250s] -- Detecting CXX compiler ABI info
[0.322s] -- Detecting CXX compiler ABI info - done
[0.330s] -- Check for working CXX compiler: /usr/bin/c++ - skipped
[0.330s] -- Detecting CXX compile features
[0.330s] -- Detecting CXX compile features - done
[0.333s] -- Found ament_cmake_auto: 1.3.12 (/opt/ros/humble/share/ament_cmake_auto/cmake)
[0.490s] -- Found Python3: /usr/bin/python3 (found version "3.10.12") found components: Interpreter 
[0.563s] -- Override CMake install command with custom implementation using symlinks instead of copying resources
[0.668s] -- Configuring done
[0.670s] -- Generating done
[0.672s] -- Build files have been written to: /home/raaf/tiago_public_ws/build/pal_hey5
[0.677s] Invoked command in '/home/raaf/tiago_public_ws/build/pal_hey5' returned '0': AMENT_PREFIX_PATH=/home/raaf/tiago_public_ws/install/pal_hey5_description:/home/raaf/tiago_public_ws/install/pal_urdf_utils:/home/raaf/tiago_public_ws/install/pal_hey5_controller_configuration:${AMENT_PREFIX_PATH} CMAKE_PREFIX_PATH=/home/raaf/tiago_public_ws/install/pal_hey5_description:/home/raaf/tiago_public_ws/install/pal_urdf_utils:/home/raaf/tiago_public_ws/install/pal_hey5_controller_configuration:/opt/ros/humble /usr/bin/cmake /home/raaf/tiago_public_ws/src/pal_hey5/pal_hey5 -DAMENT_CMAKE_SYMLINK_INSTALL=1 -DCMAKE_INSTALL_PREFIX=/home/raaf/tiago_public_ws/install/pal_hey5
[0.679s] Invoking command in '/home/raaf/tiago_public_ws/build/pal_hey5': AMENT_PREFIX_PATH=/home/raaf/tiago_public_ws/install/pal_hey5_description:/home/raaf/tiago_public_ws/install/pal_urdf_utils:/home/raaf/tiago_public_ws/install/pal_hey5_controller_configuration:${AMENT_PREFIX_PATH} CMAKE_PREFIX_PATH=/home/raaf/tiago_public_ws/install/pal_hey5_description:/home/raaf/tiago_public_ws/install/pal_urdf_utils:/home/raaf/tiago_public_ws/install/pal_hey5_controller_configuration:/opt/ros/humble /usr/bin/cmake --build /home/raaf/tiago_public_ws/build/pal_hey5 -- -j12 -l12
[0.717s] Invoked command in '/home/raaf/tiago_public_ws/build/pal_hey5' returned '0': AMENT_PREFIX_PATH=/home/raaf/tiago_public_ws/install/pal_hey5_description:/home/raaf/tiago_public_ws/install/pal_urdf_utils:/home/raaf/tiago_public_ws/install/pal_hey5_controller_configuration:${AMENT_PREFIX_PATH} CMAKE_PREFIX_PATH=/home/raaf/tiago_public_ws/install/pal_hey5_description:/home/raaf/tiago_public_ws/install/pal_urdf_utils:/home/raaf/tiago_public_ws/install/pal_hey5_controller_configuration:/opt/ros/humble /usr/bin/cmake --build /home/raaf/tiago_public_ws/build/pal_hey5 -- -j12 -l12
[0.719s] Invoking command in '/home/raaf/tiago_public_ws/build/pal_hey5': AMENT_PREFIX_PATH=/home/raaf/tiago_public_ws/install/pal_hey5_description:/home/raaf/tiago_public_ws/install/pal_urdf_utils:/home/raaf/tiago_public_ws/install/pal_hey5_controller_configuration:${AMENT_PREFIX_PATH} CMAKE_PREFIX_PATH=/home/raaf/tiago_public_ws/install/pal_hey5_description:/home/raaf/tiago_public_ws/install/pal_urdf_utils:/home/raaf/tiago_public_ws/install/pal_hey5_controller_configuration:/opt/ros/humble /usr/bin/cmake --install /home/raaf/tiago_public_ws/build/pal_hey5
[0.725s] -- Install configuration: ""
[0.727s] -- Execute custom install script
[0.727s] -- Symlinking: /home/raaf/tiago_public_ws/install/pal_hey5/share/ament_index/resource_index/package_run_dependencies/pal_hey5
[0.734s] -- Symlinking: /home/raaf/tiago_public_ws/install/pal_hey5/share/ament_index/resource_index/parent_prefix_path/pal_hey5
[0.742s] -- Symlinking: /home/raaf/tiago_public_ws/install/pal_hey5/share/pal_hey5/environment/ament_prefix_path.sh
[0.750s] -- Symlinking: /home/raaf/tiago_public_ws/install/pal_hey5/share/pal_hey5/environment/ament_prefix_path.dsv
[0.759s] -- Symlinking: /home/raaf/tiago_public_ws/install/pal_hey5/share/pal_hey5/environment/path.sh
[0.767s] -- Symlinking: /home/raaf/tiago_public_ws/install/pal_hey5/share/pal_hey5/environment/path.dsv
[0.774s] -- Symlinking: /home/raaf/tiago_public_ws/install/pal_hey5/share/pal_hey5/local_setup.bash
[0.783s] -- Symlinking: /home/raaf/tiago_public_ws/install/pal_hey5/share/pal_hey5/local_setup.sh
[0.792s] -- Symlinking: /home/raaf/tiago_public_ws/install/pal_hey5/share/pal_hey5/local_setup.zsh
[0.800s] -- Symlinking: /home/raaf/tiago_public_ws/install/pal_hey5/share/pal_hey5/local_setup.dsv
[0.807s] -- Symlinking: /home/raaf/tiago_public_ws/install/pal_hey5/share/pal_hey5/package.dsv
[0.815s] -- Symlinking: /home/raaf/tiago_public_ws/install/pal_hey5/share/ament_index/resource_index/packages/pal_hey5
[0.823s] -- Symlinking: /home/raaf/tiago_public_ws/install/pal_hey5/share/pal_hey5/cmake/pal_hey5Config.cmake
[0.831s] -- Symlinking: /home/raaf/tiago_public_ws/install/pal_hey5/share/pal_hey5/cmake/pal_hey5Config-version.cmake
[0.839s] -- Symlinking: /home/raaf/tiago_public_ws/install/pal_hey5/share/pal_hey5/package.xml
[0.851s] Invoked command in '/home/raaf/tiago_public_ws/build/pal_hey5' returned '0': AMENT_PREFIX_PATH=/home/raaf/tiago_public_ws/install/pal_hey5_description:/home/raaf/tiago_public_ws/install/pal_urdf_utils:/home/raaf/tiago_public_ws/install/pal_hey5_controller_configuration:${AMENT_PREFIX_PATH} CMAKE_PREFIX_PATH=/home/raaf/tiago_public_ws/install/pal_hey5_description:/home/raaf/tiago_public_ws/install/pal_urdf_utils:/home/raaf/tiago_public_ws/install/pal_hey5_controller_configuration:/opt/ros/humble /usr/bin/cmake --install /home/raaf/tiago_public_ws/build/pal_hey5
