[0.050s] Invoking command in '/home/raaf/tiago_public_ws/build/pal_gripper_simulation': AMENT_PREFIX_PATH=/home/raaf/tiago_public_ws/install/pal_gripper_description:/home/raaf/tiago_public_ws/install/pal_gazebo_worlds:/home/raaf/tiago_public_ws/install/urdf_test:/home/raaf/tiago_public_ws/install/pal_urdf_utils:/home/raaf/tiago_public_ws/install/pal_gripper_controller_configuration:/home/raaf/tiago_public_ws/install/launch_pal:${AMENT_PREFIX_PATH} CMAKE_PREFIX_PATH=/home/raaf/tiago_public_ws/install/pal_gripper_description:/home/raaf/tiago_public_ws/install/pal_gazebo_worlds:/home/raaf/tiago_public_ws/install/urdf_test:/home/raaf/tiago_public_ws/install/pal_urdf_utils:/home/raaf/tiago_public_ws/install/pal_gripper_controller_configuration:/opt/ros/humble PYTHONPATH=/home/raaf/tiago_public_ws/install/urdf_test/local/lib/python3.10/dist-packages:/home/raaf/tiago_public_ws/build/launch_pal:/home/raaf/tiago_public_ws/install/launch_pal/lib/python3.10/site-packages:${PYTHONPATH} /usr/bin/cmake /home/raaf/tiago_public_ws/src/pal_gripper/pal_gripper_simulation -DAMENT_CMAKE_SYMLINK_INSTALL=1 -DCMAKE_INSTALL_PREFIX=/home/raaf/tiago_public_ws/install/pal_gripper_simulation
[0.207s] -- The C compiler identification is GNU 11.4.0
[0.366s] -- The CXX compiler identification is GNU 11.4.0
[0.387s] -- Detecting C compiler ABI info
[0.614s] -- Detecting C compiler ABI info - done
[0.646s] -- Check for working C compiler: /usr/bin/cc - skipped
[0.647s] -- Detecting C compile features
[0.648s] -- Detecting C compile features - done
[0.656s] -- Detecting CXX compiler ABI info
[0.868s] -- Detecting CXX compiler ABI info - done
[0.901s] -- Check for working CXX compiler: /usr/bin/c++ - skipped
[0.909s] -- Detecting CXX compile features
[0.909s] -- Detecting CXX compile features - done
[0.916s] -- Found ament_cmake_auto: 1.3.12 (/opt/ros/humble/share/ament_cmake_auto/cmake)
[1.328s] -- Found Python3: /usr/bin/python3 (found version "3.10.12") found components: Interpreter 
[1.452s] -- Override CMake install command with custom implementation using symlinks instead of copying resources
[1.580s] -- Found ament_lint_auto: 0.12.14 (/opt/ros/humble/share/ament_lint_auto/cmake)
[1.613s] -- Added test 'copyright' to check source files copyright and LICENSE
[1.615s] -- Added test 'flake8' to check Python code syntax and style conventions
[1.616s] -- Added test 'lint_cmake' to check CMake code style
[1.617s] -- Added test 'pep257' to check Python code against some of the docstring style conventions in PEP 257
[1.618s] -- Added test 'xmllint' to check XML markup files
[1.620s] -- Configuring done
[1.623s] -- Generating done
[1.625s] -- Build files have been written to: /home/raaf/tiago_public_ws/build/pal_gripper_simulation
[1.631s] Invoked command in '/home/raaf/tiago_public_ws/build/pal_gripper_simulation' returned '0': AMENT_PREFIX_PATH=/home/raaf/tiago_public_ws/install/pal_gripper_description:/home/raaf/tiago_public_ws/install/pal_gazebo_worlds:/home/raaf/tiago_public_ws/install/urdf_test:/home/raaf/tiago_public_ws/install/pal_urdf_utils:/home/raaf/tiago_public_ws/install/pal_gripper_controller_configuration:/home/raaf/tiago_public_ws/install/launch_pal:${AMENT_PREFIX_PATH} CMAKE_PREFIX_PATH=/home/raaf/tiago_public_ws/install/pal_gripper_description:/home/raaf/tiago_public_ws/install/pal_gazebo_worlds:/home/raaf/tiago_public_ws/install/urdf_test:/home/raaf/tiago_public_ws/install/pal_urdf_utils:/home/raaf/tiago_public_ws/install/pal_gripper_controller_configuration:/opt/ros/humble PYTHONPATH=/home/raaf/tiago_public_ws/install/urdf_test/local/lib/python3.10/dist-packages:/home/raaf/tiago_public_ws/build/launch_pal:/home/raaf/tiago_public_ws/install/launch_pal/lib/python3.10/site-packages:${PYTHONPATH} /usr/bin/cmake /home/raaf/tiago_public_ws/src/pal_gripper/pal_gripper_simulation -DAMENT_CMAKE_SYMLINK_INSTALL=1 -DCMAKE_INSTALL_PREFIX=/home/raaf/tiago_public_ws/install/pal_gripper_simulation
[1.633s] Invoking command in '/home/raaf/tiago_public_ws/build/pal_gripper_simulation': AMENT_PREFIX_PATH=/home/raaf/tiago_public_ws/install/pal_gripper_description:/home/raaf/tiago_public_ws/install/pal_gazebo_worlds:/home/raaf/tiago_public_ws/install/urdf_test:/home/raaf/tiago_public_ws/install/pal_urdf_utils:/home/raaf/tiago_public_ws/install/pal_gripper_controller_configuration:/home/raaf/tiago_public_ws/install/launch_pal:${AMENT_PREFIX_PATH} CMAKE_PREFIX_PATH=/home/raaf/tiago_public_ws/install/pal_gripper_description:/home/raaf/tiago_public_ws/install/pal_gazebo_worlds:/home/raaf/tiago_public_ws/install/urdf_test:/home/raaf/tiago_public_ws/install/pal_urdf_utils:/home/raaf/tiago_public_ws/install/pal_gripper_controller_configuration:/opt/ros/humble PYTHONPATH=/home/raaf/tiago_public_ws/install/urdf_test/local/lib/python3.10/dist-packages:/home/raaf/tiago_public_ws/build/launch_pal:/home/raaf/tiago_public_ws/install/launch_pal/lib/python3.10/site-packages:${PYTHONPATH} /usr/bin/cmake --build /home/raaf/tiago_public_ws/build/pal_gripper_simulation -- -j12 -l12
[1.667s] Invoked command in '/home/raaf/tiago_public_ws/build/pal_gripper_simulation' returned '0': AMENT_PREFIX_PATH=/home/raaf/tiago_public_ws/install/pal_gripper_description:/home/raaf/tiago_public_ws/install/pal_gazebo_worlds:/home/raaf/tiago_public_ws/install/urdf_test:/home/raaf/tiago_public_ws/install/pal_urdf_utils:/home/raaf/tiago_public_ws/install/pal_gripper_controller_configuration:/home/raaf/tiago_public_ws/install/launch_pal:${AMENT_PREFIX_PATH} CMAKE_PREFIX_PATH=/home/raaf/tiago_public_ws/install/pal_gripper_description:/home/raaf/tiago_public_ws/install/pal_gazebo_worlds:/home/raaf/tiago_public_ws/install/urdf_test:/home/raaf/tiago_public_ws/install/pal_urdf_utils:/home/raaf/tiago_public_ws/install/pal_gripper_controller_configuration:/opt/ros/humble PYTHONPATH=/home/raaf/tiago_public_ws/install/urdf_test/local/lib/python3.10/dist-packages:/home/raaf/tiago_public_ws/build/launch_pal:/home/raaf/tiago_public_ws/install/launch_pal/lib/python3.10/site-packages:${PYTHONPATH} /usr/bin/cmake --build /home/raaf/tiago_public_ws/build/pal_gripper_simulation -- -j12 -l12
[1.669s] Invoking command in '/home/raaf/tiago_public_ws/build/pal_gripper_simulation': AMENT_PREFIX_PATH=/home/raaf/tiago_public_ws/install/pal_gripper_description:/home/raaf/tiago_public_ws/install/pal_gazebo_worlds:/home/raaf/tiago_public_ws/install/urdf_test:/home/raaf/tiago_public_ws/install/pal_urdf_utils:/home/raaf/tiago_public_ws/install/pal_gripper_controller_configuration:/home/raaf/tiago_public_ws/install/launch_pal:${AMENT_PREFIX_PATH} CMAKE_PREFIX_PATH=/home/raaf/tiago_public_ws/install/pal_gripper_description:/home/raaf/tiago_public_ws/install/pal_gazebo_worlds:/home/raaf/tiago_public_ws/install/urdf_test:/home/raaf/tiago_public_ws/install/pal_urdf_utils:/home/raaf/tiago_public_ws/install/pal_gripper_controller_configuration:/opt/ros/humble PYTHONPATH=/home/raaf/tiago_public_ws/install/urdf_test/local/lib/python3.10/dist-packages:/home/raaf/tiago_public_ws/build/launch_pal:/home/raaf/tiago_public_ws/install/launch_pal/lib/python3.10/site-packages:${PYTHONPATH} /usr/bin/cmake --install /home/raaf/tiago_public_ws/build/pal_gripper_simulation
[1.674s] -- Install configuration: ""
[1.674s] -- Execute custom install script
[1.675s] -- Symlinking: /home/raaf/tiago_public_ws/install/pal_gripper_simulation/share/pal_gripper_simulation/launch/gazebo.launch.py
[1.682s] -- Symlinking: /home/raaf/tiago_public_ws/install/pal_gripper_simulation/share/pal_gripper_simulation/launch/gripper_spawn.launch.py
[1.688s] -- Symlinking: /home/raaf/tiago_public_ws/install/pal_gripper_simulation/share/pal_gripper_simulation/launch/robot_state_publisher.launch.py
[1.695s] -- Symlinking: /home/raaf/tiago_public_ws/install/pal_gripper_simulation/share/ament_index/resource_index/package_run_dependencies/pal_gripper_simulation
[1.702s] -- Symlinking: /home/raaf/tiago_public_ws/install/pal_gripper_simulation/share/ament_index/resource_index/parent_prefix_path/pal_gripper_simulation
[1.710s] -- Symlinking: /home/raaf/tiago_public_ws/install/pal_gripper_simulation/share/pal_gripper_simulation/environment/ament_prefix_path.sh
[1.717s] -- Symlinking: /home/raaf/tiago_public_ws/install/pal_gripper_simulation/share/pal_gripper_simulation/environment/ament_prefix_path.dsv
[1.724s] -- Symlinking: /home/raaf/tiago_public_ws/install/pal_gripper_simulation/share/pal_gripper_simulation/environment/path.sh
[1.730s] -- Symlinking: /home/raaf/tiago_public_ws/install/pal_gripper_simulation/share/pal_gripper_simulation/environment/path.dsv
[1.738s] -- Symlinking: /home/raaf/tiago_public_ws/install/pal_gripper_simulation/share/pal_gripper_simulation/local_setup.bash
[1.745s] -- Symlinking: /home/raaf/tiago_public_ws/install/pal_gripper_simulation/share/pal_gripper_simulation/local_setup.sh
[1.753s] -- Symlinking: /home/raaf/tiago_public_ws/install/pal_gripper_simulation/share/pal_gripper_simulation/local_setup.zsh
[1.761s] -- Symlinking: /home/raaf/tiago_public_ws/install/pal_gripper_simulation/share/pal_gripper_simulation/local_setup.dsv
[1.769s] -- Symlinking: /home/raaf/tiago_public_ws/install/pal_gripper_simulation/share/pal_gripper_simulation/package.dsv
[1.778s] -- Symlinking: /home/raaf/tiago_public_ws/install/pal_gripper_simulation/share/ament_index/resource_index/packages/pal_gripper_simulation
[1.788s] -- Symlinking: /home/raaf/tiago_public_ws/install/pal_gripper_simulation/share/pal_gripper_simulation/cmake/pal_gripper_simulationConfig.cmake
[1.795s] -- Symlinking: /home/raaf/tiago_public_ws/install/pal_gripper_simulation/share/pal_gripper_simulation/cmake/pal_gripper_simulationConfig-version.cmake
[1.801s] -- Symlinking: /home/raaf/tiago_public_ws/install/pal_gripper_simulation/share/pal_gripper_simulation/package.xml
[1.809s] Invoked command in '/home/raaf/tiago_public_ws/build/pal_gripper_simulation' returned '0': AMENT_PREFIX_PATH=/home/raaf/tiago_public_ws/install/pal_gripper_description:/home/raaf/tiago_public_ws/install/pal_gazebo_worlds:/home/raaf/tiago_public_ws/install/urdf_test:/home/raaf/tiago_public_ws/install/pal_urdf_utils:/home/raaf/tiago_public_ws/install/pal_gripper_controller_configuration:/home/raaf/tiago_public_ws/install/launch_pal:${AMENT_PREFIX_PATH} CMAKE_PREFIX_PATH=/home/raaf/tiago_public_ws/install/pal_gripper_description:/home/raaf/tiago_public_ws/install/pal_gazebo_worlds:/home/raaf/tiago_public_ws/install/urdf_test:/home/raaf/tiago_public_ws/install/pal_urdf_utils:/home/raaf/tiago_public_ws/install/pal_gripper_controller_configuration:/opt/ros/humble PYTHONPATH=/home/raaf/tiago_public_ws/install/urdf_test/local/lib/python3.10/dist-packages:/home/raaf/tiago_public_ws/build/launch_pal:/home/raaf/tiago_public_ws/install/launch_pal/lib/python3.10/site-packages:${PYTHONPATH} /usr/bin/cmake --install /home/raaf/tiago_public_ws/build/pal_gripper_simulation
