-- The C compiler identification is GNU 11.4.0
-- The CXX compiler identification is GNU 11.4.0
-- Detecting C compiler ABI info
-- Detecting C compiler ABI info - done
-- Check for working C compiler: /usr/bin/cc - skipped
-- Detecting C compile features
-- Detecting C compile features - done
-- Detecting CXX compiler ABI info
-- Detecting CXX compiler ABI info - done
-- Check for working CXX compiler: /usr/bin/c++ - skipped
-- Detecting CXX compile features
-- Detecting CXX compile features - done
-- Found ament_cmake_auto: 1.3.12 (/opt/ros/humble/share/ament_cmake_auto/cmake)
-- Found Python3: /usr/bin/python3 (found version "3.10.12") found components: Interpreter 
-- Override CMake install command with custom implementation using symlinks instead of copying resources
-- Added test 'copyright' to check source files copyright and LICENSE
-- Added test 'lint_cmake' to check CMake code style
-- Added test 'xmllint' to check XML markup files
-- Configuring done
-- Generating done
-- Build files have been written to: /home/raaf/tiago_public_ws/build/tiago_rgbd_sensors
-- Install configuration: ""
-- Execute custom install script
-- Symlinking: /home/raaf/tiago_public_ws/install/tiago_rgbd_sensors/share/ament_index/resource_index/package_run_dependencies/tiago_rgbd_sensors
-- Symlinking: /home/raaf/tiago_public_ws/install/tiago_rgbd_sensors/share/ament_index/resource_index/parent_prefix_path/tiago_rgbd_sensors
-- Symlinking: /home/raaf/tiago_public_ws/install/tiago_rgbd_sensors/share/tiago_rgbd_sensors/environment/ament_prefix_path.sh
-- Symlinking: /home/raaf/tiago_public_ws/install/tiago_rgbd_sensors/share/tiago_rgbd_sensors/environment/ament_prefix_path.dsv
-- Symlinking: /home/raaf/tiago_public_ws/install/tiago_rgbd_sensors/share/tiago_rgbd_sensors/environment/path.sh
-- Symlinking: /home/raaf/tiago_public_ws/install/tiago_rgbd_sensors/share/tiago_rgbd_sensors/environment/path.dsv
-- Symlinking: /home/raaf/tiago_public_ws/install/tiago_rgbd_sensors/share/tiago_rgbd_sensors/local_setup.bash
-- Symlinking: /home/raaf/tiago_public_ws/install/tiago_rgbd_sensors/share/tiago_rgbd_sensors/local_setup.sh
-- Symlinking: /home/raaf/tiago_public_ws/install/tiago_rgbd_sensors/share/tiago_rgbd_sensors/local_setup.zsh
-- Symlinking: /home/raaf/tiago_public_ws/install/tiago_rgbd_sensors/share/tiago_rgbd_sensors/local_setup.dsv
-- Symlinking: /home/raaf/tiago_public_ws/install/tiago_rgbd_sensors/share/tiago_rgbd_sensors/package.dsv
-- Symlinking: /home/raaf/tiago_public_ws/install/tiago_rgbd_sensors/share/ament_index/resource_index/packages/tiago_rgbd_sensors
-- Symlinking: /home/raaf/tiago_public_ws/install/tiago_rgbd_sensors/share/tiago_rgbd_sensors/cmake/tiago_rgbd_sensorsConfig.cmake
-- Symlinking: /home/raaf/tiago_public_ws/install/tiago_rgbd_sensors/share/tiago_rgbd_sensors/cmake/tiago_rgbd_sensorsConfig-version.cmake
-- Symlinking: /home/raaf/tiago_public_ws/install/tiago_rgbd_sensors/share/tiago_rgbd_sensors/package.xml
