[0.214s] Invoking command in '/home/raaf/tiago_public_ws/build/tiago_rgbd_sensors': CMAKE_PREFIX_PATH=/opt/ros/humble /usr/bin/cmake /home/raaf/tiago_public_ws/src/tiago_navigation/tiago_rgbd_sensors -DAMENT_CMAKE_SYMLINK_INSTALL=1 -DCMAKE_INSTALL_PREFIX=/home/raaf/tiago_public_ws/install/tiago_rgbd_sensors
[1.216s] -- The C compiler identification is GNU 11.4.0
[1.216s] -- The CXX compiler identification is GNU 11.4.0
[1.216s] -- Detecting C compiler ABI info
[1.216s] -- Detecting C compiler ABI info - done
[1.217s] -- Check for working C compiler: /usr/bin/cc - skipped
[1.217s] -- Detecting C compile features
[1.217s] -- Detecting C compile features - done
[1.217s] -- Detecting CXX compiler ABI info
[1.217s] -- Detecting CXX compiler ABI info - done
[1.217s] -- Check for working CXX compiler: /usr/bin/c++ - skipped
[1.217s] -- Detecting CXX compile features
[1.218s] -- Detecting CXX compile features - done
[1.218s] -- Found ament_cmake_auto: 1.3.12 (/opt/ros/humble/share/ament_cmake_auto/cmake)
[1.218s] -- Found Python3: /usr/bin/python3 (found version "3.10.12") found components: Interpreter 
[1.218s] -- Override CMake install command with custom implementation using symlinks instead of copying resources
[1.240s] -- Added test 'copyright' to check source files copyright and LICENSE
[1.242s] -- Added test 'lint_cmake' to check CMake code style
[1.244s] -- Added test 'xmllint' to check XML markup files
[1.246s] -- Configuring done
[1.251s] -- Generating done
[1.252s] -- Build files have been written to: /home/raaf/tiago_public_ws/build/tiago_rgbd_sensors
[1.274s] Invoked command in '/home/raaf/tiago_public_ws/build/tiago_rgbd_sensors' returned '0': CMAKE_PREFIX_PATH=/opt/ros/humble /usr/bin/cmake /home/raaf/tiago_public_ws/src/tiago_navigation/tiago_rgbd_sensors -DAMENT_CMAKE_SYMLINK_INSTALL=1 -DCMAKE_INSTALL_PREFIX=/home/raaf/tiago_public_ws/install/tiago_rgbd_sensors
[1.276s] Invoking command in '/home/raaf/tiago_public_ws/build/tiago_rgbd_sensors': CMAKE_PREFIX_PATH=/opt/ros/humble /usr/bin/cmake --build /home/raaf/tiago_public_ws/build/tiago_rgbd_sensors -- -j12 -l12
[1.334s] Invoked command in '/home/raaf/tiago_public_ws/build/tiago_rgbd_sensors' returned '0': CMAKE_PREFIX_PATH=/opt/ros/humble /usr/bin/cmake --build /home/raaf/tiago_public_ws/build/tiago_rgbd_sensors -- -j12 -l12
[1.336s] Invoking command in '/home/raaf/tiago_public_ws/build/tiago_rgbd_sensors': CMAKE_PREFIX_PATH=/opt/ros/humble /usr/bin/cmake --install /home/raaf/tiago_public_ws/build/tiago_rgbd_sensors
[1.521s] -- Install configuration: ""
[1.521s] -- Execute custom install script
[1.521s] -- Symlinking: /home/raaf/tiago_public_ws/install/tiago_rgbd_sensors/share/ament_index/resource_index/package_run_dependencies/tiago_rgbd_sensors
[1.521s] -- Symlinking: /home/raaf/tiago_public_ws/install/tiago_rgbd_sensors/share/ament_index/resource_index/parent_prefix_path/tiago_rgbd_sensors
[1.521s] -- Symlinking: /home/raaf/tiago_public_ws/install/tiago_rgbd_sensors/share/tiago_rgbd_sensors/environment/ament_prefix_path.sh
[1.521s] -- Symlinking: /home/raaf/tiago_public_ws/install/tiago_rgbd_sensors/share/tiago_rgbd_sensors/environment/ament_prefix_path.dsv
[1.522s] -- Symlinking: /home/raaf/tiago_public_ws/install/tiago_rgbd_sensors/share/tiago_rgbd_sensors/environment/path.sh
[1.522s] -- Symlinking: /home/raaf/tiago_public_ws/install/tiago_rgbd_sensors/share/tiago_rgbd_sensors/environment/path.dsv
[1.522s] -- Symlinking: /home/raaf/tiago_public_ws/install/tiago_rgbd_sensors/share/tiago_rgbd_sensors/local_setup.bash
[1.522s] -- Symlinking: /home/raaf/tiago_public_ws/install/tiago_rgbd_sensors/share/tiago_rgbd_sensors/local_setup.sh
[1.522s] -- Symlinking: /home/raaf/tiago_public_ws/install/tiago_rgbd_sensors/share/tiago_rgbd_sensors/local_setup.zsh
[1.522s] -- Symlinking: /home/raaf/tiago_public_ws/install/tiago_rgbd_sensors/share/tiago_rgbd_sensors/local_setup.dsv
[1.522s] -- Symlinking: /home/raaf/tiago_public_ws/install/tiago_rgbd_sensors/share/tiago_rgbd_sensors/package.dsv
[1.522s] -- Symlinking: /home/raaf/tiago_public_ws/install/tiago_rgbd_sensors/share/ament_index/resource_index/packages/tiago_rgbd_sensors
[1.523s] -- Symlinking: /home/raaf/tiago_public_ws/install/tiago_rgbd_sensors/share/tiago_rgbd_sensors/cmake/tiago_rgbd_sensorsConfig.cmake
[1.523s] -- Symlinking: /home/raaf/tiago_public_ws/install/tiago_rgbd_sensors/share/tiago_rgbd_sensors/cmake/tiago_rgbd_sensorsConfig-version.cmake
[1.523s] -- Symlinking: /home/raaf/tiago_public_ws/install/tiago_rgbd_sensors/share/tiago_rgbd_sensors/package.xml
[1.548s] Invoked command in '/home/raaf/tiago_public_ws/build/tiago_rgbd_sensors' returned '0': CMAKE_PREFIX_PATH=/opt/ros/humble /usr/bin/cmake --install /home/raaf/tiago_public_ws/build/tiago_rgbd_sensors
