[0.024s] Invoking command in '/home/raaf/tiago_public_ws/build/tiago_2dnav': AMENT_PREFIX_PATH=/home/raaf/tiago_public_ws/install/pmb2_2dnav:/home/raaf/tiago_public_ws/install/launch_pal:${AMENT_PREFIX_PATH} CMAKE_PREFIX_PATH=/home/raaf/tiago_public_ws/install/pmb2_2dnav:/opt/ros/humble PYTHONPATH=/home/raaf/tiago_public_ws/build/launch_pal:/home/raaf/tiago_public_ws/install/launch_pal/lib/python3.10/site-packages:${PYTHONPATH} /usr/bin/cmake /home/raaf/tiago_public_ws/src/tiago_navigation/tiago_2dnav -DAMENT_CMAKE_SYMLINK_INSTALL=1 -DCMAKE_INSTALL_PREFIX=/home/raaf/tiago_public_ws/install/tiago_2dnav
[0.259s] -- The C compiler identification is GNU 11.4.0
[0.259s] -- The CXX compiler identification is GNU 11.4.0
[0.259s] -- Detecting C compiler ABI info
[0.310s] -- Detecting C compiler ABI info - done
[0.325s] -- Check for working C compiler: /usr/bin/cc - skipped
[0.325s] -- Detecting C compile features
[0.326s] -- Detecting C compile features - done
[0.331s] -- Detecting CXX compiler ABI info
[0.441s] -- Detecting CXX compiler ABI info - done
[0.456s] -- Check for working CXX compiler: /usr/bin/c++ - skipped
[0.457s] -- Detecting CXX compile features
[0.457s] -- Detecting CXX compile features - done
[0.461s] -- Found ament_cmake_auto: 1.3.12 (/opt/ros/humble/share/ament_cmake_auto/cmake)
[0.699s] -- Found Python3: /usr/bin/python3 (found version "3.10.12") found components: Interpreter 
[0.776s] -- Override CMake install command with custom implementation using symlinks instead of copying resources
[0.923s] -- Found ament_lint_auto: 0.12.14 (/opt/ros/humble/share/ament_lint_auto/cmake)
[0.958s] -- Added test 'copyright' to check source files copyright and LICENSE
[0.961s] -- Added test 'lint_cmake' to check CMake code style
[0.962s] -- Added test 'xmllint' to check XML markup files
[0.964s] -- Configuring done
[0.971s] -- Generating done
[0.971s] -- Build files have been written to: /home/raaf/tiago_public_ws/build/tiago_2dnav
[0.977s] Invoked command in '/home/raaf/tiago_public_ws/build/tiago_2dnav' returned '0': AMENT_PREFIX_PATH=/home/raaf/tiago_public_ws/install/pmb2_2dnav:/home/raaf/tiago_public_ws/install/launch_pal:${AMENT_PREFIX_PATH} CMAKE_PREFIX_PATH=/home/raaf/tiago_public_ws/install/pmb2_2dnav:/opt/ros/humble PYTHONPATH=/home/raaf/tiago_public_ws/build/launch_pal:/home/raaf/tiago_public_ws/install/launch_pal/lib/python3.10/site-packages:${PYTHONPATH} /usr/bin/cmake /home/raaf/tiago_public_ws/src/tiago_navigation/tiago_2dnav -DAMENT_CMAKE_SYMLINK_INSTALL=1 -DCMAKE_INSTALL_PREFIX=/home/raaf/tiago_public_ws/install/tiago_2dnav
[0.980s] Invoking command in '/home/raaf/tiago_public_ws/build/tiago_2dnav': AMENT_PREFIX_PATH=/home/raaf/tiago_public_ws/install/pmb2_2dnav:/home/raaf/tiago_public_ws/install/launch_pal:${AMENT_PREFIX_PATH} CMAKE_PREFIX_PATH=/home/raaf/tiago_public_ws/install/pmb2_2dnav:/opt/ros/humble PYTHONPATH=/home/raaf/tiago_public_ws/build/launch_pal:/home/raaf/tiago_public_ws/install/launch_pal/lib/python3.10/site-packages:${PYTHONPATH} /usr/bin/cmake --build /home/raaf/tiago_public_ws/build/tiago_2dnav -- -j12 -l12
[1.031s] Invoked command in '/home/raaf/tiago_public_ws/build/tiago_2dnav' returned '0': AMENT_PREFIX_PATH=/home/raaf/tiago_public_ws/install/pmb2_2dnav:/home/raaf/tiago_public_ws/install/launch_pal:${AMENT_PREFIX_PATH} CMAKE_PREFIX_PATH=/home/raaf/tiago_public_ws/install/pmb2_2dnav:/opt/ros/humble PYTHONPATH=/home/raaf/tiago_public_ws/build/launch_pal:/home/raaf/tiago_public_ws/install/launch_pal/lib/python3.10/site-packages:${PYTHONPATH} /usr/bin/cmake --build /home/raaf/tiago_public_ws/build/tiago_2dnav -- -j12 -l12
[1.034s] Invoking command in '/home/raaf/tiago_public_ws/build/tiago_2dnav': AMENT_PREFIX_PATH=/home/raaf/tiago_public_ws/install/pmb2_2dnav:/home/raaf/tiago_public_ws/install/launch_pal:${AMENT_PREFIX_PATH} CMAKE_PREFIX_PATH=/home/raaf/tiago_public_ws/install/pmb2_2dnav:/opt/ros/humble PYTHONPATH=/home/raaf/tiago_public_ws/build/launch_pal:/home/raaf/tiago_public_ws/install/launch_pal/lib/python3.10/site-packages:${PYTHONPATH} /usr/bin/cmake --install /home/raaf/tiago_public_ws/build/tiago_2dnav
[1.073s] -- Install configuration: ""
[1.073s] -- Execute custom install script
[1.074s] -- Symlinking: /home/raaf/tiago_public_ws/install/tiago_2dnav/share/ament_index/resource_index/package_run_dependencies/tiago_2dnav
[1.074s] -- Symlinking: /home/raaf/tiago_public_ws/install/tiago_2dnav/share/ament_index/resource_index/parent_prefix_path/tiago_2dnav
[1.074s] -- Symlinking: /home/raaf/tiago_public_ws/install/tiago_2dnav/share/tiago_2dnav/environment/ament_prefix_path.sh
[1.079s] -- Symlinking: /home/raaf/tiago_public_ws/install/tiago_2dnav/share/tiago_2dnav/environment/ament_prefix_path.dsv
[1.092s] -- Symlinking: /home/raaf/tiago_public_ws/install/tiago_2dnav/share/tiago_2dnav/environment/path.sh
[1.103s] -- Symlinking: /home/raaf/tiago_public_ws/install/tiago_2dnav/share/tiago_2dnav/environment/path.dsv
[1.115s] -- Symlinking: /home/raaf/tiago_public_ws/install/tiago_2dnav/share/tiago_2dnav/local_setup.bash
[1.127s] -- Symlinking: /home/raaf/tiago_public_ws/install/tiago_2dnav/share/tiago_2dnav/local_setup.sh
[1.139s] -- Symlinking: /home/raaf/tiago_public_ws/install/tiago_2dnav/share/tiago_2dnav/local_setup.zsh
[1.149s] -- Symlinking: /home/raaf/tiago_public_ws/install/tiago_2dnav/share/tiago_2dnav/local_setup.dsv
[1.162s] -- Symlinking: /home/raaf/tiago_public_ws/install/tiago_2dnav/share/tiago_2dnav/package.dsv
[1.173s] -- Symlinking: /home/raaf/tiago_public_ws/install/tiago_2dnav/share/ament_index/resource_index/packages/tiago_2dnav
[1.181s] -- Symlinking: /home/raaf/tiago_public_ws/install/tiago_2dnav/share/tiago_2dnav/cmake/tiago_2dnavConfig.cmake
[1.190s] -- Symlinking: /home/raaf/tiago_public_ws/install/tiago_2dnav/share/tiago_2dnav/cmake/tiago_2dnavConfig-version.cmake
[1.198s] -- Symlinking: /home/raaf/tiago_public_ws/install/tiago_2dnav/share/tiago_2dnav/package.xml
[1.237s] Invoked command in '/home/raaf/tiago_public_ws/build/tiago_2dnav' returned '0': AMENT_PREFIX_PATH=/home/raaf/tiago_public_ws/install/pmb2_2dnav:/home/raaf/tiago_public_ws/install/launch_pal:${AMENT_PREFIX_PATH} CMAKE_PREFIX_PATH=/home/raaf/tiago_public_ws/install/pmb2_2dnav:/opt/ros/humble PYTHONPATH=/home/raaf/tiago_public_ws/build/launch_pal:/home/raaf/tiago_public_ws/install/launch_pal/lib/python3.10/site-packages:${PYTHONPATH} /usr/bin/cmake --install /home/raaf/tiago_public_ws/build/tiago_2dnav
