[0.023s] Invoking command in '/home/raaf/tiago_public_ws/build/pal_navigation_cfg': AMENT_PREFIX_PATH=/home/raaf/tiago_public_ws/install/pal_navigation_cfg_bringup:/home/raaf/tiago_public_ws/install/pal_navigation_cfg_params:/home/raaf/tiago_public_ws/install/launch_pal:${AMENT_PREFIX_PATH} CMAKE_PREFIX_PATH=/home/raaf/tiago_public_ws/install/pal_navigation_cfg_bringup:/home/raaf/tiago_public_ws/install/pal_navigation_cfg_params:/opt/ros/humble PYTHONPATH=/home/raaf/tiago_public_ws/build/launch_pal:/home/raaf/tiago_public_ws/install/launch_pal/lib/python3.10/site-packages:${PYTHONPATH} /usr/bin/cmake /home/raaf/tiago_public_ws/src/pal_navigation_cfg_public/pal_navigation_cfg_public -DAMENT_CMAKE_SYMLINK_INSTALL=1 -DCMAKE_INSTALL_PREFIX=/home/raaf/tiago_public_ws/install/pal_navigation_cfg
[0.109s] -- The C compiler identification is GNU 11.4.0
[0.198s] -- The CXX compiler identification is GNU 11.4.0
[0.216s] -- Detecting C compiler ABI info
[0.316s] -- Detecting C compiler ABI info - done
[0.335s] -- Check for working C compiler: /usr/bin/cc - skipped
[0.335s] -- Detecting C compile features
[0.336s] -- Detecting C compile features - done
[0.343s] -- Detecting CXX compiler ABI info
[0.476s] -- Detecting CXX compiler ABI info - done
[0.491s] -- Check for working CXX compiler: /usr/bin/c++ - skipped
[0.492s] -- Detecting CXX compile features
[0.493s] -- Detecting CXX compile features - done
[0.499s] -- Found ament_cmake_auto: 1.3.12 (/opt/ros/humble/share/ament_cmake_auto/cmake)
[0.735s] -- Found Python3: /usr/bin/python3 (found version "3.10.12") found components: Interpreter 
[0.812s] -- Override CMake install command with custom implementation using symlinks instead of copying resources
[0.972s] -- Configuring done
[0.976s] -- Generating done
[0.979s] -- Build files have been written to: /home/raaf/tiago_public_ws/build/pal_navigation_cfg
[0.985s] Invoked command in '/home/raaf/tiago_public_ws/build/pal_navigation_cfg' returned '0': AMENT_PREFIX_PATH=/home/raaf/tiago_public_ws/install/pal_navigation_cfg_bringup:/home/raaf/tiago_public_ws/install/pal_navigation_cfg_params:/home/raaf/tiago_public_ws/install/launch_pal:${AMENT_PREFIX_PATH} CMAKE_PREFIX_PATH=/home/raaf/tiago_public_ws/install/pal_navigation_cfg_bringup:/home/raaf/tiago_public_ws/install/pal_navigation_cfg_params:/opt/ros/humble PYTHONPATH=/home/raaf/tiago_public_ws/build/launch_pal:/home/raaf/tiago_public_ws/install/launch_pal/lib/python3.10/site-packages:${PYTHONPATH} /usr/bin/cmake /home/raaf/tiago_public_ws/src/pal_navigation_cfg_public/pal_navigation_cfg_public -DAMENT_CMAKE_SYMLINK_INSTALL=1 -DCMAKE_INSTALL_PREFIX=/home/raaf/tiago_public_ws/install/pal_navigation_cfg
[0.989s] Invoking command in '/home/raaf/tiago_public_ws/build/pal_navigation_cfg': AMENT_PREFIX_PATH=/home/raaf/tiago_public_ws/install/pal_navigation_cfg_bringup:/home/raaf/tiago_public_ws/install/pal_navigation_cfg_params:/home/raaf/tiago_public_ws/install/launch_pal:${AMENT_PREFIX_PATH} CMAKE_PREFIX_PATH=/home/raaf/tiago_public_ws/install/pal_navigation_cfg_bringup:/home/raaf/tiago_public_ws/install/pal_navigation_cfg_params:/opt/ros/humble PYTHONPATH=/home/raaf/tiago_public_ws/build/launch_pal:/home/raaf/tiago_public_ws/install/launch_pal/lib/python3.10/site-packages:${PYTHONPATH} /usr/bin/cmake --build /home/raaf/tiago_public_ws/build/pal_navigation_cfg -- -j12 -l12
[1.083s] Invoked command in '/home/raaf/tiago_public_ws/build/pal_navigation_cfg' returned '0': AMENT_PREFIX_PATH=/home/raaf/tiago_public_ws/install/pal_navigation_cfg_bringup:/home/raaf/tiago_public_ws/install/pal_navigation_cfg_params:/home/raaf/tiago_public_ws/install/launch_pal:${AMENT_PREFIX_PATH} CMAKE_PREFIX_PATH=/home/raaf/tiago_public_ws/install/pal_navigation_cfg_bringup:/home/raaf/tiago_public_ws/install/pal_navigation_cfg_params:/opt/ros/humble PYTHONPATH=/home/raaf/tiago_public_ws/build/launch_pal:/home/raaf/tiago_public_ws/install/launch_pal/lib/python3.10/site-packages:${PYTHONPATH} /usr/bin/cmake --build /home/raaf/tiago_public_ws/build/pal_navigation_cfg -- -j12 -l12
[1.085s] Invoking command in '/home/raaf/tiago_public_ws/build/pal_navigation_cfg': AMENT_PREFIX_PATH=/home/raaf/tiago_public_ws/install/pal_navigation_cfg_bringup:/home/raaf/tiago_public_ws/install/pal_navigation_cfg_params:/home/raaf/tiago_public_ws/install/launch_pal:${AMENT_PREFIX_PATH} CMAKE_PREFIX_PATH=/home/raaf/tiago_public_ws/install/pal_navigation_cfg_bringup:/home/raaf/tiago_public_ws/install/pal_navigation_cfg_params:/opt/ros/humble PYTHONPATH=/home/raaf/tiago_public_ws/build/launch_pal:/home/raaf/tiago_public_ws/install/launch_pal/lib/python3.10/site-packages:${PYTHONPATH} /usr/bin/cmake --install /home/raaf/tiago_public_ws/build/pal_navigation_cfg
[1.103s] -- Install configuration: ""
[1.103s] -- Execute custom install script
[1.103s] -- Symlinking: /home/raaf/tiago_public_ws/install/pal_navigation_cfg/share/ament_index/resource_index/package_run_dependencies/pal_navigation_cfg
[1.112s] -- Symlinking: /home/raaf/tiago_public_ws/install/pal_navigation_cfg/share/ament_index/resource_index/parent_prefix_path/pal_navigation_cfg
[1.124s] -- Symlinking: /home/raaf/tiago_public_ws/install/pal_navigation_cfg/share/pal_navigation_cfg/environment/ament_prefix_path.sh
[1.137s] -- Symlinking: /home/raaf/tiago_public_ws/install/pal_navigation_cfg/share/pal_navigation_cfg/environment/ament_prefix_path.dsv
[1.147s] -- Symlinking: /home/raaf/tiago_public_ws/install/pal_navigation_cfg/share/pal_navigation_cfg/environment/path.sh
[1.157s] -- Symlinking: /home/raaf/tiago_public_ws/install/pal_navigation_cfg/share/pal_navigation_cfg/environment/path.dsv
[1.167s] -- Symlinking: /home/raaf/tiago_public_ws/install/pal_navigation_cfg/share/pal_navigation_cfg/local_setup.bash
[1.182s] -- Symlinking: /home/raaf/tiago_public_ws/install/pal_navigation_cfg/share/pal_navigation_cfg/local_setup.sh
[1.192s] -- Symlinking: /home/raaf/tiago_public_ws/install/pal_navigation_cfg/share/pal_navigation_cfg/local_setup.zsh
[1.204s] -- Symlinking: /home/raaf/tiago_public_ws/install/pal_navigation_cfg/share/pal_navigation_cfg/local_setup.dsv
[1.215s] -- Symlinking: /home/raaf/tiago_public_ws/install/pal_navigation_cfg/share/pal_navigation_cfg/package.dsv
[1.227s] -- Symlinking: /home/raaf/tiago_public_ws/install/pal_navigation_cfg/share/ament_index/resource_index/packages/pal_navigation_cfg
[1.235s] -- Symlinking: /home/raaf/tiago_public_ws/install/pal_navigation_cfg/share/pal_navigation_cfg/cmake/pal_navigation_cfgConfig.cmake
[1.245s] -- Symlinking: /home/raaf/tiago_public_ws/install/pal_navigation_cfg/share/pal_navigation_cfg/cmake/pal_navigation_cfgConfig-version.cmake
[1.256s] -- Symlinking: /home/raaf/tiago_public_ws/install/pal_navigation_cfg/share/pal_navigation_cfg/package.xml
[1.272s] Invoked command in '/home/raaf/tiago_public_ws/build/pal_navigation_cfg' returned '0': AMENT_PREFIX_PATH=/home/raaf/tiago_public_ws/install/pal_navigation_cfg_bringup:/home/raaf/tiago_public_ws/install/pal_navigation_cfg_params:/home/raaf/tiago_public_ws/install/launch_pal:${AMENT_PREFIX_PATH} CMAKE_PREFIX_PATH=/home/raaf/tiago_public_ws/install/pal_navigation_cfg_bringup:/home/raaf/tiago_public_ws/install/pal_navigation_cfg_params:/opt/ros/humble PYTHONPATH=/home/raaf/tiago_public_ws/build/launch_pal:/home/raaf/tiago_public_ws/install/launch_pal/lib/python3.10/site-packages:${PYTHONPATH} /usr/bin/cmake --install /home/raaf/tiago_public_ws/build/pal_navigation_cfg
